<?xml version="1.0" encoding="UTF-8"?>
<testsuites name="2020Delivery" time="91" tests="1" failures="1" errors="0">
   <testsuite name="2020Delivery" tests="1" failures="1" errors="0" time="91" timestamp="2019-06-11 11:15:04" hostname="sambhavi - sambhavi.jmandigital.in" id="Test Suites/REALratings/2020Delivery">
      <properties>
         <property name="deviceName" value=""/>
         <property name="devicePlatform" value=""/>
         <property name="logFolder" value="C:\\Users\\sambhavi\\git\\didactic-octo-spork\\Reports\\REALratings\\2020Delivery\\20190611_111502"/>
         <property name="logFiles" value="C:\\Users\\sambhavi\\git\\didactic-octo-spork\\Reports\\REALratings\\2020Delivery\\20190611_111502\\execution0.log"/>
         <property name="attachments" value="C:\\Users\\sambhavi\\git\\didactic-octo-spork\\Reports\\REALratings\\2020Delivery\\20190611_111502\\1560231934104.png"/>
         <property name="hostName" value="sambhavi - sambhavi.jmandigital.in"/>
         <property name="os" value="Windows 10 64bit"/>
         <property name="katalonVersion" value="6.0.5.10"/>
         <property name="browser" value="Chrome 74.0.3729.169"/>
         <property name="hostAddress" value="192.168.0.185"/>
         <property name="sessionId" value="a1599b092b3e64cd2afbebc439401a42"/>
         <property name="seleniumVersion" value="3.7.1"/>
         <property name="proxyInformation" value="ProxyInformation{proxyOption=NO_PROXY, proxyServerType=HTTP, password=, proxyServerAddress=, proxyServerPort=0}"/>
         <property name="platform" value="Windows 10"/>
      </properties>
      <testcase name="Test Cases/REALratings/2020Delivery/formSubmission" classname="Test Cases/REALratings/2020Delivery/formSubmission" status="PASSED">
         <system-out><![CDATA[2019-06-11 11:15:04 - [TEST_CASE][PASSED] - Test Cases/REALratings/2020Delivery/formSubmission: Test Cases/REALratings/2020Delivery/formSubmission

2019-06-11 11:15:06 - [TEST_STEP][PASSED] - openBrowser(""): Browser is opened with url: ''

2019-06-11 11:15:06 - [MESSAGE][INFO] - Starting 'Chrome' driver

2019-06-11 11:15:06 - [MESSAGE][INFO] - Action delay is set to 0 seconds

2019-06-11 11:15:09 - [MESSAGE][PASSED] - Browser is opened with url: ''

2019-06-11 11:15:09 - [TEST_STEP][PASSED] - navigateToUrl("https://2020-uat.realrating.co.uk/"): Navigate to 'https://2020-uat.realrating.co.uk/' successfully

2019-06-11 11:15:12 - [MESSAGE][PASSED] - Navigate to 'https://2020-uat.realrating.co.uk/' successfully

2019-06-11 11:15:12 - [TEST_STEP][PASSED] - maximizeWindow(): Current window maximized

2019-06-11 11:15:13 - [MESSAGE][PASSED] - Current window maximized

2019-06-11 11:15:13 - [TEST_STEP][PASSED] - delay(1): Delayed 1 second(s)

2019-06-11 11:15:14 - [MESSAGE][PASSED] - Delayed 1 second(s)

2019-06-11 11:15:14 - [TEST_STEP][PASSED] - rad = new java.util.Random(): null

2019-06-11 11:15:14 - [TEST_STEP][PASSED] - comment("Basic Information"): Basic Information

2019-06-11 11:15:14 - [MESSAGE][INFO] - Basic Information

2019-06-11 11:15:14 - [TEST_STEP][PASSED] - setText(findTestObject("REALRatings/2020Delivery/Page_REALrating/input_First Name_first_name"), findTestData("getEmployable/Applicants").getValue(1, 1)): Text 'Asha' is set on object 'Object Repository/REALRatings/2020Delivery/Page_REALrating/input_First Name_first_name'

2019-06-11 11:15:14 - [MESSAGE][PASSED] - Text 'Asha' is set on object 'Object Repository/REALRatings/2020Delivery/Page_REALrating/input_First Name_first_name'

2019-06-11 11:15:14 - [TEST_STEP][PASSED] - setText(findTestObject("REALRatings/2020Delivery/Page_REALrating/input_Last Name_last_name"), findTestData("getEmployable/Applicants").getValue(2, 1)): Text 'Rajendran' is set on object 'Object Repository/REALRatings/2020Delivery/Page_REALrating/input_Last Name_last_name'

2019-06-11 11:15:15 - [MESSAGE][PASSED] - Text 'Rajendran' is set on object 'Object Repository/REALRatings/2020Delivery/Page_REALrating/input_Last Name_last_name'

2019-06-11 11:15:15 - [TEST_STEP][PASSED] - Email = rad.nextInt(2000): null

2019-06-11 11:15:15 - [TEST_STEP][PASSED] - setText(findTestObject("REALRatings/2020Delivery/Page_REALrating/input_Email address used in your application_email"), "2020" + Email + "@test.com"): Text '20201734@test.com' is set on object 'Object Repository/REALRatings/2020Delivery/Page_REALrating/input_Email address used in your application_email'

2019-06-11 11:15:15 - [MESSAGE][PASSED] - Text '20201734@test.com' is set on object 'Object Repository/REALRatings/2020Delivery/Page_REALrating/input_Email address used in your application_email'

2019-06-11 11:15:15 - [TEST_STEP][PASSED] - click(findTestObject("REALRatings/Greensill/Page_REALrating/First Next"), STOP_ON_FAILURE): Object: 'Object Repository/REALRatings/Greensill/Page_REALrating/First Next' is clicked on

2019-06-11 11:15:15 - [MESSAGE][PASSED] - Object: 'Object Repository/REALRatings/Greensill/Page_REALrating/First Next' is clicked on

2019-06-11 11:15:15 - [TEST_STEP][PASSED] - delay(2): Delayed 2 second(s)

2019-06-11 11:15:17 - [MESSAGE][PASSED] - Delayed 2 second(s)

2019-06-11 11:15:17 - [TEST_STEP][PASSED] - comment("University Information"): University Information

2019-06-11 11:15:17 - [MESSAGE][INFO] - University Information

2019-06-11 11:15:17 - [TEST_STEP][PASSED] - UniversityTotalOption = getNumberOfTotalOption(findTestObject("REALRatings/Greensill/Page_REALrating/University")): 154 options of object 'Object Repository/REALRatings/Greensill/Page_REALrating/University' counted

2019-06-11 11:15:17 - [MESSAGE][PASSED] - 154 options of object 'Object Repository/REALRatings/Greensill/Page_REALrating/University' counted

2019-06-11 11:15:17 - [TEST_STEP][PASSED] - UniversityCount = 1 + rad.nextInt(UniversityTotalOption - 1): null

2019-06-11 11:15:17 - [TEST_STEP][PASSED] - selectOptionByIndex(findTestObject("REALRatings/Greensill/Page_REALrating/University"), UniversityCount): All options with index in [43] are selected on object 'Object Repository/REALRatings/Greensill/Page_REALrating/University'

2019-06-11 11:15:18 - [MESSAGE][PASSED] - All options with index in [43] are selected on object 'Object Repository/REALRatings/Greensill/Page_REALrating/University'

2019-06-11 11:15:18 - [TEST_STEP][PASSED] - if (UniversityCount == 98): null

2019-06-11 11:15:18 - [TEST_STEP][PASSED] - UniversityCourseTotalOption = getNumberOfTotalOption(findTestObject("REALRatings/Greensill/Page_REALrating/University Course")): 96 options of object 'Object Repository/REALRatings/Greensill/Page_REALrating/University Course' counted

2019-06-11 11:15:18 - [MESSAGE][PASSED] - 96 options of object 'Object Repository/REALRatings/Greensill/Page_REALrating/University Course' counted

2019-06-11 11:15:18 - [TEST_STEP][PASSED] - UniveristyCourseCount = 1 + rad.nextInt(UniversityCourseTotalOption - 1): null

2019-06-11 11:15:18 - [TEST_STEP][PASSED] - selectOptionByIndex(findTestObject("REALRatings/Greensill/Page_REALrating/University Course"), UniveristyCourseCount): All options with index in [28] are selected on object 'Object Repository/REALRatings/Greensill/Page_REALrating/University Course'

2019-06-11 11:15:18 - [MESSAGE][PASSED] - All options with index in [28] are selected on object 'Object Repository/REALRatings/Greensill/Page_REALrating/University Course'

2019-06-11 11:15:18 - [TEST_STEP][PASSED] - if (UniveristyCourseCount == 95): null

2019-06-11 11:15:18 - [TEST_STEP][PASSED] - LengthOfUniversitycourseTotalOptions = getNumberOfTotalOption(findTestObject("REALRatings/Greensill/Page_REALrating/Length Of University Course")): 9 options of object 'Object Repository/REALRatings/Greensill/Page_REALrating/Length Of University Course' counted

2019-06-11 11:15:18 - [MESSAGE][PASSED] - 9 options of object 'Object Repository/REALRatings/Greensill/Page_REALrating/Length Of University Course' counted

2019-06-11 11:15:18 - [TEST_STEP][PASSED] - LengthOfUniversitycount = 1 + rad.nextInt(LengthOfUniversitycourseTotalOptions - 1): null

2019-06-11 11:15:18 - [TEST_STEP][PASSED] - selectOptionByIndex(findTestObject("REALRatings/Greensill/Page_REALrating/Length Of University Course"), LengthOfUniversitycount): All options with index in [6] are selected on object 'Object Repository/REALRatings/Greensill/Page_REALrating/Length Of University Course'

2019-06-11 11:15:18 - [MESSAGE][PASSED] - All options with index in [6] are selected on object 'Object Repository/REALRatings/Greensill/Page_REALrating/Length Of University Course'

2019-06-11 11:15:18 - [TEST_STEP][PASSED] - selectOptionByIndex(findTestObject("REALRatings/Greensill/Page_REALrating/Current Year Of Study"), LengthOfUniversitycount): All options with index in [6] are selected on object 'Object Repository/REALRatings/Greensill/Page_REALrating/Current Year Of Study'

2019-06-11 11:15:18 - [MESSAGE][PASSED] - All options with index in [6] are selected on object 'Object Repository/REALRatings/Greensill/Page_REALrating/Current Year Of Study'

2019-06-11 11:15:18 - [TEST_STEP][PASSED] - delay(5): Delayed 5 second(s)

2019-06-11 11:15:23 - [MESSAGE][PASSED] - Delayed 5 second(s)

2019-06-11 11:15:23 - [TEST_STEP][PASSED] - click(findTestObject("REALRatings/2020Delivery/Page_REALrating/Second Next")): Object: 'Object Repository/REALRatings/2020Delivery/Page_REALrating/Second Next' is clicked on

2019-06-11 11:15:24 - [MESSAGE][PASSED] - Object: 'Object Repository/REALRatings/2020Delivery/Page_REALrating/Second Next' is clicked on

2019-06-11 11:15:24 - [TEST_STEP][PASSED] - delay(2): Delayed 2 second(s)

2019-06-11 11:15:26 - [MESSAGE][PASSED] - Delayed 2 second(s)

2019-06-11 11:15:26 - [TEST_STEP][PASSED] - comment("Main Qualification  Information"): Main Qualification  Information

2019-06-11 11:15:26 - [MESSAGE][INFO] - Main Qualification  Information

2019-06-11 11:15:26 - [TEST_STEP][PASSED] - ALevelYearTotalOptions = getNumberOfTotalOption(findTestObject("REALRatings/Greensill/Page_REALrating/A Level Year")): 71 options of object 'Object Repository/REALRatings/Greensill/Page_REALrating/A Level Year' counted

2019-06-11 11:15:26 - [MESSAGE][PASSED] - 71 options of object 'Object Repository/REALRatings/Greensill/Page_REALrating/A Level Year' counted

2019-06-11 11:15:26 - [TEST_STEP][PASSED] - ALevelYearcount = 1 + rad.nextInt(ALevelYearTotalOptions - 1): null

2019-06-11 11:15:26 - [TEST_STEP][PASSED] - selectOptionByIndex(findTestObject("REALRatings/Greensill/Page_REALrating/A Level Year"), ALevelYearcount): All options with index in [34] are selected on object 'Object Repository/REALRatings/Greensill/Page_REALrating/A Level Year'

2019-06-11 11:15:26 - [MESSAGE][PASSED] - All options with index in [34] are selected on object 'Object Repository/REALRatings/Greensill/Page_REALrating/A Level Year'

2019-06-11 11:15:26 - [TEST_STEP][PASSED] - GCSEYearTotalOptions = getNumberOfTotalOption(findTestObject("REALRatings/Greensill/Page_REALrating/GCSE Year")): 71 options of object 'Object Repository/REALRatings/Greensill/Page_REALrating/GCSE Year' counted

2019-06-11 11:15:26 - [MESSAGE][PASSED] - 71 options of object 'Object Repository/REALRatings/Greensill/Page_REALrating/GCSE Year' counted

2019-06-11 11:15:26 - [TEST_STEP][PASSED] - GCSEYearCount = 1 + rad.nextInt(GCSEYearTotalOptions - 1): null

2019-06-11 11:15:26 - [TEST_STEP][PASSED] - selectOptionByIndex(findTestObject("REALRatings/Greensill/Page_REALrating/GCSE Year"), GCSEYearCount): All options with index in [34] are selected on object 'Object Repository/REALRatings/Greensill/Page_REALrating/GCSE Year'

2019-06-11 11:15:26 - [MESSAGE][PASSED] - All options with index in [34] are selected on object 'Object Repository/REALRatings/Greensill/Page_REALrating/GCSE Year'

2019-06-11 11:15:26 - [TEST_STEP][PASSED] - MainQualificationTotaloptions = getNumberOfTotalOption(findTestObject("REALRatings/Greensill/Page_REALrating/Main Qualification")): 6 options of object 'Object Repository/REALRatings/Greensill/Page_REALrating/Main Qualification' counted

2019-06-11 11:15:26 - [MESSAGE][PASSED] - 6 options of object 'Object Repository/REALRatings/Greensill/Page_REALrating/Main Qualification' counted

2019-06-11 11:15:26 - [TEST_STEP][PASSED] - MainQualificationCount = 1 + rad.nextInt(MainQualificationTotaloptions - 1): null

2019-06-11 11:15:26 - [TEST_STEP][PASSED] - selectOptionByIndex(findTestObject("REALRatings/Greensill/Page_REALrating/Main Qualification"), MainQualificationCount): All options with index in [2] are selected on object 'Object Repository/REALRatings/Greensill/Page_REALrating/Main Qualification'

2019-06-11 11:15:27 - [MESSAGE][PASSED] - All options with index in [2] are selected on object 'Object Repository/REALRatings/Greensill/Page_REALrating/Main Qualification'

2019-06-11 11:15:27 - [TEST_STEP][PASSED] - if (MainQualificationCount == 1): null

2019-06-11 11:15:27 - [TEST_STEP][PASSED] - else if (MainQualificationCount == 2): All options with index in [37] are selected on object 'Object Repository/REALRatings/Greensill/Page_REALrating/BTech Year'

2019-06-11 11:15:27 - [TEST_STEP][PASSED] - setText(findTestObject("REALRatings/Greensill/Page_REALrating/BTech Title"), "maths"): Text 'maths' is set on object 'Object Repository/REALRatings/Greensill/Page_REALrating/BTech Title'

2019-06-11 11:15:27 - [MESSAGE][PASSED] - Text 'maths' is set on object 'Object Repository/REALRatings/Greensill/Page_REALrating/BTech Title'

2019-06-11 11:15:27 - [TEST_STEP][PASSED] - BtechGradeTotalOptions = getNumberOfTotalOption(findTestObject("REALRatings/Greensill/Page_REALrating/BTech Grade")): 11 options of object 'Object Repository/REALRatings/Greensill/Page_REALrating/BTech Grade' counted

2019-06-11 11:15:27 - [MESSAGE][PASSED] - 11 options of object 'Object Repository/REALRatings/Greensill/Page_REALrating/BTech Grade' counted

2019-06-11 11:15:27 - [TEST_STEP][PASSED] - BtechGradeCount = 1 + rad.nextInt(BtechGradeTotalOptions - 1): null

2019-06-11 11:15:27 - [TEST_STEP][PASSED] - selectOptionByIndex(findTestObject("REALRatings/Greensill/Page_REALrating/BTech Grade"), BtechGradeCount): All options with index in [7] are selected on object 'Object Repository/REALRatings/Greensill/Page_REALrating/BTech Grade'

2019-06-11 11:15:27 - [MESSAGE][PASSED] - All options with index in [7] are selected on object 'Object Repository/REALRatings/Greensill/Page_REALrating/BTech Grade'

2019-06-11 11:15:27 - [TEST_STEP][PASSED] - BtechYearTotalOptions = getNumberOfTotalOption(findTestObject("REALRatings/Greensill/Page_REALrating/BTech Year")): 71 options of object 'Object Repository/REALRatings/Greensill/Page_REALrating/BTech Year' counted

2019-06-11 11:15:27 - [MESSAGE][PASSED] - 71 options of object 'Object Repository/REALRatings/Greensill/Page_REALrating/BTech Year' counted

2019-06-11 11:15:27 - [TEST_STEP][PASSED] - BtechYearCount = 1 + rad.nextInt(BtechYearTotalOptions - 1): null

2019-06-11 11:15:27 - [TEST_STEP][PASSED] - selectOptionByIndex(findTestObject("REALRatings/Greensill/Page_REALrating/BTech Year"), BtechYearCount): All options with index in [37] are selected on object 'Object Repository/REALRatings/Greensill/Page_REALrating/BTech Year'

2019-06-11 11:15:27 - [MESSAGE][PASSED] - All options with index in [37] are selected on object 'Object Repository/REALRatings/Greensill/Page_REALrating/BTech Year'

2019-06-11 11:15:27 - [TEST_STEP][PASSED] - setText(findTestObject("REALRatings/Greensill/Page_REALrating/A Level School"), findTestData("getEmployable/Applicants").getValue(6, 1)): Text 'Kings Richard School' is set on object 'Object Repository/REALRatings/Greensill/Page_REALrating/A Level School'

2019-06-11 11:15:28 - [MESSAGE][PASSED] - Text 'Kings Richard School' is set on object 'Object Repository/REALRatings/Greensill/Page_REALrating/A Level School'

2019-06-11 11:15:28 - [TEST_STEP][PASSED] - setText(findTestObject("REALRatings/Greensill/Page_REALrating/GCSE School"), findTestData("getEmployable/Applicants").getValue(7, 1)): Text 'Kings Richard School' is set on object 'Object Repository/REALRatings/Greensill/Page_REALrating/GCSE School'

2019-06-11 11:15:28 - [MESSAGE][PASSED] - Text 'Kings Richard School' is set on object 'Object Repository/REALRatings/Greensill/Page_REALrating/GCSE School'

2019-06-11 11:15:28 - [TEST_STEP][PASSED] - setText(findTestObject("REALRatings/Greensill/Page_REALrating/A Level Postalcode"), findTestData("getEmployable/Applicants").getValue(8, 1)): Text 'NW64DN' is set on object 'Object Repository/REALRatings/Greensill/Page_REALrating/A Level Postalcode'

2019-06-11 11:15:28 - [MESSAGE][PASSED] - Text 'NW64DN' is set on object 'Object Repository/REALRatings/Greensill/Page_REALrating/A Level Postalcode'

2019-06-11 11:15:28 - [TEST_STEP][PASSED] - setText(findTestObject("REALRatings/Greensill/Page_REALrating/GCSE Postalcode"), findTestData("getEmployable/Applicants").getValue(9, 1)): Text 'AL60AA' is set on object 'Object Repository/REALRatings/Greensill/Page_REALrating/GCSE Postalcode'

2019-06-11 11:15:28 - [MESSAGE][PASSED] - Text 'AL60AA' is set on object 'Object Repository/REALRatings/Greensill/Page_REALrating/GCSE Postalcode'

2019-06-11 11:15:28 - [TEST_STEP][PASSED] - click(findTestObject("REALRatings/Greensill/Page_REALrating/Gender")): Object: 'Object Repository/REALRatings/Greensill/Page_REALrating/Gender' is clicked on

2019-06-11 11:15:28 - [MESSAGE][PASSED] - Object: 'Object Repository/REALRatings/Greensill/Page_REALrating/Gender' is clicked on

2019-06-11 11:15:28 - [TEST_STEP][PASSED] - click(findTestObject("REALRatings/Greensill/Page_REALrating/TickAnyStatement")): Object: 'Object Repository/REALRatings/Greensill/Page_REALrating/TickAnyStatement' is clicked on

2019-06-11 11:15:28 - [MESSAGE][PASSED] - Object: 'Object Repository/REALRatings/Greensill/Page_REALrating/TickAnyStatement' is clicked on

2019-06-11 11:15:28 - [TEST_STEP][PASSED] - click(findTestObject("REALRatings/Greensill/Page_REALrating/input_By ticking this box I confirm that I agree to the_confirmAgreement")): Object: 'Object Repository/REALRatings/Greensill/Page_REALrating/input_By ticking this box I confirm that I agree to the_confirmAgreement' is clicked on

2019-06-11 11:15:28 - [MESSAGE][PASSED] - Object: 'Object Repository/REALRatings/Greensill/Page_REALrating/input_By ticking this box I confirm that I agree to the_confirmAgreement' is clicked on

2019-06-11 11:15:28 - [TEST_STEP][PASSED] - click(findTestObject("REALRatings/Greensill/Page_REALrating/a_Submit")): Object: 'Object Repository/REALRatings/Greensill/Page_REALrating/a_Submit' is clicked on

2019-06-11 11:15:29 - [MESSAGE][PASSED] - Object: 'Object Repository/REALRatings/Greensill/Page_REALrating/a_Submit' is clicked on

2019-06-11 11:15:29 - [TEST_STEP][PASSED] - delay(5): Delayed 5 second(s)

2019-06-11 11:15:34 - [MESSAGE][PASSED] - Delayed 5 second(s)

2019-06-11 11:15:34 - [TEST_STEP][PASSED] - assert getUrl() == "https://2020-uat.realrating.co.uk/thankyou": Current window's url is: 'https://2020-uat.realrating.co.uk/thankyou'

2019-06-11 11:15:34 - [MESSAGE][PASSED] - Current window's url is: 'https://2020-uat.realrating.co.uk/thankyou'

2019-06-11 11:15:34 - [TEST_STEP][PASSED] - takeScreenshot(): Taking screenshot successfully

2019-06-11 11:15:34 - [MESSAGE][PASSED] - Taking screenshot successfully
[[ATTACHMENT|C:\\Users\\sambhavi\\git\\didactic-octo-spork\\Reports\\REALratings\\2020Delivery\\20190611_111502\\1560231934104.png]]]]></system-out>
         <system-err><![CDATA[]]></system-err>
      </testcase>
      <testcase name="Test Cases/REALratings/2020Delivery/login" classname="Test Cases/REALratings/2020Delivery/login" status="FAILED">
         <failure type="FAILED" message="Test Cases/REALratings/2020Delivery/login FAILED.
Reason:
com.kms.katalon.core.exception.StepFailedException: Unable to verify all links on the page 'https://2020-uat.realrating.co.uk/home' are accessible
	at com.kms.katalon.core.keyword.internal.KeywordMain.stepFailed(KeywordMain.groovy:48)
	at com.kms.katalon.core.webui.keyword.internal.WebUIKeywordMain.stepFailed(WebUIKeywordMain.groovy:65)
	at com.kms.katalon.core.webui.keyword.internal.WebUIKeywordMain.runKeyword(WebUIKeywordMain.groovy:27)
	at com.kms.katalon.core.webui.keyword.builtin.VerifyAllLinksOnCurrentPageAccessibleKeyword.verifyAllLinksOnCurrentPageAccessible(VerifyAllLinksOnCurrentPageAccessibleKeyword.groovy:48)
	at com.kms.katalon.core.webui.keyword.builtin.VerifyAllLinksOnCurrentPageAccessibleKeyword.execute(VerifyAllLinksOnCurrentPageAccessibleKeyword.groovy:32)
	at com.kms.katalon.core.keyword.internal.KeywordExecutor.executeKeywordForPlatform(KeywordExecutor.groovy:56)
	at com.kms.katalon.core.webui.keyword.WebUiBuiltInKeywords.verifyAllLinksOnCurrentPageAccessible(WebUiBuiltInKeywords.groovy:3754)
	at com.kms.katalon.core.webui.keyword.WebUiBuiltInKeywords$verifyAllLinksOnCurrentPageAccessible$11.call(Unknown Source)
	at login.run(login:46)
	at com.kms.katalon.core.main.ScriptEngine.run(ScriptEngine.java:194)
	at com.kms.katalon.core.main.ScriptEngine.runScriptAsRawText(ScriptEngine.java:119)
	at com.kms.katalon.core.main.TestCaseExecutor.runScript(TestCaseExecutor.java:331)
	at com.kms.katalon.core.main.TestCaseExecutor.doExecute(TestCaseExecutor.java:322)
	at com.kms.katalon.core.main.TestCaseExecutor.processExecutionPhase(TestCaseExecutor.java:301)
	at com.kms.katalon.core.main.TestCaseExecutor.accessMainPhase(TestCaseExecutor.java:293)
	at com.kms.katalon.core.main.TestCaseExecutor.execute(TestCaseExecutor.java:227)
	at com.kms.katalon.core.main.TestSuiteExecutor.accessTestCaseMainPhase(TestSuiteExecutor.java:129)
	at com.kms.katalon.core.main.TestSuiteExecutor.accessTestSuiteMainPhase(TestSuiteExecutor.java:112)
	at com.kms.katalon.core.main.TestSuiteExecutor.execute(TestSuiteExecutor.java:81)
	at com.kms.katalon.core.main.TestCaseMain.startTestSuite(TestCaseMain.java:157)
	at com.kms.katalon.core.main.TestCaseMain$startTestSuite$0.call(Unknown Source)
	at TempTestSuite1560231902684.run(TempTestSuite1560231902684.groovy:35)
"/>
         <system-out><![CDATA[2019-06-11 11:15:34 - [TEST_CASE][FAILED] - Test Cases/REALratings/2020Delivery/login: Test Cases/REALratings/2020Delivery/login FAILED.
Reason:
com.kms.katalon.core.exception.StepFailedException: Unable to verify all links on the page 'https://2020-uat.realrating.co.uk/home' are accessible
	at com.kms.katalon.core.keyword.internal.KeywordMain.stepFailed(KeywordMain.groovy:48)
	at com.kms.katalon.core.webui.keyword.internal.WebUIKeywordMain.stepFailed(WebUIKeywordMain.groovy:65)
	at com.kms.katalon.core.webui.keyword.internal.WebUIKeywordMain.runKeyword(WebUIKeywordMain.groovy:27)
	at com.kms.katalon.core.webui.keyword.builtin.VerifyAllLinksOnCurrentPageAccessibleKeyword.verifyAllLinksOnCurrentPageAccessible(VerifyAllLinksOnCurrentPageAccessibleKeyword.groovy:48)
	at com.kms.katalon.core.webui.keyword.builtin.VerifyAllLinksOnCurrentPageAccessibleKeyword.execute(VerifyAllLinksOnCurrentPageAccessibleKeyword.groovy:32)
	at com.kms.katalon.core.keyword.internal.KeywordExecutor.executeKeywordForPlatform(KeywordExecutor.groovy:56)
	at com.kms.katalon.core.webui.keyword.WebUiBuiltInKeywords.verifyAllLinksOnCurrentPageAccessible(WebUiBuiltInKeywords.groovy:3754)
	at com.kms.katalon.core.webui.keyword.WebUiBuiltInKeywords$verifyAllLinksOnCurrentPageAccessible$11.call(Unknown Source)
	at login.run(login:46)
	at com.kms.katalon.core.main.ScriptEngine.run(ScriptEngine.java:194)
	at com.kms.katalon.core.main.ScriptEngine.runScriptAsRawText(ScriptEngine.java:119)
	at com.kms.katalon.core.main.TestCaseExecutor.runScript(TestCaseExecutor.java:331)
	at com.kms.katalon.core.main.TestCaseExecutor.doExecute(TestCaseExecutor.java:322)
	at com.kms.katalon.core.main.TestCaseExecutor.processExecutionPhase(TestCaseExecutor.java:301)
	at com.kms.katalon.core.main.TestCaseExecutor.accessMainPhase(TestCaseExecutor.java:293)
	at com.kms.katalon.core.main.TestCaseExecutor.execute(TestCaseExecutor.java:227)
	at com.kms.katalon.core.main.TestSuiteExecutor.accessTestCaseMainPhase(TestSuiteExecutor.java:129)
	at com.kms.katalon.core.main.TestSuiteExecutor.accessTestSuiteMainPhase(TestSuiteExecutor.java:112)
	at com.kms.katalon.core.main.TestSuiteExecutor.execute(TestSuiteExecutor.java:81)
	at com.kms.katalon.core.main.TestCaseMain.startTestSuite(TestCaseMain.java:157)
	at com.kms.katalon.core.main.TestCaseMain$startTestSuite$0.call(Unknown Source)
	at TempTestSuite1560231902684.run(TempTestSuite1560231902684.groovy:35)


2019-06-11 11:15:34 - [TEST_STEP][PASSED] - openBrowser(""): Browser is opened with url: ''

2019-06-11 11:15:34 - [MESSAGE][WARNING] - A browser is already opened. Closing browser and opening a new one

2019-06-11 11:15:35 - [MESSAGE][INFO] - Starting 'Chrome' driver

2019-06-11 11:15:38 - [MESSAGE][PASSED] - Browser is opened with url: ''

2019-06-11 11:15:38 - [TEST_STEP][PASSED] - navigateToUrl("https://2020-uat.realrating.co.uk/login"): Navigate to 'https://2020-uat.realrating.co.uk/login' successfully

2019-06-11 11:15:40 - [MESSAGE][PASSED] - Navigate to 'https://2020-uat.realrating.co.uk/login' successfully

2019-06-11 11:15:40 - [TEST_STEP][PASSED] - maximizeWindow(): Current window maximized

2019-06-11 11:15:42 - [MESSAGE][PASSED] - Current window maximized

2019-06-11 11:15:42 - [TEST_STEP][PASSED] - setText(findTestObject("REALRatings/Greensill/login/Page_RealRating/input_E-Mail Address_email"), "john@upreach.org.uk"): Text 'john@upreach.org.uk' is set on object 'Object Repository/REALRatings/Greensill/login/Page_RealRating/input_E-Mail Address_email'

2019-06-11 11:15:42 - [MESSAGE][PASSED] - Text 'john@upreach.org.uk' is set on object 'Object Repository/REALRatings/Greensill/login/Page_RealRating/input_E-Mail Address_email'

2019-06-11 11:15:42 - [TEST_STEP][PASSED] - setEncryptedText(findTestObject("REALRatings/Greensill/login/Page_RealRating/input_Password_password"), "YPztdU12xyABLAH+eFFt4w=="): Text ****** has been set on object 'Object Repository/REALRatings/Greensill/login/Page_RealRating/input_Password_password'

2019-06-11 11:15:42 - [MESSAGE][PASSED] - Text ****** has been set on object 'Object Repository/REALRatings/Greensill/login/Page_RealRating/input_Password_password'

2019-06-11 11:15:42 - [TEST_STEP][PASSED] - click(findTestObject("REALRatings/Greensill/login/Page_RealRating/button_Login")): Object: 'Object Repository/REALRatings/Greensill/login/Page_RealRating/button_Login' is clicked on

2019-06-11 11:15:44 - [MESSAGE][PASSED] - Object: 'Object Repository/REALRatings/Greensill/login/Page_RealRating/button_Login' is clicked on

2019-06-11 11:15:44 - [TEST_STEP][PASSED] - getAllLinksOnCurrentPage(false, []): Found 16 unique links on the page https://2020-uat.realrating.co.uk/home

2019-06-11 11:15:44 - [MESSAGE][PASSED] - Found 16 unique links on the page https://2020-uat.realrating.co.uk/home

2019-06-11 11:15:44 - [TEST_STEP][PASSED] - verifyAllLinksOnCurrentPageAccessible(false, []): All links on the page 'https://2020-uat.realrating.co.uk/home' are accessible

2019-06-11 11:15:44 - [MESSAGE][PASSED] - Found 16 unique links on the page https://2020-uat.realrating.co.uk/home

2019-06-11 11:15:47 - [MESSAGE][INFO] - HAR: C:\Users\sambhavi\git\didactic-octo-spork\Reports\REALratings\2020Delivery\20190611_111502\requests\main\0.har

2019-06-11 11:15:47 - [MESSAGE][PASSED] - Send request successfully

2019-06-11 11:15:48 - [MESSAGE][INFO] - HAR: C:\Users\sambhavi\git\didactic-octo-spork\Reports\REALratings\2020Delivery\20190611_111502\requests\main\1.har

2019-06-11 11:15:48 - [MESSAGE][PASSED] - Send request successfully

2019-06-11 11:15:48 - [MESSAGE][INFO] - HAR: C:\Users\sambhavi\git\didactic-octo-spork\Reports\REALratings\2020Delivery\20190611_111502\requests\main\2.har

2019-06-11 11:15:48 - [MESSAGE][PASSED] - Send request successfully

2019-06-11 11:15:49 - [MESSAGE][INFO] - HAR: C:\Users\sambhavi\git\didactic-octo-spork\Reports\REALratings\2020Delivery\20190611_111502\requests\main\3.har

2019-06-11 11:15:49 - [MESSAGE][PASSED] - Send request successfully

2019-06-11 11:15:50 - [MESSAGE][INFO] - HAR: C:\Users\sambhavi\git\didactic-octo-spork\Reports\REALratings\2020Delivery\20190611_111502\requests\main\4.har

2019-06-11 11:15:50 - [MESSAGE][PASSED] - Send request successfully

2019-06-11 11:15:50 - [MESSAGE][INFO] - HAR: C:\Users\sambhavi\git\didactic-octo-spork\Reports\REALratings\2020Delivery\20190611_111502\requests\main\5.har

2019-06-11 11:15:50 - [MESSAGE][PASSED] - Send request successfully

2019-06-11 11:15:51 - [MESSAGE][INFO] - HAR: C:\Users\sambhavi\git\didactic-octo-spork\Reports\REALratings\2020Delivery\20190611_111502\requests\main\6.har

2019-06-11 11:15:51 - [MESSAGE][PASSED] - Send request successfully

2019-06-11 11:15:52 - [MESSAGE][INFO] - HAR: C:\Users\sambhavi\git\didactic-octo-spork\Reports\REALratings\2020Delivery\20190611_111502\requests\main\7.har

2019-06-11 11:15:52 - [MESSAGE][PASSED] - Send request successfully

2019-06-11 11:15:53 - [MESSAGE][INFO] - HAR: C:\Users\sambhavi\git\didactic-octo-spork\Reports\REALratings\2020Delivery\20190611_111502\requests\main\8.har

2019-06-11 11:15:53 - [MESSAGE][PASSED] - Send request successfully

2019-06-11 11:15:54 - [MESSAGE][INFO] - HAR: C:\Users\sambhavi\git\didactic-octo-spork\Reports\REALratings\2020Delivery\20190611_111502\requests\main\9.har

2019-06-11 11:15:54 - [MESSAGE][PASSED] - Send request successfully

2019-06-11 11:15:55 - [MESSAGE][INFO] - HAR: C:\Users\sambhavi\git\didactic-octo-spork\Reports\REALratings\2020Delivery\20190611_111502\requests\main\10.har

2019-06-11 11:15:55 - [MESSAGE][PASSED] - Send request successfully

2019-06-11 11:15:55 - [MESSAGE][INFO] - HAR: C:\Users\sambhavi\git\didactic-octo-spork\Reports\REALratings\2020Delivery\20190611_111502\requests\main\11.har

2019-06-11 11:15:55 - [MESSAGE][PASSED] - Send request successfully

2019-06-11 11:15:56 - [MESSAGE][INFO] - HAR: C:\Users\sambhavi\git\didactic-octo-spork\Reports\REALratings\2020Delivery\20190611_111502\requests\main\12.har

2019-06-11 11:15:56 - [MESSAGE][PASSED] - Send request successfully

2019-06-11 11:15:59 - [MESSAGE][INFO] - HAR: C:\Users\sambhavi\git\didactic-octo-spork\Reports\REALratings\2020Delivery\20190611_111502\requests\main\13.har

2019-06-11 11:15:59 - [MESSAGE][PASSED] - Send request successfully

2019-06-11 11:15:59 - [MESSAGE][INFO] - HAR: C:\Users\sambhavi\git\didactic-octo-spork\Reports\REALratings\2020Delivery\20190611_111502\requests\main\14.har

2019-06-11 11:15:59 - [MESSAGE][PASSED] - Send request successfully

2019-06-11 11:16:00 - [MESSAGE][INFO] - HAR: C:\Users\sambhavi\git\didactic-octo-spork\Reports\REALratings\2020Delivery\20190611_111502\requests\main\15.har

2019-06-11 11:16:00 - [MESSAGE][PASSED] - Send request successfully

2019-06-11 11:16:00 - [MESSAGE][PASSED] - All links are accessible

2019-06-11 11:16:00 - [MESSAGE][PASSED] - All links on the page 'https://2020-uat.realrating.co.uk/home' are accessible

2019-06-11 11:16:00 - [TEST_STEP][PASSED] - click(findTestObject("REALRatings/Greensill/login/Page_RealRating/Other Qualifications Tab")): Object: 'Object Repository/REALRatings/Greensill/login/Page_RealRating/Other Qualifications Tab' is clicked on

2019-06-11 11:16:00 - [MESSAGE][PASSED] - Object: 'Object Repository/REALRatings/Greensill/login/Page_RealRating/Other Qualifications Tab' is clicked on

2019-06-11 11:16:00 - [TEST_STEP][PASSED] - getAllLinksOnCurrentPage(false, []): Found 16 unique links on the page https://2020-uat.realrating.co.uk/home

2019-06-11 11:16:01 - [MESSAGE][PASSED] - Found 16 unique links on the page https://2020-uat.realrating.co.uk/home

2019-06-11 11:16:01 - [TEST_STEP][FAILED] - verifyAllLinksOnCurrentPageAccessible(false, []): verifyAllLinksOnCurrentPageAccessible(false, []) FAILED.
Reason:
com.kms.katalon.core.exception.StepFailedException: Unable to verify all links on the page 'https://2020-uat.realrating.co.uk/home' are accessible
	at com.kms.katalon.core.keyword.internal.KeywordMain.stepFailed(KeywordMain.groovy:48)
	at com.kms.katalon.core.webui.keyword.internal.WebUIKeywordMain.stepFailed(WebUIKeywordMain.groovy:65)
	at com.kms.katalon.core.webui.keyword.internal.WebUIKeywordMain.runKeyword(WebUIKeywordMain.groovy:27)
	at com.kms.katalon.core.webui.keyword.builtin.VerifyAllLinksOnCurrentPageAccessibleKeyword.verifyAllLinksOnCurrentPageAccessible(VerifyAllLinksOnCurrentPageAccessibleKeyword.groovy:48)
	at com.kms.katalon.core.webui.keyword.builtin.VerifyAllLinksOnCurrentPageAccessibleKeyword.execute(VerifyAllLinksOnCurrentPageAccessibleKeyword.groovy:32)
	at com.kms.katalon.core.keyword.internal.KeywordExecutor.executeKeywordForPlatform(KeywordExecutor.groovy:56)
	at com.kms.katalon.core.webui.keyword.WebUiBuiltInKeywords.verifyAllLinksOnCurrentPageAccessible(WebUiBuiltInKeywords.groovy:3754)
	at com.kms.katalon.core.webui.keyword.WebUiBuiltInKeywords$verifyAllLinksOnCurrentPageAccessible$11.call(Unknown Source)
	at login.run(login:46)
	at com.kms.katalon.core.main.ScriptEngine.run(ScriptEngine.java:194)
	at com.kms.katalon.core.main.ScriptEngine.runScriptAsRawText(ScriptEngine.java:119)
	at com.kms.katalon.core.main.TestCaseExecutor.runScript(TestCaseExecutor.java:331)
	at com.kms.katalon.core.main.TestCaseExecutor.doExecute(TestCaseExecutor.java:322)
	at com.kms.katalon.core.main.TestCaseExecutor.processExecutionPhase(TestCaseExecutor.java:301)
	at com.kms.katalon.core.main.TestCaseExecutor.accessMainPhase(TestCaseExecutor.java:293)
	at com.kms.katalon.core.main.TestCaseExecutor.execute(TestCaseExecutor.java:227)
	at com.kms.katalon.core.main.TestSuiteExecutor.accessTestCaseMainPhase(TestSuiteExecutor.java:129)
	at com.kms.katalon.core.main.TestSuiteExecutor.accessTestSuiteMainPhase(TestSuiteExecutor.java:112)
	at com.kms.katalon.core.main.TestSuiteExecutor.execute(TestSuiteExecutor.java:81)
	at com.kms.katalon.core.main.TestCaseMain.startTestSuite(TestCaseMain.java:157)
	at com.kms.katalon.core.main.TestCaseMain$startTestSuite$0.call(Unknown Source)
	at TempTestSuite1560231902684.run(TempTestSuite1560231902684.groovy:35)


2019-06-11 11:16:01 - [MESSAGE][PASSED] - Found 16 unique links on the page https://2020-uat.realrating.co.uk/home

2019-06-11 11:16:02 - [MESSAGE][INFO] - HAR: C:\Users\sambhavi\git\didactic-octo-spork\Reports\REALratings\2020Delivery\20190611_111502\requests\main\16.har

2019-06-11 11:16:02 - [MESSAGE][PASSED] - Send request successfully

2019-06-11 11:16:03 - [MESSAGE][INFO] - HAR: C:\Users\sambhavi\git\didactic-octo-spork\Reports\REALratings\2020Delivery\20190611_111502\requests\main\17.har

2019-06-11 11:16:03 - [MESSAGE][PASSED] - Send request successfully

2019-06-11 11:16:03 - [MESSAGE][INFO] - HAR: C:\Users\sambhavi\git\didactic-octo-spork\Reports\REALratings\2020Delivery\20190611_111502\requests\main\18.har

2019-06-11 11:16:03 - [MESSAGE][PASSED] - Send request successfully

2019-06-11 11:16:04 - [MESSAGE][INFO] - HAR: C:\Users\sambhavi\git\didactic-octo-spork\Reports\REALratings\2020Delivery\20190611_111502\requests\main\19.har

2019-06-11 11:16:04 - [MESSAGE][PASSED] - Send request successfully

2019-06-11 11:16:05 - [MESSAGE][INFO] - HAR: C:\Users\sambhavi\git\didactic-octo-spork\Reports\REALratings\2020Delivery\20190611_111502\requests\main\20.har

2019-06-11 11:16:05 - [MESSAGE][PASSED] - Send request successfully

2019-06-11 11:16:06 - [MESSAGE][INFO] - HAR: C:\Users\sambhavi\git\didactic-octo-spork\Reports\REALratings\2020Delivery\20190611_111502\requests\main\21.har

2019-06-11 11:16:06 - [MESSAGE][PASSED] - Send request successfully

2019-06-11 11:16:06 - [MESSAGE][INFO] - HAR: C:\Users\sambhavi\git\didactic-octo-spork\Reports\REALratings\2020Delivery\20190611_111502\requests\main\22.har

2019-06-11 11:16:06 - [MESSAGE][PASSED] - Send request successfully

2019-06-11 11:16:07 - [MESSAGE][INFO] - HAR: C:\Users\sambhavi\git\didactic-octo-spork\Reports\REALratings\2020Delivery\20190611_111502\requests\main\23.har

2019-06-11 11:16:07 - [MESSAGE][PASSED] - Send request successfully

2019-06-11 11:16:08 - [MESSAGE][INFO] - HAR: C:\Users\sambhavi\git\didactic-octo-spork\Reports\REALratings\2020Delivery\20190611_111502\requests\main\24.har

2019-06-11 11:16:08 - [MESSAGE][PASSED] - Send request successfully

2019-06-11 11:16:08 - [MESSAGE][INFO] - HAR: C:\Users\sambhavi\git\didactic-octo-spork\Reports\REALratings\2020Delivery\20190611_111502\requests\main\25.har

2019-06-11 11:16:08 - [MESSAGE][PASSED] - Send request successfully

2019-06-11 11:16:09 - [MESSAGE][INFO] - HAR: C:\Users\sambhavi\git\didactic-octo-spork\Reports\REALratings\2020Delivery\20190611_111502\requests\main\26.har

2019-06-11 11:16:09 - [MESSAGE][PASSED] - Send request successfully

2019-06-11 11:16:10 - [MESSAGE][INFO] - HAR: C:\Users\sambhavi\git\didactic-octo-spork\Reports\REALratings\2020Delivery\20190611_111502\requests\main\27.har

2019-06-11 11:16:10 - [MESSAGE][PASSED] - Send request successfully

2019-06-11 11:16:11 - [MESSAGE][INFO] - HAR: C:\Users\sambhavi\git\didactic-octo-spork\Reports\REALratings\2020Delivery\20190611_111502\requests\main\28.har

2019-06-11 11:16:11 - [MESSAGE][PASSED] - Send request successfully

2019-06-11 11:16:13 - [MESSAGE][INFO] - HAR: C:\Users\sambhavi\git\didactic-octo-spork\Reports\REALratings\2020Delivery\20190611_111502\requests\main\29.har

2019-06-11 11:16:13 - [MESSAGE][PASSED] - Send request successfully

2019-06-11 11:16:34 - [MESSAGE][INFO] - HAR: C:\Users\sambhavi\git\didactic-octo-spork\Reports\REALratings\2020Delivery\20190611_111502\requests\main\30.har

2019-06-11 11:16:34 - [MESSAGE][PASSED] - Send request successfully

2019-06-11 11:16:34 - [MESSAGE][INFO] - HAR: C:\Users\sambhavi\git\didactic-octo-spork\Reports\REALratings\2020Delivery\20190611_111502\requests\main\31.har

2019-06-11 11:16:35 - [MESSAGE][PASSED] - Send request successfully

2019-06-11 11:16:35 - [MESSAGE][WARNING] - Found 1 inaccessible links [https://2020-uat.realrating.co.uk/vendor/datatables/dataTables.bootstrap4.js]

2019-06-11 11:16:35 - [MESSAGE][FAILED] - Some of links on the current page are inaccessible

2019-06-11 11:16:35 - [MESSAGE][FAILED] - Unable to verify all links on the page 'https://2020-uat.realrating.co.uk/home' are accessible

2019-06-11 11:16:35 - [MESSAGE][FAILED] - verifyAllLinksOnCurrentPageAccessible(false, []) FAILED.
Reason:
com.kms.katalon.core.exception.StepFailedException: Unable to verify all links on the page 'https://2020-uat.realrating.co.uk/home' are accessible
	at com.kms.katalon.core.keyword.internal.KeywordMain.stepFailed(KeywordMain.groovy:48)
	at com.kms.katalon.core.webui.keyword.internal.WebUIKeywordMain.stepFailed(WebUIKeywordMain.groovy:65)
	at com.kms.katalon.core.webui.keyword.internal.WebUIKeywordMain.runKeyword(WebUIKeywordMain.groovy:27)
	at com.kms.katalon.core.webui.keyword.builtin.VerifyAllLinksOnCurrentPageAccessibleKeyword.verifyAllLinksOnCurrentPageAccessible(VerifyAllLinksOnCurrentPageAccessibleKeyword.groovy:48)
	at com.kms.katalon.core.webui.keyword.builtin.VerifyAllLinksOnCurrentPageAccessibleKeyword.execute(VerifyAllLinksOnCurrentPageAccessibleKeyword.groovy:32)
	at com.kms.katalon.core.keyword.internal.KeywordExecutor.executeKeywordForPlatform(KeywordExecutor.groovy:56)
	at com.kms.katalon.core.webui.keyword.WebUiBuiltInKeywords.verifyAllLinksOnCurrentPageAccessible(WebUiBuiltInKeywords.groovy:3754)
	at com.kms.katalon.core.webui.keyword.WebUiBuiltInKeywords$verifyAllLinksOnCurrentPageAccessible$11.call(Unknown Source)
	at login.run(login:46)
	at com.kms.katalon.core.main.ScriptEngine.run(ScriptEngine.java:194)
	at com.kms.katalon.core.main.ScriptEngine.runScriptAsRawText(ScriptEngine.java:119)
	at com.kms.katalon.core.main.TestCaseExecutor.runScript(TestCaseExecutor.java:331)
	at com.kms.katalon.core.main.TestCaseExecutor.doExecute(TestCaseExecutor.java:322)
	at com.kms.katalon.core.main.TestCaseExecutor.processExecutionPhase(TestCaseExecutor.java:301)
	at com.kms.katalon.core.main.TestCaseExecutor.accessMainPhase(TestCaseExecutor.java:293)
	at com.kms.katalon.core.main.TestCaseExecutor.execute(TestCaseExecutor.java:227)
	at com.kms.katalon.core.main.TestSuiteExecutor.accessTestCaseMainPhase(TestSuiteExecutor.java:129)
	at com.kms.katalon.core.main.TestSuiteExecutor.accessTestSuiteMainPhase(TestSuiteExecutor.java:112)
	at com.kms.katalon.core.main.TestSuiteExecutor.execute(TestSuiteExecutor.java:81)
	at com.kms.katalon.core.main.TestCaseMain.startTestSuite(TestCaseMain.java:157)
	at com.kms.katalon.core.main.TestCaseMain$startTestSuite$0.call(Unknown Source)
	at TempTestSuite1560231902684.run(TempTestSuite1560231902684.groovy:35)]]></system-out>
         <system-err><![CDATA[2019-06-11 11:15:34 - [TEST_CASE][FAILED] - Test Cases/REALratings/2020Delivery/login: Test Cases/REALratings/2020Delivery/login FAILED.
Reason:
com.kms.katalon.core.exception.StepFailedException: Unable to verify all links on the page 'https://2020-uat.realrating.co.uk/home' are accessible
	at com.kms.katalon.core.keyword.internal.KeywordMain.stepFailed(KeywordMain.groovy:48)
	at com.kms.katalon.core.webui.keyword.internal.WebUIKeywordMain.stepFailed(WebUIKeywordMain.groovy:65)
	at com.kms.katalon.core.webui.keyword.internal.WebUIKeywordMain.runKeyword(WebUIKeywordMain.groovy:27)
	at com.kms.katalon.core.webui.keyword.builtin.VerifyAllLinksOnCurrentPageAccessibleKeyword.verifyAllLinksOnCurrentPageAccessible(VerifyAllLinksOnCurrentPageAccessibleKeyword.groovy:48)
	at com.kms.katalon.core.webui.keyword.builtin.VerifyAllLinksOnCurrentPageAccessibleKeyword.execute(VerifyAllLinksOnCurrentPageAccessibleKeyword.groovy:32)
	at com.kms.katalon.core.keyword.internal.KeywordExecutor.executeKeywordForPlatform(KeywordExecutor.groovy:56)
	at com.kms.katalon.core.webui.keyword.WebUiBuiltInKeywords.verifyAllLinksOnCurrentPageAccessible(WebUiBuiltInKeywords.groovy:3754)
	at com.kms.katalon.core.webui.keyword.WebUiBuiltInKeywords$verifyAllLinksOnCurrentPageAccessible$11.call(Unknown Source)
	at login.run(login:46)
	at com.kms.katalon.core.main.ScriptEngine.run(ScriptEngine.java:194)
	at com.kms.katalon.core.main.ScriptEngine.runScriptAsRawText(ScriptEngine.java:119)
	at com.kms.katalon.core.main.TestCaseExecutor.runScript(TestCaseExecutor.java:331)
	at com.kms.katalon.core.main.TestCaseExecutor.doExecute(TestCaseExecutor.java:322)
	at com.kms.katalon.core.main.TestCaseExecutor.processExecutionPhase(TestCaseExecutor.java:301)
	at com.kms.katalon.core.main.TestCaseExecutor.accessMainPhase(TestCaseExecutor.java:293)
	at com.kms.katalon.core.main.TestCaseExecutor.execute(TestCaseExecutor.java:227)
	at com.kms.katalon.core.main.TestSuiteExecutor.accessTestCaseMainPhase(TestSuiteExecutor.java:129)
	at com.kms.katalon.core.main.TestSuiteExecutor.accessTestSuiteMainPhase(TestSuiteExecutor.java:112)
	at com.kms.katalon.core.main.TestSuiteExecutor.execute(TestSuiteExecutor.java:81)
	at com.kms.katalon.core.main.TestCaseMain.startTestSuite(TestCaseMain.java:157)
	at com.kms.katalon.core.main.TestCaseMain$startTestSuite$0.call(Unknown Source)
	at TempTestSuite1560231902684.run(TempTestSuite1560231902684.groovy:35)]]></system-err>
      </testcase>
      <system-out><![CDATA[2019-06-11 11:15:04 - [TEST_SUITE][FAILED] - 2020Delivery: Test Cases/REALratings/2020Delivery/login FAILED.
Reason:
com.kms.katalon.core.exception.StepFailedException: Unable to verify all links on the page 'https://2020-uat.realrating.co.uk/home' are accessible
	at com.kms.katalon.core.keyword.internal.KeywordMain.stepFailed(KeywordMain.groovy:48)
	at com.kms.katalon.core.webui.keyword.internal.WebUIKeywordMain.stepFailed(WebUIKeywordMain.groovy:65)
	at com.kms.katalon.core.webui.keyword.internal.WebUIKeywordMain.runKeyword(WebUIKeywordMain.groovy:27)
	at com.kms.katalon.core.webui.keyword.builtin.VerifyAllLinksOnCurrentPageAccessibleKeyword.verifyAllLinksOnCurrentPageAccessible(VerifyAllLinksOnCurrentPageAccessibleKeyword.groovy:48)
	at com.kms.katalon.core.webui.keyword.builtin.VerifyAllLinksOnCurrentPageAccessibleKeyword.execute(VerifyAllLinksOnCurrentPageAccessibleKeyword.groovy:32)
	at com.kms.katalon.core.keyword.internal.KeywordExecutor.executeKeywordForPlatform(KeywordExecutor.groovy:56)
	at com.kms.katalon.core.webui.keyword.WebUiBuiltInKeywords.verifyAllLinksOnCurrentPageAccessible(WebUiBuiltInKeywords.groovy:3754)
	at com.kms.katalon.core.webui.keyword.WebUiBuiltInKeywords$verifyAllLinksOnCurrentPageAccessible$11.call(Unknown Source)
	at login.run(login:46)
	at com.kms.katalon.core.main.ScriptEngine.run(ScriptEngine.java:194)
	at com.kms.katalon.core.main.ScriptEngine.runScriptAsRawText(ScriptEngine.java:119)
	at com.kms.katalon.core.main.TestCaseExecutor.runScript(TestCaseExecutor.java:331)
	at com.kms.katalon.core.main.TestCaseExecutor.doExecute(TestCaseExecutor.java:322)
	at com.kms.katalon.core.main.TestCaseExecutor.processExecutionPhase(TestCaseExecutor.java:301)
	at com.kms.katalon.core.main.TestCaseExecutor.accessMainPhase(TestCaseExecutor.java:293)
	at com.kms.katalon.core.main.TestCaseExecutor.execute(TestCaseExecutor.java:227)
	at com.kms.katalon.core.main.TestSuiteExecutor.accessTestCaseMainPhase(TestSuiteExecutor.java:129)
	at com.kms.katalon.core.main.TestSuiteExecutor.accessTestSuiteMainPhase(TestSuiteExecutor.java:112)
	at com.kms.katalon.core.main.TestSuiteExecutor.execute(TestSuiteExecutor.java:81)
	at com.kms.katalon.core.main.TestCaseMain.startTestSuite(TestCaseMain.java:157)
	at com.kms.katalon.core.main.TestCaseMain$startTestSuite$0.call(Unknown Source)
	at TempTestSuite1560231902684.run(TempTestSuite1560231902684.groovy:35)]]></system-out>
      <system-err><![CDATA[2019-06-11 11:15:04 - [TEST_SUITE][FAILED] - 2020Delivery: Test Cases/REALratings/2020Delivery/login FAILED.
Reason:
com.kms.katalon.core.exception.StepFailedException: Unable to verify all links on the page 'https://2020-uat.realrating.co.uk/home' are accessible
	at com.kms.katalon.core.keyword.internal.KeywordMain.stepFailed(KeywordMain.groovy:48)
	at com.kms.katalon.core.webui.keyword.internal.WebUIKeywordMain.stepFailed(WebUIKeywordMain.groovy:65)
	at com.kms.katalon.core.webui.keyword.internal.WebUIKeywordMain.runKeyword(WebUIKeywordMain.groovy:27)
	at com.kms.katalon.core.webui.keyword.builtin.VerifyAllLinksOnCurrentPageAccessibleKeyword.verifyAllLinksOnCurrentPageAccessible(VerifyAllLinksOnCurrentPageAccessibleKeyword.groovy:48)
	at com.kms.katalon.core.webui.keyword.builtin.VerifyAllLinksOnCurrentPageAccessibleKeyword.execute(VerifyAllLinksOnCurrentPageAccessibleKeyword.groovy:32)
	at com.kms.katalon.core.keyword.internal.KeywordExecutor.executeKeywordForPlatform(KeywordExecutor.groovy:56)
	at com.kms.katalon.core.webui.keyword.WebUiBuiltInKeywords.verifyAllLinksOnCurrentPageAccessible(WebUiBuiltInKeywords.groovy:3754)
	at com.kms.katalon.core.webui.keyword.WebUiBuiltInKeywords$verifyAllLinksOnCurrentPageAccessible$11.call(Unknown Source)
	at login.run(login:46)
	at com.kms.katalon.core.main.ScriptEngine.run(ScriptEngine.java:194)
	at com.kms.katalon.core.main.ScriptEngine.runScriptAsRawText(ScriptEngine.java:119)
	at com.kms.katalon.core.main.TestCaseExecutor.runScript(TestCaseExecutor.java:331)
	at com.kms.katalon.core.main.TestCaseExecutor.doExecute(TestCaseExecutor.java:322)
	at com.kms.katalon.core.main.TestCaseExecutor.processExecutionPhase(TestCaseExecutor.java:301)
	at com.kms.katalon.core.main.TestCaseExecutor.accessMainPhase(TestCaseExecutor.java:293)
	at com.kms.katalon.core.main.TestCaseExecutor.execute(TestCaseExecutor.java:227)
	at com.kms.katalon.core.main.TestSuiteExecutor.accessTestCaseMainPhase(TestSuiteExecutor.java:129)
	at com.kms.katalon.core.main.TestSuiteExecutor.accessTestSuiteMainPhase(TestSuiteExecutor.java:112)
	at com.kms.katalon.core.main.TestSuiteExecutor.execute(TestSuiteExecutor.java:81)
	at com.kms.katalon.core.main.TestCaseMain.startTestSuite(TestCaseMain.java:157)
	at com.kms.katalon.core.main.TestCaseMain$startTestSuite$0.call(Unknown Source)
	at TempTestSuite1560231902684.run(TempTestSuite1560231902684.groovy:35)]]></system-err>
   </testsuite>
</testsuites>
