<?xml version="1.0" encoding="UTF-8"?>
<testsuites name="FCLP" time="97" tests="1" failures="1" errors="0">
   <testsuite name="FCLP" tests="1" failures="1" errors="0" time="97" timestamp="2019-07-09 10:48:01" hostname="sambhavi - sambhavi.jmandigital.in" id="Test Suites/REALratings/FCLP">
      <properties>
         <property name="deviceName" value=""/>
         <property name="devicePlatform" value=""/>
         <property name="logFolder" value="C:\\Users\\sambhavi\\git\\didactic-octo-spork\\Reports\\REALratings\\FCLP\\20190709_104759"/>
         <property name="logFiles" value="C:\\Users\\sambhavi\\git\\didactic-octo-spork\\Reports\\REALratings\\FCLP\\20190709_104759\\execution0.log"/>
         <property name="attachments" value="C:\\Users\\sambhavi\\git\\didactic-octo-spork\\Reports\\REALratings\\FCLP\\20190709_104759\\1562649512519.png"/>
         <property name="hostName" value="sambhavi - sambhavi.jmandigital.in"/>
         <property name="os" value="Windows 10 64bit"/>
         <property name="katalonVersion" value="6.0.5.10"/>
         <property name="browser" value="Chrome 75.0.3770.100"/>
         <property name="hostAddress" value="192.168.0.185"/>
         <property name="sessionId" value="4ab9ecc4b97dfd178363059413d28485"/>
         <property name="seleniumVersion" value="3.7.1"/>
         <property name="proxyInformation" value="ProxyInformation{proxyOption=NO_PROXY, proxyServerType=HTTP, password=, proxyServerAddress=, proxyServerPort=0}"/>
         <property name="platform" value="Windows 10"/>
      </properties>
      <testcase name="Test Cases/REALratings/FCLP/formSubmission" classname="Test Cases/REALratings/FCLP/formSubmission" status="PASSED">
         <system-out><![CDATA[2019-07-09 10:48:01 - [TEST_CASE][PASSED] - Test Cases/REALratings/FCLP/formSubmission: Test Cases/REALratings/FCLP/formSubmission

2019-07-09 10:48:03 - [TEST_STEP][PASSED] - comment("FCLP - Form Submission"): FCLP - Form Submission

2019-07-09 10:48:03 - [MESSAGE][INFO] - FCLP - Form Submission

2019-07-09 10:48:03 - [TEST_STEP][PASSED] - openBrowser(""): Browser is opened with url: ''

2019-07-09 10:48:03 - [MESSAGE][INFO] - Starting 'Chrome' driver

2019-07-09 10:48:03 - [MESSAGE][INFO] - Action delay is set to 0 seconds

2019-07-09 10:48:06 - [MESSAGE][PASSED] - Browser is opened with url: ''

2019-07-09 10:48:06 - [TEST_STEP][PASSED] - myDriver = getWebDriver(): null

2019-07-09 10:48:06 - [TEST_STEP][PASSED] - navigateToUrl("https://fclp-uat.realrating.co.uk/"): Navigate to 'https://fclp-uat.realrating.co.uk/' successfully

2019-07-09 10:48:10 - [MESSAGE][PASSED] - Navigate to 'https://fclp-uat.realrating.co.uk/' successfully

2019-07-09 10:48:10 - [TEST_STEP][PASSED] - maximizeWindow(): Current window maximized

2019-07-09 10:48:11 - [MESSAGE][PASSED] - Current window maximized

2019-07-09 10:48:11 - [TEST_STEP][PASSED] - rad = new java.util.Random(): null

2019-07-09 10:48:11 - [TEST_STEP][PASSED] - comment("Basic and University  Information"): Basic and University  Information

2019-07-09 10:48:11 - [MESSAGE][INFO] - Basic and University  Information

2019-07-09 10:48:11 - [TEST_STEP][PASSED] - setText(findTestObject("REALRatings/FCLP/Page_REALrating/First Name"), "asha"): Text 'asha' is set on object 'Object Repository/REALRatings/FCLP/Page_REALrating/First Name'

2019-07-09 10:48:11 - [MESSAGE][PASSED] - Text 'asha' is set on object 'Object Repository/REALRatings/FCLP/Page_REALrating/First Name'

2019-07-09 10:48:11 - [TEST_STEP][PASSED] - setText(findTestObject("REALRatings/FCLP/Page_REALrating/Last Name"), "rajednran"): Text 'rajednran' is set on object 'Object Repository/REALRatings/FCLP/Page_REALrating/Last Name'

2019-07-09 10:48:11 - [MESSAGE][PASSED] - Text 'rajednran' is set on object 'Object Repository/REALRatings/FCLP/Page_REALrating/Last Name'

2019-07-09 10:48:11 - [TEST_STEP][PASSED] - emailid = rad.nextInt(2000): null

2019-07-09 10:48:11 - [TEST_STEP][PASSED] - setText(findTestObject("REALRatings/FCLP/Page_REALrating/Univrsity Emaid"), "fclp" + emailid + "@test.com"): Text 'fclp1091@test.com' is set on object 'Object Repository/REALRatings/FCLP/Page_REALrating/Univrsity Emaid'

2019-07-09 10:48:12 - [MESSAGE][PASSED] - Text 'fclp1091@test.com' is set on object 'Object Repository/REALRatings/FCLP/Page_REALrating/Univrsity Emaid'

2019-07-09 10:48:12 - [TEST_STEP][PASSED] - UniversityTotalOption = getNumberOfTotalOption(findTestObject("REALRatings/FCLP/Page_REALrating/University")): 154 options of object 'Object Repository/REALRatings/FCLP/Page_REALrating/University' counted

2019-07-09 10:48:12 - [MESSAGE][PASSED] - 154 options of object 'Object Repository/REALRatings/FCLP/Page_REALrating/University' counted

2019-07-09 10:48:12 - [TEST_STEP][PASSED] - UniversityCount = 1 + rad.nextInt(UniversityTotalOption - 1): null

2019-07-09 10:48:12 - [TEST_STEP][PASSED] - selectOptionByIndex(findTestObject("REALRatings/FCLP/Page_REALrating/University"), UniversityCount): All options with index in [119] are selected on object 'Object Repository/REALRatings/FCLP/Page_REALrating/University'

2019-07-09 10:48:13 - [MESSAGE][PASSED] - All options with index in [119] are selected on object 'Object Repository/REALRatings/FCLP/Page_REALrating/University'

2019-07-09 10:48:13 - [TEST_STEP][PASSED] - if (UniversityCount == 98): null

2019-07-09 10:48:13 - [TEST_STEP][PASSED] - UniversityCourseTotalOption = getNumberOfTotalOption(findTestObject("REALRatings/FCLP/Page_REALrating/University Course")): 96 options of object 'Object Repository/REALRatings/FCLP/Page_REALrating/University Course' counted

2019-07-09 10:48:13 - [MESSAGE][PASSED] - 96 options of object 'Object Repository/REALRatings/FCLP/Page_REALrating/University Course' counted

2019-07-09 10:48:13 - [TEST_STEP][PASSED] - UniveristyCourseCount = 1 + rad.nextInt(UniversityCourseTotalOption - 1): null

2019-07-09 10:48:13 - [TEST_STEP][PASSED] - selectOptionByIndex(findTestObject("REALRatings/FCLP/Page_REALrating/University Course"), UniveristyCourseCount): All options with index in [67] are selected on object 'Object Repository/REALRatings/FCLP/Page_REALrating/University Course'

2019-07-09 10:48:14 - [MESSAGE][PASSED] - All options with index in [67] are selected on object 'Object Repository/REALRatings/FCLP/Page_REALrating/University Course'

2019-07-09 10:48:14 - [TEST_STEP][PASSED] - if (UniveristyCourseCount == 95): null

2019-07-09 10:48:14 - [TEST_STEP][PASSED] - GraduationYearTotalOptions = getNumberOfTotalOption(findTestObject("REALRatings/FCLP/Page_REALrating/Graduation Year")): 17 options of object 'Object Repository/REALRatings/FCLP/Page_REALrating/Graduation Year' counted

2019-07-09 10:48:14 - [MESSAGE][PASSED] - 17 options of object 'Object Repository/REALRatings/FCLP/Page_REALrating/Graduation Year' counted

2019-07-09 10:48:14 - [TEST_STEP][PASSED] - GraduationYearcount = 1 + rad.nextInt(GraduationYearTotalOptions - 1): null

2019-07-09 10:48:14 - [TEST_STEP][PASSED] - selectOptionByIndex(findTestObject("REALRatings/FCLP/Page_REALrating/Graduation Year"), GraduationYearcount): All options with index in [4] are selected on object 'Object Repository/REALRatings/FCLP/Page_REALrating/Graduation Year'

2019-07-09 10:48:14 - [MESSAGE][PASSED] - All options with index in [4] are selected on object 'Object Repository/REALRatings/FCLP/Page_REALrating/Graduation Year'

2019-07-09 10:48:14 - [TEST_STEP][PASSED] - GradeYearTotalOptions = getNumberOfTotalOption(findTestObject("REALRatings/FCLP/Page_REALrating/Grade 21")): 3 options of object 'Object Repository/REALRatings/FCLP/Page_REALrating/Grade 21' counted

2019-07-09 10:48:14 - [MESSAGE][PASSED] - 3 options of object 'Object Repository/REALRatings/FCLP/Page_REALrating/Grade 21' counted

2019-07-09 10:48:14 - [TEST_STEP][PASSED] - GradeYearcount = 1 + rad.nextInt(GradeYearTotalOptions - 1): null

2019-07-09 10:48:14 - [TEST_STEP][PASSED] - selectOptionByIndex(findTestObject("REALRatings/FCLP/Page_REALrating/Grade 21"), GradeYearcount): All options with index in [1] are selected on object 'Object Repository/REALRatings/FCLP/Page_REALrating/Grade 21'

2019-07-09 10:48:14 - [MESSAGE][PASSED] - All options with index in [1] are selected on object 'Object Repository/REALRatings/FCLP/Page_REALrating/Grade 21'

2019-07-09 10:48:14 - [TEST_STEP][PASSED] - GradeEnglishYearTotalOptions = getNumberOfTotalOption(findTestObject("REALRatings/FCLP/Page_REALrating/Grade B English")): 3 options of object 'Object Repository/REALRatings/FCLP/Page_REALrating/Grade B English' counted

2019-07-09 10:48:14 - [MESSAGE][PASSED] - 3 options of object 'Object Repository/REALRatings/FCLP/Page_REALrating/Grade B English' counted

2019-07-09 10:48:14 - [TEST_STEP][PASSED] - GradeEnglishYearcount = 1 + rad.nextInt(GradeEnglishYearTotalOptions - 1): null

2019-07-09 10:48:14 - [TEST_STEP][PASSED] - selectOptionByIndex(findTestObject("REALRatings/FCLP/Page_REALrating/Grade B English"), GradeEnglishYearcount): All options with index in [1] are selected on object 'Object Repository/REALRatings/FCLP/Page_REALrating/Grade B English'

2019-07-09 10:48:14 - [MESSAGE][PASSED] - All options with index in [1] are selected on object 'Object Repository/REALRatings/FCLP/Page_REALrating/Grade B English'

2019-07-09 10:48:14 - [TEST_STEP][PASSED] - delay(2): Delayed 2 second(s)

2019-07-09 10:48:16 - [MESSAGE][PASSED] - Delayed 2 second(s)

2019-07-09 10:48:16 - [TEST_STEP][PASSED] - selectOptionByIndex(findTestObject("REALRatings/FCLP/Page_REALrating/Grade B Maths"), GradeEnglishYearcount): All options with index in [1] are selected on object 'Object Repository/REALRatings/FCLP/Page_REALrating/Grade B Maths'

2019-07-09 10:48:16 - [MESSAGE][PASSED] - All options with index in [1] are selected on object 'Object Repository/REALRatings/FCLP/Page_REALrating/Grade B Maths'

2019-07-09 10:48:16 - [TEST_STEP][PASSED] - click(findTestObject("REALRatings/FCLP/Page_REALrating/a_Next")): Object: 'Object Repository/REALRatings/FCLP/Page_REALrating/a_Next' is clicked on

2019-07-09 10:48:16 - [MESSAGE][PASSED] - Object: 'Object Repository/REALRatings/FCLP/Page_REALrating/a_Next' is clicked on

2019-07-09 10:48:16 - [TEST_STEP][PASSED] - delay(2): Delayed 2 second(s)

2019-07-09 10:48:18 - [MESSAGE][PASSED] - Delayed 2 second(s)

2019-07-09 10:48:18 - [TEST_STEP][PASSED] - comment("Main Qualification Information"): Main Qualification Information

2019-07-09 10:48:18 - [MESSAGE][INFO] - Main Qualification Information

2019-07-09 10:48:18 - [TEST_STEP][PASSED] - ALevelYearTotalOptions = getNumberOfTotalOption(findTestObject("REALRatings/FCLP/Page_REALrating/A Level Year")): 71 options of object 'Object Repository/REALRatings/FCLP/Page_REALrating/A Level Year' counted

2019-07-09 10:48:18 - [MESSAGE][PASSED] - 71 options of object 'Object Repository/REALRatings/FCLP/Page_REALrating/A Level Year' counted

2019-07-09 10:48:18 - [TEST_STEP][PASSED] - ALevelYearcount = 1 + rad.nextInt(ALevelYearTotalOptions - 1): null

2019-07-09 10:48:18 - [TEST_STEP][PASSED] - selectOptionByIndex(findTestObject("REALRatings/FCLP/Page_REALrating/A Level Year"), ALevelYearcount): All options with index in [13] are selected on object 'Object Repository/REALRatings/FCLP/Page_REALrating/A Level Year'

2019-07-09 10:48:19 - [MESSAGE][PASSED] - All options with index in [13] are selected on object 'Object Repository/REALRatings/FCLP/Page_REALrating/A Level Year'

2019-07-09 10:48:19 - [TEST_STEP][PASSED] - GCSEYearTotalOptions = getNumberOfTotalOption(findTestObject("REALRatings/FCLP/Page_REALrating/GCSE Year")): 71 options of object 'Object Repository/REALRatings/FCLP/Page_REALrating/GCSE Year' counted

2019-07-09 10:48:19 - [MESSAGE][PASSED] - 71 options of object 'Object Repository/REALRatings/FCLP/Page_REALrating/GCSE Year' counted

2019-07-09 10:48:19 - [TEST_STEP][PASSED] - GCSEYearCount = 1 + rad.nextInt(GCSEYearTotalOptions - 1): null

2019-07-09 10:48:19 - [TEST_STEP][PASSED] - selectOptionByIndex(findTestObject("REALRatings/FCLP/Page_REALrating/GCSE Year"), GCSEYearCount): All options with index in [13] are selected on object 'Object Repository/REALRatings/FCLP/Page_REALrating/GCSE Year'

2019-07-09 10:48:19 - [MESSAGE][PASSED] - All options with index in [13] are selected on object 'Object Repository/REALRatings/FCLP/Page_REALrating/GCSE Year'

2019-07-09 10:48:19 - [TEST_STEP][PASSED] - MainQualificationTotaloptions = getNumberOfTotalOption(findTestObject("REALRatings/Greensill/Page_REALrating/Main Qualification")): 6 options of object 'Object Repository/REALRatings/Greensill/Page_REALrating/Main Qualification' counted

2019-07-09 10:48:19 - [MESSAGE][PASSED] - 6 options of object 'Object Repository/REALRatings/Greensill/Page_REALrating/Main Qualification' counted

2019-07-09 10:48:19 - [TEST_STEP][PASSED] - MainQualificationCount = 1 + rad.nextInt(MainQualificationTotaloptions - 1): null

2019-07-09 10:48:19 - [TEST_STEP][PASSED] - selectOptionByIndex(findTestObject("REALRatings/Greensill/Page_REALrating/Main Qualification"), MainQualificationCount): All options with index in [1] are selected on object 'Object Repository/REALRatings/Greensill/Page_REALrating/Main Qualification'

2019-07-09 10:48:19 - [MESSAGE][PASSED] - All options with index in [1] are selected on object 'Object Repository/REALRatings/Greensill/Page_REALrating/Main Qualification'

2019-07-09 10:48:19 - [TEST_STEP][PASSED] - if (MainQualificationCount == 1): All options with index in [4] are selected on object 'Object Repository/REALRatings/Greensill/Page_REALrating/Year Three'

2019-07-09 10:48:19 - [TEST_STEP][PASSED] - setText(findTestObject("REALRatings/Greensill/Page_REALrating/Title One"), "Further Mathematics"): Text 'Further Mathematics' is set on object 'Object Repository/REALRatings/Greensill/Page_REALrating/Title One'

2019-07-09 10:48:19 - [MESSAGE][PASSED] - Text 'Further Mathematics' is set on object 'Object Repository/REALRatings/Greensill/Page_REALrating/Title One'

2019-07-09 10:48:19 - [TEST_STEP][PASSED] - Grade1TotalOptions = getNumberOfTotalOption(findTestObject("REALRatings/Greensill/Page_REALrating/Grade one")): 10 options of object 'Object Repository/REALRatings/Greensill/Page_REALrating/Grade one' counted

2019-07-09 10:48:19 - [MESSAGE][PASSED] - 10 options of object 'Object Repository/REALRatings/Greensill/Page_REALrating/Grade one' counted

2019-07-09 10:48:19 - [TEST_STEP][PASSED] - Grade1 = rad.nextInt(Grade1TotalOptions - 1): null

2019-07-09 10:48:19 - [TEST_STEP][PASSED] - selectOptionByIndex(findTestObject("REALRatings/Greensill/Page_REALrating/Grade one"), Grade1): All options with index in [8] are selected on object 'Object Repository/REALRatings/Greensill/Page_REALrating/Grade one'

2019-07-09 10:48:20 - [MESSAGE][PASSED] - All options with index in [8] are selected on object 'Object Repository/REALRatings/Greensill/Page_REALrating/Grade one'

2019-07-09 10:48:20 - [TEST_STEP][PASSED] - Year1TotalOptions = getNumberOfTotalOption(findTestObject("REALRatings/Greensill/Page_REALrating/Year One")): 71 options of object 'Object Repository/REALRatings/Greensill/Page_REALrating/Year One' counted

2019-07-09 10:48:20 - [MESSAGE][PASSED] - 71 options of object 'Object Repository/REALRatings/Greensill/Page_REALrating/Year One' counted

2019-07-09 10:48:20 - [TEST_STEP][PASSED] - Year1 = 1 + rad.nextInt(Year1TotalOptions - 1): null

2019-07-09 10:48:20 - [TEST_STEP][PASSED] - selectOptionByIndex(findTestObject("REALRatings/Greensill/Page_REALrating/Year One"), Year1): All options with index in [15] are selected on object 'Object Repository/REALRatings/Greensill/Page_REALrating/Year One'

2019-07-09 10:48:20 - [MESSAGE][PASSED] - All options with index in [15] are selected on object 'Object Repository/REALRatings/Greensill/Page_REALrating/Year One'

2019-07-09 10:48:20 - [TEST_STEP][PASSED] - setText(findTestObject("REALRatings/Greensill/Page_REALrating/Title Two"), "Computer Science"): Text 'Computer Science' is set on object 'Object Repository/REALRatings/Greensill/Page_REALrating/Title Two'

2019-07-09 10:48:20 - [MESSAGE][PASSED] - Text 'Computer Science' is set on object 'Object Repository/REALRatings/Greensill/Page_REALrating/Title Two'

2019-07-09 10:48:20 - [TEST_STEP][PASSED] - Grade2TotalOptions = getNumberOfTotalOption(findTestObject("REALRatings/Greensill/Page_REALrating/Grade Two")): 10 options of object 'Object Repository/REALRatings/Greensill/Page_REALrating/Grade Two' counted

2019-07-09 10:48:20 - [MESSAGE][PASSED] - 10 options of object 'Object Repository/REALRatings/Greensill/Page_REALrating/Grade Two' counted

2019-07-09 10:48:20 - [TEST_STEP][PASSED] - Grade2 = 1 + rad.nextInt(Grade2TotalOptions - 1): null

2019-07-09 10:48:20 - [TEST_STEP][PASSED] - selectOptionByIndex(findTestObject("REALRatings/Greensill/Page_REALrating/Grade Two"), Grade2): All options with index in [6] are selected on object 'Object Repository/REALRatings/Greensill/Page_REALrating/Grade Two'

2019-07-09 10:48:20 - [MESSAGE][PASSED] - All options with index in [6] are selected on object 'Object Repository/REALRatings/Greensill/Page_REALrating/Grade Two'

2019-07-09 10:48:20 - [TEST_STEP][PASSED] - Year2TotalOptions = getNumberOfTotalOption(findTestObject("REALRatings/Greensill/Page_REALrating/Year Two")): 71 options of object 'Object Repository/REALRatings/Greensill/Page_REALrating/Year Two' counted

2019-07-09 10:48:20 - [MESSAGE][PASSED] - 71 options of object 'Object Repository/REALRatings/Greensill/Page_REALrating/Year Two' counted

2019-07-09 10:48:20 - [TEST_STEP][PASSED] - Year2 = 1 + rad.nextInt(Year2TotalOptions - 1): null

2019-07-09 10:48:21 - [TEST_STEP][PASSED] - selectOptionByIndex(findTestObject("REALRatings/Greensill/Page_REALrating/Year Two"), Year2): All options with index in [69] are selected on object 'Object Repository/REALRatings/Greensill/Page_REALrating/Year Two'

2019-07-09 10:48:21 - [MESSAGE][PASSED] - All options with index in [69] are selected on object 'Object Repository/REALRatings/Greensill/Page_REALrating/Year Two'

2019-07-09 10:48:21 - [TEST_STEP][PASSED] - setText(findTestObject("REALRatings/Greensill/Page_REALrating/Title Three"), "Further Mathematics"): Text 'Further Mathematics' is set on object 'Object Repository/REALRatings/Greensill/Page_REALrating/Title Three'

2019-07-09 10:48:21 - [MESSAGE][PASSED] - Text 'Further Mathematics' is set on object 'Object Repository/REALRatings/Greensill/Page_REALrating/Title Three'

2019-07-09 10:48:21 - [TEST_STEP][PASSED] - Grade3TotalOptions = getNumberOfTotalOption(findTestObject("REALRatings/Greensill/Page_REALrating/Grade Three")): 10 options of object 'Object Repository/REALRatings/Greensill/Page_REALrating/Grade Three' counted

2019-07-09 10:48:21 - [MESSAGE][PASSED] - 10 options of object 'Object Repository/REALRatings/Greensill/Page_REALrating/Grade Three' counted

2019-07-09 10:48:21 - [TEST_STEP][PASSED] - Grade3 = 1 + rad.nextInt(Grade3TotalOptions - 1): null

2019-07-09 10:48:21 - [TEST_STEP][PASSED] - selectOptionByIndex(findTestObject("REALRatings/Greensill/Page_REALrating/Grade Three"), Grade3): All options with index in [3] are selected on object 'Object Repository/REALRatings/Greensill/Page_REALrating/Grade Three'

2019-07-09 10:48:22 - [MESSAGE][PASSED] - All options with index in [3] are selected on object 'Object Repository/REALRatings/Greensill/Page_REALrating/Grade Three'

2019-07-09 10:48:22 - [TEST_STEP][PASSED] - Year3TotalOptions = getNumberOfTotalOption(findTestObject("REALRatings/Greensill/Page_REALrating/Year Three")): 71 options of object 'Object Repository/REALRatings/Greensill/Page_REALrating/Year Three' counted

2019-07-09 10:48:22 - [MESSAGE][PASSED] - 71 options of object 'Object Repository/REALRatings/Greensill/Page_REALrating/Year Three' counted

2019-07-09 10:48:22 - [TEST_STEP][PASSED] - Year3 = 1 + rad.nextInt(Year3TotalOptions - 1): null

2019-07-09 10:48:22 - [TEST_STEP][PASSED] - selectOptionByIndex(findTestObject("REALRatings/Greensill/Page_REALrating/Year Three"), Year3): All options with index in [4] are selected on object 'Object Repository/REALRatings/Greensill/Page_REALrating/Year Three'

2019-07-09 10:48:22 - [MESSAGE][PASSED] - All options with index in [4] are selected on object 'Object Repository/REALRatings/Greensill/Page_REALrating/Year Three'

2019-07-09 10:48:22 - [TEST_STEP][PASSED] - setText(findTestObject("REALRatings/Greensill/Page_REALrating/A Level School"), findTestData("getEmployable/Applicants").getValue(6, 1)): Text 'Kings Richard School' is set on object 'Object Repository/REALRatings/Greensill/Page_REALrating/A Level School'

2019-07-09 10:48:22 - [MESSAGE][PASSED] - Text 'Kings Richard School' is set on object 'Object Repository/REALRatings/Greensill/Page_REALrating/A Level School'

2019-07-09 10:48:22 - [TEST_STEP][PASSED] - setText(findTestObject("REALRatings/Greensill/Page_REALrating/GCSE School"), findTestData("getEmployable/Applicants").getValue(7, 1)): Text 'Kings Richard School' is set on object 'Object Repository/REALRatings/Greensill/Page_REALrating/GCSE School'

2019-07-09 10:48:22 - [MESSAGE][PASSED] - Text 'Kings Richard School' is set on object 'Object Repository/REALRatings/Greensill/Page_REALrating/GCSE School'

2019-07-09 10:48:22 - [TEST_STEP][PASSED] - setText(findTestObject("REALRatings/Greensill/Page_REALrating/A Level Postalcode"), findTestData("getEmployable/Applicants").getValue(8, 1)): Text 'NW64DN' is set on object 'Object Repository/REALRatings/Greensill/Page_REALrating/A Level Postalcode'

2019-07-09 10:48:23 - [MESSAGE][PASSED] - Text 'NW64DN' is set on object 'Object Repository/REALRatings/Greensill/Page_REALrating/A Level Postalcode'

2019-07-09 10:48:23 - [TEST_STEP][PASSED] - setText(findTestObject("REALRatings/Greensill/Page_REALrating/GCSE Postalcode"), findTestData("getEmployable/Applicants").getValue(9, 1)): Text 'AL60AA' is set on object 'Object Repository/REALRatings/Greensill/Page_REALrating/GCSE Postalcode'

2019-07-09 10:48:23 - [MESSAGE][PASSED] - Text 'AL60AA' is set on object 'Object Repository/REALRatings/Greensill/Page_REALrating/GCSE Postalcode'

2019-07-09 10:48:23 - [TEST_STEP][PASSED] - click(findTestObject("REALRatings/Greensill/Page_REALrating/TickAnyStatement")): Object: 'Object Repository/REALRatings/Greensill/Page_REALrating/TickAnyStatement' is clicked on

2019-07-09 10:48:23 - [MESSAGE][PASSED] - Object: 'Object Repository/REALRatings/Greensill/Page_REALrating/TickAnyStatement' is clicked on

2019-07-09 10:48:23 - [TEST_STEP][PASSED] - click(findTestObject("REALRatings/FCLP/Page_REALrating/Second Next")): Object: 'Object Repository/REALRatings/FCLP/Page_REALrating/Second Next' is clicked on

2019-07-09 10:48:23 - [MESSAGE][PASSED] - Object: 'Object Repository/REALRatings/FCLP/Page_REALrating/Second Next' is clicked on

2019-07-09 10:48:23 - [TEST_STEP][PASSED] - delay(2): Delayed 2 second(s)

2019-07-09 10:48:25 - [MESSAGE][PASSED] - Delayed 2 second(s)

2019-07-09 10:48:25 - [TEST_STEP][PASSED] - comment("Background Information"): Background Information

2019-07-09 10:48:25 - [MESSAGE][INFO] - Background Information

2019-07-09 10:48:25 - [TEST_STEP][PASSED] - click(findTestObject("REALRatings/FCLP/Page_REALrating/confirm agreement")): Object: 'Object Repository/REALRatings/FCLP/Page_REALrating/confirm agreement' is clicked on

2019-07-09 10:48:25 - [MESSAGE][PASSED] - Object: 'Object Repository/REALRatings/FCLP/Page_REALrating/confirm agreement' is clicked on

2019-07-09 10:48:25 - [TEST_STEP][PASSED] - EthnicTotalOptions = getNumberOfTotalOption(findTestObject("REALRatings/FCLP/Page_REALrating/Ethnic Group"), STOP_ON_FAILURE): 23 options of object 'Object Repository/REALRatings/FCLP/Page_REALrating/Ethnic Group' counted

2019-07-09 10:48:25 - [MESSAGE][PASSED] - 23 options of object 'Object Repository/REALRatings/FCLP/Page_REALrating/Ethnic Group' counted

2019-07-09 10:48:25 - [TEST_STEP][PASSED] - EthnicCount = 1 + rad.nextInt(EthnicTotalOptions - 1): null

2019-07-09 10:48:25 - [TEST_STEP][PASSED] - selectOptionByIndex(findTestObject("REALRatings/FCLP/Page_REALrating/Ethnic Group"), EthnicCount): All options with index in [8] are selected on object 'Object Repository/REALRatings/FCLP/Page_REALrating/Ethnic Group'

2019-07-09 10:48:25 - [MESSAGE][PASSED] - All options with index in [8] are selected on object 'Object Repository/REALRatings/FCLP/Page_REALrating/Ethnic Group'

2019-07-09 10:48:25 - [TEST_STEP][PASSED] - setText(findTestObject("REALRatings/FCLP/Page_REALrating/input_What is your ethnic group_parent_carer"), "ethnicparent group"): Text 'ethnicparent group' is set on object 'Object Repository/REALRatings/FCLP/Page_REALrating/input_What is your ethnic group_parent_carer'

2019-07-09 10:48:26 - [MESSAGE][PASSED] - Text 'ethnicparent group' is set on object 'Object Repository/REALRatings/FCLP/Page_REALrating/input_What is your ethnic group_parent_carer'

2019-07-09 10:48:26 - [TEST_STEP][PASSED] - GenderTotalOptions = getNumberOfTotalOption(findTestObject("REALRatings/FCLP/Page_REALrating/Gender"), STOP_ON_FAILURE): 5 options of object 'Object Repository/REALRatings/FCLP/Page_REALrating/Gender' counted

2019-07-09 10:48:26 - [MESSAGE][PASSED] - 5 options of object 'Object Repository/REALRatings/FCLP/Page_REALrating/Gender' counted

2019-07-09 10:48:26 - [TEST_STEP][PASSED] - GenderCount = 1 + rad.nextInt(GenderTotalOptions - 1): null

2019-07-09 10:48:26 - [TEST_STEP][PASSED] - selectOptionByIndex(findTestObject("REALRatings/FCLP/Page_REALrating/Gender"), GenderCount): All options with index in [4] are selected on object 'Object Repository/REALRatings/FCLP/Page_REALrating/Gender'

2019-07-09 10:48:26 - [MESSAGE][PASSED] - All options with index in [4] are selected on object 'Object Repository/REALRatings/FCLP/Page_REALrating/Gender'

2019-07-09 10:48:26 - [TEST_STEP][PASSED] - if (GenderCount == 3): null

2019-07-09 10:48:26 - [TEST_STEP][PASSED] - ReligionTotalOptions = getNumberOfTotalOption(findTestObject("REALRatings/FCLP/Page_REALrating/Religion")): 10 options of object 'Object Repository/REALRatings/FCLP/Page_REALrating/Religion' counted

2019-07-09 10:48:26 - [MESSAGE][PASSED] - 10 options of object 'Object Repository/REALRatings/FCLP/Page_REALrating/Religion' counted

2019-07-09 10:48:26 - [TEST_STEP][PASSED] - ReligionCount = 1 + rad.nextInt(ReligionTotalOptions - 1): null

2019-07-09 10:48:26 - [TEST_STEP][PASSED] - selectOptionByIndex(findTestObject("REALRatings/FCLP/Page_REALrating/Religion"), ReligionCount): All options with index in [6] are selected on object 'Object Repository/REALRatings/FCLP/Page_REALrating/Religion'

2019-07-09 10:48:26 - [MESSAGE][PASSED] - All options with index in [6] are selected on object 'Object Repository/REALRatings/FCLP/Page_REALrating/Religion'

2019-07-09 10:48:26 - [TEST_STEP][PASSED] - if (ReligionCount == 8): null

2019-07-09 10:48:26 - [TEST_STEP][PASSED] - BirthTotalOptions = getNumberOfTotalOption(findTestObject("REALRatings/FCLP/Page_REALrating/Birth Gender")): 4 options of object 'Object Repository/REALRatings/FCLP/Page_REALrating/Birth Gender' counted

2019-07-09 10:48:26 - [MESSAGE][PASSED] - 4 options of object 'Object Repository/REALRatings/FCLP/Page_REALrating/Birth Gender' counted

2019-07-09 10:48:26 - [TEST_STEP][PASSED] - BirthCount = 1 + rad.nextInt(BirthTotalOptions - 1): null

2019-07-09 10:48:26 - [TEST_STEP][PASSED] - selectOptionByIndex(findTestObject("REALRatings/FCLP/Page_REALrating/Birth Gender"), BirthCount): All options with index in [1] are selected on object 'Object Repository/REALRatings/FCLP/Page_REALrating/Birth Gender'

2019-07-09 10:48:26 - [MESSAGE][PASSED] - All options with index in [1] are selected on object 'Object Repository/REALRatings/FCLP/Page_REALrating/Birth Gender'

2019-07-09 10:48:26 - [TEST_STEP][PASSED] - SexualTotalOptions = getNumberOfTotalOption(findTestObject("REALRatings/FCLP/Page_REALrating/Sexual Orientation")): 7 options of object 'Object Repository/REALRatings/FCLP/Page_REALrating/Sexual Orientation' counted

2019-07-09 10:48:26 - [MESSAGE][PASSED] - 7 options of object 'Object Repository/REALRatings/FCLP/Page_REALrating/Sexual Orientation' counted

2019-07-09 10:48:26 - [TEST_STEP][PASSED] - SexualCount = 1 + rad.nextInt(SexualTotalOptions - 1): null

2019-07-09 10:48:26 - [TEST_STEP][PASSED] - selectOptionByIndex(findTestObject("REALRatings/FCLP/Page_REALrating/Sexual Orientation"), SexualCount): All options with index in [5] are selected on object 'Object Repository/REALRatings/FCLP/Page_REALrating/Sexual Orientation'

2019-07-09 10:48:26 - [MESSAGE][PASSED] - All options with index in [5] are selected on object 'Object Repository/REALRatings/FCLP/Page_REALrating/Sexual Orientation'

2019-07-09 10:48:26 - [TEST_STEP][PASSED] - if (SexualCount == 5): Text 'other sexual ' is set on object 'Object Repository/REALRatings/FCLP/Page_REALrating/input_Other Orientation_sexual_orientation'

2019-07-09 10:48:26 - [TEST_STEP][PASSED] - setText(findTestObject("REALRatings/FCLP/Page_REALrating/input_Other Orientation_sexual_orientation"), "other sexual "): Text 'other sexual ' is set on object 'Object Repository/REALRatings/FCLP/Page_REALrating/input_Other Orientation_sexual_orientation'

2019-07-09 10:48:27 - [MESSAGE][PASSED] - Text 'other sexual ' is set on object 'Object Repository/REALRatings/FCLP/Page_REALrating/input_Other Orientation_sexual_orientation'

2019-07-09 10:48:27 - [TEST_STEP][PASSED] - ImpairmentTotalOptions = getNumberOfTotalOption(findTestObject("REALRatings/FCLP/Page_REALrating/Impairment")): 11 options of object 'Object Repository/REALRatings/FCLP/Page_REALrating/Impairment' counted

2019-07-09 10:48:27 - [MESSAGE][PASSED] - 11 options of object 'Object Repository/REALRatings/FCLP/Page_REALrating/Impairment' counted

2019-07-09 10:48:27 - [TEST_STEP][PASSED] - ImpairmentCount = 1 + rad.nextInt(ImpairmentTotalOptions - 1): null

2019-07-09 10:48:27 - [TEST_STEP][PASSED] - selectOptionByIndex(findTestObject("REALRatings/FCLP/Page_REALrating/Impairment"), ImpairmentCount): All options with index in [5] are selected on object 'Object Repository/REALRatings/FCLP/Page_REALrating/Impairment'

2019-07-09 10:48:27 - [MESSAGE][PASSED] - All options with index in [5] are selected on object 'Object Repository/REALRatings/FCLP/Page_REALrating/Impairment'

2019-07-09 10:48:27 - [TEST_STEP][PASSED] - if (ImpairmentCount == 9): null

2019-07-09 10:48:27 - [TEST_STEP][PASSED] - click(findTestObject("REALRatings/FCLP/Page_REALrating/a_Submit")): Object: 'Object Repository/REALRatings/FCLP/Page_REALrating/a_Submit' is clicked on

2019-07-09 10:48:27 - [MESSAGE][PASSED] - Object: 'Object Repository/REALRatings/FCLP/Page_REALrating/a_Submit' is clicked on

2019-07-09 10:48:27 - [TEST_STEP][PASSED] - delay(5): Delayed 5 second(s)

2019-07-09 10:48:32 - [MESSAGE][PASSED] - Delayed 5 second(s)

2019-07-09 10:48:32 - [TEST_STEP][PASSED] - assert getUrl() == "https://fclp-uat.realrating.co.uk/thankyou": Current window's url is: 'https://fclp-uat.realrating.co.uk/thankyou'

2019-07-09 10:48:32 - [MESSAGE][PASSED] - Current window's url is: 'https://fclp-uat.realrating.co.uk/thankyou'

2019-07-09 10:48:32 - [TEST_STEP][PASSED] - takeScreenshot(): Taking screenshot successfully

2019-07-09 10:48:32 - [MESSAGE][PASSED] - Taking screenshot successfully
[[ATTACHMENT|C:\\Users\\sambhavi\\git\\didactic-octo-spork\\Reports\\REALratings\\FCLP\\20190709_104759\\1562649512519.png]]]]></system-out>
         <system-err><![CDATA[]]></system-err>
      </testcase>
      <testcase name="Test Cases/REALratings/FCLP/login" classname="Test Cases/REALratings/FCLP/login" status="FAILED">
         <failure type="FAILED" message="Test Cases/REALratings/FCLP/login FAILED.
Reason:
com.kms.katalon.core.exception.StepFailedException: Unable to verify all links on the page 'https://fclp-uat.realrating.co.uk/home' are accessible
	at com.kms.katalon.core.keyword.internal.KeywordMain.stepFailed(KeywordMain.groovy:48)
	at com.kms.katalon.core.webui.keyword.internal.WebUIKeywordMain.stepFailed(WebUIKeywordMain.groovy:65)
	at com.kms.katalon.core.webui.keyword.internal.WebUIKeywordMain.runKeyword(WebUIKeywordMain.groovy:27)
	at com.kms.katalon.core.webui.keyword.builtin.VerifyAllLinksOnCurrentPageAccessibleKeyword.verifyAllLinksOnCurrentPageAccessible(VerifyAllLinksOnCurrentPageAccessibleKeyword.groovy:48)
	at com.kms.katalon.core.webui.keyword.builtin.VerifyAllLinksOnCurrentPageAccessibleKeyword.execute(VerifyAllLinksOnCurrentPageAccessibleKeyword.groovy:32)
	at com.kms.katalon.core.keyword.internal.KeywordExecutor.executeKeywordForPlatform(KeywordExecutor.groovy:56)
	at com.kms.katalon.core.webui.keyword.WebUiBuiltInKeywords.verifyAllLinksOnCurrentPageAccessible(WebUiBuiltInKeywords.groovy:3754)
	at com.kms.katalon.core.webui.keyword.WebUiBuiltInKeywords$verifyAllLinksOnCurrentPageAccessible$11.call(Unknown Source)
	at login.run(login:50)
	at com.kms.katalon.core.main.ScriptEngine.run(ScriptEngine.java:194)
	at com.kms.katalon.core.main.ScriptEngine.runScriptAsRawText(ScriptEngine.java:119)
	at com.kms.katalon.core.main.TestCaseExecutor.runScript(TestCaseExecutor.java:331)
	at com.kms.katalon.core.main.TestCaseExecutor.doExecute(TestCaseExecutor.java:322)
	at com.kms.katalon.core.main.TestCaseExecutor.processExecutionPhase(TestCaseExecutor.java:301)
	at com.kms.katalon.core.main.TestCaseExecutor.accessMainPhase(TestCaseExecutor.java:293)
	at com.kms.katalon.core.main.TestCaseExecutor.execute(TestCaseExecutor.java:227)
	at com.kms.katalon.core.main.TestSuiteExecutor.accessTestCaseMainPhase(TestSuiteExecutor.java:129)
	at com.kms.katalon.core.main.TestSuiteExecutor.accessTestSuiteMainPhase(TestSuiteExecutor.java:112)
	at com.kms.katalon.core.main.TestSuiteExecutor.execute(TestSuiteExecutor.java:81)
	at com.kms.katalon.core.main.TestCaseMain.startTestSuite(TestCaseMain.java:157)
	at com.kms.katalon.core.main.TestCaseMain$startTestSuite$0.call(Unknown Source)
	at TempTestSuite1562649479027.run(TempTestSuite1562649479027.groovy:35)
"/>
         <system-out><![CDATA[2019-07-09 10:48:32 - [TEST_CASE][FAILED] - Test Cases/REALratings/FCLP/login: Test Cases/REALratings/FCLP/login FAILED.
Reason:
com.kms.katalon.core.exception.StepFailedException: Unable to verify all links on the page 'https://fclp-uat.realrating.co.uk/home' are accessible
	at com.kms.katalon.core.keyword.internal.KeywordMain.stepFailed(KeywordMain.groovy:48)
	at com.kms.katalon.core.webui.keyword.internal.WebUIKeywordMain.stepFailed(WebUIKeywordMain.groovy:65)
	at com.kms.katalon.core.webui.keyword.internal.WebUIKeywordMain.runKeyword(WebUIKeywordMain.groovy:27)
	at com.kms.katalon.core.webui.keyword.builtin.VerifyAllLinksOnCurrentPageAccessibleKeyword.verifyAllLinksOnCurrentPageAccessible(VerifyAllLinksOnCurrentPageAccessibleKeyword.groovy:48)
	at com.kms.katalon.core.webui.keyword.builtin.VerifyAllLinksOnCurrentPageAccessibleKeyword.execute(VerifyAllLinksOnCurrentPageAccessibleKeyword.groovy:32)
	at com.kms.katalon.core.keyword.internal.KeywordExecutor.executeKeywordForPlatform(KeywordExecutor.groovy:56)
	at com.kms.katalon.core.webui.keyword.WebUiBuiltInKeywords.verifyAllLinksOnCurrentPageAccessible(WebUiBuiltInKeywords.groovy:3754)
	at com.kms.katalon.core.webui.keyword.WebUiBuiltInKeywords$verifyAllLinksOnCurrentPageAccessible$11.call(Unknown Source)
	at login.run(login:50)
	at com.kms.katalon.core.main.ScriptEngine.run(ScriptEngine.java:194)
	at com.kms.katalon.core.main.ScriptEngine.runScriptAsRawText(ScriptEngine.java:119)
	at com.kms.katalon.core.main.TestCaseExecutor.runScript(TestCaseExecutor.java:331)
	at com.kms.katalon.core.main.TestCaseExecutor.doExecute(TestCaseExecutor.java:322)
	at com.kms.katalon.core.main.TestCaseExecutor.processExecutionPhase(TestCaseExecutor.java:301)
	at com.kms.katalon.core.main.TestCaseExecutor.accessMainPhase(TestCaseExecutor.java:293)
	at com.kms.katalon.core.main.TestCaseExecutor.execute(TestCaseExecutor.java:227)
	at com.kms.katalon.core.main.TestSuiteExecutor.accessTestCaseMainPhase(TestSuiteExecutor.java:129)
	at com.kms.katalon.core.main.TestSuiteExecutor.accessTestSuiteMainPhase(TestSuiteExecutor.java:112)
	at com.kms.katalon.core.main.TestSuiteExecutor.execute(TestSuiteExecutor.java:81)
	at com.kms.katalon.core.main.TestCaseMain.startTestSuite(TestCaseMain.java:157)
	at com.kms.katalon.core.main.TestCaseMain$startTestSuite$0.call(Unknown Source)
	at TempTestSuite1562649479027.run(TempTestSuite1562649479027.groovy:35)


2019-07-09 10:48:33 - [TEST_STEP][PASSED] - comment("FCLP - Login"): FCLP - Login

2019-07-09 10:48:33 - [MESSAGE][INFO] - FCLP - Login

2019-07-09 10:48:33 - [TEST_STEP][PASSED] - openBrowser(""): Browser is opened with url: ''

2019-07-09 10:48:33 - [MESSAGE][WARNING] - A browser is already opened. Closing browser and opening a new one

2019-07-09 10:48:33 - [MESSAGE][INFO] - Starting 'Chrome' driver

2019-07-09 10:48:36 - [MESSAGE][PASSED] - Browser is opened with url: ''

2019-07-09 10:48:36 - [TEST_STEP][PASSED] - navigateToUrl("https://fclp-uat.realrating.co.uk/login"): Navigate to 'https://fclp-uat.realrating.co.uk/login' successfully

2019-07-09 10:48:40 - [MESSAGE][PASSED] - Navigate to 'https://fclp-uat.realrating.co.uk/login' successfully

2019-07-09 10:48:40 - [TEST_STEP][PASSED] - maximizeWindow(): Current window maximized

2019-07-09 10:48:41 - [MESSAGE][PASSED] - Current window maximized

2019-07-09 10:48:41 - [TEST_STEP][PASSED] - setText(findTestObject("REALRatings/Greensill/login/Page_RealRating/input_E-Mail Address_email"), "john@upreach.org.uk"): Text 'john@upreach.org.uk' is set on object 'Object Repository/REALRatings/Greensill/login/Page_RealRating/input_E-Mail Address_email'

2019-07-09 10:48:41 - [MESSAGE][PASSED] - Text 'john@upreach.org.uk' is set on object 'Object Repository/REALRatings/Greensill/login/Page_RealRating/input_E-Mail Address_email'

2019-07-09 10:48:41 - [TEST_STEP][PASSED] - setEncryptedText(findTestObject("REALRatings/Greensill/login/Page_RealRating/input_Password_password"), "YPztdU12xyABLAH+eFFt4w=="): Text ****** has been set on object 'Object Repository/REALRatings/Greensill/login/Page_RealRating/input_Password_password'

2019-07-09 10:48:41 - [MESSAGE][PASSED] - Text ****** has been set on object 'Object Repository/REALRatings/Greensill/login/Page_RealRating/input_Password_password'

2019-07-09 10:48:41 - [TEST_STEP][PASSED] - click(findTestObject("REALRatings/Greensill/login/Page_RealRating/button_Login")): Object: 'Object Repository/REALRatings/Greensill/login/Page_RealRating/button_Login' is clicked on

2019-07-09 10:48:44 - [MESSAGE][PASSED] - Object: 'Object Repository/REALRatings/Greensill/login/Page_RealRating/button_Login' is clicked on

2019-07-09 10:48:44 - [TEST_STEP][PASSED] - getAllLinksOnCurrentPage(false, []): Found 16 unique links on the page https://fclp-uat.realrating.co.uk/home

2019-07-09 10:48:44 - [MESSAGE][PASSED] - Found 16 unique links on the page https://fclp-uat.realrating.co.uk/home

2019-07-09 10:48:44 - [TEST_STEP][PASSED] - verifyAllLinksOnCurrentPageAccessible(false, []): All links on the page 'https://fclp-uat.realrating.co.uk/home' are accessible

2019-07-09 10:48:45 - [MESSAGE][PASSED] - Found 16 unique links on the page https://fclp-uat.realrating.co.uk/home

2019-07-09 10:48:47 - [MESSAGE][INFO] - HAR: C:\Users\sambhavi\git\didactic-octo-spork\Reports\REALratings\FCLP\20190709_104759\requests\main\0.har

2019-07-09 10:48:47 - [MESSAGE][PASSED] - Send request successfully

2019-07-09 10:48:48 - [MESSAGE][INFO] - HAR: C:\Users\sambhavi\git\didactic-octo-spork\Reports\REALratings\FCLP\20190709_104759\requests\main\1.har

2019-07-09 10:48:48 - [MESSAGE][PASSED] - Send request successfully

2019-07-09 10:48:49 - [MESSAGE][INFO] - HAR: C:\Users\sambhavi\git\didactic-octo-spork\Reports\REALratings\FCLP\20190709_104759\requests\main\2.har

2019-07-09 10:48:49 - [MESSAGE][PASSED] - Send request successfully

2019-07-09 10:48:50 - [MESSAGE][INFO] - HAR: C:\Users\sambhavi\git\didactic-octo-spork\Reports\REALratings\FCLP\20190709_104759\requests\main\3.har

2019-07-09 10:48:50 - [MESSAGE][PASSED] - Send request successfully

2019-07-09 10:48:51 - [MESSAGE][INFO] - HAR: C:\Users\sambhavi\git\didactic-octo-spork\Reports\REALratings\FCLP\20190709_104759\requests\main\4.har

2019-07-09 10:48:51 - [MESSAGE][PASSED] - Send request successfully

2019-07-09 10:48:51 - [MESSAGE][INFO] - HAR: C:\Users\sambhavi\git\didactic-octo-spork\Reports\REALratings\FCLP\20190709_104759\requests\main\5.har

2019-07-09 10:48:51 - [MESSAGE][PASSED] - Send request successfully

2019-07-09 10:48:52 - [MESSAGE][INFO] - HAR: C:\Users\sambhavi\git\didactic-octo-spork\Reports\REALratings\FCLP\20190709_104759\requests\main\6.har

2019-07-09 10:48:52 - [MESSAGE][PASSED] - Send request successfully

2019-07-09 10:48:53 - [MESSAGE][INFO] - HAR: C:\Users\sambhavi\git\didactic-octo-spork\Reports\REALratings\FCLP\20190709_104759\requests\main\7.har

2019-07-09 10:48:53 - [MESSAGE][PASSED] - Send request successfully

2019-07-09 10:48:54 - [MESSAGE][INFO] - HAR: C:\Users\sambhavi\git\didactic-octo-spork\Reports\REALratings\FCLP\20190709_104759\requests\main\8.har

2019-07-09 10:48:54 - [MESSAGE][PASSED] - Send request successfully

2019-07-09 10:48:55 - [MESSAGE][INFO] - HAR: C:\Users\sambhavi\git\didactic-octo-spork\Reports\REALratings\FCLP\20190709_104759\requests\main\9.har

2019-07-09 10:48:55 - [MESSAGE][PASSED] - Send request successfully

2019-07-09 10:48:56 - [MESSAGE][INFO] - HAR: C:\Users\sambhavi\git\didactic-octo-spork\Reports\REALratings\FCLP\20190709_104759\requests\main\10.har

2019-07-09 10:48:56 - [MESSAGE][PASSED] - Send request successfully

2019-07-09 10:48:56 - [MESSAGE][INFO] - HAR: C:\Users\sambhavi\git\didactic-octo-spork\Reports\REALratings\FCLP\20190709_104759\requests\main\11.har

2019-07-09 10:48:56 - [MESSAGE][PASSED] - Send request successfully

2019-07-09 10:48:58 - [MESSAGE][INFO] - HAR: C:\Users\sambhavi\git\didactic-octo-spork\Reports\REALratings\FCLP\20190709_104759\requests\main\12.har

2019-07-09 10:48:58 - [MESSAGE][PASSED] - Send request successfully

2019-07-09 10:49:00 - [MESSAGE][INFO] - HAR: C:\Users\sambhavi\git\didactic-octo-spork\Reports\REALratings\FCLP\20190709_104759\requests\main\13.har

2019-07-09 10:49:00 - [MESSAGE][PASSED] - Send request successfully

2019-07-09 10:49:01 - [MESSAGE][INFO] - HAR: C:\Users\sambhavi\git\didactic-octo-spork\Reports\REALratings\FCLP\20190709_104759\requests\main\14.har

2019-07-09 10:49:01 - [MESSAGE][PASSED] - Send request successfully

2019-07-09 10:49:02 - [MESSAGE][INFO] - HAR: C:\Users\sambhavi\git\didactic-octo-spork\Reports\REALratings\FCLP\20190709_104759\requests\main\15.har

2019-07-09 10:49:02 - [MESSAGE][PASSED] - Send request successfully

2019-07-09 10:49:02 - [MESSAGE][PASSED] - All links are accessible

2019-07-09 10:49:02 - [MESSAGE][PASSED] - All links on the page 'https://fclp-uat.realrating.co.uk/home' are accessible

2019-07-09 10:49:02 - [TEST_STEP][PASSED] - click(findTestObject("REALRatings/Greensill/login/Page_RealRating/Other Qualifications Tab")): Object: 'Object Repository/REALRatings/Greensill/login/Page_RealRating/Other Qualifications Tab' is clicked on

2019-07-09 10:49:02 - [MESSAGE][PASSED] - Object: 'Object Repository/REALRatings/Greensill/login/Page_RealRating/Other Qualifications Tab' is clicked on

2019-07-09 10:49:02 - [TEST_STEP][PASSED] - getAllLinksOnCurrentPage(false, []): Found 16 unique links on the page https://fclp-uat.realrating.co.uk/home

2019-07-09 10:49:02 - [MESSAGE][PASSED] - Found 16 unique links on the page https://fclp-uat.realrating.co.uk/home

2019-07-09 10:49:02 - [TEST_STEP][FAILED] - verifyAllLinksOnCurrentPageAccessible(false, []): verifyAllLinksOnCurrentPageAccessible(false, []) FAILED.
Reason:
com.kms.katalon.core.exception.StepFailedException: Unable to verify all links on the page 'https://fclp-uat.realrating.co.uk/home' are accessible
	at com.kms.katalon.core.keyword.internal.KeywordMain.stepFailed(KeywordMain.groovy:48)
	at com.kms.katalon.core.webui.keyword.internal.WebUIKeywordMain.stepFailed(WebUIKeywordMain.groovy:65)
	at com.kms.katalon.core.webui.keyword.internal.WebUIKeywordMain.runKeyword(WebUIKeywordMain.groovy:27)
	at com.kms.katalon.core.webui.keyword.builtin.VerifyAllLinksOnCurrentPageAccessibleKeyword.verifyAllLinksOnCurrentPageAccessible(VerifyAllLinksOnCurrentPageAccessibleKeyword.groovy:48)
	at com.kms.katalon.core.webui.keyword.builtin.VerifyAllLinksOnCurrentPageAccessibleKeyword.execute(VerifyAllLinksOnCurrentPageAccessibleKeyword.groovy:32)
	at com.kms.katalon.core.keyword.internal.KeywordExecutor.executeKeywordForPlatform(KeywordExecutor.groovy:56)
	at com.kms.katalon.core.webui.keyword.WebUiBuiltInKeywords.verifyAllLinksOnCurrentPageAccessible(WebUiBuiltInKeywords.groovy:3754)
	at com.kms.katalon.core.webui.keyword.WebUiBuiltInKeywords$verifyAllLinksOnCurrentPageAccessible$11.call(Unknown Source)
	at login.run(login:50)
	at com.kms.katalon.core.main.ScriptEngine.run(ScriptEngine.java:194)
	at com.kms.katalon.core.main.ScriptEngine.runScriptAsRawText(ScriptEngine.java:119)
	at com.kms.katalon.core.main.TestCaseExecutor.runScript(TestCaseExecutor.java:331)
	at com.kms.katalon.core.main.TestCaseExecutor.doExecute(TestCaseExecutor.java:322)
	at com.kms.katalon.core.main.TestCaseExecutor.processExecutionPhase(TestCaseExecutor.java:301)
	at com.kms.katalon.core.main.TestCaseExecutor.accessMainPhase(TestCaseExecutor.java:293)
	at com.kms.katalon.core.main.TestCaseExecutor.execute(TestCaseExecutor.java:227)
	at com.kms.katalon.core.main.TestSuiteExecutor.accessTestCaseMainPhase(TestSuiteExecutor.java:129)
	at com.kms.katalon.core.main.TestSuiteExecutor.accessTestSuiteMainPhase(TestSuiteExecutor.java:112)
	at com.kms.katalon.core.main.TestSuiteExecutor.execute(TestSuiteExecutor.java:81)
	at com.kms.katalon.core.main.TestCaseMain.startTestSuite(TestCaseMain.java:157)
	at com.kms.katalon.core.main.TestCaseMain$startTestSuite$0.call(Unknown Source)
	at TempTestSuite1562649479027.run(TempTestSuite1562649479027.groovy:35)


2019-07-09 10:49:03 - [MESSAGE][PASSED] - Found 16 unique links on the page https://fclp-uat.realrating.co.uk/home

2019-07-09 10:49:04 - [MESSAGE][INFO] - HAR: C:\Users\sambhavi\git\didactic-octo-spork\Reports\REALratings\FCLP\20190709_104759\requests\main\16.har

2019-07-09 10:49:04 - [MESSAGE][PASSED] - Send request successfully

2019-07-09 10:49:05 - [MESSAGE][INFO] - HAR: C:\Users\sambhavi\git\didactic-octo-spork\Reports\REALratings\FCLP\20190709_104759\requests\main\17.har

2019-07-09 10:49:05 - [MESSAGE][PASSED] - Send request successfully

2019-07-09 10:49:05 - [MESSAGE][INFO] - HAR: C:\Users\sambhavi\git\didactic-octo-spork\Reports\REALratings\FCLP\20190709_104759\requests\main\18.har

2019-07-09 10:49:05 - [MESSAGE][PASSED] - Send request successfully

2019-07-09 10:49:06 - [MESSAGE][INFO] - HAR: C:\Users\sambhavi\git\didactic-octo-spork\Reports\REALratings\FCLP\20190709_104759\requests\main\19.har

2019-07-09 10:49:06 - [MESSAGE][PASSED] - Send request successfully

2019-07-09 10:49:27 - [MESSAGE][INFO] - HAR: C:\Users\sambhavi\git\didactic-octo-spork\Reports\REALratings\FCLP\20190709_104759\requests\main\20.har

2019-07-09 10:49:27 - [MESSAGE][PASSED] - Send request successfully

2019-07-09 10:49:28 - [MESSAGE][INFO] - HAR: C:\Users\sambhavi\git\didactic-octo-spork\Reports\REALratings\FCLP\20190709_104759\requests\main\21.har

2019-07-09 10:49:28 - [MESSAGE][PASSED] - Send request successfully

2019-07-09 10:49:29 - [MESSAGE][INFO] - HAR: C:\Users\sambhavi\git\didactic-octo-spork\Reports\REALratings\FCLP\20190709_104759\requests\main\22.har

2019-07-09 10:49:29 - [MESSAGE][PASSED] - Send request successfully

2019-07-09 10:49:29 - [MESSAGE][INFO] - HAR: C:\Users\sambhavi\git\didactic-octo-spork\Reports\REALratings\FCLP\20190709_104759\requests\main\23.har

2019-07-09 10:49:30 - [MESSAGE][PASSED] - Send request successfully

2019-07-09 10:49:30 - [MESSAGE][INFO] - HAR: C:\Users\sambhavi\git\didactic-octo-spork\Reports\REALratings\FCLP\20190709_104759\requests\main\24.har

2019-07-09 10:49:30 - [MESSAGE][PASSED] - Send request successfully

2019-07-09 10:49:31 - [MESSAGE][INFO] - HAR: C:\Users\sambhavi\git\didactic-octo-spork\Reports\REALratings\FCLP\20190709_104759\requests\main\25.har

2019-07-09 10:49:31 - [MESSAGE][PASSED] - Send request successfully

2019-07-09 10:49:32 - [MESSAGE][INFO] - HAR: C:\Users\sambhavi\git\didactic-octo-spork\Reports\REALratings\FCLP\20190709_104759\requests\main\26.har

2019-07-09 10:49:32 - [MESSAGE][PASSED] - Send request successfully

2019-07-09 10:49:33 - [MESSAGE][INFO] - HAR: C:\Users\sambhavi\git\didactic-octo-spork\Reports\REALratings\FCLP\20190709_104759\requests\main\27.har

2019-07-09 10:49:33 - [MESSAGE][PASSED] - Send request successfully

2019-07-09 10:49:34 - [MESSAGE][INFO] - HAR: C:\Users\sambhavi\git\didactic-octo-spork\Reports\REALratings\FCLP\20190709_104759\requests\main\28.har

2019-07-09 10:49:34 - [MESSAGE][PASSED] - Send request successfully

2019-07-09 10:49:37 - [MESSAGE][INFO] - HAR: C:\Users\sambhavi\git\didactic-octo-spork\Reports\REALratings\FCLP\20190709_104759\requests\main\29.har

2019-07-09 10:49:37 - [MESSAGE][PASSED] - Send request successfully

2019-07-09 10:49:37 - [MESSAGE][INFO] - HAR: C:\Users\sambhavi\git\didactic-octo-spork\Reports\REALratings\FCLP\20190709_104759\requests\main\30.har

2019-07-09 10:49:37 - [MESSAGE][PASSED] - Send request successfully

2019-07-09 10:49:38 - [MESSAGE][INFO] - HAR: C:\Users\sambhavi\git\didactic-octo-spork\Reports\REALratings\FCLP\20190709_104759\requests\main\31.har

2019-07-09 10:49:38 - [MESSAGE][PASSED] - Send request successfully

2019-07-09 10:49:38 - [MESSAGE][WARNING] - Found 1 inaccessible links [https://fclp-uat.realrating.co.uk/]

2019-07-09 10:49:38 - [MESSAGE][FAILED] - Some of links on the current page are inaccessible

2019-07-09 10:49:38 - [MESSAGE][FAILED] - Unable to verify all links on the page 'https://fclp-uat.realrating.co.uk/home' are accessible

2019-07-09 10:49:38 - [MESSAGE][FAILED] - verifyAllLinksOnCurrentPageAccessible(false, []) FAILED.
Reason:
com.kms.katalon.core.exception.StepFailedException: Unable to verify all links on the page 'https://fclp-uat.realrating.co.uk/home' are accessible
	at com.kms.katalon.core.keyword.internal.KeywordMain.stepFailed(KeywordMain.groovy:48)
	at com.kms.katalon.core.webui.keyword.internal.WebUIKeywordMain.stepFailed(WebUIKeywordMain.groovy:65)
	at com.kms.katalon.core.webui.keyword.internal.WebUIKeywordMain.runKeyword(WebUIKeywordMain.groovy:27)
	at com.kms.katalon.core.webui.keyword.builtin.VerifyAllLinksOnCurrentPageAccessibleKeyword.verifyAllLinksOnCurrentPageAccessible(VerifyAllLinksOnCurrentPageAccessibleKeyword.groovy:48)
	at com.kms.katalon.core.webui.keyword.builtin.VerifyAllLinksOnCurrentPageAccessibleKeyword.execute(VerifyAllLinksOnCurrentPageAccessibleKeyword.groovy:32)
	at com.kms.katalon.core.keyword.internal.KeywordExecutor.executeKeywordForPlatform(KeywordExecutor.groovy:56)
	at com.kms.katalon.core.webui.keyword.WebUiBuiltInKeywords.verifyAllLinksOnCurrentPageAccessible(WebUiBuiltInKeywords.groovy:3754)
	at com.kms.katalon.core.webui.keyword.WebUiBuiltInKeywords$verifyAllLinksOnCurrentPageAccessible$11.call(Unknown Source)
	at login.run(login:50)
	at com.kms.katalon.core.main.ScriptEngine.run(ScriptEngine.java:194)
	at com.kms.katalon.core.main.ScriptEngine.runScriptAsRawText(ScriptEngine.java:119)
	at com.kms.katalon.core.main.TestCaseExecutor.runScript(TestCaseExecutor.java:331)
	at com.kms.katalon.core.main.TestCaseExecutor.doExecute(TestCaseExecutor.java:322)
	at com.kms.katalon.core.main.TestCaseExecutor.processExecutionPhase(TestCaseExecutor.java:301)
	at com.kms.katalon.core.main.TestCaseExecutor.accessMainPhase(TestCaseExecutor.java:293)
	at com.kms.katalon.core.main.TestCaseExecutor.execute(TestCaseExecutor.java:227)
	at com.kms.katalon.core.main.TestSuiteExecutor.accessTestCaseMainPhase(TestSuiteExecutor.java:129)
	at com.kms.katalon.core.main.TestSuiteExecutor.accessTestSuiteMainPhase(TestSuiteExecutor.java:112)
	at com.kms.katalon.core.main.TestSuiteExecutor.execute(TestSuiteExecutor.java:81)
	at com.kms.katalon.core.main.TestCaseMain.startTestSuite(TestCaseMain.java:157)
	at com.kms.katalon.core.main.TestCaseMain$startTestSuite$0.call(Unknown Source)
	at TempTestSuite1562649479027.run(TempTestSuite1562649479027.groovy:35)]]></system-out>
         <system-err><![CDATA[2019-07-09 10:48:32 - [TEST_CASE][FAILED] - Test Cases/REALratings/FCLP/login: Test Cases/REALratings/FCLP/login FAILED.
Reason:
com.kms.katalon.core.exception.StepFailedException: Unable to verify all links on the page 'https://fclp-uat.realrating.co.uk/home' are accessible
	at com.kms.katalon.core.keyword.internal.KeywordMain.stepFailed(KeywordMain.groovy:48)
	at com.kms.katalon.core.webui.keyword.internal.WebUIKeywordMain.stepFailed(WebUIKeywordMain.groovy:65)
	at com.kms.katalon.core.webui.keyword.internal.WebUIKeywordMain.runKeyword(WebUIKeywordMain.groovy:27)
	at com.kms.katalon.core.webui.keyword.builtin.VerifyAllLinksOnCurrentPageAccessibleKeyword.verifyAllLinksOnCurrentPageAccessible(VerifyAllLinksOnCurrentPageAccessibleKeyword.groovy:48)
	at com.kms.katalon.core.webui.keyword.builtin.VerifyAllLinksOnCurrentPageAccessibleKeyword.execute(VerifyAllLinksOnCurrentPageAccessibleKeyword.groovy:32)
	at com.kms.katalon.core.keyword.internal.KeywordExecutor.executeKeywordForPlatform(KeywordExecutor.groovy:56)
	at com.kms.katalon.core.webui.keyword.WebUiBuiltInKeywords.verifyAllLinksOnCurrentPageAccessible(WebUiBuiltInKeywords.groovy:3754)
	at com.kms.katalon.core.webui.keyword.WebUiBuiltInKeywords$verifyAllLinksOnCurrentPageAccessible$11.call(Unknown Source)
	at login.run(login:50)
	at com.kms.katalon.core.main.ScriptEngine.run(ScriptEngine.java:194)
	at com.kms.katalon.core.main.ScriptEngine.runScriptAsRawText(ScriptEngine.java:119)
	at com.kms.katalon.core.main.TestCaseExecutor.runScript(TestCaseExecutor.java:331)
	at com.kms.katalon.core.main.TestCaseExecutor.doExecute(TestCaseExecutor.java:322)
	at com.kms.katalon.core.main.TestCaseExecutor.processExecutionPhase(TestCaseExecutor.java:301)
	at com.kms.katalon.core.main.TestCaseExecutor.accessMainPhase(TestCaseExecutor.java:293)
	at com.kms.katalon.core.main.TestCaseExecutor.execute(TestCaseExecutor.java:227)
	at com.kms.katalon.core.main.TestSuiteExecutor.accessTestCaseMainPhase(TestSuiteExecutor.java:129)
	at com.kms.katalon.core.main.TestSuiteExecutor.accessTestSuiteMainPhase(TestSuiteExecutor.java:112)
	at com.kms.katalon.core.main.TestSuiteExecutor.execute(TestSuiteExecutor.java:81)
	at com.kms.katalon.core.main.TestCaseMain.startTestSuite(TestCaseMain.java:157)
	at com.kms.katalon.core.main.TestCaseMain$startTestSuite$0.call(Unknown Source)
	at TempTestSuite1562649479027.run(TempTestSuite1562649479027.groovy:35)]]></system-err>
      </testcase>
      <system-out><![CDATA[2019-07-09 10:48:01 - [TEST_SUITE][FAILED] - FCLP: Test Cases/REALratings/FCLP/login FAILED.
Reason:
com.kms.katalon.core.exception.StepFailedException: Unable to verify all links on the page 'https://fclp-uat.realrating.co.uk/home' are accessible
	at com.kms.katalon.core.keyword.internal.KeywordMain.stepFailed(KeywordMain.groovy:48)
	at com.kms.katalon.core.webui.keyword.internal.WebUIKeywordMain.stepFailed(WebUIKeywordMain.groovy:65)
	at com.kms.katalon.core.webui.keyword.internal.WebUIKeywordMain.runKeyword(WebUIKeywordMain.groovy:27)
	at com.kms.katalon.core.webui.keyword.builtin.VerifyAllLinksOnCurrentPageAccessibleKeyword.verifyAllLinksOnCurrentPageAccessible(VerifyAllLinksOnCurrentPageAccessibleKeyword.groovy:48)
	at com.kms.katalon.core.webui.keyword.builtin.VerifyAllLinksOnCurrentPageAccessibleKeyword.execute(VerifyAllLinksOnCurrentPageAccessibleKeyword.groovy:32)
	at com.kms.katalon.core.keyword.internal.KeywordExecutor.executeKeywordForPlatform(KeywordExecutor.groovy:56)
	at com.kms.katalon.core.webui.keyword.WebUiBuiltInKeywords.verifyAllLinksOnCurrentPageAccessible(WebUiBuiltInKeywords.groovy:3754)
	at com.kms.katalon.core.webui.keyword.WebUiBuiltInKeywords$verifyAllLinksOnCurrentPageAccessible$11.call(Unknown Source)
	at login.run(login:50)
	at com.kms.katalon.core.main.ScriptEngine.run(ScriptEngine.java:194)
	at com.kms.katalon.core.main.ScriptEngine.runScriptAsRawText(ScriptEngine.java:119)
	at com.kms.katalon.core.main.TestCaseExecutor.runScript(TestCaseExecutor.java:331)
	at com.kms.katalon.core.main.TestCaseExecutor.doExecute(TestCaseExecutor.java:322)
	at com.kms.katalon.core.main.TestCaseExecutor.processExecutionPhase(TestCaseExecutor.java:301)
	at com.kms.katalon.core.main.TestCaseExecutor.accessMainPhase(TestCaseExecutor.java:293)
	at com.kms.katalon.core.main.TestCaseExecutor.execute(TestCaseExecutor.java:227)
	at com.kms.katalon.core.main.TestSuiteExecutor.accessTestCaseMainPhase(TestSuiteExecutor.java:129)
	at com.kms.katalon.core.main.TestSuiteExecutor.accessTestSuiteMainPhase(TestSuiteExecutor.java:112)
	at com.kms.katalon.core.main.TestSuiteExecutor.execute(TestSuiteExecutor.java:81)
	at com.kms.katalon.core.main.TestCaseMain.startTestSuite(TestCaseMain.java:157)
	at com.kms.katalon.core.main.TestCaseMain$startTestSuite$0.call(Unknown Source)
	at TempTestSuite1562649479027.run(TempTestSuite1562649479027.groovy:35)]]></system-out>
      <system-err><![CDATA[2019-07-09 10:48:01 - [TEST_SUITE][FAILED] - FCLP: Test Cases/REALratings/FCLP/login FAILED.
Reason:
com.kms.katalon.core.exception.StepFailedException: Unable to verify all links on the page 'https://fclp-uat.realrating.co.uk/home' are accessible
	at com.kms.katalon.core.keyword.internal.KeywordMain.stepFailed(KeywordMain.groovy:48)
	at com.kms.katalon.core.webui.keyword.internal.WebUIKeywordMain.stepFailed(WebUIKeywordMain.groovy:65)
	at com.kms.katalon.core.webui.keyword.internal.WebUIKeywordMain.runKeyword(WebUIKeywordMain.groovy:27)
	at com.kms.katalon.core.webui.keyword.builtin.VerifyAllLinksOnCurrentPageAccessibleKeyword.verifyAllLinksOnCurrentPageAccessible(VerifyAllLinksOnCurrentPageAccessibleKeyword.groovy:48)
	at com.kms.katalon.core.webui.keyword.builtin.VerifyAllLinksOnCurrentPageAccessibleKeyword.execute(VerifyAllLinksOnCurrentPageAccessibleKeyword.groovy:32)
	at com.kms.katalon.core.keyword.internal.KeywordExecutor.executeKeywordForPlatform(KeywordExecutor.groovy:56)
	at com.kms.katalon.core.webui.keyword.WebUiBuiltInKeywords.verifyAllLinksOnCurrentPageAccessible(WebUiBuiltInKeywords.groovy:3754)
	at com.kms.katalon.core.webui.keyword.WebUiBuiltInKeywords$verifyAllLinksOnCurrentPageAccessible$11.call(Unknown Source)
	at login.run(login:50)
	at com.kms.katalon.core.main.ScriptEngine.run(ScriptEngine.java:194)
	at com.kms.katalon.core.main.ScriptEngine.runScriptAsRawText(ScriptEngine.java:119)
	at com.kms.katalon.core.main.TestCaseExecutor.runScript(TestCaseExecutor.java:331)
	at com.kms.katalon.core.main.TestCaseExecutor.doExecute(TestCaseExecutor.java:322)
	at com.kms.katalon.core.main.TestCaseExecutor.processExecutionPhase(TestCaseExecutor.java:301)
	at com.kms.katalon.core.main.TestCaseExecutor.accessMainPhase(TestCaseExecutor.java:293)
	at com.kms.katalon.core.main.TestCaseExecutor.execute(TestCaseExecutor.java:227)
	at com.kms.katalon.core.main.TestSuiteExecutor.accessTestCaseMainPhase(TestSuiteExecutor.java:129)
	at com.kms.katalon.core.main.TestSuiteExecutor.accessTestSuiteMainPhase(TestSuiteExecutor.java:112)
	at com.kms.katalon.core.main.TestSuiteExecutor.execute(TestSuiteExecutor.java:81)
	at com.kms.katalon.core.main.TestCaseMain.startTestSuite(TestCaseMain.java:157)
	at com.kms.katalon.core.main.TestCaseMain$startTestSuite$0.call(Unknown Source)
	at TempTestSuite1562649479027.run(TempTestSuite1562649479027.groovy:35)]]></system-err>
   </testsuite>
</testsuites>
