<?xml version="1.0" encoding="UTF-8"?>
<testsuites name="Schroders" time="101" tests="1" failures="1" errors="0">
   <testsuite name="Schroders" tests="1" failures="1" errors="0" time="101" timestamp="2019-07-08 11:27:59" hostname="SAMBHAVI$ - sambhavi.jmandigital.in" id="Test Suites/REALratings/Schroders">
      <properties>
         <property name="deviceName" value=""/>
         <property name="devicePlatform" value=""/>
         <property name="logFolder" value="C:\\Users\\sambhavi\\git\\didactic-octo-spork\\Reports\\REALratings\\Schroders\\20190708_112754"/>
         <property name="logFiles" value="C:\\Users\\sambhavi\\git\\didactic-octo-spork\\Reports\\REALratings\\Schroders\\20190708_112754\\execution0.log"/>
         <property name="attachments" value="C:\\Users\\sambhavi\\git\\didactic-octo-spork\\Reports\\REALratings\\Schroders\\20190708_112754\\1562565519187.png"/>
         <property name="hostName" value="SAMBHAVI$ - sambhavi.jmandigital.in"/>
         <property name="os" value="Windows 10 64bit"/>
         <property name="katalonVersion" value="6.0.5.10"/>
         <property name="browser" value="Chrome 75.0.3770.100"/>
         <property name="hostAddress" value="192.168.0.185"/>
         <property name="sessionId" value="7d6cabe5b032092f8bdad7eef8bb6567"/>
         <property name="seleniumVersion" value="3.7.1"/>
         <property name="proxyInformation" value="ProxyInformation{proxyOption=NO_PROXY, proxyServerType=HTTP, password=, proxyServerAddress=, proxyServerPort=0}"/>
         <property name="platform" value="Windows 10"/>
      </properties>
      <testcase name="Test Cases/REALratings/Schroders/Form Submission" classname="Test Cases/REALratings/Schroders/Form Submission" status="PASSED">
         <system-out><![CDATA[2019-07-08 11:27:59 - [TEST_CASE][PASSED] - Test Cases/REALratings/Schroders/Form Submission: Test Cases/REALratings/Schroders/Form Submission

2019-07-08 11:28:03 - [TEST_STEP][PASSED] - comment("Schroders - Form Submission"): Schroders - Form Submission

2019-07-08 11:28:03 - [MESSAGE][INFO] - Schroders - Form Submission

2019-07-08 11:28:03 - [TEST_STEP][PASSED] - openBrowser(""): Browser is opened with url: ''

2019-07-08 11:28:03 - [MESSAGE][INFO] - Starting 'Chrome' driver

2019-07-08 11:28:03 - [MESSAGE][INFO] - Action delay is set to 0 seconds

2019-07-08 11:28:12 - [MESSAGE][PASSED] - Browser is opened with url: ''

2019-07-08 11:28:12 - [TEST_STEP][PASSED] - navigateToUrl("https://schroders-uat.realrating.co.uk/"): Navigate to 'https://schroders-uat.realrating.co.uk/' successfully

2019-07-08 11:28:19 - [MESSAGE][PASSED] - Navigate to 'https://schroders-uat.realrating.co.uk/' successfully

2019-07-08 11:28:19 - [TEST_STEP][PASSED] - maximizeWindow(): Current window maximized

2019-07-08 11:28:21 - [MESSAGE][PASSED] - Current window maximized

2019-07-08 11:28:21 - [TEST_STEP][PASSED] - delay(1): Delayed 1 second(s)

2019-07-08 11:28:22 - [MESSAGE][PASSED] - Delayed 1 second(s)

2019-07-08 11:28:22 - [TEST_STEP][PASSED] - rad = new java.util.Random(): null

2019-07-08 11:28:22 - [TEST_STEP][PASSED] - comment("Basic Information"): Basic Information

2019-07-08 11:28:22 - [MESSAGE][INFO] - Basic Information

2019-07-08 11:28:22 - [TEST_STEP][PASSED] - setText(findTestObject("REALRatings/Greensill/Page_REALrating/First Name"), findTestData("getEmployable/Applicants").getValue(1, 1)): Text 'Asha' is set on object 'Object Repository/REALRatings/Greensill/Page_REALrating/First Name'

2019-07-08 11:28:22 - [MESSAGE][PASSED] - Text 'Asha' is set on object 'Object Repository/REALRatings/Greensill/Page_REALrating/First Name'

2019-07-08 11:28:22 - [TEST_STEP][PASSED] - setText(findTestObject("REALRatings/Greensill/Page_REALrating/Last Name"), findTestData("getEmployable/Applicants").getValue(2, 1)): Text 'Rajendran' is set on object 'Object Repository/REALRatings/Greensill/Page_REALrating/Last Name'

2019-07-08 11:28:22 - [MESSAGE][PASSED] - Text 'Rajendran' is set on object 'Object Repository/REALRatings/Greensill/Page_REALrating/Last Name'

2019-07-08 11:28:22 - [TEST_STEP][PASSED] - Email = rad.nextInt(2000): null

2019-07-08 11:28:22 - [TEST_STEP][PASSED] - setText(findTestObject("REALRatings/Greensill/Page_REALrating/University Emailid"), "greensill" + Email + "@test.com"): Text 'greensill1727@test.com' is set on object 'Object Repository/REALRatings/Greensill/Page_REALrating/University Emailid'

2019-07-08 11:28:23 - [MESSAGE][PASSED] - Text 'greensill1727@test.com' is set on object 'Object Repository/REALRatings/Greensill/Page_REALrating/University Emailid'

2019-07-08 11:28:23 - [TEST_STEP][PASSED] - click(findTestObject("REALRatings/Greensill/Page_REALrating/First Next"), STOP_ON_FAILURE): Object: 'Object Repository/REALRatings/Greensill/Page_REALrating/First Next' is clicked on

2019-07-08 11:28:23 - [MESSAGE][PASSED] - Object: 'Object Repository/REALRatings/Greensill/Page_REALrating/First Next' is clicked on

2019-07-08 11:28:23 - [TEST_STEP][PASSED] - delay(2): Delayed 2 second(s)

2019-07-08 11:28:25 - [MESSAGE][PASSED] - Delayed 2 second(s)

2019-07-08 11:28:25 - [TEST_STEP][PASSED] - comment("University Information"): University Information

2019-07-08 11:28:25 - [MESSAGE][INFO] - University Information

2019-07-08 11:28:25 - [TEST_STEP][PASSED] - UniversityTotalOption = getNumberOfTotalOption(findTestObject("REALRatings/Greensill/Page_REALrating/University")): 154 options of object 'Object Repository/REALRatings/Greensill/Page_REALrating/University' counted

2019-07-08 11:28:26 - [MESSAGE][PASSED] - 154 options of object 'Object Repository/REALRatings/Greensill/Page_REALrating/University' counted

2019-07-08 11:28:26 - [TEST_STEP][PASSED] - UniversityCount = 1 + rad.nextInt(UniversityTotalOption - 1): null

2019-07-08 11:28:26 - [TEST_STEP][PASSED] - selectOptionByIndex(findTestObject("REALRatings/Greensill/Page_REALrating/University"), UniversityCount): All options with index in [153] are selected on object 'Object Repository/REALRatings/Greensill/Page_REALrating/University'

2019-07-08 11:28:27 - [MESSAGE][PASSED] - All options with index in [153] are selected on object 'Object Repository/REALRatings/Greensill/Page_REALrating/University'

2019-07-08 11:28:27 - [TEST_STEP][PASSED] - if (UniversityCount == 98): null

2019-07-08 11:28:27 - [TEST_STEP][PASSED] - UniversityCourseTotalOption = getNumberOfTotalOption(findTestObject("REALRatings/Greensill/Page_REALrating/University Course")): 96 options of object 'Object Repository/REALRatings/Greensill/Page_REALrating/University Course' counted

2019-07-08 11:28:27 - [MESSAGE][PASSED] - 96 options of object 'Object Repository/REALRatings/Greensill/Page_REALrating/University Course' counted

2019-07-08 11:28:27 - [TEST_STEP][PASSED] - UniveristyCourseCount = 1 + rad.nextInt(UniversityCourseTotalOption - 1): null

2019-07-08 11:28:27 - [TEST_STEP][PASSED] - selectOptionByIndex(findTestObject("REALRatings/Greensill/Page_REALrating/University Course"), UniveristyCourseCount): All options with index in [33] are selected on object 'Object Repository/REALRatings/Greensill/Page_REALrating/University Course'

2019-07-08 11:28:27 - [MESSAGE][PASSED] - All options with index in [33] are selected on object 'Object Repository/REALRatings/Greensill/Page_REALrating/University Course'

2019-07-08 11:28:27 - [TEST_STEP][PASSED] - if (UniveristyCourseCount == 95): null

2019-07-08 11:28:27 - [TEST_STEP][PASSED] - LengthOfUniversitycourseTotalOptions = getNumberOfTotalOption(findTestObject("REALRatings/Greensill/Page_REALrating/Length Of University Course")): 9 options of object 'Object Repository/REALRatings/Greensill/Page_REALrating/Length Of University Course' counted

2019-07-08 11:28:27 - [MESSAGE][PASSED] - 9 options of object 'Object Repository/REALRatings/Greensill/Page_REALrating/Length Of University Course' counted

2019-07-08 11:28:27 - [TEST_STEP][PASSED] - LengthOfUniversitycount = 1 + rad.nextInt(LengthOfUniversitycourseTotalOptions - 1): null

2019-07-08 11:28:27 - [TEST_STEP][PASSED] - selectOptionByIndex(findTestObject("REALRatings/Greensill/Page_REALrating/Length Of University Course"), LengthOfUniversitycount): All options with index in [1] are selected on object 'Object Repository/REALRatings/Greensill/Page_REALrating/Length Of University Course'

2019-07-08 11:28:27 - [MESSAGE][PASSED] - All options with index in [1] are selected on object 'Object Repository/REALRatings/Greensill/Page_REALrating/Length Of University Course'

2019-07-08 11:28:27 - [TEST_STEP][PASSED] - selectOptionByIndex(findTestObject("REALRatings/Greensill/Page_REALrating/Current Year Of Study"), LengthOfUniversitycount): All options with index in [1] are selected on object 'Object Repository/REALRatings/Greensill/Page_REALrating/Current Year Of Study'

2019-07-08 11:28:28 - [MESSAGE][PASSED] - All options with index in [1] are selected on object 'Object Repository/REALRatings/Greensill/Page_REALrating/Current Year Of Study'

2019-07-08 11:28:28 - [TEST_STEP][PASSED] - click(findTestObject("REALRatings/Schroders/second next")): Object: 'Object Repository/REALRatings/Schroders/second next' is clicked on

2019-07-08 11:28:28 - [MESSAGE][PASSED] - Object: 'Object Repository/REALRatings/Schroders/second next' is clicked on

2019-07-08 11:28:28 - [TEST_STEP][PASSED] - delay(2): Delayed 2 second(s)

2019-07-08 11:28:30 - [MESSAGE][PASSED] - Delayed 2 second(s)

2019-07-08 11:28:30 - [TEST_STEP][PASSED] - comment("Main Qualification Information"): Main Qualification Information

2019-07-08 11:28:30 - [MESSAGE][INFO] - Main Qualification Information

2019-07-08 11:28:30 - [TEST_STEP][PASSED] - ALevelYearTotalOptions = getNumberOfTotalOption(findTestObject("REALRatings/Schroders/Alevelyear")): 71 options of object 'Object Repository/REALRatings/Schroders/Alevelyear' counted

2019-07-08 11:28:30 - [MESSAGE][PASSED] - 71 options of object 'Object Repository/REALRatings/Schroders/Alevelyear' counted

2019-07-08 11:28:30 - [TEST_STEP][PASSED] - ALevelYearcount = 1 + rad.nextInt(ALevelYearTotalOptions - 1): null

2019-07-08 11:28:30 - [TEST_STEP][PASSED] - selectOptionByIndex(findTestObject("REALRatings/Schroders/Alevelyear"), ALevelYearcount): All options with index in [63] are selected on object 'Object Repository/REALRatings/Schroders/Alevelyear'

2019-07-08 11:28:30 - [MESSAGE][PASSED] - All options with index in [63] are selected on object 'Object Repository/REALRatings/Schroders/Alevelyear'

2019-07-08 11:28:30 - [TEST_STEP][PASSED] - GCSEYearTotalOptions = getNumberOfTotalOption(findTestObject("REALRatings/Schroders/Gcse year")): 71 options of object 'Object Repository/REALRatings/Schroders/Gcse year' counted

2019-07-08 11:28:31 - [MESSAGE][PASSED] - 71 options of object 'Object Repository/REALRatings/Schroders/Gcse year' counted

2019-07-08 11:28:31 - [TEST_STEP][PASSED] - GCSEYearCount = 1 + rad.nextInt(GCSEYearTotalOptions - 1): null

2019-07-08 11:28:31 - [TEST_STEP][PASSED] - selectOptionByIndex(findTestObject("REALRatings/Schroders/Gcse year"), GCSEYearCount): All options with index in [4] are selected on object 'Object Repository/REALRatings/Schroders/Gcse year'

2019-07-08 11:28:31 - [MESSAGE][PASSED] - All options with index in [4] are selected on object 'Object Repository/REALRatings/Schroders/Gcse year'

2019-07-08 11:28:31 - [TEST_STEP][PASSED] - MainQualificationTotaloptions = getNumberOfTotalOption(findTestObject("REALRatings/Greensill/Page_REALrating/Main Qualification")): 6 options of object 'Object Repository/REALRatings/Greensill/Page_REALrating/Main Qualification' counted

2019-07-08 11:28:31 - [MESSAGE][PASSED] - 6 options of object 'Object Repository/REALRatings/Greensill/Page_REALrating/Main Qualification' counted

2019-07-08 11:28:31 - [TEST_STEP][PASSED] - MainQualificationCount = 1 + rad.nextInt(MainQualificationTotaloptions - 1): null

2019-07-08 11:28:31 - [TEST_STEP][PASSED] - selectOptionByIndex(findTestObject("REALRatings/Greensill/Page_REALrating/Main Qualification"), MainQualificationCount): All options with index in [2] are selected on object 'Object Repository/REALRatings/Greensill/Page_REALrating/Main Qualification'

2019-07-08 11:28:31 - [MESSAGE][PASSED] - All options with index in [2] are selected on object 'Object Repository/REALRatings/Greensill/Page_REALrating/Main Qualification'

2019-07-08 11:28:31 - [TEST_STEP][PASSED] - if (MainQualificationCount == 1): null

2019-07-08 11:28:31 - [TEST_STEP][PASSED] - else if (MainQualificationCount == 2): All options with index in [29] are selected on object 'Object Repository/REALRatings/Greensill/Page_REALrating/BTech Year'

2019-07-08 11:28:31 - [TEST_STEP][PASSED] - setText(findTestObject("REALRatings/Greensill/Page_REALrating/BTech Title"), "maths"): Text 'maths' is set on object 'Object Repository/REALRatings/Greensill/Page_REALrating/BTech Title'

2019-07-08 11:28:31 - [MESSAGE][PASSED] - Text 'maths' is set on object 'Object Repository/REALRatings/Greensill/Page_REALrating/BTech Title'

2019-07-08 11:28:31 - [TEST_STEP][PASSED] - BtechGradeTotalOptions = getNumberOfTotalOption(findTestObject("REALRatings/Greensill/Page_REALrating/BTech Grade")): 11 options of object 'Object Repository/REALRatings/Greensill/Page_REALrating/BTech Grade' counted

2019-07-08 11:28:31 - [MESSAGE][PASSED] - 11 options of object 'Object Repository/REALRatings/Greensill/Page_REALrating/BTech Grade' counted

2019-07-08 11:28:31 - [TEST_STEP][PASSED] - BtechGradeCount = 1 + rad.nextInt(BtechGradeTotalOptions - 1): null

2019-07-08 11:28:31 - [TEST_STEP][PASSED] - selectOptionByIndex(findTestObject("REALRatings/Greensill/Page_REALrating/BTech Grade"), BtechGradeCount): All options with index in [3] are selected on object 'Object Repository/REALRatings/Greensill/Page_REALrating/BTech Grade'

2019-07-08 11:28:31 - [MESSAGE][PASSED] - All options with index in [3] are selected on object 'Object Repository/REALRatings/Greensill/Page_REALrating/BTech Grade'

2019-07-08 11:28:31 - [TEST_STEP][PASSED] - BtechYearTotalOptions = getNumberOfTotalOption(findTestObject("REALRatings/Greensill/Page_REALrating/BTech Year")): 71 options of object 'Object Repository/REALRatings/Greensill/Page_REALrating/BTech Year' counted

2019-07-08 11:28:31 - [MESSAGE][PASSED] - 71 options of object 'Object Repository/REALRatings/Greensill/Page_REALrating/BTech Year' counted

2019-07-08 11:28:31 - [TEST_STEP][PASSED] - BtechYearCount = 1 + rad.nextInt(BtechYearTotalOptions - 1): null

2019-07-08 11:28:31 - [TEST_STEP][PASSED] - selectOptionByIndex(findTestObject("REALRatings/Greensill/Page_REALrating/BTech Year"), BtechYearCount): All options with index in [29] are selected on object 'Object Repository/REALRatings/Greensill/Page_REALrating/BTech Year'

2019-07-08 11:28:32 - [MESSAGE][PASSED] - All options with index in [29] are selected on object 'Object Repository/REALRatings/Greensill/Page_REALrating/BTech Year'

2019-07-08 11:28:32 - [TEST_STEP][PASSED] - setText(findTestObject("REALRatings/Greensill/Page_REALrating/A Level School"), findTestData("getEmployable/Applicants").getValue(6, 1)): Text 'Kings Richard School' is set on object 'Object Repository/REALRatings/Greensill/Page_REALrating/A Level School'

2019-07-08 11:28:32 - [MESSAGE][PASSED] - Text 'Kings Richard School' is set on object 'Object Repository/REALRatings/Greensill/Page_REALrating/A Level School'

2019-07-08 11:28:32 - [TEST_STEP][PASSED] - setText(findTestObject("REALRatings/Greensill/Page_REALrating/GCSE School"), findTestData("getEmployable/Applicants").getValue(7, 1)): Text 'Kings Richard School' is set on object 'Object Repository/REALRatings/Greensill/Page_REALrating/GCSE School'

2019-07-08 11:28:33 - [MESSAGE][PASSED] - Text 'Kings Richard School' is set on object 'Object Repository/REALRatings/Greensill/Page_REALrating/GCSE School'

2019-07-08 11:28:33 - [TEST_STEP][PASSED] - setText(findTestObject("REALRatings/Greensill/Page_REALrating/A Level Postalcode"), findTestData("getEmployable/Applicants").getValue(8, 1)): Text 'NW64DN' is set on object 'Object Repository/REALRatings/Greensill/Page_REALrating/A Level Postalcode'

2019-07-08 11:28:33 - [MESSAGE][PASSED] - Text 'NW64DN' is set on object 'Object Repository/REALRatings/Greensill/Page_REALrating/A Level Postalcode'

2019-07-08 11:28:33 - [TEST_STEP][PASSED] - setText(findTestObject("REALRatings/Greensill/Page_REALrating/GCSE Postalcode"), findTestData("getEmployable/Applicants").getValue(9, 1)): Text 'AL60AA' is set on object 'Object Repository/REALRatings/Greensill/Page_REALrating/GCSE Postalcode'

2019-07-08 11:28:33 - [MESSAGE][PASSED] - Text 'AL60AA' is set on object 'Object Repository/REALRatings/Greensill/Page_REALrating/GCSE Postalcode'

2019-07-08 11:28:33 - [TEST_STEP][PASSED] - click(findTestObject("REALRatings/Greensill/Page_REALrating/Gender")): Object: 'Object Repository/REALRatings/Greensill/Page_REALrating/Gender' is clicked on

2019-07-08 11:28:33 - [MESSAGE][PASSED] - Object: 'Object Repository/REALRatings/Greensill/Page_REALrating/Gender' is clicked on

2019-07-08 11:28:33 - [TEST_STEP][PASSED] - click(findTestObject("REALRatings/Greensill/Page_REALrating/TickAnyStatement")): Object: 'Object Repository/REALRatings/Greensill/Page_REALrating/TickAnyStatement' is clicked on

2019-07-08 11:28:33 - [MESSAGE][PASSED] - Object: 'Object Repository/REALRatings/Greensill/Page_REALrating/TickAnyStatement' is clicked on

2019-07-08 11:28:33 - [TEST_STEP][PASSED] - click(findTestObject("REALRatings/Greensill/Page_REALrating/input_By ticking this box I confirm that I agree to the_confirmAgreement")): Object: 'Object Repository/REALRatings/Greensill/Page_REALrating/input_By ticking this box I confirm that I agree to the_confirmAgreement' is clicked on

2019-07-08 11:28:34 - [MESSAGE][PASSED] - Object: 'Object Repository/REALRatings/Greensill/Page_REALrating/input_By ticking this box I confirm that I agree to the_confirmAgreement' is clicked on

2019-07-08 11:28:34 - [TEST_STEP][PASSED] - click(findTestObject("REALRatings/Greensill/Page_REALrating/a_Submit")): Object: 'Object Repository/REALRatings/Greensill/Page_REALrating/a_Submit' is clicked on

2019-07-08 11:28:34 - [MESSAGE][PASSED] - Object: 'Object Repository/REALRatings/Greensill/Page_REALrating/a_Submit' is clicked on

2019-07-08 11:28:34 - [TEST_STEP][PASSED] - delay(5): Delayed 5 second(s)

2019-07-08 11:28:39 - [MESSAGE][PASSED] - Delayed 5 second(s)

2019-07-08 11:28:39 - [TEST_STEP][PASSED] - assert getUrl() == "https://schroders-uat.realrating.co.uk/thankyou": Current window's url is: 'https://schroders-uat.realrating.co.uk/thankyou'

2019-07-08 11:28:39 - [MESSAGE][PASSED] - Current window's url is: 'https://schroders-uat.realrating.co.uk/thankyou'

2019-07-08 11:28:39 - [TEST_STEP][PASSED] - takeScreenshot(): Taking screenshot successfully

2019-07-08 11:28:39 - [MESSAGE][PASSED] - Taking screenshot successfully
[[ATTACHMENT|C:\\Users\\sambhavi\\git\\didactic-octo-spork\\Reports\\REALratings\\Schroders\\20190708_112754\\1562565519187.png]]]]></system-out>
         <system-err><![CDATA[]]></system-err>
      </testcase>
      <testcase name="Test Cases/REALratings/Schroders/Login" classname="Test Cases/REALratings/Schroders/Login" status="FAILED">
         <failure type="FAILED" message="Test Cases/REALratings/Schroders/Login FAILED.
Reason:
com.kms.katalon.core.exception.StepFailedException: Unable to verify all links on the page 'https://schroders-uat.realrating.co.uk/home' are accessible
	at com.kms.katalon.core.keyword.internal.KeywordMain.stepFailed(KeywordMain.groovy:48)
	at com.kms.katalon.core.webui.keyword.internal.WebUIKeywordMain.stepFailed(WebUIKeywordMain.groovy:65)
	at com.kms.katalon.core.webui.keyword.internal.WebUIKeywordMain.runKeyword(WebUIKeywordMain.groovy:27)
	at com.kms.katalon.core.webui.keyword.builtin.VerifyAllLinksOnCurrentPageAccessibleKeyword.verifyAllLinksOnCurrentPageAccessible(VerifyAllLinksOnCurrentPageAccessibleKeyword.groovy:48)
	at com.kms.katalon.core.webui.keyword.builtin.VerifyAllLinksOnCurrentPageAccessibleKeyword.execute(VerifyAllLinksOnCurrentPageAccessibleKeyword.groovy:32)
	at com.kms.katalon.core.keyword.internal.KeywordExecutor.executeKeywordForPlatform(KeywordExecutor.groovy:56)
	at com.kms.katalon.core.webui.keyword.WebUiBuiltInKeywords.verifyAllLinksOnCurrentPageAccessible(WebUiBuiltInKeywords.groovy:3754)
	at com.kms.katalon.core.webui.keyword.WebUiBuiltInKeywords$verifyAllLinksOnCurrentPageAccessible$11.call(Unknown Source)
	at Login.run(Login:39)
	at com.kms.katalon.core.main.ScriptEngine.run(ScriptEngine.java:194)
	at com.kms.katalon.core.main.ScriptEngine.runScriptAsRawText(ScriptEngine.java:119)
	at com.kms.katalon.core.main.TestCaseExecutor.runScript(TestCaseExecutor.java:331)
	at com.kms.katalon.core.main.TestCaseExecutor.doExecute(TestCaseExecutor.java:322)
	at com.kms.katalon.core.main.TestCaseExecutor.processExecutionPhase(TestCaseExecutor.java:301)
	at com.kms.katalon.core.main.TestCaseExecutor.accessMainPhase(TestCaseExecutor.java:293)
	at com.kms.katalon.core.main.TestCaseExecutor.execute(TestCaseExecutor.java:227)
	at com.kms.katalon.core.main.TestSuiteExecutor.accessTestCaseMainPhase(TestSuiteExecutor.java:129)
	at com.kms.katalon.core.main.TestSuiteExecutor.accessTestSuiteMainPhase(TestSuiteExecutor.java:112)
	at com.kms.katalon.core.main.TestSuiteExecutor.execute(TestSuiteExecutor.java:81)
	at com.kms.katalon.core.main.TestCaseMain.startTestSuite(TestCaseMain.java:157)
	at com.kms.katalon.core.main.TestCaseMain$startTestSuite$0.call(Unknown Source)
	at TempTestSuite1562565474436.run(TempTestSuite1562565474436.groovy:35)
"/>
         <system-out><![CDATA[2019-07-08 11:28:39 - [TEST_CASE][FAILED] - Test Cases/REALratings/Schroders/Login: Test Cases/REALratings/Schroders/Login FAILED.
Reason:
com.kms.katalon.core.exception.StepFailedException: Unable to verify all links on the page 'https://schroders-uat.realrating.co.uk/home' are accessible
	at com.kms.katalon.core.keyword.internal.KeywordMain.stepFailed(KeywordMain.groovy:48)
	at com.kms.katalon.core.webui.keyword.internal.WebUIKeywordMain.stepFailed(WebUIKeywordMain.groovy:65)
	at com.kms.katalon.core.webui.keyword.internal.WebUIKeywordMain.runKeyword(WebUIKeywordMain.groovy:27)
	at com.kms.katalon.core.webui.keyword.builtin.VerifyAllLinksOnCurrentPageAccessibleKeyword.verifyAllLinksOnCurrentPageAccessible(VerifyAllLinksOnCurrentPageAccessibleKeyword.groovy:48)
	at com.kms.katalon.core.webui.keyword.builtin.VerifyAllLinksOnCurrentPageAccessibleKeyword.execute(VerifyAllLinksOnCurrentPageAccessibleKeyword.groovy:32)
	at com.kms.katalon.core.keyword.internal.KeywordExecutor.executeKeywordForPlatform(KeywordExecutor.groovy:56)
	at com.kms.katalon.core.webui.keyword.WebUiBuiltInKeywords.verifyAllLinksOnCurrentPageAccessible(WebUiBuiltInKeywords.groovy:3754)
	at com.kms.katalon.core.webui.keyword.WebUiBuiltInKeywords$verifyAllLinksOnCurrentPageAccessible$11.call(Unknown Source)
	at Login.run(Login:39)
	at com.kms.katalon.core.main.ScriptEngine.run(ScriptEngine.java:194)
	at com.kms.katalon.core.main.ScriptEngine.runScriptAsRawText(ScriptEngine.java:119)
	at com.kms.katalon.core.main.TestCaseExecutor.runScript(TestCaseExecutor.java:331)
	at com.kms.katalon.core.main.TestCaseExecutor.doExecute(TestCaseExecutor.java:322)
	at com.kms.katalon.core.main.TestCaseExecutor.processExecutionPhase(TestCaseExecutor.java:301)
	at com.kms.katalon.core.main.TestCaseExecutor.accessMainPhase(TestCaseExecutor.java:293)
	at com.kms.katalon.core.main.TestCaseExecutor.execute(TestCaseExecutor.java:227)
	at com.kms.katalon.core.main.TestSuiteExecutor.accessTestCaseMainPhase(TestSuiteExecutor.java:129)
	at com.kms.katalon.core.main.TestSuiteExecutor.accessTestSuiteMainPhase(TestSuiteExecutor.java:112)
	at com.kms.katalon.core.main.TestSuiteExecutor.execute(TestSuiteExecutor.java:81)
	at com.kms.katalon.core.main.TestCaseMain.startTestSuite(TestCaseMain.java:157)
	at com.kms.katalon.core.main.TestCaseMain$startTestSuite$0.call(Unknown Source)
	at TempTestSuite1562565474436.run(TempTestSuite1562565474436.groovy:35)


2019-07-08 11:28:39 - [TEST_STEP][PASSED] - comment("Schroders - Login"): Schroders - Login

2019-07-08 11:28:39 - [MESSAGE][INFO] - Schroders - Login

2019-07-08 11:28:39 - [TEST_STEP][PASSED] - openBrowser(""): Browser is opened with url: ''

2019-07-08 11:28:39 - [MESSAGE][WARNING] - A browser is already opened. Closing browser and opening a new one

2019-07-08 11:28:40 - [MESSAGE][INFO] - Starting 'Chrome' driver

2019-07-08 11:28:43 - [MESSAGE][PASSED] - Browser is opened with url: ''

2019-07-08 11:28:43 - [TEST_STEP][PASSED] - navigateToUrl("https://schroders-uat.realrating.co.uk/login"): Navigate to 'https://schroders-uat.realrating.co.uk/login' successfully

2019-07-08 11:28:49 - [MESSAGE][PASSED] - Navigate to 'https://schroders-uat.realrating.co.uk/login' successfully

2019-07-08 11:28:49 - [TEST_STEP][PASSED] - maximizeWindow(): Current window maximized

2019-07-08 11:28:50 - [MESSAGE][PASSED] - Current window maximized

2019-07-08 11:28:50 - [TEST_STEP][PASSED] - setText(findTestObject("REALRatings/Greensill/login/Page_RealRating/input_E-Mail Address_email"), "john@upreach.org.uk"): Text 'john@upreach.org.uk' is set on object 'Object Repository/REALRatings/Greensill/login/Page_RealRating/input_E-Mail Address_email'

2019-07-08 11:28:50 - [MESSAGE][PASSED] - Text 'john@upreach.org.uk' is set on object 'Object Repository/REALRatings/Greensill/login/Page_RealRating/input_E-Mail Address_email'

2019-07-08 11:28:50 - [TEST_STEP][PASSED] - setEncryptedText(findTestObject("REALRatings/Greensill/login/Page_RealRating/input_Password_password"), "YPztdU12xyABLAH+eFFt4w=="): Text ****** has been set on object 'Object Repository/REALRatings/Greensill/login/Page_RealRating/input_Password_password'

2019-07-08 11:28:50 - [MESSAGE][PASSED] - Text ****** has been set on object 'Object Repository/REALRatings/Greensill/login/Page_RealRating/input_Password_password'

2019-07-08 11:28:50 - [TEST_STEP][PASSED] - click(findTestObject("REALRatings/Greensill/login/Page_RealRating/button_Login")): Object: 'Object Repository/REALRatings/Greensill/login/Page_RealRating/button_Login' is clicked on

2019-07-08 11:28:54 - [MESSAGE][PASSED] - Object: 'Object Repository/REALRatings/Greensill/login/Page_RealRating/button_Login' is clicked on

2019-07-08 11:28:54 - [TEST_STEP][PASSED] - getAllLinksOnCurrentPage(false, []): Found 16 unique links on the page https://schroders-uat.realrating.co.uk/home

2019-07-08 11:28:54 - [MESSAGE][PASSED] - Found 16 unique links on the page https://schroders-uat.realrating.co.uk/home

2019-07-08 11:28:54 - [TEST_STEP][FAILED] - verifyAllLinksOnCurrentPageAccessible(false, []): verifyAllLinksOnCurrentPageAccessible(false, []) FAILED.
Reason:
com.kms.katalon.core.exception.StepFailedException: Unable to verify all links on the page 'https://schroders-uat.realrating.co.uk/home' are accessible
	at com.kms.katalon.core.keyword.internal.KeywordMain.stepFailed(KeywordMain.groovy:48)
	at com.kms.katalon.core.webui.keyword.internal.WebUIKeywordMain.stepFailed(WebUIKeywordMain.groovy:65)
	at com.kms.katalon.core.webui.keyword.internal.WebUIKeywordMain.runKeyword(WebUIKeywordMain.groovy:27)
	at com.kms.katalon.core.webui.keyword.builtin.VerifyAllLinksOnCurrentPageAccessibleKeyword.verifyAllLinksOnCurrentPageAccessible(VerifyAllLinksOnCurrentPageAccessibleKeyword.groovy:48)
	at com.kms.katalon.core.webui.keyword.builtin.VerifyAllLinksOnCurrentPageAccessibleKeyword.execute(VerifyAllLinksOnCurrentPageAccessibleKeyword.groovy:32)
	at com.kms.katalon.core.keyword.internal.KeywordExecutor.executeKeywordForPlatform(KeywordExecutor.groovy:56)
	at com.kms.katalon.core.webui.keyword.WebUiBuiltInKeywords.verifyAllLinksOnCurrentPageAccessible(WebUiBuiltInKeywords.groovy:3754)
	at com.kms.katalon.core.webui.keyword.WebUiBuiltInKeywords$verifyAllLinksOnCurrentPageAccessible$11.call(Unknown Source)
	at Login.run(Login:39)
	at com.kms.katalon.core.main.ScriptEngine.run(ScriptEngine.java:194)
	at com.kms.katalon.core.main.ScriptEngine.runScriptAsRawText(ScriptEngine.java:119)
	at com.kms.katalon.core.main.TestCaseExecutor.runScript(TestCaseExecutor.java:331)
	at com.kms.katalon.core.main.TestCaseExecutor.doExecute(TestCaseExecutor.java:322)
	at com.kms.katalon.core.main.TestCaseExecutor.processExecutionPhase(TestCaseExecutor.java:301)
	at com.kms.katalon.core.main.TestCaseExecutor.accessMainPhase(TestCaseExecutor.java:293)
	at com.kms.katalon.core.main.TestCaseExecutor.execute(TestCaseExecutor.java:227)
	at com.kms.katalon.core.main.TestSuiteExecutor.accessTestCaseMainPhase(TestSuiteExecutor.java:129)
	at com.kms.katalon.core.main.TestSuiteExecutor.accessTestSuiteMainPhase(TestSuiteExecutor.java:112)
	at com.kms.katalon.core.main.TestSuiteExecutor.execute(TestSuiteExecutor.java:81)
	at com.kms.katalon.core.main.TestCaseMain.startTestSuite(TestCaseMain.java:157)
	at com.kms.katalon.core.main.TestCaseMain$startTestSuite$0.call(Unknown Source)
	at TempTestSuite1562565474436.run(TempTestSuite1562565474436.groovy:35)


2019-07-08 11:28:54 - [MESSAGE][PASSED] - Found 16 unique links on the page https://schroders-uat.realrating.co.uk/home

2019-07-08 11:29:00 - [MESSAGE][INFO] - HAR: C:\Users\sambhavi\git\didactic-octo-spork\Reports\REALratings\Schroders\20190708_112754\requests\main\0.har

2019-07-08 11:29:00 - [MESSAGE][PASSED] - Send request successfully

2019-07-08 11:29:01 - [MESSAGE][INFO] - HAR: C:\Users\sambhavi\git\didactic-octo-spork\Reports\REALratings\Schroders\20190708_112754\requests\main\1.har

2019-07-08 11:29:01 - [MESSAGE][PASSED] - Send request successfully

2019-07-08 11:29:02 - [MESSAGE][INFO] - HAR: C:\Users\sambhavi\git\didactic-octo-spork\Reports\REALratings\Schroders\20190708_112754\requests\main\2.har

2019-07-08 11:29:02 - [MESSAGE][PASSED] - Send request successfully

2019-07-08 11:29:02 - [MESSAGE][INFO] - HAR: C:\Users\sambhavi\git\didactic-octo-spork\Reports\REALratings\Schroders\20190708_112754\requests\main\3.har

2019-07-08 11:29:02 - [MESSAGE][PASSED] - Send request successfully

2019-07-08 11:29:03 - [MESSAGE][INFO] - HAR: C:\Users\sambhavi\git\didactic-octo-spork\Reports\REALratings\Schroders\20190708_112754\requests\main\4.har

2019-07-08 11:29:03 - [MESSAGE][PASSED] - Send request successfully

2019-07-08 11:29:04 - [MESSAGE][INFO] - HAR: C:\Users\sambhavi\git\didactic-octo-spork\Reports\REALratings\Schroders\20190708_112754\requests\main\5.har

2019-07-08 11:29:04 - [MESSAGE][PASSED] - Send request successfully

2019-07-08 11:29:05 - [MESSAGE][INFO] - HAR: C:\Users\sambhavi\git\didactic-octo-spork\Reports\REALratings\Schroders\20190708_112754\requests\main\6.har

2019-07-08 11:29:05 - [MESSAGE][PASSED] - Send request successfully

2019-07-08 11:29:26 - [MESSAGE][INFO] - HAR: C:\Users\sambhavi\git\didactic-octo-spork\Reports\REALratings\Schroders\20190708_112754\requests\main\7.har

2019-07-08 11:29:26 - [MESSAGE][PASSED] - Send request successfully

2019-07-08 11:29:27 - [MESSAGE][INFO] - HAR: C:\Users\sambhavi\git\didactic-octo-spork\Reports\REALratings\Schroders\20190708_112754\requests\main\8.har

2019-07-08 11:29:27 - [MESSAGE][PASSED] - Send request successfully

2019-07-08 11:29:29 - [MESSAGE][INFO] - HAR: C:\Users\sambhavi\git\didactic-octo-spork\Reports\REALratings\Schroders\20190708_112754\requests\main\9.har

2019-07-08 11:29:29 - [MESSAGE][PASSED] - Send request successfully

2019-07-08 11:29:30 - [MESSAGE][INFO] - HAR: C:\Users\sambhavi\git\didactic-octo-spork\Reports\REALratings\Schroders\20190708_112754\requests\main\10.har

2019-07-08 11:29:30 - [MESSAGE][PASSED] - Send request successfully

2019-07-08 11:29:30 - [MESSAGE][INFO] - HAR: C:\Users\sambhavi\git\didactic-octo-spork\Reports\REALratings\Schroders\20190708_112754\requests\main\11.har

2019-07-08 11:29:30 - [MESSAGE][PASSED] - Send request successfully

2019-07-08 11:29:33 - [MESSAGE][INFO] - HAR: C:\Users\sambhavi\git\didactic-octo-spork\Reports\REALratings\Schroders\20190708_112754\requests\main\12.har

2019-07-08 11:29:33 - [MESSAGE][PASSED] - Send request successfully

2019-07-08 11:29:38 - [MESSAGE][INFO] - HAR: C:\Users\sambhavi\git\didactic-octo-spork\Reports\REALratings\Schroders\20190708_112754\requests\main\13.har

2019-07-08 11:29:38 - [MESSAGE][PASSED] - Send request successfully

2019-07-08 11:29:39 - [MESSAGE][INFO] - HAR: C:\Users\sambhavi\git\didactic-octo-spork\Reports\REALratings\Schroders\20190708_112754\requests\main\14.har

2019-07-08 11:29:39 - [MESSAGE][PASSED] - Send request successfully

2019-07-08 11:29:39 - [MESSAGE][INFO] - HAR: C:\Users\sambhavi\git\didactic-octo-spork\Reports\REALratings\Schroders\20190708_112754\requests\main\15.har

2019-07-08 11:29:39 - [MESSAGE][PASSED] - Send request successfully

2019-07-08 11:29:39 - [MESSAGE][WARNING] - Found 1 inaccessible links [https://schroders-uat.realrating.co.uk/img/logo_schroders.png]

2019-07-08 11:29:39 - [MESSAGE][FAILED] - Some of links on the current page are inaccessible

2019-07-08 11:29:39 - [MESSAGE][FAILED] - Unable to verify all links on the page 'https://schroders-uat.realrating.co.uk/home' are accessible

2019-07-08 11:29:39 - [MESSAGE][FAILED] - verifyAllLinksOnCurrentPageAccessible(false, []) FAILED.
Reason:
com.kms.katalon.core.exception.StepFailedException: Unable to verify all links on the page 'https://schroders-uat.realrating.co.uk/home' are accessible
	at com.kms.katalon.core.keyword.internal.KeywordMain.stepFailed(KeywordMain.groovy:48)
	at com.kms.katalon.core.webui.keyword.internal.WebUIKeywordMain.stepFailed(WebUIKeywordMain.groovy:65)
	at com.kms.katalon.core.webui.keyword.internal.WebUIKeywordMain.runKeyword(WebUIKeywordMain.groovy:27)
	at com.kms.katalon.core.webui.keyword.builtin.VerifyAllLinksOnCurrentPageAccessibleKeyword.verifyAllLinksOnCurrentPageAccessible(VerifyAllLinksOnCurrentPageAccessibleKeyword.groovy:48)
	at com.kms.katalon.core.webui.keyword.builtin.VerifyAllLinksOnCurrentPageAccessibleKeyword.execute(VerifyAllLinksOnCurrentPageAccessibleKeyword.groovy:32)
	at com.kms.katalon.core.keyword.internal.KeywordExecutor.executeKeywordForPlatform(KeywordExecutor.groovy:56)
	at com.kms.katalon.core.webui.keyword.WebUiBuiltInKeywords.verifyAllLinksOnCurrentPageAccessible(WebUiBuiltInKeywords.groovy:3754)
	at com.kms.katalon.core.webui.keyword.WebUiBuiltInKeywords$verifyAllLinksOnCurrentPageAccessible$11.call(Unknown Source)
	at Login.run(Login:39)
	at com.kms.katalon.core.main.ScriptEngine.run(ScriptEngine.java:194)
	at com.kms.katalon.core.main.ScriptEngine.runScriptAsRawText(ScriptEngine.java:119)
	at com.kms.katalon.core.main.TestCaseExecutor.runScript(TestCaseExecutor.java:331)
	at com.kms.katalon.core.main.TestCaseExecutor.doExecute(TestCaseExecutor.java:322)
	at com.kms.katalon.core.main.TestCaseExecutor.processExecutionPhase(TestCaseExecutor.java:301)
	at com.kms.katalon.core.main.TestCaseExecutor.accessMainPhase(TestCaseExecutor.java:293)
	at com.kms.katalon.core.main.TestCaseExecutor.execute(TestCaseExecutor.java:227)
	at com.kms.katalon.core.main.TestSuiteExecutor.accessTestCaseMainPhase(TestSuiteExecutor.java:129)
	at com.kms.katalon.core.main.TestSuiteExecutor.accessTestSuiteMainPhase(TestSuiteExecutor.java:112)
	at com.kms.katalon.core.main.TestSuiteExecutor.execute(TestSuiteExecutor.java:81)
	at com.kms.katalon.core.main.TestCaseMain.startTestSuite(TestCaseMain.java:157)
	at com.kms.katalon.core.main.TestCaseMain$startTestSuite$0.call(Unknown Source)
	at TempTestSuite1562565474436.run(TempTestSuite1562565474436.groovy:35)]]></system-out>
         <system-err><![CDATA[2019-07-08 11:28:39 - [TEST_CASE][FAILED] - Test Cases/REALratings/Schroders/Login: Test Cases/REALratings/Schroders/Login FAILED.
Reason:
com.kms.katalon.core.exception.StepFailedException: Unable to verify all links on the page 'https://schroders-uat.realrating.co.uk/home' are accessible
	at com.kms.katalon.core.keyword.internal.KeywordMain.stepFailed(KeywordMain.groovy:48)
	at com.kms.katalon.core.webui.keyword.internal.WebUIKeywordMain.stepFailed(WebUIKeywordMain.groovy:65)
	at com.kms.katalon.core.webui.keyword.internal.WebUIKeywordMain.runKeyword(WebUIKeywordMain.groovy:27)
	at com.kms.katalon.core.webui.keyword.builtin.VerifyAllLinksOnCurrentPageAccessibleKeyword.verifyAllLinksOnCurrentPageAccessible(VerifyAllLinksOnCurrentPageAccessibleKeyword.groovy:48)
	at com.kms.katalon.core.webui.keyword.builtin.VerifyAllLinksOnCurrentPageAccessibleKeyword.execute(VerifyAllLinksOnCurrentPageAccessibleKeyword.groovy:32)
	at com.kms.katalon.core.keyword.internal.KeywordExecutor.executeKeywordForPlatform(KeywordExecutor.groovy:56)
	at com.kms.katalon.core.webui.keyword.WebUiBuiltInKeywords.verifyAllLinksOnCurrentPageAccessible(WebUiBuiltInKeywords.groovy:3754)
	at com.kms.katalon.core.webui.keyword.WebUiBuiltInKeywords$verifyAllLinksOnCurrentPageAccessible$11.call(Unknown Source)
	at Login.run(Login:39)
	at com.kms.katalon.core.main.ScriptEngine.run(ScriptEngine.java:194)
	at com.kms.katalon.core.main.ScriptEngine.runScriptAsRawText(ScriptEngine.java:119)
	at com.kms.katalon.core.main.TestCaseExecutor.runScript(TestCaseExecutor.java:331)
	at com.kms.katalon.core.main.TestCaseExecutor.doExecute(TestCaseExecutor.java:322)
	at com.kms.katalon.core.main.TestCaseExecutor.processExecutionPhase(TestCaseExecutor.java:301)
	at com.kms.katalon.core.main.TestCaseExecutor.accessMainPhase(TestCaseExecutor.java:293)
	at com.kms.katalon.core.main.TestCaseExecutor.execute(TestCaseExecutor.java:227)
	at com.kms.katalon.core.main.TestSuiteExecutor.accessTestCaseMainPhase(TestSuiteExecutor.java:129)
	at com.kms.katalon.core.main.TestSuiteExecutor.accessTestSuiteMainPhase(TestSuiteExecutor.java:112)
	at com.kms.katalon.core.main.TestSuiteExecutor.execute(TestSuiteExecutor.java:81)
	at com.kms.katalon.core.main.TestCaseMain.startTestSuite(TestCaseMain.java:157)
	at com.kms.katalon.core.main.TestCaseMain$startTestSuite$0.call(Unknown Source)
	at TempTestSuite1562565474436.run(TempTestSuite1562565474436.groovy:35)]]></system-err>
      </testcase>
      <system-out><![CDATA[2019-07-08 11:27:59 - [TEST_SUITE][FAILED] - Schroders: Test Cases/REALratings/Schroders/Login FAILED.
Reason:
com.kms.katalon.core.exception.StepFailedException: Unable to verify all links on the page 'https://schroders-uat.realrating.co.uk/home' are accessible
	at com.kms.katalon.core.keyword.internal.KeywordMain.stepFailed(KeywordMain.groovy:48)
	at com.kms.katalon.core.webui.keyword.internal.WebUIKeywordMain.stepFailed(WebUIKeywordMain.groovy:65)
	at com.kms.katalon.core.webui.keyword.internal.WebUIKeywordMain.runKeyword(WebUIKeywordMain.groovy:27)
	at com.kms.katalon.core.webui.keyword.builtin.VerifyAllLinksOnCurrentPageAccessibleKeyword.verifyAllLinksOnCurrentPageAccessible(VerifyAllLinksOnCurrentPageAccessibleKeyword.groovy:48)
	at com.kms.katalon.core.webui.keyword.builtin.VerifyAllLinksOnCurrentPageAccessibleKeyword.execute(VerifyAllLinksOnCurrentPageAccessibleKeyword.groovy:32)
	at com.kms.katalon.core.keyword.internal.KeywordExecutor.executeKeywordForPlatform(KeywordExecutor.groovy:56)
	at com.kms.katalon.core.webui.keyword.WebUiBuiltInKeywords.verifyAllLinksOnCurrentPageAccessible(WebUiBuiltInKeywords.groovy:3754)
	at com.kms.katalon.core.webui.keyword.WebUiBuiltInKeywords$verifyAllLinksOnCurrentPageAccessible$11.call(Unknown Source)
	at Login.run(Login:39)
	at com.kms.katalon.core.main.ScriptEngine.run(ScriptEngine.java:194)
	at com.kms.katalon.core.main.ScriptEngine.runScriptAsRawText(ScriptEngine.java:119)
	at com.kms.katalon.core.main.TestCaseExecutor.runScript(TestCaseExecutor.java:331)
	at com.kms.katalon.core.main.TestCaseExecutor.doExecute(TestCaseExecutor.java:322)
	at com.kms.katalon.core.main.TestCaseExecutor.processExecutionPhase(TestCaseExecutor.java:301)
	at com.kms.katalon.core.main.TestCaseExecutor.accessMainPhase(TestCaseExecutor.java:293)
	at com.kms.katalon.core.main.TestCaseExecutor.execute(TestCaseExecutor.java:227)
	at com.kms.katalon.core.main.TestSuiteExecutor.accessTestCaseMainPhase(TestSuiteExecutor.java:129)
	at com.kms.katalon.core.main.TestSuiteExecutor.accessTestSuiteMainPhase(TestSuiteExecutor.java:112)
	at com.kms.katalon.core.main.TestSuiteExecutor.execute(TestSuiteExecutor.java:81)
	at com.kms.katalon.core.main.TestCaseMain.startTestSuite(TestCaseMain.java:157)
	at com.kms.katalon.core.main.TestCaseMain$startTestSuite$0.call(Unknown Source)
	at TempTestSuite1562565474436.run(TempTestSuite1562565474436.groovy:35)]]></system-out>
      <system-err><![CDATA[2019-07-08 11:27:59 - [TEST_SUITE][FAILED] - Schroders: Test Cases/REALratings/Schroders/Login FAILED.
Reason:
com.kms.katalon.core.exception.StepFailedException: Unable to verify all links on the page 'https://schroders-uat.realrating.co.uk/home' are accessible
	at com.kms.katalon.core.keyword.internal.KeywordMain.stepFailed(KeywordMain.groovy:48)
	at com.kms.katalon.core.webui.keyword.internal.WebUIKeywordMain.stepFailed(WebUIKeywordMain.groovy:65)
	at com.kms.katalon.core.webui.keyword.internal.WebUIKeywordMain.runKeyword(WebUIKeywordMain.groovy:27)
	at com.kms.katalon.core.webui.keyword.builtin.VerifyAllLinksOnCurrentPageAccessibleKeyword.verifyAllLinksOnCurrentPageAccessible(VerifyAllLinksOnCurrentPageAccessibleKeyword.groovy:48)
	at com.kms.katalon.core.webui.keyword.builtin.VerifyAllLinksOnCurrentPageAccessibleKeyword.execute(VerifyAllLinksOnCurrentPageAccessibleKeyword.groovy:32)
	at com.kms.katalon.core.keyword.internal.KeywordExecutor.executeKeywordForPlatform(KeywordExecutor.groovy:56)
	at com.kms.katalon.core.webui.keyword.WebUiBuiltInKeywords.verifyAllLinksOnCurrentPageAccessible(WebUiBuiltInKeywords.groovy:3754)
	at com.kms.katalon.core.webui.keyword.WebUiBuiltInKeywords$verifyAllLinksOnCurrentPageAccessible$11.call(Unknown Source)
	at Login.run(Login:39)
	at com.kms.katalon.core.main.ScriptEngine.run(ScriptEngine.java:194)
	at com.kms.katalon.core.main.ScriptEngine.runScriptAsRawText(ScriptEngine.java:119)
	at com.kms.katalon.core.main.TestCaseExecutor.runScript(TestCaseExecutor.java:331)
	at com.kms.katalon.core.main.TestCaseExecutor.doExecute(TestCaseExecutor.java:322)
	at com.kms.katalon.core.main.TestCaseExecutor.processExecutionPhase(TestCaseExecutor.java:301)
	at com.kms.katalon.core.main.TestCaseExecutor.accessMainPhase(TestCaseExecutor.java:293)
	at com.kms.katalon.core.main.TestCaseExecutor.execute(TestCaseExecutor.java:227)
	at com.kms.katalon.core.main.TestSuiteExecutor.accessTestCaseMainPhase(TestSuiteExecutor.java:129)
	at com.kms.katalon.core.main.TestSuiteExecutor.accessTestSuiteMainPhase(TestSuiteExecutor.java:112)
	at com.kms.katalon.core.main.TestSuiteExecutor.execute(TestSuiteExecutor.java:81)
	at com.kms.katalon.core.main.TestCaseMain.startTestSuite(TestCaseMain.java:157)
	at com.kms.katalon.core.main.TestCaseMain$startTestSuite$0.call(Unknown Source)
	at TempTestSuite1562565474436.run(TempTestSuite1562565474436.groovy:35)]]></system-err>
   </testsuite>
</testsuites>
