<?xml version="1.0" encoding="UTF-8"?>
<testsuites name="FCLP" time="61" tests="1" failures="1" errors="0">
   <testsuite name="FCLP" tests="1" failures="1" errors="0" time="61" timestamp="2019-06-25 10:26:34" hostname="sambhavi - sambhavi.jmandigital.in" id="Test Suites/REALratings/FCLP">
      <properties>
         <property name="deviceName" value=""/>
         <property name="devicePlatform" value=""/>
         <property name="logFolder" value="C:\\Users\\sambhavi\\git\\didactic-octo-spork\\Reports\\REALratings\\FCLP\\20190625_102631"/>
         <property name="logFiles" value="C:\\Users\\sambhavi\\git\\didactic-octo-spork\\Reports\\REALratings\\FCLP\\20190625_102631\\execution0.log"/>
         <property name="attachments" value="C:\\Users\\sambhavi\\git\\didactic-octo-spork\\Reports\\REALratings\\FCLP\\20190625_102631\\1561438626271.png"/>
         <property name="hostName" value="sambhavi - sambhavi.jmandigital.in"/>
         <property name="os" value="Windows 10 64bit"/>
         <property name="katalonVersion" value="6.0.5.10"/>
         <property name="browser" value="Chrome 75.0.3770.100"/>
         <property name="hostAddress" value="192.168.0.185"/>
         <property name="sessionId" value="4d0ce565ad2cf04c86649d9db989560f"/>
         <property name="seleniumVersion" value="3.7.1"/>
         <property name="proxyInformation" value="ProxyInformation{proxyOption=NO_PROXY, proxyServerType=HTTP, password=, proxyServerAddress=, proxyServerPort=0}"/>
         <property name="platform" value="Windows 10"/>
      </properties>
      <testcase name="Test Cases/REALratings/FCLP/formSubmission" classname="Test Cases/REALratings/FCLP/formSubmission" status="PASSED">
         <system-out><![CDATA[2019-06-25 10:26:34 - [TEST_CASE][PASSED] - Test Cases/REALratings/FCLP/formSubmission: Test Cases/REALratings/FCLP/formSubmission

2019-06-25 10:26:36 - [TEST_STEP][PASSED] - openBrowser(""): Browser is opened with url: ''

2019-06-25 10:26:37 - [MESSAGE][INFO] - Starting 'Chrome' driver

2019-06-25 10:26:37 - [MESSAGE][INFO] - Action delay is set to 0 seconds

2019-06-25 10:26:40 - [MESSAGE][PASSED] - Browser is opened with url: ''

2019-06-25 10:26:40 - [TEST_STEP][PASSED] - myDriver = getWebDriver(): null

2019-06-25 10:26:40 - [TEST_STEP][PASSED] - navigateToUrl("https://fclp-uat.realrating.co.uk/"): Navigate to 'https://fclp-uat.realrating.co.uk/' successfully

2019-06-25 10:26:44 - [MESSAGE][PASSED] - Navigate to 'https://fclp-uat.realrating.co.uk/' successfully

2019-06-25 10:26:44 - [TEST_STEP][PASSED] - maximizeWindow(): Current window maximized

2019-06-25 10:26:45 - [MESSAGE][PASSED] - Current window maximized

2019-06-25 10:26:45 - [TEST_STEP][PASSED] - rad = new java.util.Random(): null

2019-06-25 10:26:45 - [TEST_STEP][PASSED] - comment("Basic and University  Information"): Basic and University  Information

2019-06-25 10:26:45 - [MESSAGE][INFO] - Basic and University  Information

2019-06-25 10:26:45 - [TEST_STEP][PASSED] - setText(findTestObject("REALRatings/FCLP/Page_REALrating/First Name"), "asha"): Text 'asha' is set on object 'Object Repository/REALRatings/FCLP/Page_REALrating/First Name'

2019-06-25 10:26:45 - [MESSAGE][PASSED] - Text 'asha' is set on object 'Object Repository/REALRatings/FCLP/Page_REALrating/First Name'

2019-06-25 10:26:45 - [TEST_STEP][PASSED] - setText(findTestObject("REALRatings/FCLP/Page_REALrating/Last Name"), "rajednran"): Text 'rajednran' is set on object 'Object Repository/REALRatings/FCLP/Page_REALrating/Last Name'

2019-06-25 10:26:45 - [MESSAGE][PASSED] - Text 'rajednran' is set on object 'Object Repository/REALRatings/FCLP/Page_REALrating/Last Name'

2019-06-25 10:26:45 - [TEST_STEP][PASSED] - emailid = rad.nextInt(2000): null

2019-06-25 10:26:45 - [TEST_STEP][PASSED] - setText(findTestObject("REALRatings/FCLP/Page_REALrating/Univrsity Emaid"), "fclp" + emailid + "@test.com"): Text 'fclp1062@test.com' is set on object 'Object Repository/REALRatings/FCLP/Page_REALrating/Univrsity Emaid'

2019-06-25 10:26:46 - [MESSAGE][PASSED] - Text 'fclp1062@test.com' is set on object 'Object Repository/REALRatings/FCLP/Page_REALrating/Univrsity Emaid'

2019-06-25 10:26:46 - [TEST_STEP][PASSED] - UniversityTotalOption = getNumberOfTotalOption(findTestObject("REALRatings/FCLP/Page_REALrating/University")): 154 options of object 'Object Repository/REALRatings/FCLP/Page_REALrating/University' counted

2019-06-25 10:26:46 - [MESSAGE][PASSED] - 154 options of object 'Object Repository/REALRatings/FCLP/Page_REALrating/University' counted

2019-06-25 10:26:46 - [TEST_STEP][PASSED] - UniversityCount = 1 + rad.nextInt(UniversityTotalOption - 1): null

2019-06-25 10:26:46 - [TEST_STEP][PASSED] - selectOptionByIndex(findTestObject("REALRatings/FCLP/Page_REALrating/University"), UniversityCount): All options with index in [11] are selected on object 'Object Repository/REALRatings/FCLP/Page_REALrating/University'

2019-06-25 10:26:46 - [MESSAGE][PASSED] - All options with index in [11] are selected on object 'Object Repository/REALRatings/FCLP/Page_REALrating/University'

2019-06-25 10:26:46 - [TEST_STEP][PASSED] - if (UniversityCount == 98): null

2019-06-25 10:26:46 - [TEST_STEP][PASSED] - UniversityCourseTotalOption = getNumberOfTotalOption(findTestObject("REALRatings/FCLP/Page_REALrating/University Course")): 96 options of object 'Object Repository/REALRatings/FCLP/Page_REALrating/University Course' counted

2019-06-25 10:26:46 - [MESSAGE][PASSED] - 96 options of object 'Object Repository/REALRatings/FCLP/Page_REALrating/University Course' counted

2019-06-25 10:26:46 - [TEST_STEP][PASSED] - UniveristyCourseCount = 1 + rad.nextInt(UniversityCourseTotalOption - 1): null

2019-06-25 10:26:46 - [TEST_STEP][PASSED] - selectOptionByIndex(findTestObject("REALRatings/FCLP/Page_REALrating/University Course"), UniveristyCourseCount): All options with index in [44] are selected on object 'Object Repository/REALRatings/FCLP/Page_REALrating/University Course'

2019-06-25 10:26:47 - [MESSAGE][PASSED] - All options with index in [44] are selected on object 'Object Repository/REALRatings/FCLP/Page_REALrating/University Course'

2019-06-25 10:26:47 - [TEST_STEP][PASSED] - if (UniveristyCourseCount == 95): null

2019-06-25 10:26:47 - [TEST_STEP][PASSED] - GraduationYearTotalOptions = getNumberOfTotalOption(findTestObject("REALRatings/FCLP/Page_REALrating/Graduation Year")): 17 options of object 'Object Repository/REALRatings/FCLP/Page_REALrating/Graduation Year' counted

2019-06-25 10:26:47 - [MESSAGE][PASSED] - 17 options of object 'Object Repository/REALRatings/FCLP/Page_REALrating/Graduation Year' counted

2019-06-25 10:26:47 - [TEST_STEP][PASSED] - GraduationYearcount = 1 + rad.nextInt(GraduationYearTotalOptions - 1): null

2019-06-25 10:26:47 - [TEST_STEP][PASSED] - selectOptionByIndex(findTestObject("REALRatings/FCLP/Page_REALrating/Graduation Year"), GraduationYearcount): All options with index in [14] are selected on object 'Object Repository/REALRatings/FCLP/Page_REALrating/Graduation Year'

2019-06-25 10:26:47 - [MESSAGE][PASSED] - All options with index in [14] are selected on object 'Object Repository/REALRatings/FCLP/Page_REALrating/Graduation Year'

2019-06-25 10:26:47 - [TEST_STEP][PASSED] - GradeYearTotalOptions = getNumberOfTotalOption(findTestObject("REALRatings/FCLP/Page_REALrating/Grade 21")): 3 options of object 'Object Repository/REALRatings/FCLP/Page_REALrating/Grade 21' counted

2019-06-25 10:26:47 - [MESSAGE][PASSED] - 3 options of object 'Object Repository/REALRatings/FCLP/Page_REALrating/Grade 21' counted

2019-06-25 10:26:47 - [TEST_STEP][PASSED] - GradeYearcount = 1 + rad.nextInt(GradeYearTotalOptions - 1): null

2019-06-25 10:26:47 - [TEST_STEP][PASSED] - selectOptionByIndex(findTestObject("REALRatings/FCLP/Page_REALrating/Grade 21"), GradeYearcount): All options with index in [1] are selected on object 'Object Repository/REALRatings/FCLP/Page_REALrating/Grade 21'

2019-06-25 10:26:47 - [MESSAGE][PASSED] - All options with index in [1] are selected on object 'Object Repository/REALRatings/FCLP/Page_REALrating/Grade 21'

2019-06-25 10:26:47 - [TEST_STEP][PASSED] - GradeEnglishYearTotalOptions = getNumberOfTotalOption(findTestObject("REALRatings/FCLP/Page_REALrating/Grade B English")): 3 options of object 'Object Repository/REALRatings/FCLP/Page_REALrating/Grade B English' counted

2019-06-25 10:26:47 - [MESSAGE][PASSED] - 3 options of object 'Object Repository/REALRatings/FCLP/Page_REALrating/Grade B English' counted

2019-06-25 10:26:47 - [TEST_STEP][PASSED] - GradeEnglishYearcount = 1 + rad.nextInt(GradeEnglishYearTotalOptions - 1): null

2019-06-25 10:26:47 - [TEST_STEP][PASSED] - selectOptionByIndex(findTestObject("REALRatings/FCLP/Page_REALrating/Grade B English"), GradeEnglishYearcount): All options with index in [2] are selected on object 'Object Repository/REALRatings/FCLP/Page_REALrating/Grade B English'

2019-06-25 10:26:47 - [MESSAGE][PASSED] - All options with index in [2] are selected on object 'Object Repository/REALRatings/FCLP/Page_REALrating/Grade B English'

2019-06-25 10:26:47 - [TEST_STEP][PASSED] - delay(2): Delayed 2 second(s)

2019-06-25 10:26:49 - [MESSAGE][PASSED] - Delayed 2 second(s)

2019-06-25 10:26:49 - [TEST_STEP][PASSED] - selectOptionByIndex(findTestObject("REALRatings/FCLP/Page_REALrating/Grade B Maths"), GradeEnglishYearcount): All options with index in [2] are selected on object 'Object Repository/REALRatings/FCLP/Page_REALrating/Grade B Maths'

2019-06-25 10:26:50 - [MESSAGE][PASSED] - All options with index in [2] are selected on object 'Object Repository/REALRatings/FCLP/Page_REALrating/Grade B Maths'

2019-06-25 10:26:50 - [TEST_STEP][PASSED] - click(findTestObject("REALRatings/FCLP/Page_REALrating/a_Next")): Object: 'Object Repository/REALRatings/FCLP/Page_REALrating/a_Next' is clicked on

2019-06-25 10:26:50 - [MESSAGE][PASSED] - Object: 'Object Repository/REALRatings/FCLP/Page_REALrating/a_Next' is clicked on

2019-06-25 10:26:50 - [TEST_STEP][PASSED] - delay(2): Delayed 2 second(s)

2019-06-25 10:26:52 - [MESSAGE][PASSED] - Delayed 2 second(s)

2019-06-25 10:26:52 - [TEST_STEP][PASSED] - comment("Main Qualification Information"): Main Qualification Information

2019-06-25 10:26:52 - [MESSAGE][INFO] - Main Qualification Information

2019-06-25 10:26:52 - [TEST_STEP][PASSED] - ALevelYearTotalOptions = getNumberOfTotalOption(findTestObject("REALRatings/FCLP/Page_REALrating/A Level Year")): 71 options of object 'Object Repository/REALRatings/FCLP/Page_REALrating/A Level Year' counted

2019-06-25 10:26:52 - [MESSAGE][PASSED] - 71 options of object 'Object Repository/REALRatings/FCLP/Page_REALrating/A Level Year' counted

2019-06-25 10:26:52 - [TEST_STEP][PASSED] - ALevelYearcount = 1 + rad.nextInt(ALevelYearTotalOptions - 1): null

2019-06-25 10:26:52 - [TEST_STEP][PASSED] - selectOptionByIndex(findTestObject("REALRatings/FCLP/Page_REALrating/A Level Year"), ALevelYearcount): All options with index in [63] are selected on object 'Object Repository/REALRatings/FCLP/Page_REALrating/A Level Year'

2019-06-25 10:26:52 - [MESSAGE][PASSED] - All options with index in [63] are selected on object 'Object Repository/REALRatings/FCLP/Page_REALrating/A Level Year'

2019-06-25 10:26:52 - [TEST_STEP][PASSED] - GCSEYearTotalOptions = getNumberOfTotalOption(findTestObject("REALRatings/FCLP/Page_REALrating/GCSE Year")): 71 options of object 'Object Repository/REALRatings/FCLP/Page_REALrating/GCSE Year' counted

2019-06-25 10:26:52 - [MESSAGE][PASSED] - 71 options of object 'Object Repository/REALRatings/FCLP/Page_REALrating/GCSE Year' counted

2019-06-25 10:26:52 - [TEST_STEP][PASSED] - GCSEYearCount = 1 + rad.nextInt(GCSEYearTotalOptions - 1): null

2019-06-25 10:26:52 - [TEST_STEP][PASSED] - selectOptionByIndex(findTestObject("REALRatings/FCLP/Page_REALrating/GCSE Year"), GCSEYearCount): All options with index in [55] are selected on object 'Object Repository/REALRatings/FCLP/Page_REALrating/GCSE Year'

2019-06-25 10:26:53 - [MESSAGE][PASSED] - All options with index in [55] are selected on object 'Object Repository/REALRatings/FCLP/Page_REALrating/GCSE Year'

2019-06-25 10:26:53 - [TEST_STEP][PASSED] - MainQualificationTotaloptions = getNumberOfTotalOption(findTestObject("REALRatings/Greensill/Page_REALrating/Main Qualification")): 6 options of object 'Object Repository/REALRatings/Greensill/Page_REALrating/Main Qualification' counted

2019-06-25 10:26:53 - [MESSAGE][PASSED] - 6 options of object 'Object Repository/REALRatings/Greensill/Page_REALrating/Main Qualification' counted

2019-06-25 10:26:53 - [TEST_STEP][PASSED] - MainQualificationCount = 1 + rad.nextInt(MainQualificationTotaloptions - 1): null

2019-06-25 10:26:53 - [TEST_STEP][PASSED] - selectOptionByIndex(findTestObject("REALRatings/Greensill/Page_REALrating/Main Qualification"), MainQualificationCount): All options with index in [1] are selected on object 'Object Repository/REALRatings/Greensill/Page_REALrating/Main Qualification'

2019-06-25 10:26:53 - [MESSAGE][PASSED] - All options with index in [1] are selected on object 'Object Repository/REALRatings/Greensill/Page_REALrating/Main Qualification'

2019-06-25 10:26:53 - [TEST_STEP][PASSED] - if (MainQualificationCount == 1): All options with index in [29] are selected on object 'Object Repository/REALRatings/Greensill/Page_REALrating/Year Three'

2019-06-25 10:26:53 - [TEST_STEP][PASSED] - setText(findTestObject("REALRatings/Greensill/Page_REALrating/Title One"), "Further Mathematics"): Text 'Further Mathematics' is set on object 'Object Repository/REALRatings/Greensill/Page_REALrating/Title One'

2019-06-25 10:26:53 - [MESSAGE][PASSED] - Text 'Further Mathematics' is set on object 'Object Repository/REALRatings/Greensill/Page_REALrating/Title One'

2019-06-25 10:26:53 - [TEST_STEP][PASSED] - Grade1TotalOptions = getNumberOfTotalOption(findTestObject("REALRatings/Greensill/Page_REALrating/Grade one")): 10 options of object 'Object Repository/REALRatings/Greensill/Page_REALrating/Grade one' counted

2019-06-25 10:26:53 - [MESSAGE][PASSED] - 10 options of object 'Object Repository/REALRatings/Greensill/Page_REALrating/Grade one' counted

2019-06-25 10:26:53 - [TEST_STEP][PASSED] - Grade1 = rad.nextInt(Grade1TotalOptions - 1): null

2019-06-25 10:26:53 - [TEST_STEP][PASSED] - selectOptionByIndex(findTestObject("REALRatings/Greensill/Page_REALrating/Grade one"), Grade1): All options with index in [7] are selected on object 'Object Repository/REALRatings/Greensill/Page_REALrating/Grade one'

2019-06-25 10:26:54 - [MESSAGE][PASSED] - All options with index in [7] are selected on object 'Object Repository/REALRatings/Greensill/Page_REALrating/Grade one'

2019-06-25 10:26:54 - [TEST_STEP][PASSED] - Year1TotalOptions = getNumberOfTotalOption(findTestObject("REALRatings/Greensill/Page_REALrating/Year One")): 71 options of object 'Object Repository/REALRatings/Greensill/Page_REALrating/Year One' counted

2019-06-25 10:26:54 - [MESSAGE][PASSED] - 71 options of object 'Object Repository/REALRatings/Greensill/Page_REALrating/Year One' counted

2019-06-25 10:26:54 - [TEST_STEP][PASSED] - Year1 = 1 + rad.nextInt(Year1TotalOptions - 1): null

2019-06-25 10:26:54 - [TEST_STEP][PASSED] - selectOptionByIndex(findTestObject("REALRatings/Greensill/Page_REALrating/Year One"), Year1): All options with index in [22] are selected on object 'Object Repository/REALRatings/Greensill/Page_REALrating/Year One'

2019-06-25 10:26:54 - [MESSAGE][PASSED] - All options with index in [22] are selected on object 'Object Repository/REALRatings/Greensill/Page_REALrating/Year One'

2019-06-25 10:26:54 - [TEST_STEP][PASSED] - setText(findTestObject("REALRatings/Greensill/Page_REALrating/Title Two"), "Computer Science"): Text 'Computer Science' is set on object 'Object Repository/REALRatings/Greensill/Page_REALrating/Title Two'

2019-06-25 10:26:54 - [MESSAGE][PASSED] - Text 'Computer Science' is set on object 'Object Repository/REALRatings/Greensill/Page_REALrating/Title Two'

2019-06-25 10:26:54 - [TEST_STEP][PASSED] - Grade2TotalOptions = getNumberOfTotalOption(findTestObject("REALRatings/Greensill/Page_REALrating/Grade Two")): 10 options of object 'Object Repository/REALRatings/Greensill/Page_REALrating/Grade Two' counted

2019-06-25 10:26:54 - [MESSAGE][PASSED] - 10 options of object 'Object Repository/REALRatings/Greensill/Page_REALrating/Grade Two' counted

2019-06-25 10:26:54 - [TEST_STEP][PASSED] - Grade2 = 1 + rad.nextInt(Grade2TotalOptions - 1): null

2019-06-25 10:26:54 - [TEST_STEP][PASSED] - selectOptionByIndex(findTestObject("REALRatings/Greensill/Page_REALrating/Grade Two"), Grade2): All options with index in [9] are selected on object 'Object Repository/REALRatings/Greensill/Page_REALrating/Grade Two'

2019-06-25 10:26:54 - [MESSAGE][PASSED] - All options with index in [9] are selected on object 'Object Repository/REALRatings/Greensill/Page_REALrating/Grade Two'

2019-06-25 10:26:54 - [TEST_STEP][PASSED] - Year2TotalOptions = getNumberOfTotalOption(findTestObject("REALRatings/Greensill/Page_REALrating/Year Two")): 71 options of object 'Object Repository/REALRatings/Greensill/Page_REALrating/Year Two' counted

2019-06-25 10:26:54 - [MESSAGE][PASSED] - 71 options of object 'Object Repository/REALRatings/Greensill/Page_REALrating/Year Two' counted

2019-06-25 10:26:54 - [TEST_STEP][PASSED] - Year2 = 1 + rad.nextInt(Year2TotalOptions - 1): null

2019-06-25 10:26:54 - [TEST_STEP][PASSED] - selectOptionByIndex(findTestObject("REALRatings/Greensill/Page_REALrating/Year Two"), Year2): All options with index in [70] are selected on object 'Object Repository/REALRatings/Greensill/Page_REALrating/Year Two'

2019-06-25 10:26:55 - [MESSAGE][PASSED] - All options with index in [70] are selected on object 'Object Repository/REALRatings/Greensill/Page_REALrating/Year Two'

2019-06-25 10:26:55 - [TEST_STEP][PASSED] - setText(findTestObject("REALRatings/Greensill/Page_REALrating/Title Three"), "Further Mathematics"): Text 'Further Mathematics' is set on object 'Object Repository/REALRatings/Greensill/Page_REALrating/Title Three'

2019-06-25 10:26:55 - [MESSAGE][PASSED] - Text 'Further Mathematics' is set on object 'Object Repository/REALRatings/Greensill/Page_REALrating/Title Three'

2019-06-25 10:26:55 - [TEST_STEP][PASSED] - Grade3TotalOptions = getNumberOfTotalOption(findTestObject("REALRatings/Greensill/Page_REALrating/Grade Three")): 10 options of object 'Object Repository/REALRatings/Greensill/Page_REALrating/Grade Three' counted

2019-06-25 10:26:55 - [MESSAGE][PASSED] - 10 options of object 'Object Repository/REALRatings/Greensill/Page_REALrating/Grade Three' counted

2019-06-25 10:26:55 - [TEST_STEP][PASSED] - Grade3 = 1 + rad.nextInt(Grade3TotalOptions - 1): null

2019-06-25 10:26:55 - [TEST_STEP][PASSED] - selectOptionByIndex(findTestObject("REALRatings/Greensill/Page_REALrating/Grade Three"), Grade3): All options with index in [1] are selected on object 'Object Repository/REALRatings/Greensill/Page_REALrating/Grade Three'

2019-06-25 10:26:55 - [MESSAGE][PASSED] - All options with index in [1] are selected on object 'Object Repository/REALRatings/Greensill/Page_REALrating/Grade Three'

2019-06-25 10:26:55 - [TEST_STEP][PASSED] - Year3TotalOptions = getNumberOfTotalOption(findTestObject("REALRatings/Greensill/Page_REALrating/Year Three")): 71 options of object 'Object Repository/REALRatings/Greensill/Page_REALrating/Year Three' counted

2019-06-25 10:26:56 - [MESSAGE][PASSED] - 71 options of object 'Object Repository/REALRatings/Greensill/Page_REALrating/Year Three' counted

2019-06-25 10:26:56 - [TEST_STEP][PASSED] - Year3 = 1 + rad.nextInt(Year3TotalOptions - 1): null

2019-06-25 10:26:56 - [TEST_STEP][PASSED] - selectOptionByIndex(findTestObject("REALRatings/Greensill/Page_REALrating/Year Three"), Year3): All options with index in [29] are selected on object 'Object Repository/REALRatings/Greensill/Page_REALrating/Year Three'

2019-06-25 10:26:56 - [MESSAGE][PASSED] - All options with index in [29] are selected on object 'Object Repository/REALRatings/Greensill/Page_REALrating/Year Three'

2019-06-25 10:26:56 - [TEST_STEP][PASSED] - setText(findTestObject("REALRatings/Greensill/Page_REALrating/A Level School"), findTestData("getEmployable/Applicants").getValue(6, 1)): Text 'Kings Richard School' is set on object 'Object Repository/REALRatings/Greensill/Page_REALrating/A Level School'

2019-06-25 10:26:56 - [MESSAGE][PASSED] - Text 'Kings Richard School' is set on object 'Object Repository/REALRatings/Greensill/Page_REALrating/A Level School'

2019-06-25 10:26:56 - [TEST_STEP][PASSED] - setText(findTestObject("REALRatings/Greensill/Page_REALrating/GCSE School"), findTestData("getEmployable/Applicants").getValue(7, 1)): Text 'Kings Richard School' is set on object 'Object Repository/REALRatings/Greensill/Page_REALrating/GCSE School'

2019-06-25 10:26:56 - [MESSAGE][PASSED] - Text 'Kings Richard School' is set on object 'Object Repository/REALRatings/Greensill/Page_REALrating/GCSE School'

2019-06-25 10:26:56 - [TEST_STEP][PASSED] - setText(findTestObject("REALRatings/Greensill/Page_REALrating/A Level Postalcode"), findTestData("getEmployable/Applicants").getValue(8, 1)): Text 'NW64DN' is set on object 'Object Repository/REALRatings/Greensill/Page_REALrating/A Level Postalcode'

2019-06-25 10:26:57 - [MESSAGE][PASSED] - Text 'NW64DN' is set on object 'Object Repository/REALRatings/Greensill/Page_REALrating/A Level Postalcode'

2019-06-25 10:26:57 - [TEST_STEP][PASSED] - setText(findTestObject("REALRatings/Greensill/Page_REALrating/GCSE Postalcode"), findTestData("getEmployable/Applicants").getValue(9, 1)): Text 'AL60AA' is set on object 'Object Repository/REALRatings/Greensill/Page_REALrating/GCSE Postalcode'

2019-06-25 10:26:57 - [MESSAGE][PASSED] - Text 'AL60AA' is set on object 'Object Repository/REALRatings/Greensill/Page_REALrating/GCSE Postalcode'

2019-06-25 10:26:57 - [TEST_STEP][PASSED] - click(findTestObject("REALRatings/Greensill/Page_REALrating/TickAnyStatement")): Object: 'Object Repository/REALRatings/Greensill/Page_REALrating/TickAnyStatement' is clicked on

2019-06-25 10:26:57 - [MESSAGE][PASSED] - Object: 'Object Repository/REALRatings/Greensill/Page_REALrating/TickAnyStatement' is clicked on

2019-06-25 10:26:57 - [TEST_STEP][PASSED] - click(findTestObject("REALRatings/FCLP/Page_REALrating/Second Next")): Object: 'Object Repository/REALRatings/FCLP/Page_REALrating/Second Next' is clicked on

2019-06-25 10:26:57 - [MESSAGE][PASSED] - Object: 'Object Repository/REALRatings/FCLP/Page_REALrating/Second Next' is clicked on

2019-06-25 10:26:57 - [TEST_STEP][PASSED] - delay(2): Delayed 2 second(s)

2019-06-25 10:26:59 - [MESSAGE][PASSED] - Delayed 2 second(s)

2019-06-25 10:26:59 - [TEST_STEP][PASSED] - comment("Background Information"): Background Information

2019-06-25 10:26:59 - [MESSAGE][INFO] - Background Information

2019-06-25 10:26:59 - [TEST_STEP][PASSED] - click(findTestObject("REALRatings/FCLP/Page_REALrating/confirm agreement")): Object: 'Object Repository/REALRatings/FCLP/Page_REALrating/confirm agreement' is clicked on

2019-06-25 10:26:59 - [MESSAGE][PASSED] - Object: 'Object Repository/REALRatings/FCLP/Page_REALrating/confirm agreement' is clicked on

2019-06-25 10:26:59 - [TEST_STEP][PASSED] - EthnicTotalOptions = getNumberOfTotalOption(findTestObject("REALRatings/FCLP/Page_REALrating/Ethnic Group"), STOP_ON_FAILURE): 23 options of object 'Object Repository/REALRatings/FCLP/Page_REALrating/Ethnic Group' counted

2019-06-25 10:26:59 - [MESSAGE][PASSED] - 23 options of object 'Object Repository/REALRatings/FCLP/Page_REALrating/Ethnic Group' counted

2019-06-25 10:26:59 - [TEST_STEP][PASSED] - EthnicCount = 1 + rad.nextInt(EthnicTotalOptions - 1): null

2019-06-25 10:26:59 - [TEST_STEP][PASSED] - selectOptionByIndex(findTestObject("REALRatings/FCLP/Page_REALrating/Ethnic Group"), EthnicCount): All options with index in [19] are selected on object 'Object Repository/REALRatings/FCLP/Page_REALrating/Ethnic Group'

2019-06-25 10:26:59 - [MESSAGE][PASSED] - All options with index in [19] are selected on object 'Object Repository/REALRatings/FCLP/Page_REALrating/Ethnic Group'

2019-06-25 10:26:59 - [TEST_STEP][PASSED] - setText(findTestObject("REALRatings/FCLP/Page_REALrating/input_What is your ethnic group_parent_carer"), "ethnicparent group"): Text 'ethnicparent group' is set on object 'Object Repository/REALRatings/FCLP/Page_REALrating/input_What is your ethnic group_parent_carer'

2019-06-25 10:27:00 - [MESSAGE][PASSED] - Text 'ethnicparent group' is set on object 'Object Repository/REALRatings/FCLP/Page_REALrating/input_What is your ethnic group_parent_carer'

2019-06-25 10:27:00 - [TEST_STEP][PASSED] - GenderTotalOptions = getNumberOfTotalOption(findTestObject("REALRatings/FCLP/Page_REALrating/Gender"), STOP_ON_FAILURE): 5 options of object 'Object Repository/REALRatings/FCLP/Page_REALrating/Gender' counted

2019-06-25 10:27:00 - [MESSAGE][PASSED] - 5 options of object 'Object Repository/REALRatings/FCLP/Page_REALrating/Gender' counted

2019-06-25 10:27:00 - [TEST_STEP][PASSED] - GenderCount = 1 + rad.nextInt(GenderTotalOptions - 1): null

2019-06-25 10:27:00 - [TEST_STEP][PASSED] - selectOptionByIndex(findTestObject("REALRatings/FCLP/Page_REALrating/Gender"), GenderCount): All options with index in [4] are selected on object 'Object Repository/REALRatings/FCLP/Page_REALrating/Gender'

2019-06-25 10:27:00 - [MESSAGE][PASSED] - All options with index in [4] are selected on object 'Object Repository/REALRatings/FCLP/Page_REALrating/Gender'

2019-06-25 10:27:00 - [TEST_STEP][PASSED] - if (GenderCount == 3): null

2019-06-25 10:27:00 - [TEST_STEP][PASSED] - ReligionTotalOptions = getNumberOfTotalOption(findTestObject("REALRatings/FCLP/Page_REALrating/Religion")): 10 options of object 'Object Repository/REALRatings/FCLP/Page_REALrating/Religion' counted

2019-06-25 10:27:00 - [MESSAGE][PASSED] - 10 options of object 'Object Repository/REALRatings/FCLP/Page_REALrating/Religion' counted

2019-06-25 10:27:00 - [TEST_STEP][PASSED] - ReligionCount = 1 + rad.nextInt(ReligionTotalOptions - 1): null

2019-06-25 10:27:00 - [TEST_STEP][PASSED] - selectOptionByIndex(findTestObject("REALRatings/FCLP/Page_REALrating/Religion"), ReligionCount): All options with index in [1] are selected on object 'Object Repository/REALRatings/FCLP/Page_REALrating/Religion'

2019-06-25 10:27:00 - [MESSAGE][PASSED] - All options with index in [1] are selected on object 'Object Repository/REALRatings/FCLP/Page_REALrating/Religion'

2019-06-25 10:27:00 - [TEST_STEP][PASSED] - if (ReligionCount == 8): null

2019-06-25 10:27:00 - [TEST_STEP][PASSED] - BirthTotalOptions = getNumberOfTotalOption(findTestObject("REALRatings/FCLP/Page_REALrating/Birth Gender")): 4 options of object 'Object Repository/REALRatings/FCLP/Page_REALrating/Birth Gender' counted

2019-06-25 10:27:00 - [MESSAGE][PASSED] - 4 options of object 'Object Repository/REALRatings/FCLP/Page_REALrating/Birth Gender' counted

2019-06-25 10:27:00 - [TEST_STEP][PASSED] - BirthCount = 1 + rad.nextInt(BirthTotalOptions - 1): null

2019-06-25 10:27:00 - [TEST_STEP][PASSED] - selectOptionByIndex(findTestObject("REALRatings/FCLP/Page_REALrating/Birth Gender"), BirthCount): All options with index in [3] are selected on object 'Object Repository/REALRatings/FCLP/Page_REALrating/Birth Gender'

2019-06-25 10:27:00 - [MESSAGE][PASSED] - All options with index in [3] are selected on object 'Object Repository/REALRatings/FCLP/Page_REALrating/Birth Gender'

2019-06-25 10:27:00 - [TEST_STEP][PASSED] - SexualTotalOptions = getNumberOfTotalOption(findTestObject("REALRatings/FCLP/Page_REALrating/Sexual Orientation")): 7 options of object 'Object Repository/REALRatings/FCLP/Page_REALrating/Sexual Orientation' counted

2019-06-25 10:27:00 - [MESSAGE][PASSED] - 7 options of object 'Object Repository/REALRatings/FCLP/Page_REALrating/Sexual Orientation' counted

2019-06-25 10:27:00 - [TEST_STEP][PASSED] - SexualCount = 1 + rad.nextInt(SexualTotalOptions - 1): null

2019-06-25 10:27:00 - [TEST_STEP][PASSED] - selectOptionByIndex(findTestObject("REALRatings/FCLP/Page_REALrating/Sexual Orientation"), SexualCount): All options with index in [3] are selected on object 'Object Repository/REALRatings/FCLP/Page_REALrating/Sexual Orientation'

2019-06-25 10:27:00 - [MESSAGE][PASSED] - All options with index in [3] are selected on object 'Object Repository/REALRatings/FCLP/Page_REALrating/Sexual Orientation'

2019-06-25 10:27:00 - [TEST_STEP][PASSED] - if (SexualCount == 5): null

2019-06-25 10:27:00 - [TEST_STEP][PASSED] - ImpairmentTotalOptions = getNumberOfTotalOption(findTestObject("REALRatings/FCLP/Page_REALrating/Impairment")): 11 options of object 'Object Repository/REALRatings/FCLP/Page_REALrating/Impairment' counted

2019-06-25 10:27:00 - [MESSAGE][PASSED] - 11 options of object 'Object Repository/REALRatings/FCLP/Page_REALrating/Impairment' counted

2019-06-25 10:27:00 - [TEST_STEP][PASSED] - ImpairmentCount = 1 + rad.nextInt(ImpairmentTotalOptions - 1): null

2019-06-25 10:27:00 - [TEST_STEP][PASSED] - selectOptionByIndex(findTestObject("REALRatings/FCLP/Page_REALrating/Impairment"), ImpairmentCount): All options with index in [7] are selected on object 'Object Repository/REALRatings/FCLP/Page_REALrating/Impairment'

2019-06-25 10:27:01 - [MESSAGE][PASSED] - All options with index in [7] are selected on object 'Object Repository/REALRatings/FCLP/Page_REALrating/Impairment'

2019-06-25 10:27:01 - [TEST_STEP][PASSED] - if (ImpairmentCount == 9): null

2019-06-25 10:27:01 - [TEST_STEP][PASSED] - click(findTestObject("REALRatings/FCLP/Page_REALrating/a_Submit")): Object: 'Object Repository/REALRatings/FCLP/Page_REALrating/a_Submit' is clicked on

2019-06-25 10:27:01 - [MESSAGE][PASSED] - Object: 'Object Repository/REALRatings/FCLP/Page_REALrating/a_Submit' is clicked on

2019-06-25 10:27:01 - [TEST_STEP][PASSED] - delay(5): Delayed 5 second(s)

2019-06-25 10:27:06 - [MESSAGE][PASSED] - Delayed 5 second(s)

2019-06-25 10:27:06 - [TEST_STEP][PASSED] - assert getUrl() == "https://fclp-uat.realrating.co.uk/thankyou": Current window's url is: 'https://fclp-uat.realrating.co.uk/thankyou'

2019-06-25 10:27:06 - [MESSAGE][PASSED] - Current window's url is: 'https://fclp-uat.realrating.co.uk/thankyou'

2019-06-25 10:27:06 - [TEST_STEP][PASSED] - takeScreenshot(): Taking screenshot successfully

2019-06-25 10:27:06 - [MESSAGE][PASSED] - Taking screenshot successfully
[[ATTACHMENT|C:\\Users\\sambhavi\\git\\didactic-octo-spork\\Reports\\REALratings\\FCLP\\20190625_102631\\1561438626271.png]]]]></system-out>
         <system-err><![CDATA[]]></system-err>
      </testcase>
      <testcase name="Test Cases/REALratings/FCLP/login" classname="Test Cases/REALratings/FCLP/login" status="FAILED">
         <failure type="FAILED" message="Test Cases/REALratings/FCLP/login FAILED.
Reason:
com.kms.katalon.core.exception.StepFailedException: Call Test Case 'Test Cases/REALratings/FCLP/formSubmission' failed
	at com.kms.katalon.core.keyword.builtin.CallTestCaseKeyword$_callTestCase_closure1.doCall(CallTestCaseKeyword.groovy:63)
	at com.kms.katalon.core.keyword.builtin.CallTestCaseKeyword$_callTestCase_closure1.call(CallTestCaseKeyword.groovy)
	at com.kms.katalon.core.keyword.internal.KeywordMain.runKeyword(KeywordMain.groovy:66)
	at com.kms.katalon.core.keyword.builtin.CallTestCaseKeyword.callTestCase(CallTestCaseKeyword.groovy:81)
	at com.kms.katalon.core.keyword.builtin.CallTestCaseKeyword.execute(CallTestCaseKeyword.groovy:44)
	at com.kms.katalon.core.keyword.internal.KeywordExecutor.executeKeywordForPlatform(KeywordExecutor.groovy:56)
	at com.kms.katalon.core.keyword.BuiltinKeywords.callTestCase(BuiltinKeywords.groovy:334)
	at login.run(login:17)
	at com.kms.katalon.core.main.ScriptEngine.run(ScriptEngine.java:194)
	at com.kms.katalon.core.main.ScriptEngine.runScriptAsRawText(ScriptEngine.java:119)
	at com.kms.katalon.core.main.TestCaseExecutor.runScript(TestCaseExecutor.java:331)
	at com.kms.katalon.core.main.TestCaseExecutor.doExecute(TestCaseExecutor.java:322)
	at com.kms.katalon.core.main.TestCaseExecutor.processExecutionPhase(TestCaseExecutor.java:301)
	at com.kms.katalon.core.main.TestCaseExecutor.accessMainPhase(TestCaseExecutor.java:293)
	at com.kms.katalon.core.main.TestCaseExecutor.execute(TestCaseExecutor.java:227)
	at com.kms.katalon.core.main.TestSuiteExecutor.accessTestCaseMainPhase(TestSuiteExecutor.java:129)
	at com.kms.katalon.core.main.TestSuiteExecutor.accessTestSuiteMainPhase(TestSuiteExecutor.java:112)
	at com.kms.katalon.core.main.TestSuiteExecutor.execute(TestSuiteExecutor.java:81)
	at com.kms.katalon.core.main.TestCaseMain.startTestSuite(TestCaseMain.java:157)
	at com.kms.katalon.core.main.TestCaseMain$startTestSuite$0.call(Unknown Source)
	at TempTestSuite1561438591675.run(TempTestSuite1561438591675.groovy:35)
Caused by: Assertion failed: 

assert WebUI.getUrl() == 'https://fclp-uat.realrating.co.uk/thankyou'
             |        |
             |        false
             https://fclp-uat.realrating.co.uk/

	at formSubmission.run(formSubmission:339)
	at com.kms.katalon.core.main.ScriptEngine.run(ScriptEngine.java:194)
	at com.kms.katalon.core.main.ScriptEngine.runScriptAsRawText(ScriptEngine.java:119)
	at com.kms.katalon.core.main.TestCaseExecutor.runScript(TestCaseExecutor.java:331)
	at com.kms.katalon.core.main.TestCaseExecutor.doExecute(TestCaseExecutor.java:322)
	at com.kms.katalon.core.main.TestCaseExecutor.processExecutionPhase(TestCaseExecutor.java:301)
	at com.kms.katalon.core.main.TestCaseExecutor.accessMainPhase(TestCaseExecutor.java:293)
	at com.kms.katalon.core.main.TestCaseExecutor.execute(TestCaseExecutor.java:227)
	at com.kms.katalon.core.main.TestCaseMain.runTestCase(TestCaseMain.java:114)
	at com.kms.katalon.core.keyword.builtin.CallTestCaseKeyword$_callTestCase_closure1.doCall(CallTestCaseKeyword.groovy:59)
	... 20 more
"/>
         <system-out><![CDATA[2019-06-25 10:27:06 - [TEST_CASE][FAILED] - Test Cases/REALratings/FCLP/login: Test Cases/REALratings/FCLP/login FAILED.
Reason:
com.kms.katalon.core.exception.StepFailedException: Call Test Case 'Test Cases/REALratings/FCLP/formSubmission' failed
	at com.kms.katalon.core.keyword.builtin.CallTestCaseKeyword$_callTestCase_closure1.doCall(CallTestCaseKeyword.groovy:63)
	at com.kms.katalon.core.keyword.builtin.CallTestCaseKeyword$_callTestCase_closure1.call(CallTestCaseKeyword.groovy)
	at com.kms.katalon.core.keyword.internal.KeywordMain.runKeyword(KeywordMain.groovy:66)
	at com.kms.katalon.core.keyword.builtin.CallTestCaseKeyword.callTestCase(CallTestCaseKeyword.groovy:81)
	at com.kms.katalon.core.keyword.builtin.CallTestCaseKeyword.execute(CallTestCaseKeyword.groovy:44)
	at com.kms.katalon.core.keyword.internal.KeywordExecutor.executeKeywordForPlatform(KeywordExecutor.groovy:56)
	at com.kms.katalon.core.keyword.BuiltinKeywords.callTestCase(BuiltinKeywords.groovy:334)
	at login.run(login:17)
	at com.kms.katalon.core.main.ScriptEngine.run(ScriptEngine.java:194)
	at com.kms.katalon.core.main.ScriptEngine.runScriptAsRawText(ScriptEngine.java:119)
	at com.kms.katalon.core.main.TestCaseExecutor.runScript(TestCaseExecutor.java:331)
	at com.kms.katalon.core.main.TestCaseExecutor.doExecute(TestCaseExecutor.java:322)
	at com.kms.katalon.core.main.TestCaseExecutor.processExecutionPhase(TestCaseExecutor.java:301)
	at com.kms.katalon.core.main.TestCaseExecutor.accessMainPhase(TestCaseExecutor.java:293)
	at com.kms.katalon.core.main.TestCaseExecutor.execute(TestCaseExecutor.java:227)
	at com.kms.katalon.core.main.TestSuiteExecutor.accessTestCaseMainPhase(TestSuiteExecutor.java:129)
	at com.kms.katalon.core.main.TestSuiteExecutor.accessTestSuiteMainPhase(TestSuiteExecutor.java:112)
	at com.kms.katalon.core.main.TestSuiteExecutor.execute(TestSuiteExecutor.java:81)
	at com.kms.katalon.core.main.TestCaseMain.startTestSuite(TestCaseMain.java:157)
	at com.kms.katalon.core.main.TestCaseMain$startTestSuite$0.call(Unknown Source)
	at TempTestSuite1561438591675.run(TempTestSuite1561438591675.groovy:35)
Caused by: Assertion failed: 

assert WebUI.getUrl() == 'https://fclp-uat.realrating.co.uk/thankyou'
             |        |
             |        false
             https://fclp-uat.realrating.co.uk/

	at formSubmission.run(formSubmission:339)
	at com.kms.katalon.core.main.ScriptEngine.run(ScriptEngine.java:194)
	at com.kms.katalon.core.main.ScriptEngine.runScriptAsRawText(ScriptEngine.java:119)
	at com.kms.katalon.core.main.TestCaseExecutor.runScript(TestCaseExecutor.java:331)
	at com.kms.katalon.core.main.TestCaseExecutor.doExecute(TestCaseExecutor.java:322)
	at com.kms.katalon.core.main.TestCaseExecutor.processExecutionPhase(TestCaseExecutor.java:301)
	at com.kms.katalon.core.main.TestCaseExecutor.accessMainPhase(TestCaseExecutor.java:293)
	at com.kms.katalon.core.main.TestCaseExecutor.execute(TestCaseExecutor.java:227)
	at com.kms.katalon.core.main.TestCaseMain.runTestCase(TestCaseMain.java:114)
	at com.kms.katalon.core.keyword.builtin.CallTestCaseKeyword$_callTestCase_closure1.doCall(CallTestCaseKeyword.groovy:59)
	... 20 more


2019-06-25 10:27:06 - [TEST_STEP][FAILED] - callTestCase(findTestCase("REALratings/FCLP/formSubmission"), [:], STOP_ON_FAILURE): callTestCase(findTestCase("REALratings/FCLP/formSubmission"), [:], STOP_ON_FAILURE) FAILED.
Reason:
com.kms.katalon.core.exception.StepFailedException: Call Test Case 'Test Cases/REALratings/FCLP/formSubmission' failed
	at com.kms.katalon.core.keyword.builtin.CallTestCaseKeyword$_callTestCase_closure1.doCall(CallTestCaseKeyword.groovy:63)
	at com.kms.katalon.core.keyword.builtin.CallTestCaseKeyword$_callTestCase_closure1.call(CallTestCaseKeyword.groovy)
	at com.kms.katalon.core.keyword.internal.KeywordMain.runKeyword(KeywordMain.groovy:66)
	at com.kms.katalon.core.keyword.builtin.CallTestCaseKeyword.callTestCase(CallTestCaseKeyword.groovy:81)
	at com.kms.katalon.core.keyword.builtin.CallTestCaseKeyword.execute(CallTestCaseKeyword.groovy:44)
	at com.kms.katalon.core.keyword.internal.KeywordExecutor.executeKeywordForPlatform(KeywordExecutor.groovy:56)
	at com.kms.katalon.core.keyword.BuiltinKeywords.callTestCase(BuiltinKeywords.groovy:334)
	at login.run(login:17)
	at com.kms.katalon.core.main.ScriptEngine.run(ScriptEngine.java:194)
	at com.kms.katalon.core.main.ScriptEngine.runScriptAsRawText(ScriptEngine.java:119)
	at com.kms.katalon.core.main.TestCaseExecutor.runScript(TestCaseExecutor.java:331)
	at com.kms.katalon.core.main.TestCaseExecutor.doExecute(TestCaseExecutor.java:322)
	at com.kms.katalon.core.main.TestCaseExecutor.processExecutionPhase(TestCaseExecutor.java:301)
	at com.kms.katalon.core.main.TestCaseExecutor.accessMainPhase(TestCaseExecutor.java:293)
	at com.kms.katalon.core.main.TestCaseExecutor.execute(TestCaseExecutor.java:227)
	at com.kms.katalon.core.main.TestSuiteExecutor.accessTestCaseMainPhase(TestSuiteExecutor.java:129)
	at com.kms.katalon.core.main.TestSuiteExecutor.accessTestSuiteMainPhase(TestSuiteExecutor.java:112)
	at com.kms.katalon.core.main.TestSuiteExecutor.execute(TestSuiteExecutor.java:81)
	at com.kms.katalon.core.main.TestCaseMain.startTestSuite(TestCaseMain.java:157)
	at com.kms.katalon.core.main.TestCaseMain$startTestSuite$0.call(Unknown Source)
	at TempTestSuite1561438591675.run(TempTestSuite1561438591675.groovy:35)
Caused by: Assertion failed: 

assert WebUI.getUrl() == 'https://fclp-uat.realrating.co.uk/thankyou'
             |        |
             |        false
             https://fclp-uat.realrating.co.uk/

	at formSubmission.run(formSubmission:339)
	at com.kms.katalon.core.main.ScriptEngine.run(ScriptEngine.java:194)
	at com.kms.katalon.core.main.ScriptEngine.runScriptAsRawText(ScriptEngine.java:119)
	at com.kms.katalon.core.main.TestCaseExecutor.runScript(TestCaseExecutor.java:331)
	at com.kms.katalon.core.main.TestCaseExecutor.doExecute(TestCaseExecutor.java:322)
	at com.kms.katalon.core.main.TestCaseExecutor.processExecutionPhase(TestCaseExecutor.java:301)
	at com.kms.katalon.core.main.TestCaseExecutor.accessMainPhase(TestCaseExecutor.java:293)
	at com.kms.katalon.core.main.TestCaseExecutor.execute(TestCaseExecutor.java:227)
	at com.kms.katalon.core.main.TestCaseMain.runTestCase(TestCaseMain.java:114)
	at com.kms.katalon.core.keyword.builtin.CallTestCaseKeyword$_callTestCase_closure1.doCall(CallTestCaseKeyword.groovy:59)
	... 20 more


2019-06-25 10:27:06 - [TEST_CASE][FAILED] - Test Cases/REALratings/FCLP/formSubmission: Test Cases/REALratings/FCLP/formSubmission FAILED.
Reason:
Assertion failed: 

assert WebUI.getUrl() == 'https://fclp-uat.realrating.co.uk/thankyou'
             |        |
             |        false
             https://fclp-uat.realrating.co.uk/

	at formSubmission.run(formSubmission:339)
	at com.kms.katalon.core.main.ScriptEngine.run(ScriptEngine.java:194)
	at com.kms.katalon.core.main.ScriptEngine.runScriptAsRawText(ScriptEngine.java:119)
	at com.kms.katalon.core.main.TestCaseExecutor.runScript(TestCaseExecutor.java:331)
	at com.kms.katalon.core.main.TestCaseExecutor.doExecute(TestCaseExecutor.java:322)
	at com.kms.katalon.core.main.TestCaseExecutor.processExecutionPhase(TestCaseExecutor.java:301)
	at com.kms.katalon.core.main.TestCaseExecutor.accessMainPhase(TestCaseExecutor.java:293)
	at com.kms.katalon.core.main.TestCaseExecutor.execute(TestCaseExecutor.java:227)
	at com.kms.katalon.core.main.TestCaseMain.runTestCase(TestCaseMain.java:114)
	at com.kms.katalon.core.keyword.builtin.CallTestCaseKeyword$_callTestCase_closure1.doCall(CallTestCaseKeyword.groovy:59)
	at com.kms.katalon.core.keyword.builtin.CallTestCaseKeyword$_callTestCase_closure1.call(CallTestCaseKeyword.groovy)
	at com.kms.katalon.core.keyword.internal.KeywordMain.runKeyword(KeywordMain.groovy:66)
	at com.kms.katalon.core.keyword.builtin.CallTestCaseKeyword.callTestCase(CallTestCaseKeyword.groovy:81)
	at com.kms.katalon.core.keyword.builtin.CallTestCaseKeyword.execute(CallTestCaseKeyword.groovy:44)
	at com.kms.katalon.core.keyword.internal.KeywordExecutor.executeKeywordForPlatform(KeywordExecutor.groovy:56)
	at com.kms.katalon.core.keyword.BuiltinKeywords.callTestCase(BuiltinKeywords.groovy:334)
	at login.run(login:17)
	at com.kms.katalon.core.main.ScriptEngine.run(ScriptEngine.java:194)
	at com.kms.katalon.core.main.ScriptEngine.runScriptAsRawText(ScriptEngine.java:119)
	at com.kms.katalon.core.main.TestCaseExecutor.runScript(TestCaseExecutor.java:331)
	at com.kms.katalon.core.main.TestCaseExecutor.doExecute(TestCaseExecutor.java:322)
	at com.kms.katalon.core.main.TestCaseExecutor.processExecutionPhase(TestCaseExecutor.java:301)
	at com.kms.katalon.core.main.TestCaseExecutor.accessMainPhase(TestCaseExecutor.java:293)
	at com.kms.katalon.core.main.TestCaseExecutor.execute(TestCaseExecutor.java:227)
	at com.kms.katalon.core.main.TestSuiteExecutor.accessTestCaseMainPhase(TestSuiteExecutor.java:129)
	at com.kms.katalon.core.main.TestSuiteExecutor.accessTestSuiteMainPhase(TestSuiteExecutor.java:112)
	at com.kms.katalon.core.main.TestSuiteExecutor.execute(TestSuiteExecutor.java:81)
	at com.kms.katalon.core.main.TestCaseMain.startTestSuite(TestCaseMain.java:157)
	at com.kms.katalon.core.main.TestCaseMain$startTestSuite$0.call(Unknown Source)
	at TempTestSuite1561438591675.run(TempTestSuite1561438591675.groovy:35)


2019-06-25 10:27:06 - [TEST_STEP][PASSED] - openBrowser(""): Browser is opened with url: ''

2019-06-25 10:27:06 - [MESSAGE][WARNING] - A browser is already opened. Closing browser and opening a new one

2019-06-25 10:27:07 - [MESSAGE][INFO] - Starting 'Chrome' driver

2019-06-25 10:27:10 - [MESSAGE][PASSED] - Browser is opened with url: ''

2019-06-25 10:27:10 - [TEST_STEP][PASSED] - myDriver = getWebDriver(): null

2019-06-25 10:27:10 - [TEST_STEP][PASSED] - navigateToUrl("https://fclp-uat.realrating.co.uk/"): Navigate to 'https://fclp-uat.realrating.co.uk/' successfully

2019-06-25 10:27:13 - [MESSAGE][PASSED] - Navigate to 'https://fclp-uat.realrating.co.uk/' successfully

2019-06-25 10:27:13 - [TEST_STEP][PASSED] - maximizeWindow(): Current window maximized

2019-06-25 10:27:14 - [MESSAGE][PASSED] - Current window maximized

2019-06-25 10:27:14 - [TEST_STEP][PASSED] - rad = new java.util.Random(): null

2019-06-25 10:27:14 - [TEST_STEP][PASSED] - comment("Basic and University  Information"): Basic and University  Information

2019-06-25 10:27:14 - [MESSAGE][INFO] - Basic and University  Information

2019-06-25 10:27:14 - [TEST_STEP][PASSED] - setText(findTestObject("REALRatings/FCLP/Page_REALrating/First Name"), "asha"): Text 'asha' is set on object 'Object Repository/REALRatings/FCLP/Page_REALrating/First Name'

2019-06-25 10:27:14 - [MESSAGE][PASSED] - Text 'asha' is set on object 'Object Repository/REALRatings/FCLP/Page_REALrating/First Name'

2019-06-25 10:27:14 - [TEST_STEP][PASSED] - setText(findTestObject("REALRatings/FCLP/Page_REALrating/Last Name"), "rajednran"): Text 'rajednran' is set on object 'Object Repository/REALRatings/FCLP/Page_REALrating/Last Name'

2019-06-25 10:27:14 - [MESSAGE][PASSED] - Text 'rajednran' is set on object 'Object Repository/REALRatings/FCLP/Page_REALrating/Last Name'

2019-06-25 10:27:14 - [TEST_STEP][PASSED] - emailid = rad.nextInt(2000): null

2019-06-25 10:27:14 - [TEST_STEP][PASSED] - setText(findTestObject("REALRatings/FCLP/Page_REALrating/Univrsity Emaid"), "fclp" + emailid + "@test.com"): Text 'fclp433@test.com' is set on object 'Object Repository/REALRatings/FCLP/Page_REALrating/Univrsity Emaid'

2019-06-25 10:27:15 - [MESSAGE][PASSED] - Text 'fclp433@test.com' is set on object 'Object Repository/REALRatings/FCLP/Page_REALrating/Univrsity Emaid'

2019-06-25 10:27:15 - [TEST_STEP][PASSED] - UniversityTotalOption = getNumberOfTotalOption(findTestObject("REALRatings/FCLP/Page_REALrating/University")): 154 options of object 'Object Repository/REALRatings/FCLP/Page_REALrating/University' counted

2019-06-25 10:27:15 - [MESSAGE][PASSED] - 154 options of object 'Object Repository/REALRatings/FCLP/Page_REALrating/University' counted

2019-06-25 10:27:15 - [TEST_STEP][PASSED] - UniversityCount = 1 + rad.nextInt(UniversityTotalOption - 1): null

2019-06-25 10:27:15 - [TEST_STEP][PASSED] - selectOptionByIndex(findTestObject("REALRatings/FCLP/Page_REALrating/University"), UniversityCount): All options with index in [43] are selected on object 'Object Repository/REALRatings/FCLP/Page_REALrating/University'

2019-06-25 10:27:15 - [MESSAGE][PASSED] - All options with index in [43] are selected on object 'Object Repository/REALRatings/FCLP/Page_REALrating/University'

2019-06-25 10:27:15 - [TEST_STEP][PASSED] - if (UniversityCount == 98): null

2019-06-25 10:27:15 - [TEST_STEP][PASSED] - UniversityCourseTotalOption = getNumberOfTotalOption(findTestObject("REALRatings/FCLP/Page_REALrating/University Course")): 96 options of object 'Object Repository/REALRatings/FCLP/Page_REALrating/University Course' counted

2019-06-25 10:27:15 - [MESSAGE][PASSED] - 96 options of object 'Object Repository/REALRatings/FCLP/Page_REALrating/University Course' counted

2019-06-25 10:27:15 - [TEST_STEP][PASSED] - UniveristyCourseCount = 1 + rad.nextInt(UniversityCourseTotalOption - 1): null

2019-06-25 10:27:15 - [TEST_STEP][PASSED] - selectOptionByIndex(findTestObject("REALRatings/FCLP/Page_REALrating/University Course"), UniveristyCourseCount): All options with index in [44] are selected on object 'Object Repository/REALRatings/FCLP/Page_REALrating/University Course'

2019-06-25 10:27:16 - [MESSAGE][PASSED] - All options with index in [44] are selected on object 'Object Repository/REALRatings/FCLP/Page_REALrating/University Course'

2019-06-25 10:27:16 - [TEST_STEP][PASSED] - if (UniveristyCourseCount == 95): null

2019-06-25 10:27:16 - [TEST_STEP][PASSED] - GraduationYearTotalOptions = getNumberOfTotalOption(findTestObject("REALRatings/FCLP/Page_REALrating/Graduation Year")): 17 options of object 'Object Repository/REALRatings/FCLP/Page_REALrating/Graduation Year' counted

2019-06-25 10:27:16 - [MESSAGE][PASSED] - 17 options of object 'Object Repository/REALRatings/FCLP/Page_REALrating/Graduation Year' counted

2019-06-25 10:27:16 - [TEST_STEP][PASSED] - GraduationYearcount = 1 + rad.nextInt(GraduationYearTotalOptions - 1): null

2019-06-25 10:27:16 - [TEST_STEP][PASSED] - selectOptionByIndex(findTestObject("REALRatings/FCLP/Page_REALrating/Graduation Year"), GraduationYearcount): All options with index in [15] are selected on object 'Object Repository/REALRatings/FCLP/Page_REALrating/Graduation Year'

2019-06-25 10:27:16 - [MESSAGE][PASSED] - All options with index in [15] are selected on object 'Object Repository/REALRatings/FCLP/Page_REALrating/Graduation Year'

2019-06-25 10:27:16 - [TEST_STEP][PASSED] - GradeYearTotalOptions = getNumberOfTotalOption(findTestObject("REALRatings/FCLP/Page_REALrating/Grade 21")): 3 options of object 'Object Repository/REALRatings/FCLP/Page_REALrating/Grade 21' counted

2019-06-25 10:27:16 - [MESSAGE][PASSED] - 3 options of object 'Object Repository/REALRatings/FCLP/Page_REALrating/Grade 21' counted

2019-06-25 10:27:16 - [TEST_STEP][PASSED] - GradeYearcount = 1 + rad.nextInt(GradeYearTotalOptions - 1): null

2019-06-25 10:27:16 - [TEST_STEP][PASSED] - selectOptionByIndex(findTestObject("REALRatings/FCLP/Page_REALrating/Grade 21"), GradeYearcount): All options with index in [2] are selected on object 'Object Repository/REALRatings/FCLP/Page_REALrating/Grade 21'

2019-06-25 10:27:16 - [MESSAGE][PASSED] - All options with index in [2] are selected on object 'Object Repository/REALRatings/FCLP/Page_REALrating/Grade 21'

2019-06-25 10:27:16 - [TEST_STEP][PASSED] - GradeEnglishYearTotalOptions = getNumberOfTotalOption(findTestObject("REALRatings/FCLP/Page_REALrating/Grade B English")): 3 options of object 'Object Repository/REALRatings/FCLP/Page_REALrating/Grade B English' counted

2019-06-25 10:27:16 - [MESSAGE][PASSED] - 3 options of object 'Object Repository/REALRatings/FCLP/Page_REALrating/Grade B English' counted

2019-06-25 10:27:16 - [TEST_STEP][PASSED] - GradeEnglishYearcount = 1 + rad.nextInt(GradeEnglishYearTotalOptions - 1): null

2019-06-25 10:27:16 - [TEST_STEP][PASSED] - selectOptionByIndex(findTestObject("REALRatings/FCLP/Page_REALrating/Grade B English"), GradeEnglishYearcount): All options with index in [2] are selected on object 'Object Repository/REALRatings/FCLP/Page_REALrating/Grade B English'

2019-06-25 10:27:16 - [MESSAGE][PASSED] - All options with index in [2] are selected on object 'Object Repository/REALRatings/FCLP/Page_REALrating/Grade B English'

2019-06-25 10:27:16 - [TEST_STEP][PASSED] - delay(2): Delayed 2 second(s)

2019-06-25 10:27:18 - [MESSAGE][PASSED] - Delayed 2 second(s)

2019-06-25 10:27:18 - [TEST_STEP][PASSED] - selectOptionByIndex(findTestObject("REALRatings/FCLP/Page_REALrating/Grade B Maths"), GradeEnglishYearcount): All options with index in [2] are selected on object 'Object Repository/REALRatings/FCLP/Page_REALrating/Grade B Maths'

2019-06-25 10:27:18 - [MESSAGE][PASSED] - All options with index in [2] are selected on object 'Object Repository/REALRatings/FCLP/Page_REALrating/Grade B Maths'

2019-06-25 10:27:18 - [TEST_STEP][PASSED] - click(findTestObject("REALRatings/FCLP/Page_REALrating/a_Next")): Object: 'Object Repository/REALRatings/FCLP/Page_REALrating/a_Next' is clicked on

2019-06-25 10:27:18 - [MESSAGE][PASSED] - Object: 'Object Repository/REALRatings/FCLP/Page_REALrating/a_Next' is clicked on

2019-06-25 10:27:18 - [TEST_STEP][PASSED] - delay(2): Delayed 2 second(s)

2019-06-25 10:27:20 - [MESSAGE][PASSED] - Delayed 2 second(s)

2019-06-25 10:27:20 - [TEST_STEP][PASSED] - comment("Main Qualification Information"): Main Qualification Information

2019-06-25 10:27:20 - [MESSAGE][INFO] - Main Qualification Information

2019-06-25 10:27:20 - [TEST_STEP][PASSED] - ALevelYearTotalOptions = getNumberOfTotalOption(findTestObject("REALRatings/FCLP/Page_REALrating/A Level Year")): 71 options of object 'Object Repository/REALRatings/FCLP/Page_REALrating/A Level Year' counted

2019-06-25 10:27:21 - [MESSAGE][PASSED] - 71 options of object 'Object Repository/REALRatings/FCLP/Page_REALrating/A Level Year' counted

2019-06-25 10:27:21 - [TEST_STEP][PASSED] - ALevelYearcount = 1 + rad.nextInt(ALevelYearTotalOptions - 1): null

2019-06-25 10:27:21 - [TEST_STEP][PASSED] - selectOptionByIndex(findTestObject("REALRatings/FCLP/Page_REALrating/A Level Year"), ALevelYearcount): All options with index in [8] are selected on object 'Object Repository/REALRatings/FCLP/Page_REALrating/A Level Year'

2019-06-25 10:27:21 - [MESSAGE][PASSED] - All options with index in [8] are selected on object 'Object Repository/REALRatings/FCLP/Page_REALrating/A Level Year'

2019-06-25 10:27:21 - [TEST_STEP][PASSED] - GCSEYearTotalOptions = getNumberOfTotalOption(findTestObject("REALRatings/FCLP/Page_REALrating/GCSE Year")): 71 options of object 'Object Repository/REALRatings/FCLP/Page_REALrating/GCSE Year' counted

2019-06-25 10:27:21 - [MESSAGE][PASSED] - 71 options of object 'Object Repository/REALRatings/FCLP/Page_REALrating/GCSE Year' counted

2019-06-25 10:27:21 - [TEST_STEP][PASSED] - GCSEYearCount = 1 + rad.nextInt(GCSEYearTotalOptions - 1): null

2019-06-25 10:27:21 - [TEST_STEP][PASSED] - selectOptionByIndex(findTestObject("REALRatings/FCLP/Page_REALrating/GCSE Year"), GCSEYearCount): All options with index in [54] are selected on object 'Object Repository/REALRatings/FCLP/Page_REALrating/GCSE Year'

2019-06-25 10:27:21 - [MESSAGE][PASSED] - All options with index in [54] are selected on object 'Object Repository/REALRatings/FCLP/Page_REALrating/GCSE Year'

2019-06-25 10:27:21 - [TEST_STEP][PASSED] - MainQualificationTotaloptions = getNumberOfTotalOption(findTestObject("REALRatings/Greensill/Page_REALrating/Main Qualification")): 6 options of object 'Object Repository/REALRatings/Greensill/Page_REALrating/Main Qualification' counted

2019-06-25 10:27:21 - [MESSAGE][PASSED] - 6 options of object 'Object Repository/REALRatings/Greensill/Page_REALrating/Main Qualification' counted

2019-06-25 10:27:21 - [TEST_STEP][PASSED] - MainQualificationCount = 1 + rad.nextInt(MainQualificationTotaloptions - 1): null

2019-06-25 10:27:21 - [TEST_STEP][PASSED] - selectOptionByIndex(findTestObject("REALRatings/Greensill/Page_REALrating/Main Qualification"), MainQualificationCount): All options with index in [3] are selected on object 'Object Repository/REALRatings/Greensill/Page_REALrating/Main Qualification'

2019-06-25 10:27:21 - [MESSAGE][PASSED] - All options with index in [3] are selected on object 'Object Repository/REALRatings/Greensill/Page_REALrating/Main Qualification'

2019-06-25 10:27:21 - [TEST_STEP][PASSED] - if (MainQualificationCount == 1): null

2019-06-25 10:27:21 - [TEST_STEP][PASSED] - else if (MainQualificationCount == 2): null

2019-06-25 10:27:21 - [TEST_STEP][PASSED] - else if (MainQualificationCount == 3): All options with index in [58] are selected on object 'Object Repository/REALRatings/Greensill/Page_REALrating/IB YearThree'

2019-06-25 10:27:21 - [TEST_STEP][PASSED] - IBP1TotalOptions = getNumberOfTotalOption(findTestObject("REALRatings/Greensill/Page_REALrating/IB Points one")): 8 options of object 'Object Repository/REALRatings/Greensill/Page_REALrating/IB Points one' counted

2019-06-25 10:27:21 - [MESSAGE][PASSED] - 8 options of object 'Object Repository/REALRatings/Greensill/Page_REALrating/IB Points one' counted

2019-06-25 10:27:21 - [TEST_STEP][PASSED] - IBP1count = 1 + rad.nextInt(IBP1TotalOptions - 1): null

2019-06-25 10:27:21 - [TEST_STEP][PASSED] - selectOptionByIndex(findTestObject("REALRatings/Greensill/Page_REALrating/IB Points one"), IBP1count): All options with index in [6] are selected on object 'Object Repository/REALRatings/Greensill/Page_REALrating/IB Points one'

2019-06-25 10:27:22 - [MESSAGE][PASSED] - All options with index in [6] are selected on object 'Object Repository/REALRatings/Greensill/Page_REALrating/IB Points one'

2019-06-25 10:27:22 - [TEST_STEP][PASSED] - IBY1TotalPoints = getNumberOfTotalOption(findTestObject("REALRatings/Greensill/Page_REALrating/IB Year One")): 71 options of object 'Object Repository/REALRatings/Greensill/Page_REALrating/IB Year One' counted

2019-06-25 10:27:22 - [MESSAGE][PASSED] - 71 options of object 'Object Repository/REALRatings/Greensill/Page_REALrating/IB Year One' counted

2019-06-25 10:27:22 - [TEST_STEP][PASSED] - IBY1count = 1 + rad.nextInt(IBY1TotalPoints - 1): null

2019-06-25 10:27:22 - [TEST_STEP][PASSED] - selectOptionByIndex(findTestObject("REALRatings/Greensill/Page_REALrating/IB Year One"), IBY1count): All options with index in [31] are selected on object 'Object Repository/REALRatings/Greensill/Page_REALrating/IB Year One'

2019-06-25 10:27:22 - [MESSAGE][PASSED] - All options with index in [31] are selected on object 'Object Repository/REALRatings/Greensill/Page_REALrating/IB Year One'

2019-06-25 10:27:22 - [TEST_STEP][PASSED] - IBP2TotalOptions = getNumberOfTotalOption(findTestObject("REALRatings/Greensill/Page_REALrating/IB Points Two")): 8 options of object 'Object Repository/REALRatings/Greensill/Page_REALrating/IB Points Two' counted

2019-06-25 10:27:22 - [MESSAGE][PASSED] - 8 options of object 'Object Repository/REALRatings/Greensill/Page_REALrating/IB Points Two' counted

2019-06-25 10:27:22 - [TEST_STEP][PASSED] - IBP2count = 1 + rad.nextInt(IBP2TotalOptions - 1): null

2019-06-25 10:27:22 - [TEST_STEP][PASSED] - selectOptionByIndex(findTestObject("REALRatings/Greensill/Page_REALrating/IB Points Two"), IBP2count): All options with index in [4] are selected on object 'Object Repository/REALRatings/Greensill/Page_REALrating/IB Points Two'

2019-06-25 10:27:22 - [MESSAGE][PASSED] - All options with index in [4] are selected on object 'Object Repository/REALRatings/Greensill/Page_REALrating/IB Points Two'

2019-06-25 10:27:22 - [TEST_STEP][PASSED] - delay(2): Delayed 2 second(s)

2019-06-25 10:27:24 - [MESSAGE][PASSED] - Delayed 2 second(s)

2019-06-25 10:27:24 - [TEST_STEP][PASSED] - IBY2TotalOptions = getNumberOfTotalOption(findTestObject("REALRatings/Greensill/Page_REALrating/IB YearTwo")): 71 options of object 'Object Repository/REALRatings/Greensill/Page_REALrating/IB YearTwo' counted

2019-06-25 10:27:24 - [MESSAGE][PASSED] - 71 options of object 'Object Repository/REALRatings/Greensill/Page_REALrating/IB YearTwo' counted

2019-06-25 10:27:24 - [TEST_STEP][PASSED] - IBY2count = 1 + rad.nextInt(IBY2TotalOptions - 1): null

2019-06-25 10:27:24 - [TEST_STEP][PASSED] - selectOptionByIndex(findTestObject("REALRatings/Greensill/Page_REALrating/IB YearTwo"), IBY2count): All options with index in [39] are selected on object 'Object Repository/REALRatings/Greensill/Page_REALrating/IB YearTwo'

2019-06-25 10:27:25 - [MESSAGE][PASSED] - All options with index in [39] are selected on object 'Object Repository/REALRatings/Greensill/Page_REALrating/IB YearTwo'

2019-06-25 10:27:25 - [TEST_STEP][PASSED] - IBP3TotalOptions = getNumberOfTotalOption(findTestObject("REALRatings/Greensill/Page_REALrating/IB Points Three")): 8 options of object 'Object Repository/REALRatings/Greensill/Page_REALrating/IB Points Three' counted

2019-06-25 10:27:25 - [MESSAGE][PASSED] - 8 options of object 'Object Repository/REALRatings/Greensill/Page_REALrating/IB Points Three' counted

2019-06-25 10:27:25 - [TEST_STEP][PASSED] - IBP3count = 1 + rad.nextInt(IBP3TotalOptions - 1): null

2019-06-25 10:27:25 - [TEST_STEP][PASSED] - selectOptionByIndex(findTestObject("REALRatings/Greensill/Page_REALrating/IB Points Three"), IBP3count): All options with index in [4] are selected on object 'Object Repository/REALRatings/Greensill/Page_REALrating/IB Points Three'

2019-06-25 10:27:25 - [MESSAGE][PASSED] - All options with index in [4] are selected on object 'Object Repository/REALRatings/Greensill/Page_REALrating/IB Points Three'

2019-06-25 10:27:25 - [TEST_STEP][PASSED] - IBY3TotalOptions = getNumberOfTotalOption(findTestObject("REALRatings/Greensill/Page_REALrating/IB YearThree")): 71 options of object 'Object Repository/REALRatings/Greensill/Page_REALrating/IB YearThree' counted

2019-06-25 10:27:25 - [MESSAGE][PASSED] - 71 options of object 'Object Repository/REALRatings/Greensill/Page_REALrating/IB YearThree' counted

2019-06-25 10:27:25 - [TEST_STEP][PASSED] - IBY3count = 1 + rad.nextInt(IBY3TotalOptions - 1): null

2019-06-25 10:27:25 - [TEST_STEP][PASSED] - selectOptionByIndex(findTestObject("REALRatings/Greensill/Page_REALrating/IB YearThree"), IBY3count): All options with index in [58] are selected on object 'Object Repository/REALRatings/Greensill/Page_REALrating/IB YearThree'

2019-06-25 10:27:25 - [MESSAGE][PASSED] - All options with index in [58] are selected on object 'Object Repository/REALRatings/Greensill/Page_REALrating/IB YearThree'

2019-06-25 10:27:25 - [TEST_STEP][PASSED] - setText(findTestObject("REALRatings/Greensill/Page_REALrating/A Level School"), findTestData("getEmployable/Applicants").getValue(6, 1)): Text 'Kings Richard School' is set on object 'Object Repository/REALRatings/Greensill/Page_REALrating/A Level School'

2019-06-25 10:27:26 - [MESSAGE][PASSED] - Text 'Kings Richard School' is set on object 'Object Repository/REALRatings/Greensill/Page_REALrating/A Level School'

2019-06-25 10:27:26 - [TEST_STEP][PASSED] - setText(findTestObject("REALRatings/Greensill/Page_REALrating/GCSE School"), findTestData("getEmployable/Applicants").getValue(7, 1)): Text 'Kings Richard School' is set on object 'Object Repository/REALRatings/Greensill/Page_REALrating/GCSE School'

2019-06-25 10:27:26 - [MESSAGE][PASSED] - Text 'Kings Richard School' is set on object 'Object Repository/REALRatings/Greensill/Page_REALrating/GCSE School'

2019-06-25 10:27:26 - [TEST_STEP][PASSED] - setText(findTestObject("REALRatings/Greensill/Page_REALrating/A Level Postalcode"), findTestData("getEmployable/Applicants").getValue(8, 1)): Text 'NW64DN' is set on object 'Object Repository/REALRatings/Greensill/Page_REALrating/A Level Postalcode'

2019-06-25 10:27:26 - [MESSAGE][PASSED] - Text 'NW64DN' is set on object 'Object Repository/REALRatings/Greensill/Page_REALrating/A Level Postalcode'

2019-06-25 10:27:26 - [TEST_STEP][PASSED] - setText(findTestObject("REALRatings/Greensill/Page_REALrating/GCSE Postalcode"), findTestData("getEmployable/Applicants").getValue(9, 1)): Text 'AL60AA' is set on object 'Object Repository/REALRatings/Greensill/Page_REALrating/GCSE Postalcode'

2019-06-25 10:27:26 - [MESSAGE][PASSED] - Text 'AL60AA' is set on object 'Object Repository/REALRatings/Greensill/Page_REALrating/GCSE Postalcode'

2019-06-25 10:27:26 - [TEST_STEP][PASSED] - click(findTestObject("REALRatings/Greensill/Page_REALrating/TickAnyStatement")): Object: 'Object Repository/REALRatings/Greensill/Page_REALrating/TickAnyStatement' is clicked on

2019-06-25 10:27:26 - [MESSAGE][PASSED] - Object: 'Object Repository/REALRatings/Greensill/Page_REALrating/TickAnyStatement' is clicked on

2019-06-25 10:27:26 - [TEST_STEP][PASSED] - click(findTestObject("REALRatings/FCLP/Page_REALrating/Second Next")): Object: 'Object Repository/REALRatings/FCLP/Page_REALrating/Second Next' is clicked on

2019-06-25 10:27:26 - [MESSAGE][PASSED] - Object: 'Object Repository/REALRatings/FCLP/Page_REALrating/Second Next' is clicked on

2019-06-25 10:27:26 - [TEST_STEP][PASSED] - delay(2): Delayed 2 second(s)

2019-06-25 10:27:28 - [MESSAGE][PASSED] - Delayed 2 second(s)

2019-06-25 10:27:28 - [TEST_STEP][PASSED] - comment("Background Information"): Background Information

2019-06-25 10:27:28 - [MESSAGE][INFO] - Background Information

2019-06-25 10:27:28 - [TEST_STEP][PASSED] - click(findTestObject("REALRatings/FCLP/Page_REALrating/confirm agreement")): Object: 'Object Repository/REALRatings/FCLP/Page_REALrating/confirm agreement' is clicked on

2019-06-25 10:27:28 - [MESSAGE][PASSED] - Object: 'Object Repository/REALRatings/FCLP/Page_REALrating/confirm agreement' is clicked on

2019-06-25 10:27:28 - [TEST_STEP][PASSED] - EthnicTotalOptions = getNumberOfTotalOption(findTestObject("REALRatings/FCLP/Page_REALrating/Ethnic Group"), STOP_ON_FAILURE): 23 options of object 'Object Repository/REALRatings/FCLP/Page_REALrating/Ethnic Group' counted

2019-06-25 10:27:28 - [MESSAGE][PASSED] - 23 options of object 'Object Repository/REALRatings/FCLP/Page_REALrating/Ethnic Group' counted

2019-06-25 10:27:28 - [TEST_STEP][PASSED] - EthnicCount = 1 + rad.nextInt(EthnicTotalOptions - 1): null

2019-06-25 10:27:28 - [TEST_STEP][PASSED] - selectOptionByIndex(findTestObject("REALRatings/FCLP/Page_REALrating/Ethnic Group"), EthnicCount): All options with index in [1] are selected on object 'Object Repository/REALRatings/FCLP/Page_REALrating/Ethnic Group'

2019-06-25 10:27:29 - [MESSAGE][PASSED] - All options with index in [1] are selected on object 'Object Repository/REALRatings/FCLP/Page_REALrating/Ethnic Group'

2019-06-25 10:27:29 - [TEST_STEP][PASSED] - setText(findTestObject("REALRatings/FCLP/Page_REALrating/input_What is your ethnic group_parent_carer"), "ethnicparent group"): Text 'ethnicparent group' is set on object 'Object Repository/REALRatings/FCLP/Page_REALrating/input_What is your ethnic group_parent_carer'

2019-06-25 10:27:29 - [MESSAGE][PASSED] - Text 'ethnicparent group' is set on object 'Object Repository/REALRatings/FCLP/Page_REALrating/input_What is your ethnic group_parent_carer'

2019-06-25 10:27:29 - [TEST_STEP][PASSED] - GenderTotalOptions = getNumberOfTotalOption(findTestObject("REALRatings/FCLP/Page_REALrating/Gender"), STOP_ON_FAILURE): 5 options of object 'Object Repository/REALRatings/FCLP/Page_REALrating/Gender' counted

2019-06-25 10:27:29 - [MESSAGE][PASSED] - 5 options of object 'Object Repository/REALRatings/FCLP/Page_REALrating/Gender' counted

2019-06-25 10:27:29 - [TEST_STEP][PASSED] - GenderCount = 1 + rad.nextInt(GenderTotalOptions - 1): null

2019-06-25 10:27:29 - [TEST_STEP][PASSED] - selectOptionByIndex(findTestObject("REALRatings/FCLP/Page_REALrating/Gender"), GenderCount): All options with index in [3] are selected on object 'Object Repository/REALRatings/FCLP/Page_REALrating/Gender'

2019-06-25 10:27:29 - [MESSAGE][PASSED] - All options with index in [3] are selected on object 'Object Repository/REALRatings/FCLP/Page_REALrating/Gender'

2019-06-25 10:27:29 - [TEST_STEP][PASSED] - if (GenderCount == 3): Text 'Othr Gender' is set on object 'Object Repository/REALRatings/FCLP/Page_REALrating/Other Gender'

2019-06-25 10:27:29 - [TEST_STEP][PASSED] - setText(findTestObject("REALRatings/FCLP/Page_REALrating/Other Gender"), "Othr Gender"): Text 'Othr Gender' is set on object 'Object Repository/REALRatings/FCLP/Page_REALrating/Other Gender'

2019-06-25 10:27:29 - [MESSAGE][PASSED] - Text 'Othr Gender' is set on object 'Object Repository/REALRatings/FCLP/Page_REALrating/Other Gender'

2019-06-25 10:27:29 - [TEST_STEP][PASSED] - ReligionTotalOptions = getNumberOfTotalOption(findTestObject("REALRatings/FCLP/Page_REALrating/Religion")): 10 options of object 'Object Repository/REALRatings/FCLP/Page_REALrating/Religion' counted

2019-06-25 10:27:29 - [MESSAGE][PASSED] - 10 options of object 'Object Repository/REALRatings/FCLP/Page_REALrating/Religion' counted

2019-06-25 10:27:29 - [TEST_STEP][PASSED] - ReligionCount = 1 + rad.nextInt(ReligionTotalOptions - 1): null

2019-06-25 10:27:29 - [TEST_STEP][PASSED] - selectOptionByIndex(findTestObject("REALRatings/FCLP/Page_REALrating/Religion"), ReligionCount): All options with index in [3] are selected on object 'Object Repository/REALRatings/FCLP/Page_REALrating/Religion'

2019-06-25 10:27:29 - [MESSAGE][PASSED] - All options with index in [3] are selected on object 'Object Repository/REALRatings/FCLP/Page_REALrating/Religion'

2019-06-25 10:27:29 - [TEST_STEP][PASSED] - if (ReligionCount == 8): null

2019-06-25 10:27:29 - [TEST_STEP][PASSED] - BirthTotalOptions = getNumberOfTotalOption(findTestObject("REALRatings/FCLP/Page_REALrating/Birth Gender")): 4 options of object 'Object Repository/REALRatings/FCLP/Page_REALrating/Birth Gender' counted

2019-06-25 10:27:29 - [MESSAGE][PASSED] - 4 options of object 'Object Repository/REALRatings/FCLP/Page_REALrating/Birth Gender' counted

2019-06-25 10:27:29 - [TEST_STEP][PASSED] - BirthCount = 1 + rad.nextInt(BirthTotalOptions - 1): null

2019-06-25 10:27:29 - [TEST_STEP][PASSED] - selectOptionByIndex(findTestObject("REALRatings/FCLP/Page_REALrating/Birth Gender"), BirthCount): All options with index in [1] are selected on object 'Object Repository/REALRatings/FCLP/Page_REALrating/Birth Gender'

2019-06-25 10:27:30 - [MESSAGE][PASSED] - All options with index in [1] are selected on object 'Object Repository/REALRatings/FCLP/Page_REALrating/Birth Gender'

2019-06-25 10:27:30 - [TEST_STEP][PASSED] - SexualTotalOptions = getNumberOfTotalOption(findTestObject("REALRatings/FCLP/Page_REALrating/Sexual Orientation")): 7 options of object 'Object Repository/REALRatings/FCLP/Page_REALrating/Sexual Orientation' counted

2019-06-25 10:27:30 - [MESSAGE][PASSED] - 7 options of object 'Object Repository/REALRatings/FCLP/Page_REALrating/Sexual Orientation' counted

2019-06-25 10:27:30 - [TEST_STEP][PASSED] - SexualCount = 1 + rad.nextInt(SexualTotalOptions - 1): null

2019-06-25 10:27:30 - [TEST_STEP][PASSED] - selectOptionByIndex(findTestObject("REALRatings/FCLP/Page_REALrating/Sexual Orientation"), SexualCount): All options with index in [2] are selected on object 'Object Repository/REALRatings/FCLP/Page_REALrating/Sexual Orientation'

2019-06-25 10:27:30 - [MESSAGE][PASSED] - All options with index in [2] are selected on object 'Object Repository/REALRatings/FCLP/Page_REALrating/Sexual Orientation'

2019-06-25 10:27:30 - [TEST_STEP][PASSED] - if (SexualCount == 5): null

2019-06-25 10:27:30 - [TEST_STEP][PASSED] - ImpairmentTotalOptions = getNumberOfTotalOption(findTestObject("REALRatings/FCLP/Page_REALrating/Impairment")): 11 options of object 'Object Repository/REALRatings/FCLP/Page_REALrating/Impairment' counted

2019-06-25 10:27:30 - [MESSAGE][PASSED] - 11 options of object 'Object Repository/REALRatings/FCLP/Page_REALrating/Impairment' counted

2019-06-25 10:27:30 - [TEST_STEP][PASSED] - ImpairmentCount = 1 + rad.nextInt(ImpairmentTotalOptions - 1): null

2019-06-25 10:27:30 - [TEST_STEP][PASSED] - selectOptionByIndex(findTestObject("REALRatings/FCLP/Page_REALrating/Impairment"), ImpairmentCount): All options with index in [4] are selected on object 'Object Repository/REALRatings/FCLP/Page_REALrating/Impairment'

2019-06-25 10:27:30 - [MESSAGE][PASSED] - All options with index in [4] are selected on object 'Object Repository/REALRatings/FCLP/Page_REALrating/Impairment'

2019-06-25 10:27:30 - [TEST_STEP][PASSED] - if (ImpairmentCount == 9): null

2019-06-25 10:27:30 - [TEST_STEP][PASSED] - click(findTestObject("REALRatings/FCLP/Page_REALrating/a_Submit")): Object: 'Object Repository/REALRatings/FCLP/Page_REALrating/a_Submit' is clicked on

2019-06-25 10:27:30 - [MESSAGE][PASSED] - Object: 'Object Repository/REALRatings/FCLP/Page_REALrating/a_Submit' is clicked on

2019-06-25 10:27:30 - [TEST_STEP][PASSED] - delay(5): Delayed 5 second(s)

2019-06-25 10:27:35 - [MESSAGE][PASSED] - Delayed 5 second(s)

2019-06-25 10:27:35 - [TEST_STEP][FAILED] - assert getUrl() == "https://fclp-uat.realrating.co.uk/thankyou": assert getUrl() == "https://fclp-uat.realrating.co.uk/thankyou" FAILED.
Reason:
Assertion failed: 

assert WebUI.getUrl() == 'https://fclp-uat.realrating.co.uk/thankyou'
             |        |
             |        false
             https://fclp-uat.realrating.co.uk/

	at formSubmission.run(formSubmission:339)
	at com.kms.katalon.core.main.ScriptEngine.run(ScriptEngine.java:194)
	at com.kms.katalon.core.main.ScriptEngine.runScriptAsRawText(ScriptEngine.java:119)
	at com.kms.katalon.core.main.TestCaseExecutor.runScript(TestCaseExecutor.java:331)
	at com.kms.katalon.core.main.TestCaseExecutor.doExecute(TestCaseExecutor.java:322)
	at com.kms.katalon.core.main.TestCaseExecutor.processExecutionPhase(TestCaseExecutor.java:301)
	at com.kms.katalon.core.main.TestCaseExecutor.accessMainPhase(TestCaseExecutor.java:293)
	at com.kms.katalon.core.main.TestCaseExecutor.execute(TestCaseExecutor.java:227)
	at com.kms.katalon.core.main.TestCaseMain.runTestCase(TestCaseMain.java:114)
	at com.kms.katalon.core.keyword.builtin.CallTestCaseKeyword$_callTestCase_closure1.doCall(CallTestCaseKeyword.groovy:59)
	at com.kms.katalon.core.keyword.builtin.CallTestCaseKeyword$_callTestCase_closure1.call(CallTestCaseKeyword.groovy)
	at com.kms.katalon.core.keyword.internal.KeywordMain.runKeyword(KeywordMain.groovy:66)
	at com.kms.katalon.core.keyword.builtin.CallTestCaseKeyword.callTestCase(CallTestCaseKeyword.groovy:81)
	at com.kms.katalon.core.keyword.builtin.CallTestCaseKeyword.execute(CallTestCaseKeyword.groovy:44)
	at com.kms.katalon.core.keyword.internal.KeywordExecutor.executeKeywordForPlatform(KeywordExecutor.groovy:56)
	at com.kms.katalon.core.keyword.BuiltinKeywords.callTestCase(BuiltinKeywords.groovy:334)
	at login.run(login:17)
	at com.kms.katalon.core.main.ScriptEngine.run(ScriptEngine.java:194)
	at com.kms.katalon.core.main.ScriptEngine.runScriptAsRawText(ScriptEngine.java:119)
	at com.kms.katalon.core.main.TestCaseExecutor.runScript(TestCaseExecutor.java:331)
	at com.kms.katalon.core.main.TestCaseExecutor.doExecute(TestCaseExecutor.java:322)
	at com.kms.katalon.core.main.TestCaseExecutor.processExecutionPhase(TestCaseExecutor.java:301)
	at com.kms.katalon.core.main.TestCaseExecutor.accessMainPhase(TestCaseExecutor.java:293)
	at com.kms.katalon.core.main.TestCaseExecutor.execute(TestCaseExecutor.java:227)
	at com.kms.katalon.core.main.TestSuiteExecutor.accessTestCaseMainPhase(TestSuiteExecutor.java:129)
	at com.kms.katalon.core.main.TestSuiteExecutor.accessTestSuiteMainPhase(TestSuiteExecutor.java:112)
	at com.kms.katalon.core.main.TestSuiteExecutor.execute(TestSuiteExecutor.java:81)
	at com.kms.katalon.core.main.TestCaseMain.startTestSuite(TestCaseMain.java:157)
	at com.kms.katalon.core.main.TestCaseMain$startTestSuite$0.call(Unknown Source)
	at TempTestSuite1561438591675.run(TempTestSuite1561438591675.groovy:35)


2019-06-25 10:27:35 - [MESSAGE][PASSED] - Current window's url is: 'https://fclp-uat.realrating.co.uk/'

2019-06-25 10:27:35 - [MESSAGE][FAILED] - assert getUrl() == "https://fclp-uat.realrating.co.uk/thankyou" FAILED.
Reason:
Assertion failed: 

assert WebUI.getUrl() == 'https://fclp-uat.realrating.co.uk/thankyou'
             |        |
             |        false
             https://fclp-uat.realrating.co.uk/

	at formSubmission.run(formSubmission:339)
	at com.kms.katalon.core.main.ScriptEngine.run(ScriptEngine.java:194)
	at com.kms.katalon.core.main.ScriptEngine.runScriptAsRawText(ScriptEngine.java:119)
	at com.kms.katalon.core.main.TestCaseExecutor.runScript(TestCaseExecutor.java:331)
	at com.kms.katalon.core.main.TestCaseExecutor.doExecute(TestCaseExecutor.java:322)
	at com.kms.katalon.core.main.TestCaseExecutor.processExecutionPhase(TestCaseExecutor.java:301)
	at com.kms.katalon.core.main.TestCaseExecutor.accessMainPhase(TestCaseExecutor.java:293)
	at com.kms.katalon.core.main.TestCaseExecutor.execute(TestCaseExecutor.java:227)
	at com.kms.katalon.core.main.TestCaseMain.runTestCase(TestCaseMain.java:114)
	at com.kms.katalon.core.keyword.builtin.CallTestCaseKeyword$_callTestCase_closure1.doCall(CallTestCaseKeyword.groovy:59)
	at com.kms.katalon.core.keyword.builtin.CallTestCaseKeyword$_callTestCase_closure1.call(CallTestCaseKeyword.groovy)
	at com.kms.katalon.core.keyword.internal.KeywordMain.runKeyword(KeywordMain.groovy:66)
	at com.kms.katalon.core.keyword.builtin.CallTestCaseKeyword.callTestCase(CallTestCaseKeyword.groovy:81)
	at com.kms.katalon.core.keyword.builtin.CallTestCaseKeyword.execute(CallTestCaseKeyword.groovy:44)
	at com.kms.katalon.core.keyword.internal.KeywordExecutor.executeKeywordForPlatform(KeywordExecutor.groovy:56)
	at com.kms.katalon.core.keyword.BuiltinKeywords.callTestCase(BuiltinKeywords.groovy:334)
	at login.run(login:17)
	at com.kms.katalon.core.main.ScriptEngine.run(ScriptEngine.java:194)
	at com.kms.katalon.core.main.ScriptEngine.runScriptAsRawText(ScriptEngine.java:119)
	at com.kms.katalon.core.main.TestCaseExecutor.runScript(TestCaseExecutor.java:331)
	at com.kms.katalon.core.main.TestCaseExecutor.doExecute(TestCaseExecutor.java:322)
	at com.kms.katalon.core.main.TestCaseExecutor.processExecutionPhase(TestCaseExecutor.java:301)
	at com.kms.katalon.core.main.TestCaseExecutor.accessMainPhase(TestCaseExecutor.java:293)
	at com.kms.katalon.core.main.TestCaseExecutor.execute(TestCaseExecutor.java:227)
	at com.kms.katalon.core.main.TestSuiteExecutor.accessTestCaseMainPhase(TestSuiteExecutor.java:129)
	at com.kms.katalon.core.main.TestSuiteExecutor.accessTestSuiteMainPhase(TestSuiteExecutor.java:112)
	at com.kms.katalon.core.main.TestSuiteExecutor.execute(TestSuiteExecutor.java:81)
	at com.kms.katalon.core.main.TestCaseMain.startTestSuite(TestCaseMain.java:157)
	at com.kms.katalon.core.main.TestCaseMain$startTestSuite$0.call(Unknown Source)
	at TempTestSuite1561438591675.run(TempTestSuite1561438591675.groovy:35)


2019-06-25 10:27:35 - [MESSAGE][FAILED] - Unable to call Test Case 'Test Cases/REALratings/FCLP/formSubmission' (Root cause: com.kms.katalon.core.exception.StepFailedException: Call Test Case 'Test Cases/REALratings/FCLP/formSubmission' failed
	at com.kms.katalon.core.keyword.builtin.CallTestCaseKeyword$_callTestCase_closure1.doCall(CallTestCaseKeyword.groovy:63)
	at com.kms.katalon.core.keyword.builtin.CallTestCaseKeyword$_callTestCase_closure1.call(CallTestCaseKeyword.groovy)
	at com.kms.katalon.core.keyword.internal.KeywordMain.runKeyword(KeywordMain.groovy:66)
	at com.kms.katalon.core.keyword.builtin.CallTestCaseKeyword.callTestCase(CallTestCaseKeyword.groovy:81)
	at com.kms.katalon.core.keyword.builtin.CallTestCaseKeyword.execute(CallTestCaseKeyword.groovy:44)
	at com.kms.katalon.core.keyword.internal.KeywordExecutor.executeKeywordForPlatform(KeywordExecutor.groovy:56)
	at com.kms.katalon.core.keyword.BuiltinKeywords.callTestCase(BuiltinKeywords.groovy:334)
	at login.run(login:17)
	at com.kms.katalon.core.main.ScriptEngine.run(ScriptEngine.java:194)
	at com.kms.katalon.core.main.ScriptEngine.runScriptAsRawText(ScriptEngine.java:119)
	at com.kms.katalon.core.main.TestCaseExecutor.runScript(TestCaseExecutor.java:331)
	at com.kms.katalon.core.main.TestCaseExecutor.doExecute(TestCaseExecutor.java:322)
	at com.kms.katalon.core.main.TestCaseExecutor.processExecutionPhase(TestCaseExecutor.java:301)
	at com.kms.katalon.core.main.TestCaseExecutor.accessMainPhase(TestCaseExecutor.java:293)
	at com.kms.katalon.core.main.TestCaseExecutor.execute(TestCaseExecutor.java:227)
	at com.kms.katalon.core.main.TestSuiteExecutor.accessTestCaseMainPhase(TestSuiteExecutor.java:129)
	at com.kms.katalon.core.main.TestSuiteExecutor.accessTestSuiteMainPhase(TestSuiteExecutor.java:112)
	at com.kms.katalon.core.main.TestSuiteExecutor.execute(TestSuiteExecutor.java:81)
	at com.kms.katalon.core.main.TestCaseMain.startTestSuite(TestCaseMain.java:157)
	at com.kms.katalon.core.main.TestCaseMain$startTestSuite$0.call(Unknown Source)
	at TempTestSuite1561438591675.run(TempTestSuite1561438591675.groovy:35)
Caused by: Assertion failed: 

assert WebUI.getUrl() == 'https://fclp-uat.realrating.co.uk/thankyou'
             |        |
             |        false
             https://fclp-uat.realrating.co.uk/

	at formSubmission.run(formSubmission:339)
	at com.kms.katalon.core.main.ScriptEngine.run(ScriptEngine.java:194)
	at com.kms.katalon.core.main.ScriptEngine.runScriptAsRawText(ScriptEngine.java:119)
	at com.kms.katalon.core.main.TestCaseExecutor.runScript(TestCaseExecutor.java:331)
	at com.kms.katalon.core.main.TestCaseExecutor.doExecute(TestCaseExecutor.java:322)
	at com.kms.katalon.core.main.TestCaseExecutor.processExecutionPhase(TestCaseExecutor.java:301)
	at com.kms.katalon.core.main.TestCaseExecutor.accessMainPhase(TestCaseExecutor.java:293)
	at com.kms.katalon.core.main.TestCaseExecutor.execute(TestCaseExecutor.java:227)
	at com.kms.katalon.core.main.TestCaseMain.runTestCase(TestCaseMain.java:114)
	at com.kms.katalon.core.keyword.builtin.CallTestCaseKeyword$_callTestCase_closure1.doCall(CallTestCaseKeyword.groovy:59)
	... 20 more
)

2019-06-25 10:27:35 - [MESSAGE][FAILED] - callTestCase(findTestCase("REALratings/FCLP/formSubmission"), [:], STOP_ON_FAILURE) FAILED.
Reason:
com.kms.katalon.core.exception.StepFailedException: Call Test Case 'Test Cases/REALratings/FCLP/formSubmission' failed
	at com.kms.katalon.core.keyword.builtin.CallTestCaseKeyword$_callTestCase_closure1.doCall(CallTestCaseKeyword.groovy:63)
	at com.kms.katalon.core.keyword.builtin.CallTestCaseKeyword$_callTestCase_closure1.call(CallTestCaseKeyword.groovy)
	at com.kms.katalon.core.keyword.internal.KeywordMain.runKeyword(KeywordMain.groovy:66)
	at com.kms.katalon.core.keyword.builtin.CallTestCaseKeyword.callTestCase(CallTestCaseKeyword.groovy:81)
	at com.kms.katalon.core.keyword.builtin.CallTestCaseKeyword.execute(CallTestCaseKeyword.groovy:44)
	at com.kms.katalon.core.keyword.internal.KeywordExecutor.executeKeywordForPlatform(KeywordExecutor.groovy:56)
	at com.kms.katalon.core.keyword.BuiltinKeywords.callTestCase(BuiltinKeywords.groovy:334)
	at login.run(login:17)
	at com.kms.katalon.core.main.ScriptEngine.run(ScriptEngine.java:194)
	at com.kms.katalon.core.main.ScriptEngine.runScriptAsRawText(ScriptEngine.java:119)
	at com.kms.katalon.core.main.TestCaseExecutor.runScript(TestCaseExecutor.java:331)
	at com.kms.katalon.core.main.TestCaseExecutor.doExecute(TestCaseExecutor.java:322)
	at com.kms.katalon.core.main.TestCaseExecutor.processExecutionPhase(TestCaseExecutor.java:301)
	at com.kms.katalon.core.main.TestCaseExecutor.accessMainPhase(TestCaseExecutor.java:293)
	at com.kms.katalon.core.main.TestCaseExecutor.execute(TestCaseExecutor.java:227)
	at com.kms.katalon.core.main.TestSuiteExecutor.accessTestCaseMainPhase(TestSuiteExecutor.java:129)
	at com.kms.katalon.core.main.TestSuiteExecutor.accessTestSuiteMainPhase(TestSuiteExecutor.java:112)
	at com.kms.katalon.core.main.TestSuiteExecutor.execute(TestSuiteExecutor.java:81)
	at com.kms.katalon.core.main.TestCaseMain.startTestSuite(TestCaseMain.java:157)
	at com.kms.katalon.core.main.TestCaseMain$startTestSuite$0.call(Unknown Source)
	at TempTestSuite1561438591675.run(TempTestSuite1561438591675.groovy:35)
Caused by: Assertion failed: 

assert WebUI.getUrl() == 'https://fclp-uat.realrating.co.uk/thankyou'
             |        |
             |        false
             https://fclp-uat.realrating.co.uk/

	at formSubmission.run(formSubmission:339)
	at com.kms.katalon.core.main.ScriptEngine.run(ScriptEngine.java:194)
	at com.kms.katalon.core.main.ScriptEngine.runScriptAsRawText(ScriptEngine.java:119)
	at com.kms.katalon.core.main.TestCaseExecutor.runScript(TestCaseExecutor.java:331)
	at com.kms.katalon.core.main.TestCaseExecutor.doExecute(TestCaseExecutor.java:322)
	at com.kms.katalon.core.main.TestCaseExecutor.processExecutionPhase(TestCaseExecutor.java:301)
	at com.kms.katalon.core.main.TestCaseExecutor.accessMainPhase(TestCaseExecutor.java:293)
	at com.kms.katalon.core.main.TestCaseExecutor.execute(TestCaseExecutor.java:227)
	at com.kms.katalon.core.main.TestCaseMain.runTestCase(TestCaseMain.java:114)
	at com.kms.katalon.core.keyword.builtin.CallTestCaseKeyword$_callTestCase_closure1.doCall(CallTestCaseKeyword.groovy:59)
	... 20 more]]></system-out>
         <system-err><![CDATA[2019-06-25 10:27:06 - [TEST_CASE][FAILED] - Test Cases/REALratings/FCLP/login: Test Cases/REALratings/FCLP/login FAILED.
Reason:
com.kms.katalon.core.exception.StepFailedException: Call Test Case 'Test Cases/REALratings/FCLP/formSubmission' failed
	at com.kms.katalon.core.keyword.builtin.CallTestCaseKeyword$_callTestCase_closure1.doCall(CallTestCaseKeyword.groovy:63)
	at com.kms.katalon.core.keyword.builtin.CallTestCaseKeyword$_callTestCase_closure1.call(CallTestCaseKeyword.groovy)
	at com.kms.katalon.core.keyword.internal.KeywordMain.runKeyword(KeywordMain.groovy:66)
	at com.kms.katalon.core.keyword.builtin.CallTestCaseKeyword.callTestCase(CallTestCaseKeyword.groovy:81)
	at com.kms.katalon.core.keyword.builtin.CallTestCaseKeyword.execute(CallTestCaseKeyword.groovy:44)
	at com.kms.katalon.core.keyword.internal.KeywordExecutor.executeKeywordForPlatform(KeywordExecutor.groovy:56)
	at com.kms.katalon.core.keyword.BuiltinKeywords.callTestCase(BuiltinKeywords.groovy:334)
	at login.run(login:17)
	at com.kms.katalon.core.main.ScriptEngine.run(ScriptEngine.java:194)
	at com.kms.katalon.core.main.ScriptEngine.runScriptAsRawText(ScriptEngine.java:119)
	at com.kms.katalon.core.main.TestCaseExecutor.runScript(TestCaseExecutor.java:331)
	at com.kms.katalon.core.main.TestCaseExecutor.doExecute(TestCaseExecutor.java:322)
	at com.kms.katalon.core.main.TestCaseExecutor.processExecutionPhase(TestCaseExecutor.java:301)
	at com.kms.katalon.core.main.TestCaseExecutor.accessMainPhase(TestCaseExecutor.java:293)
	at com.kms.katalon.core.main.TestCaseExecutor.execute(TestCaseExecutor.java:227)
	at com.kms.katalon.core.main.TestSuiteExecutor.accessTestCaseMainPhase(TestSuiteExecutor.java:129)
	at com.kms.katalon.core.main.TestSuiteExecutor.accessTestSuiteMainPhase(TestSuiteExecutor.java:112)
	at com.kms.katalon.core.main.TestSuiteExecutor.execute(TestSuiteExecutor.java:81)
	at com.kms.katalon.core.main.TestCaseMain.startTestSuite(TestCaseMain.java:157)
	at com.kms.katalon.core.main.TestCaseMain$startTestSuite$0.call(Unknown Source)
	at TempTestSuite1561438591675.run(TempTestSuite1561438591675.groovy:35)
Caused by: Assertion failed: 

assert WebUI.getUrl() == 'https://fclp-uat.realrating.co.uk/thankyou'
             |        |
             |        false
             https://fclp-uat.realrating.co.uk/

	at formSubmission.run(formSubmission:339)
	at com.kms.katalon.core.main.ScriptEngine.run(ScriptEngine.java:194)
	at com.kms.katalon.core.main.ScriptEngine.runScriptAsRawText(ScriptEngine.java:119)
	at com.kms.katalon.core.main.TestCaseExecutor.runScript(TestCaseExecutor.java:331)
	at com.kms.katalon.core.main.TestCaseExecutor.doExecute(TestCaseExecutor.java:322)
	at com.kms.katalon.core.main.TestCaseExecutor.processExecutionPhase(TestCaseExecutor.java:301)
	at com.kms.katalon.core.main.TestCaseExecutor.accessMainPhase(TestCaseExecutor.java:293)
	at com.kms.katalon.core.main.TestCaseExecutor.execute(TestCaseExecutor.java:227)
	at com.kms.katalon.core.main.TestCaseMain.runTestCase(TestCaseMain.java:114)
	at com.kms.katalon.core.keyword.builtin.CallTestCaseKeyword$_callTestCase_closure1.doCall(CallTestCaseKeyword.groovy:59)
	... 20 more]]></system-err>
      </testcase>
      <system-out><![CDATA[2019-06-25 10:26:34 - [TEST_SUITE][FAILED] - FCLP: Test Cases/REALratings/FCLP/login FAILED.
Reason:
com.kms.katalon.core.exception.StepFailedException: Call Test Case 'Test Cases/REALratings/FCLP/formSubmission' failed
	at com.kms.katalon.core.keyword.builtin.CallTestCaseKeyword$_callTestCase_closure1.doCall(CallTestCaseKeyword.groovy:63)
	at com.kms.katalon.core.keyword.builtin.CallTestCaseKeyword$_callTestCase_closure1.call(CallTestCaseKeyword.groovy)
	at com.kms.katalon.core.keyword.internal.KeywordMain.runKeyword(KeywordMain.groovy:66)
	at com.kms.katalon.core.keyword.builtin.CallTestCaseKeyword.callTestCase(CallTestCaseKeyword.groovy:81)
	at com.kms.katalon.core.keyword.builtin.CallTestCaseKeyword.execute(CallTestCaseKeyword.groovy:44)
	at com.kms.katalon.core.keyword.internal.KeywordExecutor.executeKeywordForPlatform(KeywordExecutor.groovy:56)
	at com.kms.katalon.core.keyword.BuiltinKeywords.callTestCase(BuiltinKeywords.groovy:334)
	at login.run(login:17)
	at com.kms.katalon.core.main.ScriptEngine.run(ScriptEngine.java:194)
	at com.kms.katalon.core.main.ScriptEngine.runScriptAsRawText(ScriptEngine.java:119)
	at com.kms.katalon.core.main.TestCaseExecutor.runScript(TestCaseExecutor.java:331)
	at com.kms.katalon.core.main.TestCaseExecutor.doExecute(TestCaseExecutor.java:322)
	at com.kms.katalon.core.main.TestCaseExecutor.processExecutionPhase(TestCaseExecutor.java:301)
	at com.kms.katalon.core.main.TestCaseExecutor.accessMainPhase(TestCaseExecutor.java:293)
	at com.kms.katalon.core.main.TestCaseExecutor.execute(TestCaseExecutor.java:227)
	at com.kms.katalon.core.main.TestSuiteExecutor.accessTestCaseMainPhase(TestSuiteExecutor.java:129)
	at com.kms.katalon.core.main.TestSuiteExecutor.accessTestSuiteMainPhase(TestSuiteExecutor.java:112)
	at com.kms.katalon.core.main.TestSuiteExecutor.execute(TestSuiteExecutor.java:81)
	at com.kms.katalon.core.main.TestCaseMain.startTestSuite(TestCaseMain.java:157)
	at com.kms.katalon.core.main.TestCaseMain$startTestSuite$0.call(Unknown Source)
	at TempTestSuite1561438591675.run(TempTestSuite1561438591675.groovy:35)
Caused by: Assertion failed: 

assert WebUI.getUrl() == 'https://fclp-uat.realrating.co.uk/thankyou'
             |        |
             |        false
             https://fclp-uat.realrating.co.uk/

	at formSubmission.run(formSubmission:339)
	at com.kms.katalon.core.main.ScriptEngine.run(ScriptEngine.java:194)
	at com.kms.katalon.core.main.ScriptEngine.runScriptAsRawText(ScriptEngine.java:119)
	at com.kms.katalon.core.main.TestCaseExecutor.runScript(TestCaseExecutor.java:331)
	at com.kms.katalon.core.main.TestCaseExecutor.doExecute(TestCaseExecutor.java:322)
	at com.kms.katalon.core.main.TestCaseExecutor.processExecutionPhase(TestCaseExecutor.java:301)
	at com.kms.katalon.core.main.TestCaseExecutor.accessMainPhase(TestCaseExecutor.java:293)
	at com.kms.katalon.core.main.TestCaseExecutor.execute(TestCaseExecutor.java:227)
	at com.kms.katalon.core.main.TestCaseMain.runTestCase(TestCaseMain.java:114)
	at com.kms.katalon.core.keyword.builtin.CallTestCaseKeyword$_callTestCase_closure1.doCall(CallTestCaseKeyword.groovy:59)
	... 20 more]]></system-out>
      <system-err><![CDATA[2019-06-25 10:26:34 - [TEST_SUITE][FAILED] - FCLP: Test Cases/REALratings/FCLP/login FAILED.
Reason:
com.kms.katalon.core.exception.StepFailedException: Call Test Case 'Test Cases/REALratings/FCLP/formSubmission' failed
	at com.kms.katalon.core.keyword.builtin.CallTestCaseKeyword$_callTestCase_closure1.doCall(CallTestCaseKeyword.groovy:63)
	at com.kms.katalon.core.keyword.builtin.CallTestCaseKeyword$_callTestCase_closure1.call(CallTestCaseKeyword.groovy)
	at com.kms.katalon.core.keyword.internal.KeywordMain.runKeyword(KeywordMain.groovy:66)
	at com.kms.katalon.core.keyword.builtin.CallTestCaseKeyword.callTestCase(CallTestCaseKeyword.groovy:81)
	at com.kms.katalon.core.keyword.builtin.CallTestCaseKeyword.execute(CallTestCaseKeyword.groovy:44)
	at com.kms.katalon.core.keyword.internal.KeywordExecutor.executeKeywordForPlatform(KeywordExecutor.groovy:56)
	at com.kms.katalon.core.keyword.BuiltinKeywords.callTestCase(BuiltinKeywords.groovy:334)
	at login.run(login:17)
	at com.kms.katalon.core.main.ScriptEngine.run(ScriptEngine.java:194)
	at com.kms.katalon.core.main.ScriptEngine.runScriptAsRawText(ScriptEngine.java:119)
	at com.kms.katalon.core.main.TestCaseExecutor.runScript(TestCaseExecutor.java:331)
	at com.kms.katalon.core.main.TestCaseExecutor.doExecute(TestCaseExecutor.java:322)
	at com.kms.katalon.core.main.TestCaseExecutor.processExecutionPhase(TestCaseExecutor.java:301)
	at com.kms.katalon.core.main.TestCaseExecutor.accessMainPhase(TestCaseExecutor.java:293)
	at com.kms.katalon.core.main.TestCaseExecutor.execute(TestCaseExecutor.java:227)
	at com.kms.katalon.core.main.TestSuiteExecutor.accessTestCaseMainPhase(TestSuiteExecutor.java:129)
	at com.kms.katalon.core.main.TestSuiteExecutor.accessTestSuiteMainPhase(TestSuiteExecutor.java:112)
	at com.kms.katalon.core.main.TestSuiteExecutor.execute(TestSuiteExecutor.java:81)
	at com.kms.katalon.core.main.TestCaseMain.startTestSuite(TestCaseMain.java:157)
	at com.kms.katalon.core.main.TestCaseMain$startTestSuite$0.call(Unknown Source)
	at TempTestSuite1561438591675.run(TempTestSuite1561438591675.groovy:35)
Caused by: Assertion failed: 

assert WebUI.getUrl() == 'https://fclp-uat.realrating.co.uk/thankyou'
             |        |
             |        false
             https://fclp-uat.realrating.co.uk/

	at formSubmission.run(formSubmission:339)
	at com.kms.katalon.core.main.ScriptEngine.run(ScriptEngine.java:194)
	at com.kms.katalon.core.main.ScriptEngine.runScriptAsRawText(ScriptEngine.java:119)
	at com.kms.katalon.core.main.TestCaseExecutor.runScript(TestCaseExecutor.java:331)
	at com.kms.katalon.core.main.TestCaseExecutor.doExecute(TestCaseExecutor.java:322)
	at com.kms.katalon.core.main.TestCaseExecutor.processExecutionPhase(TestCaseExecutor.java:301)
	at com.kms.katalon.core.main.TestCaseExecutor.accessMainPhase(TestCaseExecutor.java:293)
	at com.kms.katalon.core.main.TestCaseExecutor.execute(TestCaseExecutor.java:227)
	at com.kms.katalon.core.main.TestCaseMain.runTestCase(TestCaseMain.java:114)
	at com.kms.katalon.core.keyword.builtin.CallTestCaseKeyword$_callTestCase_closure1.doCall(CallTestCaseKeyword.groovy:59)
	... 20 more]]></system-err>
   </testsuite>
</testsuites>
