<?xml version="1.0" encoding="UTF-8"?>
<testsuites name="FCLP" time="113" tests="1" failures="1" errors="0">
   <testsuite name="FCLP" tests="1" failures="1" errors="0" time="113" timestamp="2019-07-23 10:27:15" hostname="SAMBHAVI$ - sambhavi.jmandigital.in" id="Test Suites/REALratings/FCLP">
      <properties>
         <property name="deviceName" value=""/>
         <property name="devicePlatform" value=""/>
         <property name="logFolder" value="C:\\Users\\sambhavi\\git\\didactic-octo-spork\\Reports\\REALratings\\FCLP\\20190723_102711"/>
         <property name="logFiles" value="C:\\Users\\sambhavi\\git\\didactic-octo-spork\\Reports\\REALratings\\FCLP\\20190723_102711\\execution0.log"/>
         <property name="attachments" value="C:\\Users\\sambhavi\\git\\didactic-octo-spork\\Reports\\REALratings\\FCLP\\20190723_102711\\1563857891707.png"/>
         <property name="hostName" value="SAMBHAVI$ - sambhavi.jmandigital.in"/>
         <property name="os" value="Windows 10 64bit"/>
         <property name="katalonVersion" value="6.0.5.10"/>
         <property name="browser" value="Chrome 75.0.3770.142"/>
         <property name="hostAddress" value="192.168.0.185"/>
         <property name="sessionId" value="c054fd463f877f8d18e54d144e988206"/>
         <property name="seleniumVersion" value="3.7.1"/>
         <property name="proxyInformation" value="ProxyInformation{proxyOption=NO_PROXY, proxyServerType=HTTP, password=, proxyServerAddress=, proxyServerPort=0}"/>
         <property name="platform" value="Windows 10"/>
      </properties>
      <testcase name="Test Cases/REALratings/FCLP/formSubmission" classname="Test Cases/REALratings/FCLP/formSubmission" status="FAILED">
         <failure type="FAILED" message="Test Cases/REALratings/FCLP/formSubmission FAILED.
Reason:
com.kms.katalon.core.exception.StepFailedException: Unable to get total options of object 'Object Repository/REALRatings/REALrating/Page_REALrating/BTechGrade'
	at com.kms.katalon.core.keyword.internal.KeywordMain.stepFailed(KeywordMain.groovy:48)
	at com.kms.katalon.core.webui.keyword.internal.WebUIKeywordMain.stepFailed(WebUIKeywordMain.groovy:65)
	at com.kms.katalon.core.webui.keyword.internal.WebUIKeywordMain.runKeywordAndReturnInt(WebUIKeywordMain.groovy:57)
	at com.kms.katalon.core.webui.keyword.builtin.GetNumberOfTotalOptionKeyword.getNumberOfTotalOption(GetNumberOfTotalOptionKeyword.groovy:89)
	at com.kms.katalon.core.webui.keyword.builtin.GetNumberOfTotalOptionKeyword.execute(GetNumberOfTotalOptionKeyword.groovy:67)
	at com.kms.katalon.core.keyword.internal.KeywordExecutor.executeKeywordForPlatform(KeywordExecutor.groovy:56)
	at com.kms.katalon.core.webui.keyword.WebUiBuiltInKeywords.getNumberOfTotalOption(WebUiBuiltInKeywords.groovy:1917)
	at com.kms.katalon.core.webui.keyword.WebUiBuiltInKeywords$getNumberOfTotalOption$3.call(Unknown Source)
	at formSubmission.run(formSubmission:174)
	at com.kms.katalon.core.main.ScriptEngine.run(ScriptEngine.java:194)
	at com.kms.katalon.core.main.ScriptEngine.runScriptAsRawText(ScriptEngine.java:119)
	at com.kms.katalon.core.main.TestCaseExecutor.runScript(TestCaseExecutor.java:331)
	at com.kms.katalon.core.main.TestCaseExecutor.doExecute(TestCaseExecutor.java:322)
	at com.kms.katalon.core.main.TestCaseExecutor.processExecutionPhase(TestCaseExecutor.java:301)
	at com.kms.katalon.core.main.TestCaseExecutor.accessMainPhase(TestCaseExecutor.java:293)
	at com.kms.katalon.core.main.TestCaseExecutor.execute(TestCaseExecutor.java:227)
	at com.kms.katalon.core.main.TestSuiteExecutor.accessTestCaseMainPhase(TestSuiteExecutor.java:129)
	at com.kms.katalon.core.main.TestSuiteExecutor.accessTestSuiteMainPhase(TestSuiteExecutor.java:112)
	at com.kms.katalon.core.main.TestSuiteExecutor.execute(TestSuiteExecutor.java:81)
	at com.kms.katalon.core.main.TestCaseMain.startTestSuite(TestCaseMain.java:157)
	at com.kms.katalon.core.main.TestCaseMain$startTestSuite$0.call(Unknown Source)
	at TempTestSuite1563857831093.run(TempTestSuite1563857831093.groovy:35)
"/>
         <system-out><![CDATA[2019-07-23 10:27:16 - [TEST_CASE][FAILED] - Test Cases/REALratings/FCLP/formSubmission: Test Cases/REALratings/FCLP/formSubmission FAILED.
Reason:
com.kms.katalon.core.exception.StepFailedException: Unable to get total options of object 'Object Repository/REALRatings/REALrating/Page_REALrating/BTechGrade'
	at com.kms.katalon.core.keyword.internal.KeywordMain.stepFailed(KeywordMain.groovy:48)
	at com.kms.katalon.core.webui.keyword.internal.WebUIKeywordMain.stepFailed(WebUIKeywordMain.groovy:65)
	at com.kms.katalon.core.webui.keyword.internal.WebUIKeywordMain.runKeywordAndReturnInt(WebUIKeywordMain.groovy:57)
	at com.kms.katalon.core.webui.keyword.builtin.GetNumberOfTotalOptionKeyword.getNumberOfTotalOption(GetNumberOfTotalOptionKeyword.groovy:89)
	at com.kms.katalon.core.webui.keyword.builtin.GetNumberOfTotalOptionKeyword.execute(GetNumberOfTotalOptionKeyword.groovy:67)
	at com.kms.katalon.core.keyword.internal.KeywordExecutor.executeKeywordForPlatform(KeywordExecutor.groovy:56)
	at com.kms.katalon.core.webui.keyword.WebUiBuiltInKeywords.getNumberOfTotalOption(WebUiBuiltInKeywords.groovy:1917)
	at com.kms.katalon.core.webui.keyword.WebUiBuiltInKeywords$getNumberOfTotalOption$3.call(Unknown Source)
	at formSubmission.run(formSubmission:174)
	at com.kms.katalon.core.main.ScriptEngine.run(ScriptEngine.java:194)
	at com.kms.katalon.core.main.ScriptEngine.runScriptAsRawText(ScriptEngine.java:119)
	at com.kms.katalon.core.main.TestCaseExecutor.runScript(TestCaseExecutor.java:331)
	at com.kms.katalon.core.main.TestCaseExecutor.doExecute(TestCaseExecutor.java:322)
	at com.kms.katalon.core.main.TestCaseExecutor.processExecutionPhase(TestCaseExecutor.java:301)
	at com.kms.katalon.core.main.TestCaseExecutor.accessMainPhase(TestCaseExecutor.java:293)
	at com.kms.katalon.core.main.TestCaseExecutor.execute(TestCaseExecutor.java:227)
	at com.kms.katalon.core.main.TestSuiteExecutor.accessTestCaseMainPhase(TestSuiteExecutor.java:129)
	at com.kms.katalon.core.main.TestSuiteExecutor.accessTestSuiteMainPhase(TestSuiteExecutor.java:112)
	at com.kms.katalon.core.main.TestSuiteExecutor.execute(TestSuiteExecutor.java:81)
	at com.kms.katalon.core.main.TestCaseMain.startTestSuite(TestCaseMain.java:157)
	at com.kms.katalon.core.main.TestCaseMain$startTestSuite$0.call(Unknown Source)
	at TempTestSuite1563857831093.run(TempTestSuite1563857831093.groovy:35)


2019-07-23 10:27:21 - [TEST_STEP][PASSED] - comment("FCLP - Form Submission"): FCLP - Form Submission

2019-07-23 10:27:21 - [MESSAGE][INFO] - FCLP - Form Submission

2019-07-23 10:27:21 - [TEST_STEP][PASSED] - openBrowser(""): Browser is opened with url: ''

2019-07-23 10:27:21 - [MESSAGE][INFO] - Starting 'Chrome' driver

2019-07-23 10:27:21 - [MESSAGE][INFO] - Action delay is set to 0 seconds

2019-07-23 10:27:25 - [MESSAGE][PASSED] - Browser is opened with url: ''

2019-07-23 10:27:25 - [TEST_STEP][PASSED] - myDriver = getWebDriver(): null

2019-07-23 10:27:25 - [TEST_STEP][PASSED] - navigateToUrl("https://fclp-uat.realrating.co.uk/"): Navigate to 'https://fclp-uat.realrating.co.uk/' successfully

2019-07-23 10:27:30 - [MESSAGE][PASSED] - Navigate to 'https://fclp-uat.realrating.co.uk/' successfully

2019-07-23 10:27:30 - [TEST_STEP][PASSED] - maximizeWindow(): Current window maximized

2019-07-23 10:27:31 - [MESSAGE][PASSED] - Current window maximized

2019-07-23 10:27:31 - [TEST_STEP][PASSED] - rad = new java.util.Random(): null

2019-07-23 10:27:31 - [TEST_STEP][PASSED] - comment("Basic and University  Information"): Basic and University  Information

2019-07-23 10:27:31 - [MESSAGE][INFO] - Basic and University  Information

2019-07-23 10:27:31 - [TEST_STEP][PASSED] - setText(findTestObject("REALRatings/FCLP/Page_REALrating/First Name"), "asha"): Text 'asha' is set on object 'Object Repository/REALRatings/FCLP/Page_REALrating/First Name'

2019-07-23 10:27:32 - [MESSAGE][PASSED] - Text 'asha' is set on object 'Object Repository/REALRatings/FCLP/Page_REALrating/First Name'

2019-07-23 10:27:32 - [TEST_STEP][PASSED] - setText(findTestObject("REALRatings/FCLP/Page_REALrating/Last Name"), "rajednran"): Text 'rajednran' is set on object 'Object Repository/REALRatings/FCLP/Page_REALrating/Last Name'

2019-07-23 10:27:32 - [MESSAGE][PASSED] - Text 'rajednran' is set on object 'Object Repository/REALRatings/FCLP/Page_REALrating/Last Name'

2019-07-23 10:27:32 - [TEST_STEP][PASSED] - emailid = rad.nextInt(2000): null

2019-07-23 10:27:32 - [TEST_STEP][PASSED] - setText(findTestObject("REALRatings/FCLP/Page_REALrating/Univrsity Emaid"), "fclp" + emailid + "@test.com"): Text 'fclp1955@test.com' is set on object 'Object Repository/REALRatings/FCLP/Page_REALrating/Univrsity Emaid'

2019-07-23 10:27:32 - [MESSAGE][PASSED] - Text 'fclp1955@test.com' is set on object 'Object Repository/REALRatings/FCLP/Page_REALrating/Univrsity Emaid'

2019-07-23 10:27:32 - [TEST_STEP][PASSED] - UniversityTotalOption = getNumberOfTotalOption(findTestObject("REALRatings/FCLP/Page_REALrating/University")): 154 options of object 'Object Repository/REALRatings/FCLP/Page_REALrating/University' counted

2019-07-23 10:27:32 - [MESSAGE][PASSED] - 154 options of object 'Object Repository/REALRatings/FCLP/Page_REALrating/University' counted

2019-07-23 10:27:32 - [TEST_STEP][PASSED] - UniversityCount = 1 + rad.nextInt(UniversityTotalOption - 1): null

2019-07-23 10:27:32 - [TEST_STEP][PASSED] - selectOptionByIndex(findTestObject("REALRatings/FCLP/Page_REALrating/University"), UniversityCount): All options with index in [50] are selected on object 'Object Repository/REALRatings/FCLP/Page_REALrating/University'

2019-07-23 10:27:33 - [MESSAGE][PASSED] - All options with index in [50] are selected on object 'Object Repository/REALRatings/FCLP/Page_REALrating/University'

2019-07-23 10:27:33 - [TEST_STEP][PASSED] - if (UniversityCount == 98): null

2019-07-23 10:27:33 - [TEST_STEP][PASSED] - UniversityCourseTotalOption = getNumberOfTotalOption(findTestObject("REALRatings/FCLP/Page_REALrating/University Course")): 96 options of object 'Object Repository/REALRatings/FCLP/Page_REALrating/University Course' counted

2019-07-23 10:27:33 - [MESSAGE][PASSED] - 96 options of object 'Object Repository/REALRatings/FCLP/Page_REALrating/University Course' counted

2019-07-23 10:27:33 - [TEST_STEP][PASSED] - UniveristyCourseCount = 1 + rad.nextInt(UniversityCourseTotalOption - 1): null

2019-07-23 10:27:33 - [TEST_STEP][PASSED] - selectOptionByIndex(findTestObject("REALRatings/FCLP/Page_REALrating/University Course"), UniveristyCourseCount): All options with index in [61] are selected on object 'Object Repository/REALRatings/FCLP/Page_REALrating/University Course'

2019-07-23 10:27:33 - [MESSAGE][PASSED] - All options with index in [61] are selected on object 'Object Repository/REALRatings/FCLP/Page_REALrating/University Course'

2019-07-23 10:27:33 - [TEST_STEP][PASSED] - if (UniveristyCourseCount == 95): null

2019-07-23 10:27:33 - [TEST_STEP][PASSED] - GraduationYearTotalOptions = getNumberOfTotalOption(findTestObject("REALRatings/FCLP/Page_REALrating/Graduation Year")): 17 options of object 'Object Repository/REALRatings/FCLP/Page_REALrating/Graduation Year' counted

2019-07-23 10:27:33 - [MESSAGE][PASSED] - 17 options of object 'Object Repository/REALRatings/FCLP/Page_REALrating/Graduation Year' counted

2019-07-23 10:27:33 - [TEST_STEP][PASSED] - GraduationYearcount = 1 + rad.nextInt(GraduationYearTotalOptions - 1): null

2019-07-23 10:27:33 - [TEST_STEP][PASSED] - selectOptionByIndex(findTestObject("REALRatings/FCLP/Page_REALrating/Graduation Year"), GraduationYearcount): All options with index in [13] are selected on object 'Object Repository/REALRatings/FCLP/Page_REALrating/Graduation Year'

2019-07-23 10:27:34 - [MESSAGE][PASSED] - All options with index in [13] are selected on object 'Object Repository/REALRatings/FCLP/Page_REALrating/Graduation Year'

2019-07-23 10:27:34 - [TEST_STEP][PASSED] - GradeYearTotalOptions = getNumberOfTotalOption(findTestObject("REALRatings/FCLP/Page_REALrating/Grade 21")): 3 options of object 'Object Repository/REALRatings/FCLP/Page_REALrating/Grade 21' counted

2019-07-23 10:27:34 - [MESSAGE][PASSED] - 3 options of object 'Object Repository/REALRatings/FCLP/Page_REALrating/Grade 21' counted

2019-07-23 10:27:34 - [TEST_STEP][PASSED] - GradeYearcount = 1 + rad.nextInt(GradeYearTotalOptions - 1): null

2019-07-23 10:27:34 - [TEST_STEP][PASSED] - selectOptionByIndex(findTestObject("REALRatings/FCLP/Page_REALrating/Grade 21"), GradeYearcount): All options with index in [1] are selected on object 'Object Repository/REALRatings/FCLP/Page_REALrating/Grade 21'

2019-07-23 10:27:34 - [MESSAGE][PASSED] - All options with index in [1] are selected on object 'Object Repository/REALRatings/FCLP/Page_REALrating/Grade 21'

2019-07-23 10:27:34 - [TEST_STEP][PASSED] - GradeEnglishYearTotalOptions = getNumberOfTotalOption(findTestObject("REALRatings/FCLP/Page_REALrating/Grade B English")): 3 options of object 'Object Repository/REALRatings/FCLP/Page_REALrating/Grade B English' counted

2019-07-23 10:27:34 - [MESSAGE][PASSED] - 3 options of object 'Object Repository/REALRatings/FCLP/Page_REALrating/Grade B English' counted

2019-07-23 10:27:34 - [TEST_STEP][PASSED] - GradeEnglishYearcount = 1 + rad.nextInt(GradeEnglishYearTotalOptions - 1): null

2019-07-23 10:27:34 - [TEST_STEP][PASSED] - selectOptionByIndex(findTestObject("REALRatings/FCLP/Page_REALrating/Grade B English"), GradeEnglishYearcount): All options with index in [2] are selected on object 'Object Repository/REALRatings/FCLP/Page_REALrating/Grade B English'

2019-07-23 10:27:34 - [MESSAGE][PASSED] - All options with index in [2] are selected on object 'Object Repository/REALRatings/FCLP/Page_REALrating/Grade B English'

2019-07-23 10:27:34 - [TEST_STEP][PASSED] - delay(2): Delayed 2 second(s)

2019-07-23 10:27:36 - [MESSAGE][PASSED] - Delayed 2 second(s)

2019-07-23 10:27:36 - [TEST_STEP][PASSED] - selectOptionByIndex(findTestObject("REALRatings/FCLP/Page_REALrating/Grade B Maths"), GradeEnglishYearcount): All options with index in [2] are selected on object 'Object Repository/REALRatings/FCLP/Page_REALrating/Grade B Maths'

2019-07-23 10:27:36 - [MESSAGE][PASSED] - All options with index in [2] are selected on object 'Object Repository/REALRatings/FCLP/Page_REALrating/Grade B Maths'

2019-07-23 10:27:36 - [TEST_STEP][PASSED] - click(findTestObject("REALRatings/FCLP/Page_REALrating/a_Next")): Object: 'Object Repository/REALRatings/FCLP/Page_REALrating/a_Next' is clicked on

2019-07-23 10:27:36 - [MESSAGE][PASSED] - Object: 'Object Repository/REALRatings/FCLP/Page_REALrating/a_Next' is clicked on

2019-07-23 10:27:36 - [TEST_STEP][PASSED] - delay(2): Delayed 2 second(s)

2019-07-23 10:27:38 - [MESSAGE][PASSED] - Delayed 2 second(s)

2019-07-23 10:27:38 - [TEST_STEP][PASSED] - comment("Main Qualification Information"): Main Qualification Information

2019-07-23 10:27:38 - [MESSAGE][INFO] - Main Qualification Information

2019-07-23 10:27:38 - [TEST_STEP][PASSED] - ALevelYearTotalOptions = getNumberOfTotalOption(findTestObject("REALRatings/FCLP/Page_REALrating/A Level Year")): 71 options of object 'Object Repository/REALRatings/FCLP/Page_REALrating/A Level Year' counted

2019-07-23 10:27:38 - [MESSAGE][PASSED] - 71 options of object 'Object Repository/REALRatings/FCLP/Page_REALrating/A Level Year' counted

2019-07-23 10:27:38 - [TEST_STEP][PASSED] - ALevelYearcount = 1 + rad.nextInt(ALevelYearTotalOptions - 1): null

2019-07-23 10:27:38 - [TEST_STEP][PASSED] - selectOptionByIndex(findTestObject("REALRatings/FCLP/Page_REALrating/A Level Year"), ALevelYearcount): All options with index in [20] are selected on object 'Object Repository/REALRatings/FCLP/Page_REALrating/A Level Year'

2019-07-23 10:27:39 - [MESSAGE][PASSED] - All options with index in [20] are selected on object 'Object Repository/REALRatings/FCLP/Page_REALrating/A Level Year'

2019-07-23 10:27:39 - [TEST_STEP][PASSED] - GCSEYearTotalOptions = getNumberOfTotalOption(findTestObject("REALRatings/FCLP/Page_REALrating/GCSE Year")): 71 options of object 'Object Repository/REALRatings/FCLP/Page_REALrating/GCSE Year' counted

2019-07-23 10:27:39 - [MESSAGE][PASSED] - 71 options of object 'Object Repository/REALRatings/FCLP/Page_REALrating/GCSE Year' counted

2019-07-23 10:27:39 - [TEST_STEP][PASSED] - GCSEYearCount = 1 + rad.nextInt(GCSEYearTotalOptions - 1): null

2019-07-23 10:27:39 - [TEST_STEP][PASSED] - selectOptionByIndex(findTestObject("REALRatings/FCLP/Page_REALrating/GCSE Year"), GCSEYearCount): All options with index in [43] are selected on object 'Object Repository/REALRatings/FCLP/Page_REALrating/GCSE Year'

2019-07-23 10:27:39 - [MESSAGE][PASSED] - All options with index in [43] are selected on object 'Object Repository/REALRatings/FCLP/Page_REALrating/GCSE Year'

2019-07-23 10:27:39 - [TEST_STEP][PASSED] - MainQualificationTotaloptions = getNumberOfTotalOption(findTestObject("REALRatings/Greensill/Page_REALrating/Main Qualification")): 6 options of object 'Object Repository/REALRatings/Greensill/Page_REALrating/Main Qualification' counted

2019-07-23 10:27:39 - [MESSAGE][PASSED] - 6 options of object 'Object Repository/REALRatings/Greensill/Page_REALrating/Main Qualification' counted

2019-07-23 10:27:39 - [TEST_STEP][PASSED] - MainQualificationCount = 1 + rad.nextInt(MainQualificationTotaloptions - 1): null

2019-07-23 10:27:39 - [TEST_STEP][PASSED] - selectOptionByIndex(findTestObject("REALRatings/Greensill/Page_REALrating/Main Qualification"), MainQualificationCount): All options with index in [2] are selected on object 'Object Repository/REALRatings/Greensill/Page_REALrating/Main Qualification'

2019-07-23 10:27:39 - [MESSAGE][PASSED] - All options with index in [2] are selected on object 'Object Repository/REALRatings/Greensill/Page_REALrating/Main Qualification'

2019-07-23 10:27:39 - [TEST_STEP][PASSED] - if (MainQualificationCount == 1): null

2019-07-23 10:27:39 - [TEST_STEP][FAILED] - else if (MainQualificationCount == 2): else if (MainQualificationCount == 2) FAILED.
Reason:
com.kms.katalon.core.exception.StepFailedException: Unable to get total options of object 'Object Repository/REALRatings/REALrating/Page_REALrating/BTechGrade'
	at com.kms.katalon.core.keyword.internal.KeywordMain.stepFailed(KeywordMain.groovy:48)
	at com.kms.katalon.core.webui.keyword.internal.WebUIKeywordMain.stepFailed(WebUIKeywordMain.groovy:65)
	at com.kms.katalon.core.webui.keyword.internal.WebUIKeywordMain.runKeywordAndReturnInt(WebUIKeywordMain.groovy:57)
	at com.kms.katalon.core.webui.keyword.builtin.GetNumberOfTotalOptionKeyword.getNumberOfTotalOption(GetNumberOfTotalOptionKeyword.groovy:89)
	at com.kms.katalon.core.webui.keyword.builtin.GetNumberOfTotalOptionKeyword.execute(GetNumberOfTotalOptionKeyword.groovy:67)
	at com.kms.katalon.core.keyword.internal.KeywordExecutor.executeKeywordForPlatform(KeywordExecutor.groovy:56)
	at com.kms.katalon.core.webui.keyword.WebUiBuiltInKeywords.getNumberOfTotalOption(WebUiBuiltInKeywords.groovy:1917)
	at com.kms.katalon.core.webui.keyword.WebUiBuiltInKeywords$getNumberOfTotalOption$3.call(Unknown Source)
	at formSubmission.run(formSubmission:174)
	at com.kms.katalon.core.main.ScriptEngine.run(ScriptEngine.java:194)
	at com.kms.katalon.core.main.ScriptEngine.runScriptAsRawText(ScriptEngine.java:119)
	at com.kms.katalon.core.main.TestCaseExecutor.runScript(TestCaseExecutor.java:331)
	at com.kms.katalon.core.main.TestCaseExecutor.doExecute(TestCaseExecutor.java:322)
	at com.kms.katalon.core.main.TestCaseExecutor.processExecutionPhase(TestCaseExecutor.java:301)
	at com.kms.katalon.core.main.TestCaseExecutor.accessMainPhase(TestCaseExecutor.java:293)
	at com.kms.katalon.core.main.TestCaseExecutor.execute(TestCaseExecutor.java:227)
	at com.kms.katalon.core.main.TestSuiteExecutor.accessTestCaseMainPhase(TestSuiteExecutor.java:129)
	at com.kms.katalon.core.main.TestSuiteExecutor.accessTestSuiteMainPhase(TestSuiteExecutor.java:112)
	at com.kms.katalon.core.main.TestSuiteExecutor.execute(TestSuiteExecutor.java:81)
	at com.kms.katalon.core.main.TestCaseMain.startTestSuite(TestCaseMain.java:157)
	at com.kms.katalon.core.main.TestCaseMain$startTestSuite$0.call(Unknown Source)
	at TempTestSuite1563857831093.run(TempTestSuite1563857831093.groovy:35)


2019-07-23 10:27:39 - [TEST_STEP][PASSED] - setText(findTestObject("REALRatings/REALrating/Page_REALrating/BTechTitle"), "maths"): Text 'maths' is set on object 'Object Repository/REALRatings/REALrating/Page_REALrating/BTechTitle'

2019-07-23 10:27:39 - [MESSAGE][PASSED] - Text 'maths' is set on object 'Object Repository/REALRatings/REALrating/Page_REALrating/BTechTitle'

2019-07-23 10:27:39 - [TEST_STEP][FAILED] - BtechGradeTotalOptions = getNumberOfTotalOption(findTestObject("REALRatings/REALrating/Page_REALrating/BTechGrade")): else if (MainQualificationCount == 2) FAILED.
Reason:
com.kms.katalon.core.exception.StepFailedException: Unable to get total options of object 'Object Repository/REALRatings/REALrating/Page_REALrating/BTechGrade'
	at com.kms.katalon.core.keyword.internal.KeywordMain.stepFailed(KeywordMain.groovy:48)
	at com.kms.katalon.core.webui.keyword.internal.WebUIKeywordMain.stepFailed(WebUIKeywordMain.groovy:65)
	at com.kms.katalon.core.webui.keyword.internal.WebUIKeywordMain.runKeywordAndReturnInt(WebUIKeywordMain.groovy:57)
	at com.kms.katalon.core.webui.keyword.builtin.GetNumberOfTotalOptionKeyword.getNumberOfTotalOption(GetNumberOfTotalOptionKeyword.groovy:89)
	at com.kms.katalon.core.webui.keyword.builtin.GetNumberOfTotalOptionKeyword.execute(GetNumberOfTotalOptionKeyword.groovy:67)
	at com.kms.katalon.core.keyword.internal.KeywordExecutor.executeKeywordForPlatform(KeywordExecutor.groovy:56)
	at com.kms.katalon.core.webui.keyword.WebUiBuiltInKeywords.getNumberOfTotalOption(WebUiBuiltInKeywords.groovy:1917)
	at com.kms.katalon.core.webui.keyword.WebUiBuiltInKeywords$getNumberOfTotalOption$3.call(Unknown Source)
	at formSubmission.run(formSubmission:174)
	at com.kms.katalon.core.main.ScriptEngine.run(ScriptEngine.java:194)
	at com.kms.katalon.core.main.ScriptEngine.runScriptAsRawText(ScriptEngine.java:119)
	at com.kms.katalon.core.main.TestCaseExecutor.runScript(TestCaseExecutor.java:331)
	at com.kms.katalon.core.main.TestCaseExecutor.doExecute(TestCaseExecutor.java:322)
	at com.kms.katalon.core.main.TestCaseExecutor.processExecutionPhase(TestCaseExecutor.java:301)
	at com.kms.katalon.core.main.TestCaseExecutor.accessMainPhase(TestCaseExecutor.java:293)
	at com.kms.katalon.core.main.TestCaseExecutor.execute(TestCaseExecutor.java:227)
	at com.kms.katalon.core.main.TestSuiteExecutor.accessTestCaseMainPhase(TestSuiteExecutor.java:129)
	at com.kms.katalon.core.main.TestSuiteExecutor.accessTestSuiteMainPhase(TestSuiteExecutor.java:112)
	at com.kms.katalon.core.main.TestSuiteExecutor.execute(TestSuiteExecutor.java:81)
	at com.kms.katalon.core.main.TestCaseMain.startTestSuite(TestCaseMain.java:157)
	at com.kms.katalon.core.main.TestCaseMain$startTestSuite$0.call(Unknown Source)
	at TempTestSuite1563857831093.run(TempTestSuite1563857831093.groovy:35)


2019-07-23 10:28:11 - [MESSAGE][INFO] - Unable to find the element located by 'By.xpath: id("btech.grade")[count(. | //select[@id = 'btech.grade' and (text() = '
                                                                    DD*DD*DD*D*DDDDDDDMDMMMMMMMPMPPPPP
                                                                ' or . = '
                                                                    DD*DD*DD*D*DDDDDDDMDMMMMMMMPMPPPPP
                                                                ')]) = count(//select[@id = 'btech.grade' and (text() = '
                                                                    DD*DD*DD*D*DDDDDDDMDMMMMMMMPMPPPPP
                                                                ' or . = '
                                                                    DD*DD*DD*D*DDDDDDDMDMMMMMMMPMPPPPP
                                                                ')])]'. Please recheck the objects properties to make sure the desired element is located. 

2019-07-23 10:28:12 - [MESSAGE][FAILED] - Unable to get total options of object 'Object Repository/REALRatings/REALrating/Page_REALrating/BTechGrade'
[[ATTACHMENT|C:\\Users\\sambhavi\\git\\didactic-octo-spork\\Reports\\REALratings\\FCLP\\20190723_102711\\1563857891707.png]]

2019-07-23 10:28:12 - [MESSAGE][FAILED] - else if (MainQualificationCount == 2) FAILED.
Reason:
com.kms.katalon.core.exception.StepFailedException: Unable to get total options of object 'Object Repository/REALRatings/REALrating/Page_REALrating/BTechGrade'
	at com.kms.katalon.core.keyword.internal.KeywordMain.stepFailed(KeywordMain.groovy:48)
	at com.kms.katalon.core.webui.keyword.internal.WebUIKeywordMain.stepFailed(WebUIKeywordMain.groovy:65)
	at com.kms.katalon.core.webui.keyword.internal.WebUIKeywordMain.runKeywordAndReturnInt(WebUIKeywordMain.groovy:57)
	at com.kms.katalon.core.webui.keyword.builtin.GetNumberOfTotalOptionKeyword.getNumberOfTotalOption(GetNumberOfTotalOptionKeyword.groovy:89)
	at com.kms.katalon.core.webui.keyword.builtin.GetNumberOfTotalOptionKeyword.execute(GetNumberOfTotalOptionKeyword.groovy:67)
	at com.kms.katalon.core.keyword.internal.KeywordExecutor.executeKeywordForPlatform(KeywordExecutor.groovy:56)
	at com.kms.katalon.core.webui.keyword.WebUiBuiltInKeywords.getNumberOfTotalOption(WebUiBuiltInKeywords.groovy:1917)
	at com.kms.katalon.core.webui.keyword.WebUiBuiltInKeywords$getNumberOfTotalOption$3.call(Unknown Source)
	at formSubmission.run(formSubmission:174)
	at com.kms.katalon.core.main.ScriptEngine.run(ScriptEngine.java:194)
	at com.kms.katalon.core.main.ScriptEngine.runScriptAsRawText(ScriptEngine.java:119)
	at com.kms.katalon.core.main.TestCaseExecutor.runScript(TestCaseExecutor.java:331)
	at com.kms.katalon.core.main.TestCaseExecutor.doExecute(TestCaseExecutor.java:322)
	at com.kms.katalon.core.main.TestCaseExecutor.processExecutionPhase(TestCaseExecutor.java:301)
	at com.kms.katalon.core.main.TestCaseExecutor.accessMainPhase(TestCaseExecutor.java:293)
	at com.kms.katalon.core.main.TestCaseExecutor.execute(TestCaseExecutor.java:227)
	at com.kms.katalon.core.main.TestSuiteExecutor.accessTestCaseMainPhase(TestSuiteExecutor.java:129)
	at com.kms.katalon.core.main.TestSuiteExecutor.accessTestSuiteMainPhase(TestSuiteExecutor.java:112)
	at com.kms.katalon.core.main.TestSuiteExecutor.execute(TestSuiteExecutor.java:81)
	at com.kms.katalon.core.main.TestCaseMain.startTestSuite(TestCaseMain.java:157)
	at com.kms.katalon.core.main.TestCaseMain$startTestSuite$0.call(Unknown Source)
	at TempTestSuite1563857831093.run(TempTestSuite1563857831093.groovy:35)]]></system-out>
         <system-err><![CDATA[2019-07-23 10:27:16 - [TEST_CASE][FAILED] - Test Cases/REALratings/FCLP/formSubmission: Test Cases/REALratings/FCLP/formSubmission FAILED.
Reason:
com.kms.katalon.core.exception.StepFailedException: Unable to get total options of object 'Object Repository/REALRatings/REALrating/Page_REALrating/BTechGrade'
	at com.kms.katalon.core.keyword.internal.KeywordMain.stepFailed(KeywordMain.groovy:48)
	at com.kms.katalon.core.webui.keyword.internal.WebUIKeywordMain.stepFailed(WebUIKeywordMain.groovy:65)
	at com.kms.katalon.core.webui.keyword.internal.WebUIKeywordMain.runKeywordAndReturnInt(WebUIKeywordMain.groovy:57)
	at com.kms.katalon.core.webui.keyword.builtin.GetNumberOfTotalOptionKeyword.getNumberOfTotalOption(GetNumberOfTotalOptionKeyword.groovy:89)
	at com.kms.katalon.core.webui.keyword.builtin.GetNumberOfTotalOptionKeyword.execute(GetNumberOfTotalOptionKeyword.groovy:67)
	at com.kms.katalon.core.keyword.internal.KeywordExecutor.executeKeywordForPlatform(KeywordExecutor.groovy:56)
	at com.kms.katalon.core.webui.keyword.WebUiBuiltInKeywords.getNumberOfTotalOption(WebUiBuiltInKeywords.groovy:1917)
	at com.kms.katalon.core.webui.keyword.WebUiBuiltInKeywords$getNumberOfTotalOption$3.call(Unknown Source)
	at formSubmission.run(formSubmission:174)
	at com.kms.katalon.core.main.ScriptEngine.run(ScriptEngine.java:194)
	at com.kms.katalon.core.main.ScriptEngine.runScriptAsRawText(ScriptEngine.java:119)
	at com.kms.katalon.core.main.TestCaseExecutor.runScript(TestCaseExecutor.java:331)
	at com.kms.katalon.core.main.TestCaseExecutor.doExecute(TestCaseExecutor.java:322)
	at com.kms.katalon.core.main.TestCaseExecutor.processExecutionPhase(TestCaseExecutor.java:301)
	at com.kms.katalon.core.main.TestCaseExecutor.accessMainPhase(TestCaseExecutor.java:293)
	at com.kms.katalon.core.main.TestCaseExecutor.execute(TestCaseExecutor.java:227)
	at com.kms.katalon.core.main.TestSuiteExecutor.accessTestCaseMainPhase(TestSuiteExecutor.java:129)
	at com.kms.katalon.core.main.TestSuiteExecutor.accessTestSuiteMainPhase(TestSuiteExecutor.java:112)
	at com.kms.katalon.core.main.TestSuiteExecutor.execute(TestSuiteExecutor.java:81)
	at com.kms.katalon.core.main.TestCaseMain.startTestSuite(TestCaseMain.java:157)
	at com.kms.katalon.core.main.TestCaseMain$startTestSuite$0.call(Unknown Source)
	at TempTestSuite1563857831093.run(TempTestSuite1563857831093.groovy:35)]]></system-err>
      </testcase>
      <testcase name="Test Cases/REALratings/FCLP/login" classname="Test Cases/REALratings/FCLP/login" status="PASSED">
         <system-out><![CDATA[2019-07-23 10:28:12 - [TEST_CASE][PASSED] - Test Cases/REALratings/FCLP/login: Test Cases/REALratings/FCLP/login

2019-07-23 10:28:12 - [TEST_STEP][PASSED] - comment("FCLP - Login"): FCLP - Login

2019-07-23 10:28:12 - [MESSAGE][INFO] - FCLP - Login

2019-07-23 10:28:12 - [TEST_STEP][PASSED] - openBrowser(""): Browser is opened with url: ''

2019-07-23 10:28:12 - [MESSAGE][WARNING] - A browser is already opened. Closing browser and opening a new one

2019-07-23 10:28:12 - [MESSAGE][INFO] - Starting 'Chrome' driver

2019-07-23 10:28:15 - [MESSAGE][PASSED] - Browser is opened with url: ''

2019-07-23 10:28:15 - [TEST_STEP][PASSED] - navigateToUrl("https://fclp-uat.realrating.co.uk/login"): Navigate to 'https://fclp-uat.realrating.co.uk/login' successfully

2019-07-23 10:28:19 - [MESSAGE][PASSED] - Navigate to 'https://fclp-uat.realrating.co.uk/login' successfully

2019-07-23 10:28:19 - [TEST_STEP][PASSED] - maximizeWindow(): Current window maximized

2019-07-23 10:28:20 - [MESSAGE][PASSED] - Current window maximized

2019-07-23 10:28:20 - [TEST_STEP][PASSED] - setText(findTestObject("REALRatings/Greensill/login/Page_RealRating/input_E-Mail Address_email"), "john@upreach.org.uk"): Text 'john@upreach.org.uk' is set on object 'Object Repository/REALRatings/Greensill/login/Page_RealRating/input_E-Mail Address_email'

2019-07-23 10:28:21 - [MESSAGE][PASSED] - Text 'john@upreach.org.uk' is set on object 'Object Repository/REALRatings/Greensill/login/Page_RealRating/input_E-Mail Address_email'

2019-07-23 10:28:21 - [TEST_STEP][PASSED] - setEncryptedText(findTestObject("REALRatings/Greensill/login/Page_RealRating/input_Password_password"), "YPztdU12xyABLAH+eFFt4w=="): Text ****** has been set on object 'Object Repository/REALRatings/Greensill/login/Page_RealRating/input_Password_password'

2019-07-23 10:28:21 - [MESSAGE][PASSED] - Text ****** has been set on object 'Object Repository/REALRatings/Greensill/login/Page_RealRating/input_Password_password'

2019-07-23 10:28:21 - [TEST_STEP][PASSED] - click(findTestObject("REALRatings/Greensill/login/Page_RealRating/button_Login")): Object: 'Object Repository/REALRatings/Greensill/login/Page_RealRating/button_Login' is clicked on

2019-07-23 10:28:23 - [MESSAGE][PASSED] - Object: 'Object Repository/REALRatings/Greensill/login/Page_RealRating/button_Login' is clicked on

2019-07-23 10:28:23 - [TEST_STEP][PASSED] - getAllLinksOnCurrentPage(false, []): Found 16 unique links on the page https://fclp-uat.realrating.co.uk/home

2019-07-23 10:28:24 - [MESSAGE][PASSED] - Found 16 unique links on the page https://fclp-uat.realrating.co.uk/home

2019-07-23 10:28:24 - [TEST_STEP][PASSED] - verifyAllLinksOnCurrentPageAccessible(false, []): All links on the page 'https://fclp-uat.realrating.co.uk/home' are accessible

2019-07-23 10:28:24 - [MESSAGE][PASSED] - Found 16 unique links on the page https://fclp-uat.realrating.co.uk/home

2019-07-23 10:28:28 - [MESSAGE][INFO] - HAR: C:\Users\sambhavi\git\didactic-octo-spork\Reports\REALratings\FCLP\20190723_102711\requests\main\0.har

2019-07-23 10:28:28 - [MESSAGE][PASSED] - Send request successfully

2019-07-23 10:28:29 - [MESSAGE][INFO] - HAR: C:\Users\sambhavi\git\didactic-octo-spork\Reports\REALratings\FCLP\20190723_102711\requests\main\1.har

2019-07-23 10:28:29 - [MESSAGE][PASSED] - Send request successfully

2019-07-23 10:28:30 - [MESSAGE][INFO] - HAR: C:\Users\sambhavi\git\didactic-octo-spork\Reports\REALratings\FCLP\20190723_102711\requests\main\2.har

2019-07-23 10:28:30 - [MESSAGE][PASSED] - Send request successfully

2019-07-23 10:28:31 - [MESSAGE][INFO] - HAR: C:\Users\sambhavi\git\didactic-octo-spork\Reports\REALratings\FCLP\20190723_102711\requests\main\3.har

2019-07-23 10:28:31 - [MESSAGE][PASSED] - Send request successfully

2019-07-23 10:28:32 - [MESSAGE][INFO] - HAR: C:\Users\sambhavi\git\didactic-octo-spork\Reports\REALratings\FCLP\20190723_102711\requests\main\4.har

2019-07-23 10:28:32 - [MESSAGE][PASSED] - Send request successfully

2019-07-23 10:28:33 - [MESSAGE][INFO] - HAR: C:\Users\sambhavi\git\didactic-octo-spork\Reports\REALratings\FCLP\20190723_102711\requests\main\5.har

2019-07-23 10:28:33 - [MESSAGE][PASSED] - Send request successfully

2019-07-23 10:28:34 - [MESSAGE][INFO] - HAR: C:\Users\sambhavi\git\didactic-octo-spork\Reports\REALratings\FCLP\20190723_102711\requests\main\6.har

2019-07-23 10:28:34 - [MESSAGE][PASSED] - Send request successfully

2019-07-23 10:28:35 - [MESSAGE][INFO] - HAR: C:\Users\sambhavi\git\didactic-octo-spork\Reports\REALratings\FCLP\20190723_102711\requests\main\7.har

2019-07-23 10:28:35 - [MESSAGE][PASSED] - Send request successfully

2019-07-23 10:28:35 - [MESSAGE][INFO] - HAR: C:\Users\sambhavi\git\didactic-octo-spork\Reports\REALratings\FCLP\20190723_102711\requests\main\8.har

2019-07-23 10:28:35 - [MESSAGE][PASSED] - Send request successfully

2019-07-23 10:28:37 - [MESSAGE][INFO] - HAR: C:\Users\sambhavi\git\didactic-octo-spork\Reports\REALratings\FCLP\20190723_102711\requests\main\9.har

2019-07-23 10:28:37 - [MESSAGE][PASSED] - Send request successfully

2019-07-23 10:28:38 - [MESSAGE][INFO] - HAR: C:\Users\sambhavi\git\didactic-octo-spork\Reports\REALratings\FCLP\20190723_102711\requests\main\10.har

2019-07-23 10:28:38 - [MESSAGE][PASSED] - Send request successfully

2019-07-23 10:28:38 - [MESSAGE][INFO] - HAR: C:\Users\sambhavi\git\didactic-octo-spork\Reports\REALratings\FCLP\20190723_102711\requests\main\11.har

2019-07-23 10:28:38 - [MESSAGE][PASSED] - Send request successfully

2019-07-23 10:28:40 - [MESSAGE][INFO] - HAR: C:\Users\sambhavi\git\didactic-octo-spork\Reports\REALratings\FCLP\20190723_102711\requests\main\12.har

2019-07-23 10:28:40 - [MESSAGE][PASSED] - Send request successfully

2019-07-23 10:28:43 - [MESSAGE][INFO] - HAR: C:\Users\sambhavi\git\didactic-octo-spork\Reports\REALratings\FCLP\20190723_102711\requests\main\13.har

2019-07-23 10:28:43 - [MESSAGE][PASSED] - Send request successfully

2019-07-23 10:28:44 - [MESSAGE][INFO] - HAR: C:\Users\sambhavi\git\didactic-octo-spork\Reports\REALratings\FCLP\20190723_102711\requests\main\14.har

2019-07-23 10:28:44 - [MESSAGE][PASSED] - Send request successfully

2019-07-23 10:28:45 - [MESSAGE][INFO] - HAR: C:\Users\sambhavi\git\didactic-octo-spork\Reports\REALratings\FCLP\20190723_102711\requests\main\15.har

2019-07-23 10:28:45 - [MESSAGE][PASSED] - Send request successfully

2019-07-23 10:28:45 - [MESSAGE][PASSED] - All links are accessible

2019-07-23 10:28:45 - [MESSAGE][PASSED] - All links on the page 'https://fclp-uat.realrating.co.uk/home' are accessible

2019-07-23 10:28:45 - [TEST_STEP][PASSED] - click(findTestObject("REALRatings/Greensill/login/Page_RealRating/Other Qualifications Tab")): Object: 'Object Repository/REALRatings/Greensill/login/Page_RealRating/Other Qualifications Tab' is clicked on

2019-07-23 10:28:45 - [MESSAGE][PASSED] - Object: 'Object Repository/REALRatings/Greensill/login/Page_RealRating/Other Qualifications Tab' is clicked on

2019-07-23 10:28:45 - [TEST_STEP][PASSED] - getAllLinksOnCurrentPage(false, []): Found 16 unique links on the page https://fclp-uat.realrating.co.uk/home

2019-07-23 10:28:45 - [MESSAGE][PASSED] - Found 16 unique links on the page https://fclp-uat.realrating.co.uk/home

2019-07-23 10:28:45 - [TEST_STEP][PASSED] - verifyAllLinksOnCurrentPageAccessible(false, []): All links on the page 'https://fclp-uat.realrating.co.uk/home' are accessible

2019-07-23 10:28:45 - [MESSAGE][PASSED] - Found 16 unique links on the page https://fclp-uat.realrating.co.uk/home

2019-07-23 10:28:47 - [MESSAGE][INFO] - HAR: C:\Users\sambhavi\git\didactic-octo-spork\Reports\REALratings\FCLP\20190723_102711\requests\main\16.har

2019-07-23 10:28:47 - [MESSAGE][PASSED] - Send request successfully

2019-07-23 10:28:48 - [MESSAGE][INFO] - HAR: C:\Users\sambhavi\git\didactic-octo-spork\Reports\REALratings\FCLP\20190723_102711\requests\main\17.har

2019-07-23 10:28:48 - [MESSAGE][PASSED] - Send request successfully

2019-07-23 10:28:48 - [MESSAGE][INFO] - HAR: C:\Users\sambhavi\git\didactic-octo-spork\Reports\REALratings\FCLP\20190723_102711\requests\main\18.har

2019-07-23 10:28:48 - [MESSAGE][PASSED] - Send request successfully

2019-07-23 10:28:49 - [MESSAGE][INFO] - HAR: C:\Users\sambhavi\git\didactic-octo-spork\Reports\REALratings\FCLP\20190723_102711\requests\main\19.har

2019-07-23 10:28:49 - [MESSAGE][PASSED] - Send request successfully

2019-07-23 10:28:50 - [MESSAGE][INFO] - HAR: C:\Users\sambhavi\git\didactic-octo-spork\Reports\REALratings\FCLP\20190723_102711\requests\main\20.har

2019-07-23 10:28:50 - [MESSAGE][PASSED] - Send request successfully

2019-07-23 10:28:51 - [MESSAGE][INFO] - HAR: C:\Users\sambhavi\git\didactic-octo-spork\Reports\REALratings\FCLP\20190723_102711\requests\main\21.har

2019-07-23 10:28:51 - [MESSAGE][PASSED] - Send request successfully

2019-07-23 10:28:52 - [MESSAGE][INFO] - HAR: C:\Users\sambhavi\git\didactic-octo-spork\Reports\REALratings\FCLP\20190723_102711\requests\main\22.har

2019-07-23 10:28:52 - [MESSAGE][PASSED] - Send request successfully

2019-07-23 10:28:53 - [MESSAGE][INFO] - HAR: C:\Users\sambhavi\git\didactic-octo-spork\Reports\REALratings\FCLP\20190723_102711\requests\main\23.har

2019-07-23 10:28:53 - [MESSAGE][PASSED] - Send request successfully

2019-07-23 10:28:53 - [MESSAGE][INFO] - HAR: C:\Users\sambhavi\git\didactic-octo-spork\Reports\REALratings\FCLP\20190723_102711\requests\main\24.har

2019-07-23 10:28:53 - [MESSAGE][PASSED] - Send request successfully

2019-07-23 10:28:54 - [MESSAGE][INFO] - HAR: C:\Users\sambhavi\git\didactic-octo-spork\Reports\REALratings\FCLP\20190723_102711\requests\main\25.har

2019-07-23 10:28:54 - [MESSAGE][PASSED] - Send request successfully

2019-07-23 10:28:55 - [MESSAGE][INFO] - HAR: C:\Users\sambhavi\git\didactic-octo-spork\Reports\REALratings\FCLP\20190723_102711\requests\main\26.har

2019-07-23 10:28:55 - [MESSAGE][PASSED] - Send request successfully

2019-07-23 10:28:56 - [MESSAGE][INFO] - HAR: C:\Users\sambhavi\git\didactic-octo-spork\Reports\REALratings\FCLP\20190723_102711\requests\main\27.har

2019-07-23 10:28:56 - [MESSAGE][PASSED] - Send request successfully

2019-07-23 10:28:58 - [MESSAGE][INFO] - HAR: C:\Users\sambhavi\git\didactic-octo-spork\Reports\REALratings\FCLP\20190723_102711\requests\main\28.har

2019-07-23 10:28:58 - [MESSAGE][PASSED] - Send request successfully

2019-07-23 10:29:01 - [MESSAGE][INFO] - HAR: C:\Users\sambhavi\git\didactic-octo-spork\Reports\REALratings\FCLP\20190723_102711\requests\main\29.har

2019-07-23 10:29:01 - [MESSAGE][PASSED] - Send request successfully

2019-07-23 10:29:02 - [MESSAGE][INFO] - HAR: C:\Users\sambhavi\git\didactic-octo-spork\Reports\REALratings\FCLP\20190723_102711\requests\main\30.har

2019-07-23 10:29:02 - [MESSAGE][PASSED] - Send request successfully

2019-07-23 10:29:02 - [MESSAGE][INFO] - HAR: C:\Users\sambhavi\git\didactic-octo-spork\Reports\REALratings\FCLP\20190723_102711\requests\main\31.har

2019-07-23 10:29:02 - [MESSAGE][PASSED] - Send request successfully

2019-07-23 10:29:02 - [MESSAGE][PASSED] - All links are accessible

2019-07-23 10:29:02 - [MESSAGE][PASSED] - All links on the page 'https://fclp-uat.realrating.co.uk/home' are accessible

2019-07-23 10:29:02 - [TEST_STEP][PASSED] - click(findTestObject("REALRatings/Greensill/login/Page_RealRating/Profile")): Object: 'Object Repository/REALRatings/Greensill/login/Page_RealRating/Profile' is clicked on

2019-07-23 10:29:02 - [MESSAGE][PASSED] - Object: 'Object Repository/REALRatings/Greensill/login/Page_RealRating/Profile' is clicked on

2019-07-23 10:29:02 - [TEST_STEP][PASSED] - click(findTestObject("REALRatings/Greensill/login/Page_RealRating/Logout")): Object: 'Object Repository/REALRatings/Greensill/login/Page_RealRating/Logout' is clicked on

2019-07-23 10:29:02 - [MESSAGE][PASSED] - Object: 'Object Repository/REALRatings/Greensill/login/Page_RealRating/Logout' is clicked on

2019-07-23 10:29:02 - [TEST_STEP][PASSED] - delay(5): Delayed 5 second(s)

2019-07-23 10:29:07 - [MESSAGE][PASSED] - Delayed 5 second(s)

2019-07-23 10:29:07 - [TEST_STEP][PASSED] - click(findTestObject("REALRatings/Greensill/login/Page_RealRating/button_Logout")): Object: 'Object Repository/REALRatings/Greensill/login/Page_RealRating/button_Logout' is clicked on

2019-07-23 10:29:08 - [MESSAGE][PASSED] - Object: 'Object Repository/REALRatings/Greensill/login/Page_RealRating/button_Logout' is clicked on

2019-07-23 10:29:08 - [TEST_STEP][PASSED] - assert getUrl() == "https://fclp-uat.realrating.co.uk/login": Current window's url is: 'https://fclp-uat.realrating.co.uk/login'

2019-07-23 10:29:08 - [MESSAGE][PASSED] - Current window's url is: 'https://fclp-uat.realrating.co.uk/login']]></system-out>
         <system-err><![CDATA[]]></system-err>
      </testcase>
      <system-out><![CDATA[2019-07-23 10:27:15 - [TEST_SUITE][FAILED] - FCLP: Test Cases/REALratings/FCLP/formSubmission FAILED.
Reason:
com.kms.katalon.core.exception.StepFailedException: Unable to get total options of object 'Object Repository/REALRatings/REALrating/Page_REALrating/BTechGrade'
	at com.kms.katalon.core.keyword.internal.KeywordMain.stepFailed(KeywordMain.groovy:48)
	at com.kms.katalon.core.webui.keyword.internal.WebUIKeywordMain.stepFailed(WebUIKeywordMain.groovy:65)
	at com.kms.katalon.core.webui.keyword.internal.WebUIKeywordMain.runKeywordAndReturnInt(WebUIKeywordMain.groovy:57)
	at com.kms.katalon.core.webui.keyword.builtin.GetNumberOfTotalOptionKeyword.getNumberOfTotalOption(GetNumberOfTotalOptionKeyword.groovy:89)
	at com.kms.katalon.core.webui.keyword.builtin.GetNumberOfTotalOptionKeyword.execute(GetNumberOfTotalOptionKeyword.groovy:67)
	at com.kms.katalon.core.keyword.internal.KeywordExecutor.executeKeywordForPlatform(KeywordExecutor.groovy:56)
	at com.kms.katalon.core.webui.keyword.WebUiBuiltInKeywords.getNumberOfTotalOption(WebUiBuiltInKeywords.groovy:1917)
	at com.kms.katalon.core.webui.keyword.WebUiBuiltInKeywords$getNumberOfTotalOption$3.call(Unknown Source)
	at formSubmission.run(formSubmission:174)
	at com.kms.katalon.core.main.ScriptEngine.run(ScriptEngine.java:194)
	at com.kms.katalon.core.main.ScriptEngine.runScriptAsRawText(ScriptEngine.java:119)
	at com.kms.katalon.core.main.TestCaseExecutor.runScript(TestCaseExecutor.java:331)
	at com.kms.katalon.core.main.TestCaseExecutor.doExecute(TestCaseExecutor.java:322)
	at com.kms.katalon.core.main.TestCaseExecutor.processExecutionPhase(TestCaseExecutor.java:301)
	at com.kms.katalon.core.main.TestCaseExecutor.accessMainPhase(TestCaseExecutor.java:293)
	at com.kms.katalon.core.main.TestCaseExecutor.execute(TestCaseExecutor.java:227)
	at com.kms.katalon.core.main.TestSuiteExecutor.accessTestCaseMainPhase(TestSuiteExecutor.java:129)
	at com.kms.katalon.core.main.TestSuiteExecutor.accessTestSuiteMainPhase(TestSuiteExecutor.java:112)
	at com.kms.katalon.core.main.TestSuiteExecutor.execute(TestSuiteExecutor.java:81)
	at com.kms.katalon.core.main.TestCaseMain.startTestSuite(TestCaseMain.java:157)
	at com.kms.katalon.core.main.TestCaseMain$startTestSuite$0.call(Unknown Source)
	at TempTestSuite1563857831093.run(TempTestSuite1563857831093.groovy:35)]]></system-out>
      <system-err><![CDATA[2019-07-23 10:27:15 - [TEST_SUITE][FAILED] - FCLP: Test Cases/REALratings/FCLP/formSubmission FAILED.
Reason:
com.kms.katalon.core.exception.StepFailedException: Unable to get total options of object 'Object Repository/REALRatings/REALrating/Page_REALrating/BTechGrade'
	at com.kms.katalon.core.keyword.internal.KeywordMain.stepFailed(KeywordMain.groovy:48)
	at com.kms.katalon.core.webui.keyword.internal.WebUIKeywordMain.stepFailed(WebUIKeywordMain.groovy:65)
	at com.kms.katalon.core.webui.keyword.internal.WebUIKeywordMain.runKeywordAndReturnInt(WebUIKeywordMain.groovy:57)
	at com.kms.katalon.core.webui.keyword.builtin.GetNumberOfTotalOptionKeyword.getNumberOfTotalOption(GetNumberOfTotalOptionKeyword.groovy:89)
	at com.kms.katalon.core.webui.keyword.builtin.GetNumberOfTotalOptionKeyword.execute(GetNumberOfTotalOptionKeyword.groovy:67)
	at com.kms.katalon.core.keyword.internal.KeywordExecutor.executeKeywordForPlatform(KeywordExecutor.groovy:56)
	at com.kms.katalon.core.webui.keyword.WebUiBuiltInKeywords.getNumberOfTotalOption(WebUiBuiltInKeywords.groovy:1917)
	at com.kms.katalon.core.webui.keyword.WebUiBuiltInKeywords$getNumberOfTotalOption$3.call(Unknown Source)
	at formSubmission.run(formSubmission:174)
	at com.kms.katalon.core.main.ScriptEngine.run(ScriptEngine.java:194)
	at com.kms.katalon.core.main.ScriptEngine.runScriptAsRawText(ScriptEngine.java:119)
	at com.kms.katalon.core.main.TestCaseExecutor.runScript(TestCaseExecutor.java:331)
	at com.kms.katalon.core.main.TestCaseExecutor.doExecute(TestCaseExecutor.java:322)
	at com.kms.katalon.core.main.TestCaseExecutor.processExecutionPhase(TestCaseExecutor.java:301)
	at com.kms.katalon.core.main.TestCaseExecutor.accessMainPhase(TestCaseExecutor.java:293)
	at com.kms.katalon.core.main.TestCaseExecutor.execute(TestCaseExecutor.java:227)
	at com.kms.katalon.core.main.TestSuiteExecutor.accessTestCaseMainPhase(TestSuiteExecutor.java:129)
	at com.kms.katalon.core.main.TestSuiteExecutor.accessTestSuiteMainPhase(TestSuiteExecutor.java:112)
	at com.kms.katalon.core.main.TestSuiteExecutor.execute(TestSuiteExecutor.java:81)
	at com.kms.katalon.core.main.TestCaseMain.startTestSuite(TestCaseMain.java:157)
	at com.kms.katalon.core.main.TestCaseMain$startTestSuite$0.call(Unknown Source)
	at TempTestSuite1563857831093.run(TempTestSuite1563857831093.groovy:35)]]></system-err>
   </testsuite>
</testsuites>
