<?xml version="1.0" encoding="UTF-8"?>
<testsuites name="CIL" time="101" tests="1" failures="1" errors="0">
   <testsuite name="CIL" tests="1" failures="1" errors="0" time="101" timestamp="2019-07-09 10:27:47" hostname="sambhavi - sambhavi.jmandigital.in" id="Test Suites/REALratings/CIL">
      <properties>
         <property name="deviceName" value=""/>
         <property name="devicePlatform" value=""/>
         <property name="logFolder" value="C:\\Users\\sambhavi\\git\\didactic-octo-spork\\Reports\\REALratings\\CIL\\20190709_102745"/>
         <property name="logFiles" value="C:\\Users\\sambhavi\\git\\didactic-octo-spork\\Reports\\REALratings\\CIL\\20190709_102745\\execution0.log"/>
         <property name="attachments" value="C:\\Users\\sambhavi\\git\\didactic-octo-spork\\Reports\\REALratings\\CIL\\20190709_102745\\1562648291574.png"/>
         <property name="hostName" value="sambhavi - sambhavi.jmandigital.in"/>
         <property name="os" value="Windows 10 64bit"/>
         <property name="katalonVersion" value="6.0.5.10"/>
         <property name="browser" value="Chrome 75.0.3770.100"/>
         <property name="hostAddress" value="192.168.0.185"/>
         <property name="sessionId" value="8bb0cd206b58dee190d088a5d0f634fd"/>
         <property name="seleniumVersion" value="3.7.1"/>
         <property name="proxyInformation" value="ProxyInformation{proxyOption=NO_PROXY, proxyServerType=HTTP, password=, proxyServerAddress=, proxyServerPort=0}"/>
         <property name="platform" value="Windows 10"/>
      </properties>
      <testcase name="Test Cases/REALratings/CIL/Form Submission" classname="Test Cases/REALratings/CIL/Form Submission" status="PASSED">
         <system-out><![CDATA[2019-07-09 10:27:47 - [TEST_CASE][PASSED] - Test Cases/REALratings/CIL/Form Submission: Test Cases/REALratings/CIL/Form Submission

2019-07-09 10:27:48 - [TEST_STEP][PASSED] - comment("CIL REAlrating - Form Submission"): CIL REAlrating - Form Submission

2019-07-09 10:27:48 - [MESSAGE][INFO] - CIL REAlrating - Form Submission

2019-07-09 10:27:48 - [TEST_STEP][PASSED] - openBrowser(""): Browser is opened with url: ''

2019-07-09 10:27:48 - [MESSAGE][INFO] - Starting 'Chrome' driver

2019-07-09 10:27:48 - [MESSAGE][INFO] - Action delay is set to 0 seconds

2019-07-09 10:27:51 - [MESSAGE][PASSED] - Browser is opened with url: ''

2019-07-09 10:27:51 - [TEST_STEP][PASSED] - navigateToUrl("https://uat-cil.realrating.co.uk/"): Navigate to 'https://uat-cil.realrating.co.uk/' successfully

2019-07-09 10:27:56 - [MESSAGE][PASSED] - Navigate to 'https://uat-cil.realrating.co.uk/' successfully

2019-07-09 10:27:56 - [TEST_STEP][PASSED] - maximizeWindow(): Current window maximized

2019-07-09 10:27:57 - [MESSAGE][PASSED] - Current window maximized

2019-07-09 10:27:57 - [TEST_STEP][PASSED] - rad = new java.util.Random(): null

2019-07-09 10:27:57 - [TEST_STEP][PASSED] - comment("Basic Information"): Basic Information

2019-07-09 10:27:57 - [MESSAGE][INFO] - Basic Information

2019-07-09 10:27:57 - [TEST_STEP][PASSED] - setText(findTestObject("REALRatings/NorthHighland/Page_REALrating/First Name"), findTestData("getEmployable/Applicants").getValue(1, 1)): Text 'Asha' is set on object 'Object Repository/REALRatings/NorthHighland/Page_REALrating/First Name'

2019-07-09 10:27:58 - [MESSAGE][PASSED] - Text 'Asha' is set on object 'Object Repository/REALRatings/NorthHighland/Page_REALrating/First Name'

2019-07-09 10:27:58 - [TEST_STEP][PASSED] - setText(findTestObject("REALRatings/NorthHighland/Page_REALrating/Last Name"), findTestData("getEmployable/Applicants").getValue(2, 1)): Text 'Rajendran' is set on object 'Object Repository/REALRatings/NorthHighland/Page_REALrating/Last Name'

2019-07-09 10:27:58 - [MESSAGE][PASSED] - Text 'Rajendran' is set on object 'Object Repository/REALRatings/NorthHighland/Page_REALrating/Last Name'

2019-07-09 10:27:58 - [TEST_STEP][PASSED] - Email = rad.nextInt(2000): null

2019-07-09 10:27:58 - [TEST_STEP][PASSED] - setText(findTestObject("REALRatings/NorthHighland/Page_REALrating/University Emailid"), "nh" + Email + "@test.com"): Text 'nh694@test.com' is set on object 'Object Repository/REALRatings/NorthHighland/Page_REALrating/University Emailid'

2019-07-09 10:27:58 - [MESSAGE][PASSED] - Text 'nh694@test.com' is set on object 'Object Repository/REALRatings/NorthHighland/Page_REALrating/University Emailid'

2019-07-09 10:27:58 - [TEST_STEP][PASSED] - click(findTestObject("REALRatings/NorthHighland/Page_REALrating/First Next"), STOP_ON_FAILURE): Object: 'Object Repository/REALRatings/NorthHighland/Page_REALrating/First Next' is clicked on

2019-07-09 10:27:58 - [MESSAGE][PASSED] - Object: 'Object Repository/REALRatings/NorthHighland/Page_REALrating/First Next' is clicked on

2019-07-09 10:27:58 - [TEST_STEP][PASSED] - comment("Main Qualifications"): Main Qualifications

2019-07-09 10:27:58 - [MESSAGE][INFO] - Main Qualifications

2019-07-09 10:27:58 - [TEST_STEP][PASSED] - ALevelYearTotalOptions = getNumberOfTotalOption(findTestObject("REALRatings/NorthHighland/Page_REALrating/A Level Year")): 71 options of object 'Object Repository/REALRatings/NorthHighland/Page_REALrating/A Level Year' counted

2019-07-09 10:27:58 - [MESSAGE][PASSED] - 71 options of object 'Object Repository/REALRatings/NorthHighland/Page_REALrating/A Level Year' counted

2019-07-09 10:27:58 - [TEST_STEP][PASSED] - ALevelYearcount = 1 + rad.nextInt(ALevelYearTotalOptions - 1): null

2019-07-09 10:27:58 - [TEST_STEP][PASSED] - selectOptionByIndex(findTestObject("REALRatings/NorthHighland/Page_REALrating/A Level Year"), ALevelYearcount): All options with index in [36] are selected on object 'Object Repository/REALRatings/NorthHighland/Page_REALrating/A Level Year'

2019-07-09 10:27:59 - [MESSAGE][PASSED] - All options with index in [36] are selected on object 'Object Repository/REALRatings/NorthHighland/Page_REALrating/A Level Year'

2019-07-09 10:27:59 - [TEST_STEP][PASSED] - GCSEYearTotalOptions = getNumberOfTotalOption(findTestObject("REALRatings/NorthHighland/Page_REALrating/GCSE Year")): 71 options of object 'Object Repository/REALRatings/NorthHighland/Page_REALrating/GCSE Year' counted

2019-07-09 10:27:59 - [MESSAGE][PASSED] - 71 options of object 'Object Repository/REALRatings/NorthHighland/Page_REALrating/GCSE Year' counted

2019-07-09 10:27:59 - [TEST_STEP][PASSED] - GCSEYearCount = 1 + rad.nextInt(GCSEYearTotalOptions - 1): null

2019-07-09 10:27:59 - [TEST_STEP][PASSED] - selectOptionByIndex(findTestObject("REALRatings/NorthHighland/Page_REALrating/GCSE Year"), GCSEYearCount): All options with index in [68] are selected on object 'Object Repository/REALRatings/NorthHighland/Page_REALrating/GCSE Year'

2019-07-09 10:28:00 - [MESSAGE][PASSED] - All options with index in [68] are selected on object 'Object Repository/REALRatings/NorthHighland/Page_REALrating/GCSE Year'

2019-07-09 10:28:00 - [TEST_STEP][PASSED] - MainQualificationTotaloptions = getNumberOfTotalOption(findTestObject("REALRatings/NorthHighland/Page_REALrating/Main Qualification")): 6 options of object 'Object Repository/REALRatings/NorthHighland/Page_REALrating/Main Qualification' counted

2019-07-09 10:28:00 - [MESSAGE][PASSED] - 6 options of object 'Object Repository/REALRatings/NorthHighland/Page_REALrating/Main Qualification' counted

2019-07-09 10:28:00 - [TEST_STEP][PASSED] - MainQualificationCount = 1 + rad.nextInt(MainQualificationTotaloptions - 1): null

2019-07-09 10:28:00 - [TEST_STEP][PASSED] - selectOptionByIndex(findTestObject("REALRatings/NorthHighland/Page_REALrating/Main Qualification"), MainQualificationCount): All options with index in [4] are selected on object 'Object Repository/REALRatings/NorthHighland/Page_REALrating/Main Qualification'

2019-07-09 10:28:00 - [MESSAGE][PASSED] - All options with index in [4] are selected on object 'Object Repository/REALRatings/NorthHighland/Page_REALrating/Main Qualification'

2019-07-09 10:28:00 - [TEST_STEP][PASSED] - delay(5): Delayed 5 second(s)

2019-07-09 10:28:05 - [MESSAGE][PASSED] - Delayed 5 second(s)

2019-07-09 10:28:05 - [TEST_STEP][PASSED] - if (MainQualificationCount == 1): null

2019-07-09 10:28:05 - [TEST_STEP][PASSED] - else if (MainQualificationCount == 2): null

2019-07-09 10:28:05 - [TEST_STEP][PASSED] - else if (MainQualificationCount == 3): null

2019-07-09 10:28:05 - [TEST_STEP][PASSED] - else if (MainQualificationCount == 4): Text 'other ouualifications ' is set on object 'Object Repository/REALRatings/NorthHighland/Page_REALrating/Other Qualification'

2019-07-09 10:28:05 - [TEST_STEP][PASSED] - setText(findTestObject("REALRatings/NorthHighland/Page_REALrating/Other Qualification"), "other ouualifications "): Text 'other ouualifications ' is set on object 'Object Repository/REALRatings/NorthHighland/Page_REALrating/Other Qualification'

2019-07-09 10:28:05 - [MESSAGE][PASSED] - Text 'other ouualifications ' is set on object 'Object Repository/REALRatings/NorthHighland/Page_REALrating/Other Qualification'

2019-07-09 10:28:05 - [TEST_STEP][PASSED] - setText(findTestObject("REALRatings/NorthHighland/Page_REALrating/A Level School"), findTestData("getEmployable/Applicants").getValue(6, 1)): Text 'Kings Richard School' is set on object 'Object Repository/REALRatings/NorthHighland/Page_REALrating/A Level School'

2019-07-09 10:28:05 - [MESSAGE][PASSED] - Text 'Kings Richard School' is set on object 'Object Repository/REALRatings/NorthHighland/Page_REALrating/A Level School'

2019-07-09 10:28:05 - [TEST_STEP][PASSED] - setText(findTestObject("REALRatings/NorthHighland/Page_REALrating/GCSE School"), findTestData("getEmployable/Applicants").getValue(7, 1)): Text 'Kings Richard School' is set on object 'Object Repository/REALRatings/NorthHighland/Page_REALrating/GCSE School'

2019-07-09 10:28:05 - [MESSAGE][PASSED] - Text 'Kings Richard School' is set on object 'Object Repository/REALRatings/NorthHighland/Page_REALrating/GCSE School'

2019-07-09 10:28:05 - [TEST_STEP][PASSED] - click(findTestObject("REALRatings/NorthHighland/Page_REALrating/Gender")): Object: 'Object Repository/REALRatings/NorthHighland/Page_REALrating/Gender' is clicked on

2019-07-09 10:28:05 - [MESSAGE][PASSED] - Object: 'Object Repository/REALRatings/NorthHighland/Page_REALrating/Gender' is clicked on

2019-07-09 10:28:05 - [TEST_STEP][PASSED] - setText(findTestObject("REALRatings/NorthHighland/Page_REALrating/ALevelPostcode"), findTestData("getEmployable/Applicants").getValue(8, 1)): Text 'NW64DN' is set on object 'Object Repository/REALRatings/NorthHighland/Page_REALrating/ALevelPostcode'

2019-07-09 10:28:06 - [MESSAGE][PASSED] - Text 'NW64DN' is set on object 'Object Repository/REALRatings/NorthHighland/Page_REALrating/ALevelPostcode'

2019-07-09 10:28:06 - [TEST_STEP][PASSED] - setText(findTestObject("REALRatings/NorthHighland/Page_REALrating/GCSEPostcode"), findTestData("getEmployable/Applicants").getValue(9, 1)): Text 'AL60AA' is set on object 'Object Repository/REALRatings/NorthHighland/Page_REALrating/GCSEPostcode'

2019-07-09 10:28:06 - [MESSAGE][PASSED] - Text 'AL60AA' is set on object 'Object Repository/REALRatings/NorthHighland/Page_REALrating/GCSEPostcode'

2019-07-09 10:28:06 - [TEST_STEP][PASSED] - click(findTestObject("REALRatings/NorthHighland/Page_REALrating/TickAnyStatement")): Object: 'Object Repository/REALRatings/NorthHighland/Page_REALrating/TickAnyStatement' is clicked on

2019-07-09 10:28:06 - [MESSAGE][PASSED] - Object: 'Object Repository/REALRatings/NorthHighland/Page_REALrating/TickAnyStatement' is clicked on

2019-07-09 10:28:06 - [TEST_STEP][PASSED] - click(findTestObject("REALRatings/NorthHighland/Page_REALrating/ConfirmAggreement")): Object: 'Object Repository/REALRatings/NorthHighland/Page_REALrating/ConfirmAggreement' is clicked on

2019-07-09 10:28:06 - [MESSAGE][PASSED] - Object: 'Object Repository/REALRatings/NorthHighland/Page_REALrating/ConfirmAggreement' is clicked on

2019-07-09 10:28:06 - [TEST_STEP][PASSED] - click(findTestObject("REALRatings/NorthHighland/Page_REALrating/Submit")): Object: 'Object Repository/REALRatings/NorthHighland/Page_REALrating/Submit' is clicked on

2019-07-09 10:28:06 - [MESSAGE][PASSED] - Object: 'Object Repository/REALRatings/NorthHighland/Page_REALrating/Submit' is clicked on

2019-07-09 10:28:06 - [TEST_STEP][PASSED] - delay(5): Delayed 5 second(s)

2019-07-09 10:28:11 - [MESSAGE][PASSED] - Delayed 5 second(s)

2019-07-09 10:28:11 - [TEST_STEP][PASSED] - assert getUrl() == "https://uat-cil.realrating.co.uk/thankyou": Current window's url is: 'https://uat-cil.realrating.co.uk/thankyou'

2019-07-09 10:28:11 - [MESSAGE][PASSED] - Current window's url is: 'https://uat-cil.realrating.co.uk/thankyou'

2019-07-09 10:28:11 - [TEST_STEP][PASSED] - takeScreenshot(): Taking screenshot successfully

2019-07-09 10:28:11 - [MESSAGE][PASSED] - Taking screenshot successfully
[[ATTACHMENT|C:\\Users\\sambhavi\\git\\didactic-octo-spork\\Reports\\REALratings\\CIL\\20190709_102745\\1562648291574.png]]]]></system-out>
         <system-err><![CDATA[]]></system-err>
      </testcase>
      <testcase name="Test Cases/REALratings/CIL/Login" classname="Test Cases/REALratings/CIL/Login" status="FAILED">
         <failure type="FAILED" message="Test Cases/REALratings/CIL/Login FAILED.
Reason:
com.kms.katalon.core.exception.StepFailedException: Unable to verify all links on the page 'https://uat-cil.realrating.co.uk/home' are accessible
	at com.kms.katalon.core.keyword.internal.KeywordMain.stepFailed(KeywordMain.groovy:48)
	at com.kms.katalon.core.webui.keyword.internal.WebUIKeywordMain.stepFailed(WebUIKeywordMain.groovy:65)
	at com.kms.katalon.core.webui.keyword.internal.WebUIKeywordMain.runKeyword(WebUIKeywordMain.groovy:27)
	at com.kms.katalon.core.webui.keyword.builtin.VerifyAllLinksOnCurrentPageAccessibleKeyword.verifyAllLinksOnCurrentPageAccessible(VerifyAllLinksOnCurrentPageAccessibleKeyword.groovy:48)
	at com.kms.katalon.core.webui.keyword.builtin.VerifyAllLinksOnCurrentPageAccessibleKeyword.execute(VerifyAllLinksOnCurrentPageAccessibleKeyword.groovy:32)
	at com.kms.katalon.core.keyword.internal.KeywordExecutor.executeKeywordForPlatform(KeywordExecutor.groovy:56)
	at com.kms.katalon.core.webui.keyword.WebUiBuiltInKeywords.verifyAllLinksOnCurrentPageAccessible(WebUiBuiltInKeywords.groovy:3754)
	at com.kms.katalon.core.webui.keyword.WebUiBuiltInKeywords$verifyAllLinksOnCurrentPageAccessible$11.call(Unknown Source)
	at Login.run(Login:48)
	at com.kms.katalon.core.main.ScriptEngine.run(ScriptEngine.java:194)
	at com.kms.katalon.core.main.ScriptEngine.runScriptAsRawText(ScriptEngine.java:119)
	at com.kms.katalon.core.main.TestCaseExecutor.runScript(TestCaseExecutor.java:331)
	at com.kms.katalon.core.main.TestCaseExecutor.doExecute(TestCaseExecutor.java:322)
	at com.kms.katalon.core.main.TestCaseExecutor.processExecutionPhase(TestCaseExecutor.java:301)
	at com.kms.katalon.core.main.TestCaseExecutor.accessMainPhase(TestCaseExecutor.java:293)
	at com.kms.katalon.core.main.TestCaseExecutor.execute(TestCaseExecutor.java:227)
	at com.kms.katalon.core.main.TestSuiteExecutor.accessTestCaseMainPhase(TestSuiteExecutor.java:129)
	at com.kms.katalon.core.main.TestSuiteExecutor.accessTestSuiteMainPhase(TestSuiteExecutor.java:112)
	at com.kms.katalon.core.main.TestSuiteExecutor.execute(TestSuiteExecutor.java:81)
	at com.kms.katalon.core.main.TestCaseMain.startTestSuite(TestCaseMain.java:157)
	at com.kms.katalon.core.main.TestCaseMain$startTestSuite$0.call(Unknown Source)
	at TempTestSuite1562648265329.run(TempTestSuite1562648265329.groovy:35)
"/>
         <system-out><![CDATA[2019-07-09 10:28:11 - [TEST_CASE][FAILED] - Test Cases/REALratings/CIL/Login: Test Cases/REALratings/CIL/Login FAILED.
Reason:
com.kms.katalon.core.exception.StepFailedException: Unable to verify all links on the page 'https://uat-cil.realrating.co.uk/home' are accessible
	at com.kms.katalon.core.keyword.internal.KeywordMain.stepFailed(KeywordMain.groovy:48)
	at com.kms.katalon.core.webui.keyword.internal.WebUIKeywordMain.stepFailed(WebUIKeywordMain.groovy:65)
	at com.kms.katalon.core.webui.keyword.internal.WebUIKeywordMain.runKeyword(WebUIKeywordMain.groovy:27)
	at com.kms.katalon.core.webui.keyword.builtin.VerifyAllLinksOnCurrentPageAccessibleKeyword.verifyAllLinksOnCurrentPageAccessible(VerifyAllLinksOnCurrentPageAccessibleKeyword.groovy:48)
	at com.kms.katalon.core.webui.keyword.builtin.VerifyAllLinksOnCurrentPageAccessibleKeyword.execute(VerifyAllLinksOnCurrentPageAccessibleKeyword.groovy:32)
	at com.kms.katalon.core.keyword.internal.KeywordExecutor.executeKeywordForPlatform(KeywordExecutor.groovy:56)
	at com.kms.katalon.core.webui.keyword.WebUiBuiltInKeywords.verifyAllLinksOnCurrentPageAccessible(WebUiBuiltInKeywords.groovy:3754)
	at com.kms.katalon.core.webui.keyword.WebUiBuiltInKeywords$verifyAllLinksOnCurrentPageAccessible$11.call(Unknown Source)
	at Login.run(Login:48)
	at com.kms.katalon.core.main.ScriptEngine.run(ScriptEngine.java:194)
	at com.kms.katalon.core.main.ScriptEngine.runScriptAsRawText(ScriptEngine.java:119)
	at com.kms.katalon.core.main.TestCaseExecutor.runScript(TestCaseExecutor.java:331)
	at com.kms.katalon.core.main.TestCaseExecutor.doExecute(TestCaseExecutor.java:322)
	at com.kms.katalon.core.main.TestCaseExecutor.processExecutionPhase(TestCaseExecutor.java:301)
	at com.kms.katalon.core.main.TestCaseExecutor.accessMainPhase(TestCaseExecutor.java:293)
	at com.kms.katalon.core.main.TestCaseExecutor.execute(TestCaseExecutor.java:227)
	at com.kms.katalon.core.main.TestSuiteExecutor.accessTestCaseMainPhase(TestSuiteExecutor.java:129)
	at com.kms.katalon.core.main.TestSuiteExecutor.accessTestSuiteMainPhase(TestSuiteExecutor.java:112)
	at com.kms.katalon.core.main.TestSuiteExecutor.execute(TestSuiteExecutor.java:81)
	at com.kms.katalon.core.main.TestCaseMain.startTestSuite(TestCaseMain.java:157)
	at com.kms.katalon.core.main.TestCaseMain$startTestSuite$0.call(Unknown Source)
	at TempTestSuite1562648265329.run(TempTestSuite1562648265329.groovy:35)


2019-07-09 10:28:12 - [TEST_STEP][PASSED] - comment("CIL- Login"): CIL- Login

2019-07-09 10:28:12 - [MESSAGE][INFO] - CIL- Login

2019-07-09 10:28:12 - [TEST_STEP][PASSED] - openBrowser(""): Browser is opened with url: ''

2019-07-09 10:28:12 - [MESSAGE][WARNING] - A browser is already opened. Closing browser and opening a new one

2019-07-09 10:28:12 - [MESSAGE][INFO] - Starting 'Chrome' driver

2019-07-09 10:28:15 - [MESSAGE][PASSED] - Browser is opened with url: ''

2019-07-09 10:28:15 - [TEST_STEP][PASSED] - navigateToUrl("https://uat-cil.realrating.co.uk/login"): Navigate to 'https://uat-cil.realrating.co.uk/login' successfully

2019-07-09 10:28:20 - [MESSAGE][PASSED] - Navigate to 'https://uat-cil.realrating.co.uk/login' successfully

2019-07-09 10:28:20 - [TEST_STEP][PASSED] - maximizeWindow(): Current window maximized

2019-07-09 10:28:21 - [MESSAGE][PASSED] - Current window maximized

2019-07-09 10:28:21 - [TEST_STEP][PASSED] - setText(findTestObject("REALRatings/Greensill/login/Page_RealRating/input_E-Mail Address_email"), "john@upreach.org.uk"): Text 'john@upreach.org.uk' is set on object 'Object Repository/REALRatings/Greensill/login/Page_RealRating/input_E-Mail Address_email'

2019-07-09 10:28:21 - [MESSAGE][PASSED] - Text 'john@upreach.org.uk' is set on object 'Object Repository/REALRatings/Greensill/login/Page_RealRating/input_E-Mail Address_email'

2019-07-09 10:28:21 - [TEST_STEP][PASSED] - setEncryptedText(findTestObject("REALRatings/Greensill/login/Page_RealRating/input_Password_password"), "YPztdU12xyABLAH+eFFt4w=="): Text ****** has been set on object 'Object Repository/REALRatings/Greensill/login/Page_RealRating/input_Password_password'

2019-07-09 10:28:21 - [MESSAGE][PASSED] - Text ****** has been set on object 'Object Repository/REALRatings/Greensill/login/Page_RealRating/input_Password_password'

2019-07-09 10:28:21 - [TEST_STEP][PASSED] - click(findTestObject("REALRatings/Greensill/login/Page_RealRating/button_Login")): Object: 'Object Repository/REALRatings/Greensill/login/Page_RealRating/button_Login' is clicked on

2019-07-09 10:28:24 - [MESSAGE][PASSED] - Object: 'Object Repository/REALRatings/Greensill/login/Page_RealRating/button_Login' is clicked on

2019-07-09 10:28:24 - [TEST_STEP][PASSED] - getAllLinksOnCurrentPage(false, []): Found 16 unique links on the page https://uat-cil.realrating.co.uk/home

2019-07-09 10:28:24 - [MESSAGE][PASSED] - Found 16 unique links on the page https://uat-cil.realrating.co.uk/home

2019-07-09 10:28:24 - [TEST_STEP][PASSED] - verifyAllLinksOnCurrentPageAccessible(false, []): All links on the page 'https://uat-cil.realrating.co.uk/home' are accessible

2019-07-09 10:28:24 - [MESSAGE][PASSED] - Found 16 unique links on the page https://uat-cil.realrating.co.uk/home

2019-07-09 10:28:28 - [MESSAGE][INFO] - HAR: C:\Users\sambhavi\git\didactic-octo-spork\Reports\REALratings\CIL\20190709_102745\requests\main\0.har

2019-07-09 10:28:28 - [MESSAGE][PASSED] - Send request successfully

2019-07-09 10:28:29 - [MESSAGE][INFO] - HAR: C:\Users\sambhavi\git\didactic-octo-spork\Reports\REALratings\CIL\20190709_102745\requests\main\1.har

2019-07-09 10:28:29 - [MESSAGE][PASSED] - Send request successfully

2019-07-09 10:28:30 - [MESSAGE][INFO] - HAR: C:\Users\sambhavi\git\didactic-octo-spork\Reports\REALratings\CIL\20190709_102745\requests\main\2.har

2019-07-09 10:28:30 - [MESSAGE][PASSED] - Send request successfully

2019-07-09 10:28:31 - [MESSAGE][INFO] - HAR: C:\Users\sambhavi\git\didactic-octo-spork\Reports\REALratings\CIL\20190709_102745\requests\main\3.har

2019-07-09 10:28:31 - [MESSAGE][PASSED] - Send request successfully

2019-07-09 10:28:32 - [MESSAGE][INFO] - HAR: C:\Users\sambhavi\git\didactic-octo-spork\Reports\REALratings\CIL\20190709_102745\requests\main\4.har

2019-07-09 10:28:32 - [MESSAGE][PASSED] - Send request successfully

2019-07-09 10:28:33 - [MESSAGE][INFO] - HAR: C:\Users\sambhavi\git\didactic-octo-spork\Reports\REALratings\CIL\20190709_102745\requests\main\5.har

2019-07-09 10:28:33 - [MESSAGE][PASSED] - Send request successfully

2019-07-09 10:28:34 - [MESSAGE][INFO] - HAR: C:\Users\sambhavi\git\didactic-octo-spork\Reports\REALratings\CIL\20190709_102745\requests\main\6.har

2019-07-09 10:28:34 - [MESSAGE][PASSED] - Send request successfully

2019-07-09 10:28:35 - [MESSAGE][INFO] - HAR: C:\Users\sambhavi\git\didactic-octo-spork\Reports\REALratings\CIL\20190709_102745\requests\main\7.har

2019-07-09 10:28:35 - [MESSAGE][PASSED] - Send request successfully

2019-07-09 10:28:36 - [MESSAGE][INFO] - HAR: C:\Users\sambhavi\git\didactic-octo-spork\Reports\REALratings\CIL\20190709_102745\requests\main\8.har

2019-07-09 10:28:36 - [MESSAGE][PASSED] - Send request successfully

2019-07-09 10:28:37 - [MESSAGE][INFO] - HAR: C:\Users\sambhavi\git\didactic-octo-spork\Reports\REALratings\CIL\20190709_102745\requests\main\9.har

2019-07-09 10:28:37 - [MESSAGE][PASSED] - Send request successfully

2019-07-09 10:28:38 - [MESSAGE][INFO] - HAR: C:\Users\sambhavi\git\didactic-octo-spork\Reports\REALratings\CIL\20190709_102745\requests\main\10.har

2019-07-09 10:28:38 - [MESSAGE][PASSED] - Send request successfully

2019-07-09 10:28:39 - [MESSAGE][INFO] - HAR: C:\Users\sambhavi\git\didactic-octo-spork\Reports\REALratings\CIL\20190709_102745\requests\main\11.har

2019-07-09 10:28:39 - [MESSAGE][PASSED] - Send request successfully

2019-07-09 10:28:41 - [MESSAGE][INFO] - HAR: C:\Users\sambhavi\git\didactic-octo-spork\Reports\REALratings\CIL\20190709_102745\requests\main\12.har

2019-07-09 10:28:41 - [MESSAGE][PASSED] - Send request successfully

2019-07-09 10:28:46 - [MESSAGE][INFO] - HAR: C:\Users\sambhavi\git\didactic-octo-spork\Reports\REALratings\CIL\20190709_102745\requests\main\13.har

2019-07-09 10:28:46 - [MESSAGE][PASSED] - Send request successfully

2019-07-09 10:28:46 - [MESSAGE][INFO] - HAR: C:\Users\sambhavi\git\didactic-octo-spork\Reports\REALratings\CIL\20190709_102745\requests\main\14.har

2019-07-09 10:28:46 - [MESSAGE][PASSED] - Send request successfully

2019-07-09 10:28:47 - [MESSAGE][INFO] - HAR: C:\Users\sambhavi\git\didactic-octo-spork\Reports\REALratings\CIL\20190709_102745\requests\main\15.har

2019-07-09 10:28:47 - [MESSAGE][PASSED] - Send request successfully

2019-07-09 10:28:47 - [MESSAGE][PASSED] - All links are accessible

2019-07-09 10:28:47 - [MESSAGE][PASSED] - All links on the page 'https://uat-cil.realrating.co.uk/home' are accessible

2019-07-09 10:28:47 - [TEST_STEP][PASSED] - click(findTestObject("REALRatings/Greensill/login/Page_RealRating/Other Qualifications Tab")): Object: 'Object Repository/REALRatings/Greensill/login/Page_RealRating/Other Qualifications Tab' is clicked on

2019-07-09 10:28:47 - [MESSAGE][PASSED] - Object: 'Object Repository/REALRatings/Greensill/login/Page_RealRating/Other Qualifications Tab' is clicked on

2019-07-09 10:28:47 - [TEST_STEP][PASSED] - getAllLinksOnCurrentPage(false, []): Found 16 unique links on the page https://uat-cil.realrating.co.uk/home

2019-07-09 10:28:47 - [MESSAGE][PASSED] - Found 16 unique links on the page https://uat-cil.realrating.co.uk/home

2019-07-09 10:28:47 - [TEST_STEP][FAILED] - verifyAllLinksOnCurrentPageAccessible(false, []): verifyAllLinksOnCurrentPageAccessible(false, []) FAILED.
Reason:
com.kms.katalon.core.exception.StepFailedException: Unable to verify all links on the page 'https://uat-cil.realrating.co.uk/home' are accessible
	at com.kms.katalon.core.keyword.internal.KeywordMain.stepFailed(KeywordMain.groovy:48)
	at com.kms.katalon.core.webui.keyword.internal.WebUIKeywordMain.stepFailed(WebUIKeywordMain.groovy:65)
	at com.kms.katalon.core.webui.keyword.internal.WebUIKeywordMain.runKeyword(WebUIKeywordMain.groovy:27)
	at com.kms.katalon.core.webui.keyword.builtin.VerifyAllLinksOnCurrentPageAccessibleKeyword.verifyAllLinksOnCurrentPageAccessible(VerifyAllLinksOnCurrentPageAccessibleKeyword.groovy:48)
	at com.kms.katalon.core.webui.keyword.builtin.VerifyAllLinksOnCurrentPageAccessibleKeyword.execute(VerifyAllLinksOnCurrentPageAccessibleKeyword.groovy:32)
	at com.kms.katalon.core.keyword.internal.KeywordExecutor.executeKeywordForPlatform(KeywordExecutor.groovy:56)
	at com.kms.katalon.core.webui.keyword.WebUiBuiltInKeywords.verifyAllLinksOnCurrentPageAccessible(WebUiBuiltInKeywords.groovy:3754)
	at com.kms.katalon.core.webui.keyword.WebUiBuiltInKeywords$verifyAllLinksOnCurrentPageAccessible$11.call(Unknown Source)
	at Login.run(Login:48)
	at com.kms.katalon.core.main.ScriptEngine.run(ScriptEngine.java:194)
	at com.kms.katalon.core.main.ScriptEngine.runScriptAsRawText(ScriptEngine.java:119)
	at com.kms.katalon.core.main.TestCaseExecutor.runScript(TestCaseExecutor.java:331)
	at com.kms.katalon.core.main.TestCaseExecutor.doExecute(TestCaseExecutor.java:322)
	at com.kms.katalon.core.main.TestCaseExecutor.processExecutionPhase(TestCaseExecutor.java:301)
	at com.kms.katalon.core.main.TestCaseExecutor.accessMainPhase(TestCaseExecutor.java:293)
	at com.kms.katalon.core.main.TestCaseExecutor.execute(TestCaseExecutor.java:227)
	at com.kms.katalon.core.main.TestSuiteExecutor.accessTestCaseMainPhase(TestSuiteExecutor.java:129)
	at com.kms.katalon.core.main.TestSuiteExecutor.accessTestSuiteMainPhase(TestSuiteExecutor.java:112)
	at com.kms.katalon.core.main.TestSuiteExecutor.execute(TestSuiteExecutor.java:81)
	at com.kms.katalon.core.main.TestCaseMain.startTestSuite(TestCaseMain.java:157)
	at com.kms.katalon.core.main.TestCaseMain$startTestSuite$0.call(Unknown Source)
	at TempTestSuite1562648265329.run(TempTestSuite1562648265329.groovy:35)


2019-07-09 10:28:47 - [MESSAGE][PASSED] - Found 16 unique links on the page https://uat-cil.realrating.co.uk/home

2019-07-09 10:28:49 - [MESSAGE][INFO] - HAR: C:\Users\sambhavi\git\didactic-octo-spork\Reports\REALratings\CIL\20190709_102745\requests\main\16.har

2019-07-09 10:28:49 - [MESSAGE][PASSED] - Send request successfully

2019-07-09 10:28:50 - [MESSAGE][INFO] - HAR: C:\Users\sambhavi\git\didactic-octo-spork\Reports\REALratings\CIL\20190709_102745\requests\main\17.har

2019-07-09 10:28:50 - [MESSAGE][PASSED] - Send request successfully

2019-07-09 10:28:51 - [MESSAGE][INFO] - HAR: C:\Users\sambhavi\git\didactic-octo-spork\Reports\REALratings\CIL\20190709_102745\requests\main\18.har

2019-07-09 10:28:51 - [MESSAGE][PASSED] - Send request successfully

2019-07-09 10:28:51 - [MESSAGE][INFO] - HAR: C:\Users\sambhavi\git\didactic-octo-spork\Reports\REALratings\CIL\20190709_102745\requests\main\19.har

2019-07-09 10:28:51 - [MESSAGE][PASSED] - Send request successfully

2019-07-09 10:28:53 - [MESSAGE][INFO] - HAR: C:\Users\sambhavi\git\didactic-octo-spork\Reports\REALratings\CIL\20190709_102745\requests\main\20.har

2019-07-09 10:28:53 - [MESSAGE][PASSED] - Send request successfully

2019-07-09 10:28:53 - [MESSAGE][INFO] - HAR: C:\Users\sambhavi\git\didactic-octo-spork\Reports\REALratings\CIL\20190709_102745\requests\main\21.har

2019-07-09 10:28:53 - [MESSAGE][PASSED] - Send request successfully

2019-07-09 10:29:15 - [MESSAGE][INFO] - HAR: C:\Users\sambhavi\git\didactic-octo-spork\Reports\REALratings\CIL\20190709_102745\requests\main\22.har

2019-07-09 10:29:15 - [MESSAGE][PASSED] - Send request successfully

2019-07-09 10:29:16 - [MESSAGE][INFO] - HAR: C:\Users\sambhavi\git\didactic-octo-spork\Reports\REALratings\CIL\20190709_102745\requests\main\23.har

2019-07-09 10:29:16 - [MESSAGE][PASSED] - Send request successfully

2019-07-09 10:29:17 - [MESSAGE][INFO] - HAR: C:\Users\sambhavi\git\didactic-octo-spork\Reports\REALratings\CIL\20190709_102745\requests\main\24.har

2019-07-09 10:29:17 - [MESSAGE][PASSED] - Send request successfully

2019-07-09 10:29:18 - [MESSAGE][INFO] - HAR: C:\Users\sambhavi\git\didactic-octo-spork\Reports\REALratings\CIL\20190709_102745\requests\main\25.har

2019-07-09 10:29:18 - [MESSAGE][PASSED] - Send request successfully

2019-07-09 10:29:19 - [MESSAGE][INFO] - HAR: C:\Users\sambhavi\git\didactic-octo-spork\Reports\REALratings\CIL\20190709_102745\requests\main\26.har

2019-07-09 10:29:19 - [MESSAGE][PASSED] - Send request successfully

2019-07-09 10:29:20 - [MESSAGE][INFO] - HAR: C:\Users\sambhavi\git\didactic-octo-spork\Reports\REALratings\CIL\20190709_102745\requests\main\27.har

2019-07-09 10:29:20 - [MESSAGE][PASSED] - Send request successfully

2019-07-09 10:29:22 - [MESSAGE][INFO] - HAR: C:\Users\sambhavi\git\didactic-octo-spork\Reports\REALratings\CIL\20190709_102745\requests\main\28.har

2019-07-09 10:29:22 - [MESSAGE][PASSED] - Send request successfully

2019-07-09 10:29:26 - [MESSAGE][INFO] - HAR: C:\Users\sambhavi\git\didactic-octo-spork\Reports\REALratings\CIL\20190709_102745\requests\main\29.har

2019-07-09 10:29:26 - [MESSAGE][PASSED] - Send request successfully

2019-07-09 10:29:27 - [MESSAGE][INFO] - HAR: C:\Users\sambhavi\git\didactic-octo-spork\Reports\REALratings\CIL\20190709_102745\requests\main\30.har

2019-07-09 10:29:27 - [MESSAGE][PASSED] - Send request successfully

2019-07-09 10:29:27 - [MESSAGE][INFO] - HAR: C:\Users\sambhavi\git\didactic-octo-spork\Reports\REALratings\CIL\20190709_102745\requests\main\31.har

2019-07-09 10:29:27 - [MESSAGE][PASSED] - Send request successfully

2019-07-09 10:29:27 - [MESSAGE][WARNING] - Found 1 inaccessible links [https://uat-cil.realrating.co.uk/home]

2019-07-09 10:29:27 - [MESSAGE][FAILED] - Some of links on the current page are inaccessible

2019-07-09 10:29:27 - [MESSAGE][FAILED] - Unable to verify all links on the page 'https://uat-cil.realrating.co.uk/home' are accessible

2019-07-09 10:29:27 - [MESSAGE][FAILED] - verifyAllLinksOnCurrentPageAccessible(false, []) FAILED.
Reason:
com.kms.katalon.core.exception.StepFailedException: Unable to verify all links on the page 'https://uat-cil.realrating.co.uk/home' are accessible
	at com.kms.katalon.core.keyword.internal.KeywordMain.stepFailed(KeywordMain.groovy:48)
	at com.kms.katalon.core.webui.keyword.internal.WebUIKeywordMain.stepFailed(WebUIKeywordMain.groovy:65)
	at com.kms.katalon.core.webui.keyword.internal.WebUIKeywordMain.runKeyword(WebUIKeywordMain.groovy:27)
	at com.kms.katalon.core.webui.keyword.builtin.VerifyAllLinksOnCurrentPageAccessibleKeyword.verifyAllLinksOnCurrentPageAccessible(VerifyAllLinksOnCurrentPageAccessibleKeyword.groovy:48)
	at com.kms.katalon.core.webui.keyword.builtin.VerifyAllLinksOnCurrentPageAccessibleKeyword.execute(VerifyAllLinksOnCurrentPageAccessibleKeyword.groovy:32)
	at com.kms.katalon.core.keyword.internal.KeywordExecutor.executeKeywordForPlatform(KeywordExecutor.groovy:56)
	at com.kms.katalon.core.webui.keyword.WebUiBuiltInKeywords.verifyAllLinksOnCurrentPageAccessible(WebUiBuiltInKeywords.groovy:3754)
	at com.kms.katalon.core.webui.keyword.WebUiBuiltInKeywords$verifyAllLinksOnCurrentPageAccessible$11.call(Unknown Source)
	at Login.run(Login:48)
	at com.kms.katalon.core.main.ScriptEngine.run(ScriptEngine.java:194)
	at com.kms.katalon.core.main.ScriptEngine.runScriptAsRawText(ScriptEngine.java:119)
	at com.kms.katalon.core.main.TestCaseExecutor.runScript(TestCaseExecutor.java:331)
	at com.kms.katalon.core.main.TestCaseExecutor.doExecute(TestCaseExecutor.java:322)
	at com.kms.katalon.core.main.TestCaseExecutor.processExecutionPhase(TestCaseExecutor.java:301)
	at com.kms.katalon.core.main.TestCaseExecutor.accessMainPhase(TestCaseExecutor.java:293)
	at com.kms.katalon.core.main.TestCaseExecutor.execute(TestCaseExecutor.java:227)
	at com.kms.katalon.core.main.TestSuiteExecutor.accessTestCaseMainPhase(TestSuiteExecutor.java:129)
	at com.kms.katalon.core.main.TestSuiteExecutor.accessTestSuiteMainPhase(TestSuiteExecutor.java:112)
	at com.kms.katalon.core.main.TestSuiteExecutor.execute(TestSuiteExecutor.java:81)
	at com.kms.katalon.core.main.TestCaseMain.startTestSuite(TestCaseMain.java:157)
	at com.kms.katalon.core.main.TestCaseMain$startTestSuite$0.call(Unknown Source)
	at TempTestSuite1562648265329.run(TempTestSuite1562648265329.groovy:35)]]></system-out>
         <system-err><![CDATA[2019-07-09 10:28:11 - [TEST_CASE][FAILED] - Test Cases/REALratings/CIL/Login: Test Cases/REALratings/CIL/Login FAILED.
Reason:
com.kms.katalon.core.exception.StepFailedException: Unable to verify all links on the page 'https://uat-cil.realrating.co.uk/home' are accessible
	at com.kms.katalon.core.keyword.internal.KeywordMain.stepFailed(KeywordMain.groovy:48)
	at com.kms.katalon.core.webui.keyword.internal.WebUIKeywordMain.stepFailed(WebUIKeywordMain.groovy:65)
	at com.kms.katalon.core.webui.keyword.internal.WebUIKeywordMain.runKeyword(WebUIKeywordMain.groovy:27)
	at com.kms.katalon.core.webui.keyword.builtin.VerifyAllLinksOnCurrentPageAccessibleKeyword.verifyAllLinksOnCurrentPageAccessible(VerifyAllLinksOnCurrentPageAccessibleKeyword.groovy:48)
	at com.kms.katalon.core.webui.keyword.builtin.VerifyAllLinksOnCurrentPageAccessibleKeyword.execute(VerifyAllLinksOnCurrentPageAccessibleKeyword.groovy:32)
	at com.kms.katalon.core.keyword.internal.KeywordExecutor.executeKeywordForPlatform(KeywordExecutor.groovy:56)
	at com.kms.katalon.core.webui.keyword.WebUiBuiltInKeywords.verifyAllLinksOnCurrentPageAccessible(WebUiBuiltInKeywords.groovy:3754)
	at com.kms.katalon.core.webui.keyword.WebUiBuiltInKeywords$verifyAllLinksOnCurrentPageAccessible$11.call(Unknown Source)
	at Login.run(Login:48)
	at com.kms.katalon.core.main.ScriptEngine.run(ScriptEngine.java:194)
	at com.kms.katalon.core.main.ScriptEngine.runScriptAsRawText(ScriptEngine.java:119)
	at com.kms.katalon.core.main.TestCaseExecutor.runScript(TestCaseExecutor.java:331)
	at com.kms.katalon.core.main.TestCaseExecutor.doExecute(TestCaseExecutor.java:322)
	at com.kms.katalon.core.main.TestCaseExecutor.processExecutionPhase(TestCaseExecutor.java:301)
	at com.kms.katalon.core.main.TestCaseExecutor.accessMainPhase(TestCaseExecutor.java:293)
	at com.kms.katalon.core.main.TestCaseExecutor.execute(TestCaseExecutor.java:227)
	at com.kms.katalon.core.main.TestSuiteExecutor.accessTestCaseMainPhase(TestSuiteExecutor.java:129)
	at com.kms.katalon.core.main.TestSuiteExecutor.accessTestSuiteMainPhase(TestSuiteExecutor.java:112)
	at com.kms.katalon.core.main.TestSuiteExecutor.execute(TestSuiteExecutor.java:81)
	at com.kms.katalon.core.main.TestCaseMain.startTestSuite(TestCaseMain.java:157)
	at com.kms.katalon.core.main.TestCaseMain$startTestSuite$0.call(Unknown Source)
	at TempTestSuite1562648265329.run(TempTestSuite1562648265329.groovy:35)]]></system-err>
      </testcase>
      <system-out><![CDATA[2019-07-09 10:27:47 - [TEST_SUITE][FAILED] - CIL: Test Cases/REALratings/CIL/Login FAILED.
Reason:
com.kms.katalon.core.exception.StepFailedException: Unable to verify all links on the page 'https://uat-cil.realrating.co.uk/home' are accessible
	at com.kms.katalon.core.keyword.internal.KeywordMain.stepFailed(KeywordMain.groovy:48)
	at com.kms.katalon.core.webui.keyword.internal.WebUIKeywordMain.stepFailed(WebUIKeywordMain.groovy:65)
	at com.kms.katalon.core.webui.keyword.internal.WebUIKeywordMain.runKeyword(WebUIKeywordMain.groovy:27)
	at com.kms.katalon.core.webui.keyword.builtin.VerifyAllLinksOnCurrentPageAccessibleKeyword.verifyAllLinksOnCurrentPageAccessible(VerifyAllLinksOnCurrentPageAccessibleKeyword.groovy:48)
	at com.kms.katalon.core.webui.keyword.builtin.VerifyAllLinksOnCurrentPageAccessibleKeyword.execute(VerifyAllLinksOnCurrentPageAccessibleKeyword.groovy:32)
	at com.kms.katalon.core.keyword.internal.KeywordExecutor.executeKeywordForPlatform(KeywordExecutor.groovy:56)
	at com.kms.katalon.core.webui.keyword.WebUiBuiltInKeywords.verifyAllLinksOnCurrentPageAccessible(WebUiBuiltInKeywords.groovy:3754)
	at com.kms.katalon.core.webui.keyword.WebUiBuiltInKeywords$verifyAllLinksOnCurrentPageAccessible$11.call(Unknown Source)
	at Login.run(Login:48)
	at com.kms.katalon.core.main.ScriptEngine.run(ScriptEngine.java:194)
	at com.kms.katalon.core.main.ScriptEngine.runScriptAsRawText(ScriptEngine.java:119)
	at com.kms.katalon.core.main.TestCaseExecutor.runScript(TestCaseExecutor.java:331)
	at com.kms.katalon.core.main.TestCaseExecutor.doExecute(TestCaseExecutor.java:322)
	at com.kms.katalon.core.main.TestCaseExecutor.processExecutionPhase(TestCaseExecutor.java:301)
	at com.kms.katalon.core.main.TestCaseExecutor.accessMainPhase(TestCaseExecutor.java:293)
	at com.kms.katalon.core.main.TestCaseExecutor.execute(TestCaseExecutor.java:227)
	at com.kms.katalon.core.main.TestSuiteExecutor.accessTestCaseMainPhase(TestSuiteExecutor.java:129)
	at com.kms.katalon.core.main.TestSuiteExecutor.accessTestSuiteMainPhase(TestSuiteExecutor.java:112)
	at com.kms.katalon.core.main.TestSuiteExecutor.execute(TestSuiteExecutor.java:81)
	at com.kms.katalon.core.main.TestCaseMain.startTestSuite(TestCaseMain.java:157)
	at com.kms.katalon.core.main.TestCaseMain$startTestSuite$0.call(Unknown Source)
	at TempTestSuite1562648265329.run(TempTestSuite1562648265329.groovy:35)]]></system-out>
      <system-err><![CDATA[2019-07-09 10:27:47 - [TEST_SUITE][FAILED] - CIL: Test Cases/REALratings/CIL/Login FAILED.
Reason:
com.kms.katalon.core.exception.StepFailedException: Unable to verify all links on the page 'https://uat-cil.realrating.co.uk/home' are accessible
	at com.kms.katalon.core.keyword.internal.KeywordMain.stepFailed(KeywordMain.groovy:48)
	at com.kms.katalon.core.webui.keyword.internal.WebUIKeywordMain.stepFailed(WebUIKeywordMain.groovy:65)
	at com.kms.katalon.core.webui.keyword.internal.WebUIKeywordMain.runKeyword(WebUIKeywordMain.groovy:27)
	at com.kms.katalon.core.webui.keyword.builtin.VerifyAllLinksOnCurrentPageAccessibleKeyword.verifyAllLinksOnCurrentPageAccessible(VerifyAllLinksOnCurrentPageAccessibleKeyword.groovy:48)
	at com.kms.katalon.core.webui.keyword.builtin.VerifyAllLinksOnCurrentPageAccessibleKeyword.execute(VerifyAllLinksOnCurrentPageAccessibleKeyword.groovy:32)
	at com.kms.katalon.core.keyword.internal.KeywordExecutor.executeKeywordForPlatform(KeywordExecutor.groovy:56)
	at com.kms.katalon.core.webui.keyword.WebUiBuiltInKeywords.verifyAllLinksOnCurrentPageAccessible(WebUiBuiltInKeywords.groovy:3754)
	at com.kms.katalon.core.webui.keyword.WebUiBuiltInKeywords$verifyAllLinksOnCurrentPageAccessible$11.call(Unknown Source)
	at Login.run(Login:48)
	at com.kms.katalon.core.main.ScriptEngine.run(ScriptEngine.java:194)
	at com.kms.katalon.core.main.ScriptEngine.runScriptAsRawText(ScriptEngine.java:119)
	at com.kms.katalon.core.main.TestCaseExecutor.runScript(TestCaseExecutor.java:331)
	at com.kms.katalon.core.main.TestCaseExecutor.doExecute(TestCaseExecutor.java:322)
	at com.kms.katalon.core.main.TestCaseExecutor.processExecutionPhase(TestCaseExecutor.java:301)
	at com.kms.katalon.core.main.TestCaseExecutor.accessMainPhase(TestCaseExecutor.java:293)
	at com.kms.katalon.core.main.TestCaseExecutor.execute(TestCaseExecutor.java:227)
	at com.kms.katalon.core.main.TestSuiteExecutor.accessTestCaseMainPhase(TestSuiteExecutor.java:129)
	at com.kms.katalon.core.main.TestSuiteExecutor.accessTestSuiteMainPhase(TestSuiteExecutor.java:112)
	at com.kms.katalon.core.main.TestSuiteExecutor.execute(TestSuiteExecutor.java:81)
	at com.kms.katalon.core.main.TestCaseMain.startTestSuite(TestCaseMain.java:157)
	at com.kms.katalon.core.main.TestCaseMain$startTestSuite$0.call(Unknown Source)
	at TempTestSuite1562648265329.run(TempTestSuite1562648265329.groovy:35)]]></system-err>
   </testsuite>
</testsuites>
