<?xml version="1.0" encoding="UTF-8"?>
<testsuites name="REALrating" time="66" tests="1" failures="1" errors="0">
   <testsuite name="REALrating" tests="1" failures="1" errors="0" time="66" timestamp="2019-06-04 12:39:28" hostname="sambhavi - sambhavi.jmandigital.in" id="Test Suites/REALratings/REALrating">
      <properties>
         <property name="deviceName" value=""/>
         <property name="devicePlatform" value=""/>
         <property name="logFolder" value="C:\\Users\\sambhavi\\git\\didactic-octo-spork\\Reports\\REALratings\\REALrating\\20190604_123926"/>
         <property name="logFiles" value="C:\\Users\\sambhavi\\git\\didactic-octo-spork\\Reports\\REALratings\\REALrating\\20190604_123926\\execution0.log"/>
         <property name="attachments" value=""/>
         <property name="hostName" value="sambhavi - sambhavi.jmandigital.in"/>
         <property name="os" value="Windows 10 64bit"/>
         <property name="katalonVersion" value="6.0.5.10"/>
         <property name="browser" value="Chrome 74.0.3729.169"/>
         <property name="hostAddress" value="192.168.0.185"/>
         <property name="sessionId" value="7fb25809eda95b2c9bc99bca1fdf94e3"/>
         <property name="seleniumVersion" value="3.7.1"/>
         <property name="proxyInformation" value="ProxyInformation{proxyOption=NO_PROXY, proxyServerType=HTTP, password=, proxyServerAddress=, proxyServerPort=0}"/>
         <property name="platform" value="Windows 10"/>
      </properties>
      <testcase name="Test Cases/REALratings/REALrating/allLinksAllAccessible" classname="Test Cases/REALratings/REALrating/allLinksAllAccessible" status="PASSED">
         <system-out><![CDATA[2019-06-04 12:39:28 - [TEST_CASE][PASSED] - Test Cases/REALratings/REALrating/allLinksAllAccessible: Test Cases/REALratings/REALrating/allLinksAllAccessible

2019-06-04 12:39:28 - [TEST_STEP][PASSED] - openBrowser(""): Browser is opened with url: ''

2019-06-04 12:39:29 - [MESSAGE][INFO] - Starting 'Chrome' driver

2019-06-04 12:39:29 - [MESSAGE][INFO] - Action delay is set to 0 seconds

2019-06-04 12:39:32 - [MESSAGE][PASSED] - Browser is opened with url: ''

2019-06-04 12:39:32 - [TEST_STEP][PASSED] - navigateToUrl("https://uat.realrating.co.uk/"): Navigate to 'https://uat.realrating.co.uk/' successfully

2019-06-04 12:39:38 - [MESSAGE][PASSED] - Navigate to 'https://uat.realrating.co.uk/' successfully

2019-06-04 12:39:38 - [TEST_STEP][PASSED] - maximizeWindow(): Current window maximized

2019-06-04 12:39:39 - [MESSAGE][PASSED] - Current window maximized

2019-06-04 12:39:39 - [TEST_STEP][PASSED] - verifyElementPresent(findTestObject("REALRatings/REALrating/Page_REALrating/Get Started"), 5, STOP_ON_FAILURE): Object 'Object Repository/REALRatings/REALrating/Page_REALrating/Get Started' is present

2019-06-04 12:39:39 - [MESSAGE][PASSED] - Object 'Object Repository/REALRatings/REALrating/Page_REALrating/Get Started' is present

2019-06-04 12:39:39 - [TEST_STEP][PASSED] - verifyAllLinksOnCurrentPageAccessible(false, []): All links on the page 'https://uat.realrating.co.uk/' are accessible

2019-06-04 12:39:40 - [MESSAGE][PASSED] - Found 26 unique links on the page https://uat.realrating.co.uk/

2019-06-04 12:39:43 - [MESSAGE][INFO] - HAR: C:\Users\sambhavi\git\didactic-octo-spork\Reports\REALratings\REALrating\20190604_123926\requests\main\0.har

2019-06-04 12:39:43 - [MESSAGE][PASSED] - Send request successfully

2019-06-04 12:39:44 - [MESSAGE][INFO] - HAR: C:\Users\sambhavi\git\didactic-octo-spork\Reports\REALratings\REALrating\20190604_123926\requests\main\1.har

2019-06-04 12:39:44 - [MESSAGE][PASSED] - Send request successfully

2019-06-04 12:39:44 - [MESSAGE][INFO] - HAR: C:\Users\sambhavi\git\didactic-octo-spork\Reports\REALratings\REALrating\20190604_123926\requests\main\2.har

2019-06-04 12:39:44 - [MESSAGE][PASSED] - Send request successfully

2019-06-04 12:39:45 - [MESSAGE][INFO] - HAR: C:\Users\sambhavi\git\didactic-octo-spork\Reports\REALratings\REALrating\20190604_123926\requests\main\3.har

2019-06-04 12:39:45 - [MESSAGE][PASSED] - Send request successfully

2019-06-04 12:39:47 - [MESSAGE][INFO] - HAR: C:\Users\sambhavi\git\didactic-octo-spork\Reports\REALratings\REALrating\20190604_123926\requests\main\4.har

2019-06-04 12:39:47 - [MESSAGE][PASSED] - Send request successfully

2019-06-04 12:39:48 - [MESSAGE][INFO] - HAR: C:\Users\sambhavi\git\didactic-octo-spork\Reports\REALratings\REALrating\20190604_123926\requests\main\5.har

2019-06-04 12:39:48 - [MESSAGE][PASSED] - Send request successfully

2019-06-04 12:39:49 - [MESSAGE][INFO] - HAR: C:\Users\sambhavi\git\didactic-octo-spork\Reports\REALratings\REALrating\20190604_123926\requests\main\6.har

2019-06-04 12:39:49 - [MESSAGE][PASSED] - Send request successfully

2019-06-04 12:39:50 - [MESSAGE][INFO] - HAR: C:\Users\sambhavi\git\didactic-octo-spork\Reports\REALratings\REALrating\20190604_123926\requests\main\7.har

2019-06-04 12:39:50 - [MESSAGE][PASSED] - Send request successfully

2019-06-04 12:39:50 - [MESSAGE][INFO] - HAR: C:\Users\sambhavi\git\didactic-octo-spork\Reports\REALratings\REALrating\20190604_123926\requests\main\8.har

2019-06-04 12:39:50 - [MESSAGE][PASSED] - Send request successfully

2019-06-04 12:39:51 - [MESSAGE][INFO] - HAR: C:\Users\sambhavi\git\didactic-octo-spork\Reports\REALratings\REALrating\20190604_123926\requests\main\9.har

2019-06-04 12:39:51 - [MESSAGE][PASSED] - Send request successfully

2019-06-04 12:39:52 - [MESSAGE][INFO] - HAR: C:\Users\sambhavi\git\didactic-octo-spork\Reports\REALratings\REALrating\20190604_123926\requests\main\10.har

2019-06-04 12:39:52 - [MESSAGE][PASSED] - Send request successfully

2019-06-04 12:39:52 - [MESSAGE][INFO] - HAR: C:\Users\sambhavi\git\didactic-octo-spork\Reports\REALratings\REALrating\20190604_123926\requests\main\11.har

2019-06-04 12:39:52 - [MESSAGE][PASSED] - Send request successfully

2019-06-04 12:39:53 - [MESSAGE][INFO] - HAR: C:\Users\sambhavi\git\didactic-octo-spork\Reports\REALratings\REALrating\20190604_123926\requests\main\12.har

2019-06-04 12:39:53 - [MESSAGE][PASSED] - Send request successfully

2019-06-04 12:39:55 - [MESSAGE][INFO] - HAR: C:\Users\sambhavi\git\didactic-octo-spork\Reports\REALratings\REALrating\20190604_123926\requests\main\13.har

2019-06-04 12:39:55 - [MESSAGE][PASSED] - Send request successfully

2019-06-04 12:39:58 - [MESSAGE][INFO] - HAR: C:\Users\sambhavi\git\didactic-octo-spork\Reports\REALratings\REALrating\20190604_123926\requests\main\14.har

2019-06-04 12:39:58 - [MESSAGE][PASSED] - Send request successfully

2019-06-04 12:39:58 - [MESSAGE][INFO] - HAR: C:\Users\sambhavi\git\didactic-octo-spork\Reports\REALratings\REALrating\20190604_123926\requests\main\15.har

2019-06-04 12:39:58 - [MESSAGE][PASSED] - Send request successfully

2019-06-04 12:39:59 - [MESSAGE][INFO] - HAR: C:\Users\sambhavi\git\didactic-octo-spork\Reports\REALratings\REALrating\20190604_123926\requests\main\16.har

2019-06-04 12:39:59 - [MESSAGE][PASSED] - Send request successfully

2019-06-04 12:39:59 - [MESSAGE][INFO] - HAR: C:\Users\sambhavi\git\didactic-octo-spork\Reports\REALratings\REALrating\20190604_123926\requests\main\17.har

2019-06-04 12:39:59 - [MESSAGE][PASSED] - Send request successfully

2019-06-04 12:40:00 - [MESSAGE][INFO] - HAR: C:\Users\sambhavi\git\didactic-octo-spork\Reports\REALratings\REALrating\20190604_123926\requests\main\18.har

2019-06-04 12:40:00 - [MESSAGE][PASSED] - Send request successfully

2019-06-04 12:40:00 - [MESSAGE][INFO] - HAR: C:\Users\sambhavi\git\didactic-octo-spork\Reports\REALratings\REALrating\20190604_123926\requests\main\19.har

2019-06-04 12:40:00 - [MESSAGE][PASSED] - Send request successfully

2019-06-04 12:40:01 - [MESSAGE][INFO] - HAR: C:\Users\sambhavi\git\didactic-octo-spork\Reports\REALratings\REALrating\20190604_123926\requests\main\20.har

2019-06-04 12:40:01 - [MESSAGE][PASSED] - Send request successfully

2019-06-04 12:40:02 - [MESSAGE][INFO] - HAR: C:\Users\sambhavi\git\didactic-octo-spork\Reports\REALratings\REALrating\20190604_123926\requests\main\21.har

2019-06-04 12:40:02 - [MESSAGE][PASSED] - Send request successfully

2019-06-04 12:40:03 - [MESSAGE][INFO] - HAR: C:\Users\sambhavi\git\didactic-octo-spork\Reports\REALratings\REALrating\20190604_123926\requests\main\22.har

2019-06-04 12:40:03 - [MESSAGE][PASSED] - Send request successfully

2019-06-04 12:40:03 - [MESSAGE][INFO] - HAR: C:\Users\sambhavi\git\didactic-octo-spork\Reports\REALratings\REALrating\20190604_123926\requests\main\23.har

2019-06-04 12:40:03 - [MESSAGE][PASSED] - Send request successfully

2019-06-04 12:40:04 - [MESSAGE][INFO] - HAR: C:\Users\sambhavi\git\didactic-octo-spork\Reports\REALratings\REALrating\20190604_123926\requests\main\24.har

2019-06-04 12:40:04 - [MESSAGE][PASSED] - Send request successfully

2019-06-04 12:40:04 - [MESSAGE][INFO] - HAR: C:\Users\sambhavi\git\didactic-octo-spork\Reports\REALratings\REALrating\20190604_123926\requests\main\25.har

2019-06-04 12:40:04 - [MESSAGE][PASSED] - Send request successfully

2019-06-04 12:40:04 - [MESSAGE][PASSED] - All links are accessible

2019-06-04 12:40:04 - [MESSAGE][PASSED] - All links on the page 'https://uat.realrating.co.uk/' are accessible]]></system-out>
         <system-err><![CDATA[]]></system-err>
      </testcase>
      <testcase name="Test Cases/REALratings/REALrating/formSubmission" classname="Test Cases/REALratings/REALrating/formSubmission" status="FAILED">
         <failure type="FAILED" message="Test Cases/REALratings/REALrating/formSubmission FAILED.
Reason:
Assertion failed: 

assert WebUI.getUrl() == 'https://uat.realrating.co.uk/realrating/thankyou'
             |        |
             |        false
             https://uat.realrating.co.uk/getStarted/REAL_5cf6192179057

	at formSubmission.run(formSubmission:269)
	at com.kms.katalon.core.main.ScriptEngine.run(ScriptEngine.java:194)
	at com.kms.katalon.core.main.ScriptEngine.runScriptAsRawText(ScriptEngine.java:119)
	at com.kms.katalon.core.main.TestCaseExecutor.runScript(TestCaseExecutor.java:331)
	at com.kms.katalon.core.main.TestCaseExecutor.doExecute(TestCaseExecutor.java:322)
	at com.kms.katalon.core.main.TestCaseExecutor.processExecutionPhase(TestCaseExecutor.java:301)
	at com.kms.katalon.core.main.TestCaseExecutor.accessMainPhase(TestCaseExecutor.java:293)
	at com.kms.katalon.core.main.TestCaseExecutor.execute(TestCaseExecutor.java:227)
	at com.kms.katalon.core.main.TestSuiteExecutor.accessTestCaseMainPhase(TestSuiteExecutor.java:129)
	at com.kms.katalon.core.main.TestSuiteExecutor.accessTestSuiteMainPhase(TestSuiteExecutor.java:112)
	at com.kms.katalon.core.main.TestSuiteExecutor.execute(TestSuiteExecutor.java:81)
	at com.kms.katalon.core.main.TestCaseMain.startTestSuite(TestCaseMain.java:157)
	at com.kms.katalon.core.main.TestCaseMain$startTestSuite$0.call(Unknown Source)
	at TempTestSuite1559632166362.run(TempTestSuite1559632166362.groovy:35)
"/>
         <system-out><![CDATA[2019-06-04 12:40:04 - [TEST_CASE][FAILED] - Test Cases/REALratings/REALrating/formSubmission: Test Cases/REALratings/REALrating/formSubmission FAILED.
Reason:
Assertion failed: 

assert WebUI.getUrl() == 'https://uat.realrating.co.uk/realrating/thankyou'
             |        |
             |        false
             https://uat.realrating.co.uk/getStarted/REAL_5cf6192179057

	at formSubmission.run(formSubmission:269)
	at com.kms.katalon.core.main.ScriptEngine.run(ScriptEngine.java:194)
	at com.kms.katalon.core.main.ScriptEngine.runScriptAsRawText(ScriptEngine.java:119)
	at com.kms.katalon.core.main.TestCaseExecutor.runScript(TestCaseExecutor.java:331)
	at com.kms.katalon.core.main.TestCaseExecutor.doExecute(TestCaseExecutor.java:322)
	at com.kms.katalon.core.main.TestCaseExecutor.processExecutionPhase(TestCaseExecutor.java:301)
	at com.kms.katalon.core.main.TestCaseExecutor.accessMainPhase(TestCaseExecutor.java:293)
	at com.kms.katalon.core.main.TestCaseExecutor.execute(TestCaseExecutor.java:227)
	at com.kms.katalon.core.main.TestSuiteExecutor.accessTestCaseMainPhase(TestSuiteExecutor.java:129)
	at com.kms.katalon.core.main.TestSuiteExecutor.accessTestSuiteMainPhase(TestSuiteExecutor.java:112)
	at com.kms.katalon.core.main.TestSuiteExecutor.execute(TestSuiteExecutor.java:81)
	at com.kms.katalon.core.main.TestCaseMain.startTestSuite(TestCaseMain.java:157)
	at com.kms.katalon.core.main.TestCaseMain$startTestSuite$0.call(Unknown Source)
	at TempTestSuite1559632166362.run(TempTestSuite1559632166362.groovy:35)


2019-06-04 12:40:05 - [TEST_STEP][PASSED] - openBrowser(""): Browser is opened with url: ''

2019-06-04 12:40:05 - [MESSAGE][WARNING] - A browser is already opened. Closing browser and opening a new one

2019-06-04 12:40:06 - [MESSAGE][INFO] - Starting 'Chrome' driver

2019-06-04 12:40:09 - [MESSAGE][PASSED] - Browser is opened with url: ''

2019-06-04 12:40:09 - [TEST_STEP][PASSED] - navigateToUrl("https://uat.realrating.co.uk/"): Navigate to 'https://uat.realrating.co.uk/' successfully

2019-06-04 12:40:14 - [MESSAGE][PASSED] - Navigate to 'https://uat.realrating.co.uk/' successfully

2019-06-04 12:40:14 - [TEST_STEP][PASSED] - maximizeWindow(): Current window maximized

2019-06-04 12:40:15 - [MESSAGE][PASSED] - Current window maximized

2019-06-04 12:40:15 - [TEST_STEP][PASSED] - verifyElementPresent(findTestObject("REALRatings/REALrating/Page_REALrating/Get Started"), 5, STOP_ON_FAILURE): Object 'Object Repository/REALRatings/REALrating/Page_REALrating/Get Started' is present

2019-06-04 12:40:15 - [MESSAGE][PASSED] - Object 'Object Repository/REALRatings/REALrating/Page_REALrating/Get Started' is present

2019-06-04 12:40:15 - [TEST_STEP][PASSED] - click(findTestObject("REALRatings/REALrating/Page_REALrating/Get Started")): Object: 'Object Repository/REALRatings/REALrating/Page_REALrating/Get Started' is clicked on

2019-06-04 12:40:15 - [MESSAGE][PASSED] - Object: 'Object Repository/REALRatings/REALrating/Page_REALrating/Get Started' is clicked on

2019-06-04 12:40:15 - [TEST_STEP][PASSED] - delay(1): Delayed 1 second(s)

2019-06-04 12:40:16 - [MESSAGE][PASSED] - Delayed 1 second(s)

2019-06-04 12:40:16 - [TEST_STEP][PASSED] - comment("Basic Information"): Basic Information

2019-06-04 12:40:16 - [MESSAGE][INFO] - Basic Information

2019-06-04 12:40:16 - [TEST_STEP][PASSED] - setText(findTestObject("REALRatings/REALrating/Page_REALrating/First Name"), findTestData("getEmployable/Applicants").getValue(1, 1)): Text 'Asha' is set on object 'Object Repository/REALRatings/REALrating/Page_REALrating/First Name'

2019-06-04 12:40:16 - [MESSAGE][PASSED] - Text 'Asha' is set on object 'Object Repository/REALRatings/REALrating/Page_REALrating/First Name'

2019-06-04 12:40:16 - [TEST_STEP][PASSED] - setText(findTestObject("REALRatings/REALrating/Page_REALrating/Last Name"), findTestData("getEmployable/Applicants").getValue(2, 1)): Text 'Rajendran' is set on object 'Object Repository/REALRatings/REALrating/Page_REALrating/Last Name'

2019-06-04 12:40:16 - [MESSAGE][PASSED] - Text 'Rajendran' is set on object 'Object Repository/REALRatings/REALrating/Page_REALrating/Last Name'

2019-06-04 12:40:16 - [TEST_STEP][PASSED] - rad = new java.util.Random(): null

2019-06-04 12:40:16 - [TEST_STEP][PASSED] - emailid = rad.nextInt(2000): null

2019-06-04 12:40:16 - [TEST_STEP][PASSED] - setText(findTestObject("REALRatings/REALrating/Page_REALrating/University Email"), "realrating" + emailid + "@test.ac.uk"): Text 'realrating122@test.ac.uk' is set on object 'Object Repository/REALRatings/REALrating/Page_REALrating/University Email'

2019-06-04 12:40:17 - [MESSAGE][PASSED] - Text 'realrating122@test.ac.uk' is set on object 'Object Repository/REALRatings/REALrating/Page_REALrating/University Email'

2019-06-04 12:40:17 - [TEST_STEP][PASSED] - click(findTestObject("REALRatings/REALrating/Page_REALrating/FP Next"), STOP_ON_FAILURE): Object: 'Object Repository/REALRatings/REALrating/Page_REALrating/FP Next' is clicked on

2019-06-04 12:40:17 - [MESSAGE][PASSED] - Object: 'Object Repository/REALRatings/REALrating/Page_REALrating/FP Next' is clicked on

2019-06-04 12:40:17 - [TEST_STEP][PASSED] - delay(1): Delayed 1 second(s)

2019-06-04 12:40:18 - [MESSAGE][PASSED] - Delayed 1 second(s)

2019-06-04 12:40:18 - [TEST_STEP][PASSED] - comment("University Information"): University Information

2019-06-04 12:40:18 - [MESSAGE][INFO] - University Information

2019-06-04 12:40:18 - [TEST_STEP][PASSED] - ALevelYearTotalOptions = getNumberOfTotalOption(findTestObject("REALRatings/REALrating/Page_REALrating/A Level Year")): 71 options of object 'Object Repository/REALRatings/REALrating/Page_REALrating/A Level Year' counted

2019-06-04 12:40:18 - [MESSAGE][PASSED] - 71 options of object 'Object Repository/REALRatings/REALrating/Page_REALrating/A Level Year' counted

2019-06-04 12:40:18 - [TEST_STEP][PASSED] - ALevelYearcount = 1 + rad.nextInt(ALevelYearTotalOptions - 1): null

2019-06-04 12:40:18 - [TEST_STEP][PASSED] - selectOptionByIndex(findTestObject("REALRatings/REALrating/Page_REALrating/A Level Year"), ALevelYearcount): All options with index in [28] are selected on object 'Object Repository/REALRatings/REALrating/Page_REALrating/A Level Year'

2019-06-04 12:40:18 - [MESSAGE][PASSED] - All options with index in [28] are selected on object 'Object Repository/REALRatings/REALrating/Page_REALrating/A Level Year'

2019-06-04 12:40:18 - [TEST_STEP][PASSED] - GCSEYearTotalOptions = getNumberOfTotalOption(findTestObject("REALRatings/REALrating/Page_REALrating/GCSE Year")): 71 options of object 'Object Repository/REALRatings/REALrating/Page_REALrating/GCSE Year' counted

2019-06-04 12:40:18 - [MESSAGE][PASSED] - 71 options of object 'Object Repository/REALRatings/REALrating/Page_REALrating/GCSE Year' counted

2019-06-04 12:40:18 - [TEST_STEP][PASSED] - GCSEYearCount = 1 + rad.nextInt(GCSEYearTotalOptions - 1): null

2019-06-04 12:40:18 - [TEST_STEP][PASSED] - selectOptionByIndex(findTestObject("REALRatings/REALrating/Page_REALrating/GCSE Year"), GCSEYearCount): All options with index in [21] are selected on object 'Object Repository/REALRatings/REALrating/Page_REALrating/GCSE Year'

2019-06-04 12:40:19 - [MESSAGE][PASSED] - All options with index in [21] are selected on object 'Object Repository/REALRatings/REALrating/Page_REALrating/GCSE Year'

2019-06-04 12:40:19 - [TEST_STEP][PASSED] - UniversityTotalOption = getNumberOfTotalOption(findTestObject("REALRatings/REALrating/Page_REALrating/University")): 155 options of object 'Object Repository/REALRatings/REALrating/Page_REALrating/University' counted

2019-06-04 12:40:19 - [MESSAGE][PASSED] - 155 options of object 'Object Repository/REALRatings/REALrating/Page_REALrating/University' counted

2019-06-04 12:40:19 - [TEST_STEP][PASSED] - UniversityCount = 1 + rad.nextInt(UniversityTotalOption - 1): null

2019-06-04 12:40:19 - [TEST_STEP][PASSED] - selectOptionByIndex(findTestObject("REALRatings/REALrating/Page_REALrating/University"), UniversityCount): All options with index in [29] are selected on object 'Object Repository/REALRatings/REALrating/Page_REALrating/University'

2019-06-04 12:40:19 - [MESSAGE][PASSED] - All options with index in [29] are selected on object 'Object Repository/REALRatings/REALrating/Page_REALrating/University'

2019-06-04 12:40:19 - [TEST_STEP][PASSED] - if (UniversityCount == 95): null

2019-06-04 12:40:19 - [TEST_STEP][PASSED] - UniversityCourseTotalOption = getNumberOfTotalOption(findTestObject("REALRatings/REALrating/Page_REALrating/University Course")): 96 options of object 'Object Repository/REALRatings/REALrating/Page_REALrating/University Course' counted

2019-06-04 12:40:19 - [MESSAGE][PASSED] - 96 options of object 'Object Repository/REALRatings/REALrating/Page_REALrating/University Course' counted

2019-06-04 12:40:19 - [TEST_STEP][PASSED] - UniveristyCourseCount = 1 + rad.nextInt(UniversityCourseTotalOption - 1): null

2019-06-04 12:40:19 - [TEST_STEP][PASSED] - selectOptionByIndex(findTestObject("REALRatings/REALrating/Page_REALrating/University Course"), UniveristyCourseCount): All options with index in [64] are selected on object 'Object Repository/REALRatings/REALrating/Page_REALrating/University Course'

2019-06-04 12:40:20 - [MESSAGE][PASSED] - All options with index in [64] are selected on object 'Object Repository/REALRatings/REALrating/Page_REALrating/University Course'

2019-06-04 12:40:20 - [TEST_STEP][PASSED] - if (UniveristyCourseCount == 95): null

2019-06-04 12:40:20 - [TEST_STEP][PASSED] - LengthOfUniversitycourseTotalOptions = getNumberOfTotalOption(findTestObject("REALRatings/REALrating/Page_REALrating/Length Of university Course")): 9 options of object 'Object Repository/REALRatings/REALrating/Page_REALrating/Length Of university Course' counted

2019-06-04 12:40:20 - [MESSAGE][PASSED] - 9 options of object 'Object Repository/REALRatings/REALrating/Page_REALrating/Length Of university Course' counted

2019-06-04 12:40:20 - [TEST_STEP][PASSED] - LengthOfUniversitycount = 1 + rad.nextInt(LengthOfUniversitycourseTotalOptions - 1): null

2019-06-04 12:40:20 - [TEST_STEP][PASSED] - selectOptionByIndex(findTestObject("REALRatings/REALrating/Page_REALrating/Length Of university Course"), LengthOfUniversitycount): All options with index in [3] are selected on object 'Object Repository/REALRatings/REALrating/Page_REALrating/Length Of university Course'

2019-06-04 12:40:20 - [MESSAGE][PASSED] - All options with index in [3] are selected on object 'Object Repository/REALRatings/REALrating/Page_REALrating/Length Of university Course'

2019-06-04 12:40:20 - [TEST_STEP][PASSED] - selectOptionByIndex(findTestObject("REALRatings/REALrating/Page_REALrating/Current Year Of Study"), LengthOfUniversitycount): All options with index in [3] are selected on object 'Object Repository/REALRatings/REALrating/Page_REALrating/Current Year Of Study'

2019-06-04 12:40:20 - [MESSAGE][PASSED] - All options with index in [3] are selected on object 'Object Repository/REALRatings/REALrating/Page_REALrating/Current Year Of Study'

2019-06-04 12:40:20 - [TEST_STEP][PASSED] - delay(5): Delayed 5 second(s)

2019-06-04 12:40:25 - [MESSAGE][PASSED] - Delayed 5 second(s)

2019-06-04 12:40:25 - [TEST_STEP][PASSED] - click(findTestObject("REALRatings/REALrating/Page_REALrating/button_Next (1)")): Object: 'Object Repository/REALRatings/REALrating/Page_REALrating/button_Next (1)' is clicked on

2019-06-04 12:40:25 - [MESSAGE][PASSED] - Object: 'Object Repository/REALRatings/REALrating/Page_REALrating/button_Next (1)' is clicked on

2019-06-04 12:40:25 - [TEST_STEP][PASSED] - comment("Main Qualification Information"): Main Qualification Information

2019-06-04 12:40:25 - [MESSAGE][INFO] - Main Qualification Information

2019-06-04 12:40:25 - [TEST_STEP][PASSED] - MainQualificationTotaloptions = getNumberOfTotalOption(findTestObject("REALRatings/REALrating/Page_REALrating/Main Qualification")): 6 options of object 'Object Repository/REALRatings/REALrating/Page_REALrating/Main Qualification' counted

2019-06-04 12:40:26 - [MESSAGE][PASSED] - 6 options of object 'Object Repository/REALRatings/REALrating/Page_REALrating/Main Qualification' counted

2019-06-04 12:40:26 - [TEST_STEP][PASSED] - MainQualificationCount = 1 + rad.nextInt(MainQualificationTotaloptions - 1): null

2019-06-04 12:40:26 - [TEST_STEP][PASSED] - selectOptionByIndex(findTestObject("REALRatings/REALrating/Page_REALrating/Main Qualification"), MainQualificationCount): All options with index in [4] are selected on object 'Object Repository/REALRatings/REALrating/Page_REALrating/Main Qualification'

2019-06-04 12:40:26 - [MESSAGE][PASSED] - All options with index in [4] are selected on object 'Object Repository/REALRatings/REALrating/Page_REALrating/Main Qualification'

2019-06-04 12:40:26 - [TEST_STEP][PASSED] - delay(1): Delayed 1 second(s)

2019-06-04 12:40:27 - [MESSAGE][PASSED] - Delayed 1 second(s)

2019-06-04 12:40:27 - [TEST_STEP][PASSED] - if (MainQualificationCount == 1): null

2019-06-04 12:40:27 - [TEST_STEP][PASSED] - else if (MainQualificationCount == 2): null

2019-06-04 12:40:27 - [TEST_STEP][PASSED] - else if (MainQualificationCount == 3): null

2019-06-04 12:40:27 - [TEST_STEP][PASSED] - else if (MainQualificationCount == 4): Text 'other ouualifications ' is set on object 'Object Repository/REALRatings/REALrating/Page_REALrating/OtherQualification'

2019-06-04 12:40:27 - [TEST_STEP][PASSED] - setText(findTestObject("REALRatings/REALrating/Page_REALrating/OtherQualification"), "other ouualifications "): Text 'other ouualifications ' is set on object 'Object Repository/REALRatings/REALrating/Page_REALrating/OtherQualification'

2019-06-04 12:40:27 - [MESSAGE][PASSED] - Text 'other ouualifications ' is set on object 'Object Repository/REALRatings/REALrating/Page_REALrating/OtherQualification'

2019-06-04 12:40:27 - [TEST_STEP][PASSED] - setText(findTestObject("REALRatings/REALrating/Page_REALrating/ALevelschool"), findTestData("getEmployable/Applicants").getValue(6, 1)): Text 'Kings Richard School' is set on object 'Object Repository/REALRatings/REALrating/Page_REALrating/ALevelschool'

2019-06-04 12:40:27 - [MESSAGE][PASSED] - Text 'Kings Richard School' is set on object 'Object Repository/REALRatings/REALrating/Page_REALrating/ALevelschool'

2019-06-04 12:40:27 - [TEST_STEP][PASSED] - setText(findTestObject("REALRatings/REALrating/Page_REALrating/GCSEschool"), findTestData("getEmployable/Applicants").getValue(7, 1)): Text 'Kings Richard School' is set on object 'Object Repository/REALRatings/REALrating/Page_REALrating/GCSEschool'

2019-06-04 12:40:28 - [MESSAGE][PASSED] - Text 'Kings Richard School' is set on object 'Object Repository/REALRatings/REALrating/Page_REALrating/GCSEschool'

2019-06-04 12:40:28 - [TEST_STEP][PASSED] - click(findTestObject("REALRatings/REALrating/Page_REALrating/Gender")): Object: 'Object Repository/REALRatings/REALrating/Page_REALrating/Gender' is clicked on

2019-06-04 12:40:28 - [MESSAGE][PASSED] - Object: 'Object Repository/REALRatings/REALrating/Page_REALrating/Gender' is clicked on

2019-06-04 12:40:28 - [TEST_STEP][PASSED] - setText(findTestObject("REALRatings/REALrating/Page_REALrating/ALevelPostcode"), findTestData("getEmployable/Applicants").getValue(8, 1)): Text 'NW64DN' is set on object 'Object Repository/REALRatings/REALrating/Page_REALrating/ALevelPostcode'

2019-06-04 12:40:28 - [MESSAGE][PASSED] - Text 'NW64DN' is set on object 'Object Repository/REALRatings/REALrating/Page_REALrating/ALevelPostcode'

2019-06-04 12:40:28 - [TEST_STEP][PASSED] - setText(findTestObject("REALRatings/REALrating/Page_REALrating/GCSEPostcode"), findTestData("getEmployable/Applicants").getValue(9, 1)): Text 'AL60AA' is set on object 'Object Repository/REALRatings/REALrating/Page_REALrating/GCSEPostcode'

2019-06-04 12:40:28 - [MESSAGE][PASSED] - Text 'AL60AA' is set on object 'Object Repository/REALRatings/REALrating/Page_REALrating/GCSEPostcode'

2019-06-04 12:40:28 - [TEST_STEP][PASSED] - click(findTestObject("REALRatings/REALrating/Page_REALrating/TickAnyStatement")): Object: 'Object Repository/REALRatings/REALrating/Page_REALrating/TickAnyStatement' is clicked on

2019-06-04 12:40:28 - [MESSAGE][PASSED] - Object: 'Object Repository/REALRatings/REALrating/Page_REALrating/TickAnyStatement' is clicked on

2019-06-04 12:40:28 - [TEST_STEP][PASSED] - click(findTestObject("REALRatings/REALrating/Page_REALrating/HearAbout")): Object: 'Object Repository/REALRatings/REALrating/Page_REALrating/HearAbout' is clicked on

2019-06-04 12:40:28 - [MESSAGE][PASSED] - Object: 'Object Repository/REALRatings/REALrating/Page_REALrating/HearAbout' is clicked on

2019-06-04 12:40:28 - [TEST_STEP][PASSED] - click(findTestObject("REALRatings/REALrating/Page_REALrating/User Agreement and Data Protection Policy.")): Object: 'Object Repository/REALRatings/REALrating/Page_REALrating/User Agreement and Data Protection Policy.' is clicked on

2019-06-04 12:40:28 - [MESSAGE][PASSED] - Object: 'Object Repository/REALRatings/REALrating/Page_REALrating/User Agreement and Data Protection Policy.' is clicked on

2019-06-04 12:40:28 - [TEST_STEP][PASSED] - click(findTestObject("REALRatings/REALrating/Page_REALrating/button_Submit")): Object: 'Object Repository/REALRatings/REALrating/Page_REALrating/button_Submit' is clicked on

2019-06-04 12:40:29 - [MESSAGE][PASSED] - Object: 'Object Repository/REALRatings/REALrating/Page_REALrating/button_Submit' is clicked on

2019-06-04 12:40:29 - [TEST_STEP][PASSED] - delay(5): Delayed 5 second(s)

2019-06-04 12:40:34 - [MESSAGE][PASSED] - Delayed 5 second(s)

2019-06-04 12:40:34 - [TEST_STEP][FAILED] - assert getUrl() == "https://uat.realrating.co.uk/realrating/thankyou": assert getUrl() == "https://uat.realrating.co.uk/realrating/thankyou" FAILED.
Reason:
Assertion failed: 

assert WebUI.getUrl() == 'https://uat.realrating.co.uk/realrating/thankyou'
             |        |
             |        false
             https://uat.realrating.co.uk/getStarted/REAL_5cf6192179057

	at formSubmission.run(formSubmission:269)
	at com.kms.katalon.core.main.ScriptEngine.run(ScriptEngine.java:194)
	at com.kms.katalon.core.main.ScriptEngine.runScriptAsRawText(ScriptEngine.java:119)
	at com.kms.katalon.core.main.TestCaseExecutor.runScript(TestCaseExecutor.java:331)
	at com.kms.katalon.core.main.TestCaseExecutor.doExecute(TestCaseExecutor.java:322)
	at com.kms.katalon.core.main.TestCaseExecutor.processExecutionPhase(TestCaseExecutor.java:301)
	at com.kms.katalon.core.main.TestCaseExecutor.accessMainPhase(TestCaseExecutor.java:293)
	at com.kms.katalon.core.main.TestCaseExecutor.execute(TestCaseExecutor.java:227)
	at com.kms.katalon.core.main.TestSuiteExecutor.accessTestCaseMainPhase(TestSuiteExecutor.java:129)
	at com.kms.katalon.core.main.TestSuiteExecutor.accessTestSuiteMainPhase(TestSuiteExecutor.java:112)
	at com.kms.katalon.core.main.TestSuiteExecutor.execute(TestSuiteExecutor.java:81)
	at com.kms.katalon.core.main.TestCaseMain.startTestSuite(TestCaseMain.java:157)
	at com.kms.katalon.core.main.TestCaseMain$startTestSuite$0.call(Unknown Source)
	at TempTestSuite1559632166362.run(TempTestSuite1559632166362.groovy:35)


2019-06-04 12:40:34 - [MESSAGE][PASSED] - Current window's url is: 'https://uat.realrating.co.uk/getStarted/REAL_5cf6192179057'

2019-06-04 12:40:34 - [MESSAGE][FAILED] - assert getUrl() == "https://uat.realrating.co.uk/realrating/thankyou" FAILED.
Reason:
Assertion failed: 

assert WebUI.getUrl() == 'https://uat.realrating.co.uk/realrating/thankyou'
             |        |
             |        false
             https://uat.realrating.co.uk/getStarted/REAL_5cf6192179057

	at formSubmission.run(formSubmission:269)
	at com.kms.katalon.core.main.ScriptEngine.run(ScriptEngine.java:194)
	at com.kms.katalon.core.main.ScriptEngine.runScriptAsRawText(ScriptEngine.java:119)
	at com.kms.katalon.core.main.TestCaseExecutor.runScript(TestCaseExecutor.java:331)
	at com.kms.katalon.core.main.TestCaseExecutor.doExecute(TestCaseExecutor.java:322)
	at com.kms.katalon.core.main.TestCaseExecutor.processExecutionPhase(TestCaseExecutor.java:301)
	at com.kms.katalon.core.main.TestCaseExecutor.accessMainPhase(TestCaseExecutor.java:293)
	at com.kms.katalon.core.main.TestCaseExecutor.execute(TestCaseExecutor.java:227)
	at com.kms.katalon.core.main.TestSuiteExecutor.accessTestCaseMainPhase(TestSuiteExecutor.java:129)
	at com.kms.katalon.core.main.TestSuiteExecutor.accessTestSuiteMainPhase(TestSuiteExecutor.java:112)
	at com.kms.katalon.core.main.TestSuiteExecutor.execute(TestSuiteExecutor.java:81)
	at com.kms.katalon.core.main.TestCaseMain.startTestSuite(TestCaseMain.java:157)
	at com.kms.katalon.core.main.TestCaseMain$startTestSuite$0.call(Unknown Source)
	at TempTestSuite1559632166362.run(TempTestSuite1559632166362.groovy:35)]]></system-out>
         <system-err><![CDATA[2019-06-04 12:40:04 - [TEST_CASE][FAILED] - Test Cases/REALratings/REALrating/formSubmission: Test Cases/REALratings/REALrating/formSubmission FAILED.
Reason:
Assertion failed: 

assert WebUI.getUrl() == 'https://uat.realrating.co.uk/realrating/thankyou'
             |        |
             |        false
             https://uat.realrating.co.uk/getStarted/REAL_5cf6192179057

	at formSubmission.run(formSubmission:269)
	at com.kms.katalon.core.main.ScriptEngine.run(ScriptEngine.java:194)
	at com.kms.katalon.core.main.ScriptEngine.runScriptAsRawText(ScriptEngine.java:119)
	at com.kms.katalon.core.main.TestCaseExecutor.runScript(TestCaseExecutor.java:331)
	at com.kms.katalon.core.main.TestCaseExecutor.doExecute(TestCaseExecutor.java:322)
	at com.kms.katalon.core.main.TestCaseExecutor.processExecutionPhase(TestCaseExecutor.java:301)
	at com.kms.katalon.core.main.TestCaseExecutor.accessMainPhase(TestCaseExecutor.java:293)
	at com.kms.katalon.core.main.TestCaseExecutor.execute(TestCaseExecutor.java:227)
	at com.kms.katalon.core.main.TestSuiteExecutor.accessTestCaseMainPhase(TestSuiteExecutor.java:129)
	at com.kms.katalon.core.main.TestSuiteExecutor.accessTestSuiteMainPhase(TestSuiteExecutor.java:112)
	at com.kms.katalon.core.main.TestSuiteExecutor.execute(TestSuiteExecutor.java:81)
	at com.kms.katalon.core.main.TestCaseMain.startTestSuite(TestCaseMain.java:157)
	at com.kms.katalon.core.main.TestCaseMain$startTestSuite$0.call(Unknown Source)
	at TempTestSuite1559632166362.run(TempTestSuite1559632166362.groovy:35)]]></system-err>
      </testcase>
      <system-out><![CDATA[2019-06-04 12:39:28 - [TEST_SUITE][FAILED] - REALrating: Test Cases/REALratings/REALrating/formSubmission FAILED.
Reason:
Assertion failed: 

assert WebUI.getUrl() == 'https://uat.realrating.co.uk/realrating/thankyou'
             |        |
             |        false
             https://uat.realrating.co.uk/getStarted/REAL_5cf6192179057

	at formSubmission.run(formSubmission:269)
	at com.kms.katalon.core.main.ScriptEngine.run(ScriptEngine.java:194)
	at com.kms.katalon.core.main.ScriptEngine.runScriptAsRawText(ScriptEngine.java:119)
	at com.kms.katalon.core.main.TestCaseExecutor.runScript(TestCaseExecutor.java:331)
	at com.kms.katalon.core.main.TestCaseExecutor.doExecute(TestCaseExecutor.java:322)
	at com.kms.katalon.core.main.TestCaseExecutor.processExecutionPhase(TestCaseExecutor.java:301)
	at com.kms.katalon.core.main.TestCaseExecutor.accessMainPhase(TestCaseExecutor.java:293)
	at com.kms.katalon.core.main.TestCaseExecutor.execute(TestCaseExecutor.java:227)
	at com.kms.katalon.core.main.TestSuiteExecutor.accessTestCaseMainPhase(TestSuiteExecutor.java:129)
	at com.kms.katalon.core.main.TestSuiteExecutor.accessTestSuiteMainPhase(TestSuiteExecutor.java:112)
	at com.kms.katalon.core.main.TestSuiteExecutor.execute(TestSuiteExecutor.java:81)
	at com.kms.katalon.core.main.TestCaseMain.startTestSuite(TestCaseMain.java:157)
	at com.kms.katalon.core.main.TestCaseMain$startTestSuite$0.call(Unknown Source)
	at TempTestSuite1559632166362.run(TempTestSuite1559632166362.groovy:35)]]></system-out>
      <system-err><![CDATA[2019-06-04 12:39:28 - [TEST_SUITE][FAILED] - REALrating: Test Cases/REALratings/REALrating/formSubmission FAILED.
Reason:
Assertion failed: 

assert WebUI.getUrl() == 'https://uat.realrating.co.uk/realrating/thankyou'
             |        |
             |        false
             https://uat.realrating.co.uk/getStarted/REAL_5cf6192179057

	at formSubmission.run(formSubmission:269)
	at com.kms.katalon.core.main.ScriptEngine.run(ScriptEngine.java:194)
	at com.kms.katalon.core.main.ScriptEngine.runScriptAsRawText(ScriptEngine.java:119)
	at com.kms.katalon.core.main.TestCaseExecutor.runScript(TestCaseExecutor.java:331)
	at com.kms.katalon.core.main.TestCaseExecutor.doExecute(TestCaseExecutor.java:322)
	at com.kms.katalon.core.main.TestCaseExecutor.processExecutionPhase(TestCaseExecutor.java:301)
	at com.kms.katalon.core.main.TestCaseExecutor.accessMainPhase(TestCaseExecutor.java:293)
	at com.kms.katalon.core.main.TestCaseExecutor.execute(TestCaseExecutor.java:227)
	at com.kms.katalon.core.main.TestSuiteExecutor.accessTestCaseMainPhase(TestSuiteExecutor.java:129)
	at com.kms.katalon.core.main.TestSuiteExecutor.accessTestSuiteMainPhase(TestSuiteExecutor.java:112)
	at com.kms.katalon.core.main.TestSuiteExecutor.execute(TestSuiteExecutor.java:81)
	at com.kms.katalon.core.main.TestCaseMain.startTestSuite(TestCaseMain.java:157)
	at com.kms.katalon.core.main.TestCaseMain$startTestSuite$0.call(Unknown Source)
	at TempTestSuite1559632166362.run(TempTestSuite1559632166362.groovy:35)]]></system-err>
   </testsuite>
</testsuites>
